#
# There is insufficient memory for the Java Runtime Environment to continue.
# Native memory allocation (malloc) failed to allocate 32744 bytes for Chunk::new
# Possible reasons:
#   The system is out of physical RAM or swap space
#   The process is running with CompressedOops enabled, and the Java Heap may be blocking the growth of the native heap
# Possible solutions:
#   Reduce memory load on the system
#   Increase physical memory or swap space
#   Check if swap backing store is full
#   Decrease Java heap size (-Xmx/-Xms)
#   Decrease number of Java threads
#   Decrease Java thread stack sizes (-Xss)
#   Set larger code cache with -XX:ReservedCodeCacheSize=
#     placed in the first 4GB address space. The Java Heap base address is the
#     maximum limit for the native heap growth. Please use -XX:HeapBaseMinAddress
#     to set the Java Heap base and to place the Java Heap above 4GB virtual address.
# This output file may be truncated or incomplete.
#
#  Out of Memory Error (arena.cpp:168), pid=23880, tid=22588
#
# JRE version: Java(TM) SE Runtime Environment (21.0.3+7) (build 21.0.3+7-LTS-152)
# Java VM: Java HotSpot(TM) 64-Bit Server VM (21.0.3+7-LTS-152, mixed mode, sharing, tiered, compressed oops, compressed class ptrs, g1 gc, windows-amd64)
# No core dump will be written. Minidumps are not enabled by default on client versions of Windows
#

---------------  S U M M A R Y ------------

Command Line: C:\Users\User\AppData\Local\Temp\surefire14657891114115297061\surefirebooter-20250825205040013_3.jar C:\Users\User\AppData\Local\Temp\surefire14657891114115297061 2025-08-25T20-50-39_481-jvmRun1 surefire-20250825205040013_1tmp surefire_0-20250825205040013_2tmp

Host: 11th Gen Intel(R) Core(TM) i3-1115G4 @ 3.00GHz, 4 cores, 3G,  Windows 10 , 64 bit Build 19041 (10.0.19041.5915)
Time: Mon Aug 25 20:50:41 2025 Hora Padrão da Bahia elapsed time: 0.674788 seconds (0d 0h 0m 0s)

---------------  T H R E A D  ---------------

Current thread (0x00000243f781e410):  JavaThread "C2 CompilerThread0" daemon [_thread_in_native, id=22588, stack(0x000000fc33200000,0x000000fc33300000) (1024K)]


Current CompileTask:
C2:    674  213       4       java.lang.String::hashCode (60 bytes)

Stack: [0x000000fc33200000,0x000000fc33300000]
Native frames: (J=compiled Java code, j=interpreted, Vv=VM code, C=native code)
V  [jvm.dll+0x6c63b9]
V  [jvm.dll+0x84fa11]
V  [jvm.dll+0x851f3e]
V  [jvm.dll+0x852613]
V  [jvm.dll+0x27cd46]
V  [jvm.dll+0xc4aad]
V  [jvm.dll+0xc4fe3]
V  [jvm.dll+0x650ceb]
V  [jvm.dll+0x650e8f]
V  [jvm.dll+0x650e8f]
V  [jvm.dll+0x650e8f]
V  [jvm.dll+0x6568a9]
V  [jvm.dll+0x6578a6]
V  [jvm.dll+0x655bfd]
V  [jvm.dll+0x2459c5]
V  [jvm.dll+0x24511f]
V  [jvm.dll+0x1c689e]
V  [jvm.dll+0x254609]
V  [jvm.dll+0x252b9a]
V  [jvm.dll+0x3eb056]
V  [jvm.dll+0x7f9ffb]
V  [jvm.dll+0x6c4a9d]
C  [ucrtbase.dll+0x21bb2]
C  [KERNEL32.DLL+0x17374]
C  [ntdll.dll+0x4cc91]


---------------  P R O C E S S  ---------------

Threads class SMR info:
_java_thread_list=0x00000243f7a81f50, length=11, elements={
0x00000243e9a3d470, 0x00000243f7814470, 0x00000243f7816180, 0x00000243f781a8a0,
0x00000243f781b3f0, 0x00000243f781bf40, 0x00000243f781ca90, 0x00000243f781e410,
0x00000243f783aa30, 0x00000243f7a80dc0, 0x00000243f7a87a20
}

Java Threads: ( => current thread )
  0x00000243e9a3d470 JavaThread "main"                              [_thread_in_native, id=20876, stack(0x000000fc32400000,0x000000fc32500000) (1024K)]
  0x00000243f7814470 JavaThread "Reference Handler"          daemon [_thread_blocked, id=23192, stack(0x000000fc32c00000,0x000000fc32d00000) (1024K)]
  0x00000243f7816180 JavaThread "Finalizer"                  daemon [_thread_blocked, id=7496, stack(0x000000fc32d00000,0x000000fc32e00000) (1024K)]
  0x00000243f781a8a0 JavaThread "Signal Dispatcher"          daemon [_thread_blocked, id=16828, stack(0x000000fc32e00000,0x000000fc32f00000) (1024K)]
  0x00000243f781b3f0 JavaThread "Attach Listener"            daemon [_thread_blocked, id=19076, stack(0x000000fc32f00000,0x000000fc33000000) (1024K)]
  0x00000243f781bf40 JavaThread "Service Thread"             daemon [_thread_blocked, id=17716, stack(0x000000fc33000000,0x000000fc33100000) (1024K)]
  0x00000243f781ca90 JavaThread "Monitor Deflation Thread"   daemon [_thread_blocked, id=6900, stack(0x000000fc33100000,0x000000fc33200000) (1024K)]
=>0x00000243f781e410 JavaThread "C2 CompilerThread0"         daemon [_thread_in_native, id=22588, stack(0x000000fc33200000,0x000000fc33300000) (1024K)]
  0x00000243f783aa30 JavaThread "C1 CompilerThread0"         daemon [_thread_blocked, id=11508, stack(0x000000fc33300000,0x000000fc33400000) (1024K)]
  0x00000243f7a80dc0 JavaThread "Notification Thread"        daemon [_thread_blocked, id=19996, stack(0x000000fc33400000,0x000000fc33500000) (1024K)]
  0x00000243f7a87a20 JavaThread "Common-Cleaner"             daemon [_thread_blocked, id=22048, stack(0x000000fc33500000,0x000000fc33600000) (1024K)]
Total: 11

Other Threads:
  0x00000243ebce4270 VMThread "VM Thread"                           [id=26132, stack(0x000000fc32b00000,0x000000fc32c00000) (1024K)]
  0x00000243f780c430 WatcherThread "VM Periodic Task Thread"        [id=21884, stack(0x000000fc32a00000,0x000000fc32b00000) (1024K)]
  0x00000243ebc61fc0 WorkerThread "GC Thread#0"                     [id=6504, stack(0x000000fc32500000,0x000000fc32600000) (1024K)]
  0x00000243ebc6b0f0 ConcurrentGCThread "G1 Main Marker"            [id=13228, stack(0x000000fc32600000,0x000000fc32700000) (1024K)]
  0x00000243ebc6bbf0 WorkerThread "G1 Conc#0"                       [id=1272, stack(0x000000fc32700000,0x000000fc32800000) (1024K)]
  0x00000243ebcbe120 ConcurrentGCThread "G1 Refine#0"               [id=24792, stack(0x000000fc32800000,0x000000fc32900000) (1024K)]
  0x00000243ebcbec90 ConcurrentGCThread "G1 Service"                [id=17464, stack(0x000000fc32900000,0x000000fc32a00000) (1024K)]
Total: 7

Threads with active compile tasks:
C2 CompilerThread0      688  213       4       java.lang.String::hashCode (60 bytes)
Total: 1

VM state: not at safepoint (normal execution)

VM Mutex/Monitor currently owned by a thread: None

Heap address: 0x00000000c3600000, size: 970 MB, Compressed Oops mode: 32-bit

CDS archive(s) mapped at: [0x000002438f000000-0x000002438fc90000-0x000002438fc90000), size 13172736, SharedBaseAddress: 0x000002438f000000, ArchiveRelocationMode: 1.
Compressed class space mapped at: 0x0000024390000000-0x00000243d0000000, reserved size: 1073741824
Narrow klass base: 0x000002438f000000, Narrow klass shift: 0, Narrow klass range: 0x100000000

GC Precious Log:
 CardTable entry size: 512
 Card Set container configuration: InlinePtr #cards 5 size 8 Array Of Cards #cards 12 size 40 Howl #buckets 4 coarsen threshold 1843 Howl Bitmap #cards 512 size 80 coarsen threshold 460 Card regions per heap region 1 cards per card region 2048
 CPUs: 4 total, 4 available
 Memory: 3879M
 Large Page Support: Disabled
 NUMA Support: Disabled
 Compressed Oops: Enabled (32-bit)
 Heap Region Size: 1M
 Heap Min Capacity: 8M
 Heap Initial Capacity: 62M
 Heap Max Capacity: 970M
 Pre-touch: Disabled
 Parallel Workers: 4
 Concurrent Workers: 1
 Concurrent Refinement Workers: 4
 Periodic GC: Disabled

Heap:
 garbage-first heap   total 63488K, used 2048K [0x00000000c3600000, 0x0000000100000000)
  region size 1024K, 3 young (3072K), 0 survivors (0K)
 Metaspace       used 559K, committed 704K, reserved 1114112K
  class space    used 40K, committed 128K, reserved 1048576K

Heap Regions: E=young(eden), S=young(survivor), O=old, HS=humongous(starts), HC=humongous(continues), CS=collection set, F=free, TAMS=top-at-mark-start, PB=parsable bottom
|   0|0x00000000c3600000, 0x00000000c3600000, 0x00000000c3700000|  0%| F|  |TAMS 0x00000000c3600000| PB 0x00000000c3600000| Untracked 
|   1|0x00000000c3700000, 0x00000000c3700000, 0x00000000c3800000|  0%| F|  |TAMS 0x00000000c3700000| PB 0x00000000c3700000| Untracked 
|   2|0x00000000c3800000, 0x00000000c3800000, 0x00000000c3900000|  0%| F|  |TAMS 0x00000000c3800000| PB 0x00000000c3800000| Untracked 
|   3|0x00000000c3900000, 0x00000000c3900000, 0x00000000c3a00000|  0%| F|  |TAMS 0x00000000c3900000| PB 0x00000000c3900000| Untracked 
|   4|0x00000000c3a00000, 0x00000000c3a00000, 0x00000000c3b00000|  0%| F|  |TAMS 0x00000000c3a00000| PB 0x00000000c3a00000| Untracked 
|   5|0x00000000c3b00000, 0x00000000c3b00000, 0x00000000c3c00000|  0%| F|  |TAMS 0x00000000c3b00000| PB 0x00000000c3b00000| Untracked 
|   6|0x00000000c3c00000, 0x00000000c3c00000, 0x00000000c3d00000|  0%| F|  |TAMS 0x00000000c3c00000| PB 0x00000000c3c00000| Untracked 
|   7|0x00000000c3d00000, 0x00000000c3d00000, 0x00000000c3e00000|  0%| F|  |TAMS 0x00000000c3d00000| PB 0x00000000c3d00000| Untracked 
|   8|0x00000000c3e00000, 0x00000000c3e00000, 0x00000000c3f00000|  0%| F|  |TAMS 0x00000000c3e00000| PB 0x00000000c3e00000| Untracked 
|   9|0x00000000c3f00000, 0x00000000c3f00000, 0x00000000c4000000|  0%| F|  |TAMS 0x00000000c3f00000| PB 0x00000000c3f00000| Untracked 
|  10|0x00000000c4000000, 0x00000000c4000000, 0x00000000c4100000|  0%| F|  |TAMS 0x00000000c4000000| PB 0x00000000c4000000| Untracked 
|  11|0x00000000c4100000, 0x00000000c4100000, 0x00000000c4200000|  0%| F|  |TAMS 0x00000000c4100000| PB 0x00000000c4100000| Untracked 
|  12|0x00000000c4200000, 0x00000000c4200000, 0x00000000c4300000|  0%| F|  |TAMS 0x00000000c4200000| PB 0x00000000c4200000| Untracked 
|  13|0x00000000c4300000, 0x00000000c4300000, 0x00000000c4400000|  0%| F|  |TAMS 0x00000000c4300000| PB 0x00000000c4300000| Untracked 
|  14|0x00000000c4400000, 0x00000000c4400000, 0x00000000c4500000|  0%| F|  |TAMS 0x00000000c4400000| PB 0x00000000c4400000| Untracked 
|  15|0x00000000c4500000, 0x00000000c4500000, 0x00000000c4600000|  0%| F|  |TAMS 0x00000000c4500000| PB 0x00000000c4500000| Untracked 
|  16|0x00000000c4600000, 0x00000000c4600000, 0x00000000c4700000|  0%| F|  |TAMS 0x00000000c4600000| PB 0x00000000c4600000| Untracked 
|  17|0x00000000c4700000, 0x00000000c4700000, 0x00000000c4800000|  0%| F|  |TAMS 0x00000000c4700000| PB 0x00000000c4700000| Untracked 
|  18|0x00000000c4800000, 0x00000000c4800000, 0x00000000c4900000|  0%| F|  |TAMS 0x00000000c4800000| PB 0x00000000c4800000| Untracked 
|  19|0x00000000c4900000, 0x00000000c4900000, 0x00000000c4a00000|  0%| F|  |TAMS 0x00000000c4900000| PB 0x00000000c4900000| Untracked 
|  20|0x00000000c4a00000, 0x00000000c4a00000, 0x00000000c4b00000|  0%| F|  |TAMS 0x00000000c4a00000| PB 0x00000000c4a00000| Untracked 
|  21|0x00000000c4b00000, 0x00000000c4b00000, 0x00000000c4c00000|  0%| F|  |TAMS 0x00000000c4b00000| PB 0x00000000c4b00000| Untracked 
|  22|0x00000000c4c00000, 0x00000000c4c00000, 0x00000000c4d00000|  0%| F|  |TAMS 0x00000000c4c00000| PB 0x00000000c4c00000| Untracked 
|  23|0x00000000c4d00000, 0x00000000c4d00000, 0x00000000c4e00000|  0%| F|  |TAMS 0x00000000c4d00000| PB 0x00000000c4d00000| Untracked 
|  24|0x00000000c4e00000, 0x00000000c4e00000, 0x00000000c4f00000|  0%| F|  |TAMS 0x00000000c4e00000| PB 0x00000000c4e00000| Untracked 
|  25|0x00000000c4f00000, 0x00000000c4f00000, 0x00000000c5000000|  0%| F|  |TAMS 0x00000000c4f00000| PB 0x00000000c4f00000| Untracked 
|  26|0x00000000c5000000, 0x00000000c5000000, 0x00000000c5100000|  0%| F|  |TAMS 0x00000000c5000000| PB 0x00000000c5000000| Untracked 
|  27|0x00000000c5100000, 0x00000000c5100000, 0x00000000c5200000|  0%| F|  |TAMS 0x00000000c5100000| PB 0x00000000c5100000| Untracked 
|  28|0x00000000c5200000, 0x00000000c5200000, 0x00000000c5300000|  0%| F|  |TAMS 0x00000000c5200000| PB 0x00000000c5200000| Untracked 
|  29|0x00000000c5300000, 0x00000000c5300000, 0x00000000c5400000|  0%| F|  |TAMS 0x00000000c5300000| PB 0x00000000c5300000| Untracked 
|  30|0x00000000c5400000, 0x00000000c5400000, 0x00000000c5500000|  0%| F|  |TAMS 0x00000000c5400000| PB 0x00000000c5400000| Untracked 
|  31|0x00000000c5500000, 0x00000000c5500000, 0x00000000c5600000|  0%| F|  |TAMS 0x00000000c5500000| PB 0x00000000c5500000| Untracked 
|  32|0x00000000c5600000, 0x00000000c5600000, 0x00000000c5700000|  0%| F|  |TAMS 0x00000000c5600000| PB 0x00000000c5600000| Untracked 
|  33|0x00000000c5700000, 0x00000000c5700000, 0x00000000c5800000|  0%| F|  |TAMS 0x00000000c5700000| PB 0x00000000c5700000| Untracked 
|  34|0x00000000c5800000, 0x00000000c5800000, 0x00000000c5900000|  0%| F|  |TAMS 0x00000000c5800000| PB 0x00000000c5800000| Untracked 
|  35|0x00000000c5900000, 0x00000000c5900000, 0x00000000c5a00000|  0%| F|  |TAMS 0x00000000c5900000| PB 0x00000000c5900000| Untracked 
|  36|0x00000000c5a00000, 0x00000000c5a00000, 0x00000000c5b00000|  0%| F|  |TAMS 0x00000000c5a00000| PB 0x00000000c5a00000| Untracked 
|  37|0x00000000c5b00000, 0x00000000c5b00000, 0x00000000c5c00000|  0%| F|  |TAMS 0x00000000c5b00000| PB 0x00000000c5b00000| Untracked 
|  38|0x00000000c5c00000, 0x00000000c5c00000, 0x00000000c5d00000|  0%| F|  |TAMS 0x00000000c5c00000| PB 0x00000000c5c00000| Untracked 
|  39|0x00000000c5d00000, 0x00000000c5d00000, 0x00000000c5e00000|  0%| F|  |TAMS 0x00000000c5d00000| PB 0x00000000c5d00000| Untracked 
|  40|0x00000000c5e00000, 0x00000000c5e00000, 0x00000000c5f00000|  0%| F|  |TAMS 0x00000000c5e00000| PB 0x00000000c5e00000| Untracked 
|  41|0x00000000c5f00000, 0x00000000c5f00000, 0x00000000c6000000|  0%| F|  |TAMS 0x00000000c5f00000| PB 0x00000000c5f00000| Untracked 
|  42|0x00000000c6000000, 0x00000000c6000000, 0x00000000c6100000|  0%| F|  |TAMS 0x00000000c6000000| PB 0x00000000c6000000| Untracked 
|  43|0x00000000c6100000, 0x00000000c6100000, 0x00000000c6200000|  0%| F|  |TAMS 0x00000000c6100000| PB 0x00000000c6100000| Untracked 
|  44|0x00000000c6200000, 0x00000000c6200000, 0x00000000c6300000|  0%| F|  |TAMS 0x00000000c6200000| PB 0x00000000c6200000| Untracked 
|  45|0x00000000c6300000, 0x00000000c6300000, 0x00000000c6400000|  0%| F|  |TAMS 0x00000000c6300000| PB 0x00000000c6300000| Untracked 
|  46|0x00000000c6400000, 0x00000000c6400000, 0x00000000c6500000|  0%| F|  |TAMS 0x00000000c6400000| PB 0x00000000c6400000| Untracked 
|  47|0x00000000c6500000, 0x00000000c6500000, 0x00000000c6600000|  0%| F|  |TAMS 0x00000000c6500000| PB 0x00000000c6500000| Untracked 
|  48|0x00000000c6600000, 0x00000000c6600000, 0x00000000c6700000|  0%| F|  |TAMS 0x00000000c6600000| PB 0x00000000c6600000| Untracked 
|  49|0x00000000c6700000, 0x00000000c6700000, 0x00000000c6800000|  0%| F|  |TAMS 0x00000000c6700000| PB 0x00000000c6700000| Untracked 
|  50|0x00000000c6800000, 0x00000000c6800000, 0x00000000c6900000|  0%| F|  |TAMS 0x00000000c6800000| PB 0x00000000c6800000| Untracked 
|  51|0x00000000c6900000, 0x00000000c6900000, 0x00000000c6a00000|  0%| F|  |TAMS 0x00000000c6900000| PB 0x00000000c6900000| Untracked 
|  52|0x00000000c6a00000, 0x00000000c6a00000, 0x00000000c6b00000|  0%| F|  |TAMS 0x00000000c6a00000| PB 0x00000000c6a00000| Untracked 
|  53|0x00000000c6b00000, 0x00000000c6b00000, 0x00000000c6c00000|  0%| F|  |TAMS 0x00000000c6b00000| PB 0x00000000c6b00000| Untracked 
|  54|0x00000000c6c00000, 0x00000000c6c00000, 0x00000000c6d00000|  0%| F|  |TAMS 0x00000000c6c00000| PB 0x00000000c6c00000| Untracked 
|  55|0x00000000c6d00000, 0x00000000c6d00000, 0x00000000c6e00000|  0%| F|  |TAMS 0x00000000c6d00000| PB 0x00000000c6d00000| Untracked 
|  56|0x00000000c6e00000, 0x00000000c6e00000, 0x00000000c6f00000|  0%| F|  |TAMS 0x00000000c6e00000| PB 0x00000000c6e00000| Untracked 
|  57|0x00000000c6f00000, 0x00000000c6f00000, 0x00000000c7000000|  0%| F|  |TAMS 0x00000000c6f00000| PB 0x00000000c6f00000| Untracked 
|  58|0x00000000c7000000, 0x00000000c7000000, 0x00000000c7100000|  0%| F|  |TAMS 0x00000000c7000000| PB 0x00000000c7000000| Untracked 
|  59|0x00000000c7100000, 0x00000000c71ff188, 0x00000000c7200000| 99%| E|  |TAMS 0x00000000c7100000| PB 0x00000000c7100000| Complete 
|  60|0x00000000c7200000, 0x00000000c7300000, 0x00000000c7300000|100%| E|CS|TAMS 0x00000000c7200000| PB 0x00000000c7200000| Complete 
|  61|0x00000000c7300000, 0x00000000c7400000, 0x00000000c7400000|100%| E|CS|TAMS 0x00000000c7300000| PB 0x00000000c7300000| Complete 

Card table byte_map: [0x00000243f42a0000,0x00000243f4490000] _byte_map_base: 0x00000243f3c85000

Marking Bits: (CMBitMap*) 0x00000243ebc626c0
 Bits: [0x00000243f4490000, 0x00000243f53b8000)

Polling page: 0x00000243eb400000

Metaspace:

Usage:
  Non-class:    519.10 KB used.
      Class:     40.03 KB used.
       Both:    559.13 KB used.

Virtual space:
  Non-class space:       64.00 MB reserved,     576.00 KB ( <1%) committed,  1 nodes.
      Class space:        1.00 GB reserved,     128.00 KB ( <1%) committed,  1 nodes.
             Both:        1.06 GB reserved,     704.00 KB ( <1%) committed. 

Chunk freelists:
   Non-Class:  11.82 MB
       Class:  15.72 MB
        Both:  27.54 MB

MaxMetaspaceSize: unlimited
CompressedClassSpaceSize: 1.00 GB
Initial GC threshold: 21.00 MB
Current GC threshold: 21.00 MB
CDS: on
 - commit_granule_bytes: 65536.
 - commit_granule_words: 8192.
 - virtual_space_node_default_size: 8388608.
 - enlarge_chunks_in_place: 1.
 - use_allocation_guard: 0.


Internal statistics:

num_allocs_failed_limit: 0.
num_arena_births: 8.
num_arena_deaths: 0.
num_vsnodes_births: 2.
num_vsnodes_deaths: 0.
num_space_committed: 11.
num_space_uncommitted: 0.
num_chunks_returned_to_freelist: 0.
num_chunks_taken_from_freelist: 21.
num_chunk_merges: 0.
num_chunk_splits: 11.
num_chunks_enlarged: 7.
num_inconsistent_stats: 0.

CodeHeap 'non-profiled nmethods': size=120000Kb used=60Kb max_used=60Kb free=119939Kb
 bounds [0x0000024387ad0000, 0x0000024387d40000, 0x000002438f000000]
CodeHeap 'profiled nmethods': size=120000Kb used=309Kb max_used=309Kb free=119690Kb
 bounds [0x0000024380000000, 0x0000024380270000, 0x0000024387530000]
CodeHeap 'non-nmethods': size=5760Kb used=1387Kb max_used=1398Kb free=4372Kb
 bounds [0x0000024387530000, 0x00000243877a0000, 0x0000024387ad0000]
 total_blobs=611 nmethods=217 adapters=299
 compilation: enabled
              stopped_count=0, restarted_count=0
 full_count=0

Compilation events (20 events):
Event: 0.638 Thread 0x00000243f783aa30  194       1       java.lang.Enum::ordinal (5 bytes)
Event: 0.638 Thread 0x00000243f783aa30 nmethod 194 0x0000024387adb990 code [0x0000024387adbb20, 0x0000024387adbbe8]
Event: 0.642 Thread 0x00000243f781e410  197       4       java.util.concurrent.ConcurrentHashMap::casTabAt (21 bytes)
Event: 0.643 Thread 0x00000243f783aa30  200       3       java.lang.StringLatin1::indexOf (37 bytes)
Event: 0.644 Thread 0x00000243f783aa30 nmethod 200 0x0000024380048310 code [0x0000024380048500, 0x00000243800488f0]
Event: 0.644 Thread 0x00000243f783aa30  201       1       java.util.jar.Attributes$Name::hashCode (5 bytes)
Event: 0.644 Thread 0x00000243f783aa30 nmethod 201 0x0000024387adc890 code [0x0000024387adca20, 0x0000024387adcae8]
Event: 0.645 Thread 0x00000243f781e410 nmethod 197 0x0000024387adcb90 code [0x0000024387adcd20, 0x0000024387adce70]
Event: 0.647 Thread 0x00000243f783aa30  202       1       java.lang.module.ModuleDescriptor::isOpen (5 bytes)
Event: 0.648 Thread 0x00000243f783aa30 nmethod 202 0x0000024387add210 code [0x0000024387add3a0, 0x0000024387add470]
Event: 0.648 Thread 0x00000243f783aa30  204       3       java.lang.ref.ReferenceQueue::headIsNull (13 bytes)
Event: 0.648 Thread 0x00000243f783aa30 nmethod 204 0x0000024380048a90 code [0x0000024380048c20, 0x0000024380048d88]
Event: 0.648 Thread 0x00000243f783aa30  205       1       java.lang.invoke.MethodType::returnType (5 bytes)
Event: 0.648 Thread 0x00000243f783aa30 nmethod 205 0x0000024387addb10 code [0x0000024387addca0, 0x0000024387addd68]
Event: 0.650 Thread 0x00000243f783aa30  209       3       jdk.internal.util.ArraysSupport::newLength (27 bytes)
Event: 0.650 Thread 0x00000243f783aa30 nmethod 209 0x0000024380048e10 code [0x0000024380048fe0, 0x0000024380049240]
Event: 0.665 Thread 0x00000243f783aa30  210       3       java.lang.AbstractStringBuilder::<init> (39 bytes)
Event: 0.666 Thread 0x00000243f783aa30 nmethod 210 0x0000024380049310 code [0x00000243800494c0, 0x0000024380049748]
Event: 0.670 Thread 0x00000243f783aa30  211       3       java.util.Properties$LineReader::readLine (584 bytes)
Event: 0.670 Thread 0x00000243f781e410  213       4       java.lang.String::hashCode (60 bytes)

GC Heap History (0 events):
No events

Dll operation events (6 events):
Event: 0.137 Loaded shared library C:\Program Files\Java\jdk-21\bin\java.dll
Event: 0.398 Loaded shared library C:\Program Files\Java\jdk-21\bin\jsvml.dll
Event: 0.469 Loaded shared library C:\Program Files\Java\jdk-21\bin\net.dll
Event: 0.477 Loaded shared library C:\Program Files\Java\jdk-21\bin\nio.dll
Event: 0.490 Loaded shared library C:\Program Files\Java\jdk-21\bin\zip.dll
Event: 0.660 Loaded shared library C:\Program Files\Java\jdk-21\bin\management.dll

Deoptimization events (2 events):
Event: 0.643 Thread 0x00000243e9a3d470 DEOPT PACKING pc=0x000002438001f878 sp=0x000000fc324fe380
Event: 0.643 Thread 0x00000243e9a3d470 DEOPT UNPACKING pc=0x00000243875888e2 sp=0x000000fc324fd7a0 mode 0

Classes loaded (20 events):
Event: 0.618 Loading class java/lang/IllegalStateException
Event: 0.621 Loading class java/lang/IllegalStateException done
Event: 0.629 Loading class java/lang/StringIndexOutOfBoundsException
Event: 0.632 Loading class java/lang/IndexOutOfBoundsException
Event: 0.632 Loading class java/lang/IndexOutOfBoundsException done
Event: 0.632 Loading class java/lang/StringIndexOutOfBoundsException done
Event: 0.646 Loading class java/lang/management/ManagementFactory
Event: 0.647 Loading class java/lang/management/ManagementFactory done
Event: 0.661 Loading class java/lang/management/RuntimeMXBean
Event: 0.662 Loading class java/lang/management/PlatformManagedObject
Event: 0.662 Loading class java/lang/management/PlatformManagedObject done
Event: 0.662 Loading class java/lang/management/RuntimeMXBean done
Event: 0.663 Loading class java/lang/management/ManagementFactory$PlatformMBeanFinder
Event: 0.663 Loading class java/lang/management/ManagementFactory$PlatformMBeanFinder done
Event: 0.663 Loading class java/lang/management/ManagementFactory$PlatformMBeanFinder$1
Event: 0.663 Loading class java/lang/management/ManagementFactory$PlatformMBeanFinder$1 done
Event: 0.664 Loading class java/io/FilePermission$1
Event: 0.664 Loading class jdk/internal/access/JavaIOFilePermissionAccess
Event: 0.665 Loading class jdk/internal/access/JavaIOFilePermissionAccess done
Event: 0.665 Loading class java/io/FilePermission$1 done

Classes unloaded (0 events):
No events

Classes redefined (0 events):
No events

Internal exceptions (0 events):
No events

ZGC Phase Switch (0 events):
No events

VM Operations (2 events):
Event: 0.492 Executing VM operation: HandshakeAllThreads (Deoptimize)
Event: 0.492 Executing VM operation: HandshakeAllThreads (Deoptimize) done

Events (11 events):
Event: 0.282 Thread 0x00000243e9a3d470 Thread added: 0x00000243e9a3d470
Event: 0.390 Thread 0x00000243f7814470 Thread added: 0x00000243f7814470
Event: 0.390 Thread 0x00000243f7816180 Thread added: 0x00000243f7816180
Event: 0.391 Thread 0x00000243f781a8a0 Thread added: 0x00000243f781a8a0
Event: 0.391 Thread 0x00000243f781b3f0 Thread added: 0x00000243f781b3f0
Event: 0.391 Thread 0x00000243f781bf40 Thread added: 0x00000243f781bf40
Event: 0.391 Thread 0x00000243f781ca90 Thread added: 0x00000243f781ca90
Event: 0.392 Thread 0x00000243f781e410 Thread added: 0x00000243f781e410
Event: 0.393 Thread 0x00000243f783aa30 Thread added: 0x00000243f783aa30
Event: 0.447 Thread 0x00000243f7a80dc0 Thread added: 0x00000243f7a80dc0
Event: 0.454 Thread 0x00000243f7a87a20 Thread added: 0x00000243f7a87a20


Dynamic libraries:
0x00007ff68b9d0000 - 0x00007ff68b9e0000 	C:\Program Files\Java\jdk-21\bin\java.exe
0x00007ffcc2b90000 - 0x00007ffcc2d88000 	C:\Windows\SYSTEM32\ntdll.dll
0x00007ffcc0c10000 - 0x00007ffcc0cd2000 	C:\Windows\System32\KERNEL32.DLL
0x00007ffcc04d0000 - 0x00007ffcc07c7000 	C:\Windows\System32\KERNELBASE.dll
0x00007ffcc0310000 - 0x00007ffcc0410000 	C:\Windows\System32\ucrtbase.dll
0x00007ffcb9ac0000 - 0x00007ffcb9ad9000 	C:\Program Files\Java\jdk-21\bin\jli.dll
0x00007ffcc2510000 - 0x00007ffcc25c1000 	C:\Windows\System32\ADVAPI32.dll
0x00007ffcc0fe0000 - 0x00007ffcc107e000 	C:\Windows\System32\msvcrt.dll
0x00007ffcc1080000 - 0x00007ffcc111f000 	C:\Windows\System32\sechost.dll
0x00007ffcc29f0000 - 0x00007ffcc2b16000 	C:\Windows\System32\RPCRT4.dll
0x00007ffcc04a0000 - 0x00007ffcc04c7000 	C:\Windows\System32\bcrypt.dll
0x00007ffcc0cf0000 - 0x00007ffcc0e8d000 	C:\Windows\System32\USER32.dll
0x00007ffcb9f60000 - 0x00007ffcb9f7b000 	C:\Program Files\Java\jdk-21\bin\VCRUNTIME140.dll
0x00007ffcc0b50000 - 0x00007ffcc0b72000 	C:\Windows\System32\win32u.dll
0x00007ffcac090000 - 0x00007ffcac32a000 	C:\Windows\WinSxS\amd64_microsoft.windows.common-controls_6595b64144ccf1df_6.0.19041.5915_none_60b4b9d171f9c7c7\COMCTL32.dll
0x00007ffcc15c0000 - 0x00007ffcc15eb000 	C:\Windows\System32\GDI32.dll
0x00007ffcc01f0000 - 0x00007ffcc0309000 	C:\Windows\System32\gdi32full.dll
0x00007ffcc0ab0000 - 0x00007ffcc0b4d000 	C:\Windows\System32\msvcp_win.dll
0x00007ffcac340000 - 0x00007ffcac34a000 	C:\Windows\SYSTEM32\VERSION.dll
0x00007ffcc0e90000 - 0x00007ffcc0ebf000 	C:\Windows\System32\IMM32.DLL
0x00007ffcbb0c0000 - 0x00007ffcbb0cc000 	C:\Program Files\Java\jdk-21\bin\vcruntime140_1.dll
0x00007ffc8d0b0000 - 0x00007ffc8d13e000 	C:\Program Files\Java\jdk-21\bin\msvcp140.dll
0x00007ffc6bff0000 - 0x00007ffc6ccfd000 	C:\Program Files\Java\jdk-21\bin\server\jvm.dll
0x00007ffcc1720000 - 0x00007ffcc178b000 	C:\Windows\System32\WS2_32.dll
0x00007ffcbfb70000 - 0x00007ffcbfbbb000 	C:\Windows\SYSTEM32\POWRPROF.dll
0x00007ffcb6610000 - 0x00007ffcb6637000 	C:\Windows\SYSTEM32\WINMM.dll
0x00007ffcbfb50000 - 0x00007ffcbfb62000 	C:\Windows\SYSTEM32\UMPDC.dll
0x00007ffcbe9d0000 - 0x00007ffcbe9e2000 	C:\Windows\SYSTEM32\kernel.appcore.dll
0x00007ffcba160000 - 0x00007ffcba16a000 	C:\Program Files\Java\jdk-21\bin\jimage.dll
0x00007ffcbdef0000 - 0x00007ffcbe0f1000 	C:\Windows\SYSTEM32\DBGHELP.DLL
0x00007ffcaf590000 - 0x00007ffcaf5c4000 	C:\Windows\SYSTEM32\dbgcore.DLL
0x00007ffcc0410000 - 0x00007ffcc0492000 	C:\Windows\System32\bcryptPrimitives.dll
0x00007ffcb94c0000 - 0x00007ffcb94df000 	C:\Program Files\Java\jdk-21\bin\java.dll
0x00007ffcc1800000 - 0x00007ffcc1f6e000 	C:\Windows\System32\SHELL32.dll
0x00007ffcbe210000 - 0x00007ffcbe9b4000 	C:\Windows\SYSTEM32\windows.storage.dll
0x00007ffcc2630000 - 0x00007ffcc2983000 	C:\Windows\System32\combase.dll
0x00007ffcbfad0000 - 0x00007ffcbfafb000 	C:\Windows\SYSTEM32\Wldp.dll
0x00007ffcc14f0000 - 0x00007ffcc15bd000 	C:\Windows\System32\OLEAUT32.dll
0x00007ffcc1210000 - 0x00007ffcc12bd000 	C:\Windows\System32\SHCORE.dll
0x00007ffcc2990000 - 0x00007ffcc29eb000 	C:\Windows\System32\shlwapi.dll
0x00007ffcc0120000 - 0x00007ffcc0144000 	C:\Windows\SYSTEM32\profapi.dll
0x00007ffc8b950000 - 0x00007ffc8ba27000 	C:\Program Files\Java\jdk-21\bin\jsvml.dll
0x00007ffcba120000 - 0x00007ffcba130000 	C:\Program Files\Java\jdk-21\bin\net.dll
0x00007ffcbc2a0000 - 0x00007ffcbc3aa000 	C:\Windows\SYSTEM32\WINHTTP.dll
0x00007ffcbf850000 - 0x00007ffcbf8ba000 	C:\Windows\system32\mswsock.dll
0x00007ffcb85b0000 - 0x00007ffcb85c6000 	C:\Program Files\Java\jdk-21\bin\nio.dll
0x00007ffcb74a0000 - 0x00007ffcb74b8000 	C:\Program Files\Java\jdk-21\bin\zip.dll
0x00007ffcb8900000 - 0x00007ffcb890a000 	C:\Program Files\Java\jdk-21\bin\management.dll
0x00007ffcb5d20000 - 0x00007ffcb5d2b000 	C:\Program Files\Java\jdk-21\bin\management_ext.dll
0x00007ffcc17f0000 - 0x00007ffcc17f8000 	C:\Windows\System32\PSAPI.DLL

dbghelp: loaded successfully - version: 4.0.5 - missing functions: none
symbol engine: initialized successfully - sym options: 0x614 - pdb path: .;C:\Program Files\Java\jdk-21\bin;C:\Windows\SYSTEM32;C:\Windows\WinSxS\amd64_microsoft.windows.common-controls_6595b64144ccf1df_6.0.19041.5915_none_60b4b9d171f9c7c7;C:\Program Files\Java\jdk-21\bin\server

VM Arguments:
java_command: C:\Users\User\AppData\Local\Temp\surefire14657891114115297061\surefirebooter-20250825205040013_3.jar C:\Users\User\AppData\Local\Temp\surefire14657891114115297061 2025-08-25T20-50-39_481-jvmRun1 surefire-20250825205040013_1tmp surefire_0-20250825205040013_2tmp
java_class_path (initial): C:\Users\User\AppData\Local\Temp\surefire14657891114115297061\surefirebooter-20250825205040013_3.jar
Launcher Type: SUN_STANDARD

[Global flags]
     intx CICompilerCount                          = 3                                         {product} {ergonomic}
     uint ConcGCThreads                            = 1                                         {product} {ergonomic}
     uint G1ConcRefinementThreads                  = 4                                         {product} {ergonomic}
   size_t G1HeapRegionSize                         = 1048576                                   {product} {ergonomic}
    uintx GCDrainStackTargetSize                   = 64                                        {product} {ergonomic}
   size_t InitialHeapSize                          = 65011712                                  {product} {ergonomic}
   size_t MarkStackSize                            = 4194304                                   {product} {ergonomic}
   size_t MaxHeapSize                              = 1017118720                                {product} {ergonomic}
   size_t MaxNewSize                               = 610271232                                 {product} {ergonomic}
   size_t MinHeapDeltaBytes                        = 1048576                                   {product} {ergonomic}
   size_t MinHeapSize                              = 8388608                                   {product} {ergonomic}
    uintx NonNMethodCodeHeapSize                   = 5832780                                {pd product} {ergonomic}
    uintx NonProfiledCodeHeapSize                  = 122912730                              {pd product} {ergonomic}
    uintx ProfiledCodeHeapSize                     = 122912730                              {pd product} {ergonomic}
    uintx ReservedCodeCacheSize                    = 251658240                              {pd product} {ergonomic}
     bool SegmentedCodeCache                       = true                                      {product} {ergonomic}
   size_t SoftMaxHeapSize                          = 1017118720                             {manageable} {ergonomic}
     bool UseCompressedOops                        = true                           {product lp64_product} {ergonomic}
     bool UseG1GC                                  = true                                      {product} {ergonomic}
     bool UseLargePagesIndividualAllocation        = false                                  {pd product} {ergonomic}

Logging:
Log output configuration:
 #0: stdout all=warning uptime,level,tags foldmultilines=false
 #1: stderr all=off uptime,level,tags foldmultilines=false

Environment Variables:
JAVA_HOME=C:\Program Files\Java\jdk-21
PATH=C:\Program Files (x86)\NVIDIA Corporation\PhysX\Common;C:\Program Files\Common Files\Oracle\Java\javapath;C:\Program Files (x86)\Common Files\Oracle\Java\java8path;C:\Program Files (x86)\Common Files\Oracle\Java\javapath;C:\Program Files\Eclipse Adoptium\jdk-21.0.3.9-hotspot\bin;C:\Windows\system32;C:\Windows;C:\Windows\System32\Wbem;C:\Windows\System32\WindowsPowerShell\v1.0\;C:\Windows\System32\OpenSSH\;C:\Users\User\AppData\Local\Microsoft\WindowsApps;C:\CorelDraw\py.exe;C:\MinGW\bin;C:\Users\User\caio\Dio-Git-e-GitHub\Git\cmd;C:\Program Files\dotnet\;C:\Program Files\Pandoc\;C:\apache-maven\bin;C:\Program Files\Calibre2\;C:\Users\User\anaconda3;C:\Users\User\anaconda3\Library\mingw-w64\bin;C:\Users\User\anaconda3\Library\usr\bin;C:\Users\User\anaconda3\Library\bin;C:\Users\User\anaconda3\Scripts;C:\Windows\system32;C:\Windows;C:\Windows\System32\Wbem;C:\Windows\System32\WindowsPowerShell\v1.0\;C:\Windows\System32\OpenSSH\;C:\Users\User\AppData\Local\Microsoft\WindowsApps;C:\CorelDraw\py.exe;C:\Users\User\AppData\Local\Programs\Microsoft VS Code\bin;C:\Users\User\AppData\Local\GitHubDesktop\bin;C:\Program Files\JetBrains\CLion 2024.2.2\bin;C:\Users\User\AppData\Local\JetBrains\Toolbox\scripts;;C:\Program Files\JetBrains\IntelliJ IDEA 2024.3.4.1\bin;
USERNAME=User
OS=Windows_NT
PROCESSOR_IDENTIFIER=Intel64 Family 6 Model 140 Stepping 2, GenuineIntel
TMP=C:\Users\User\AppData\Local\Temp
TEMP=C:\Users\User\AppData\Local\Temp




Periodic native trim disabled

---------------  S Y S T E M  ---------------

OS:
 Windows 10 , 64 bit Build 19041 (10.0.19041.5915)
OS uptime: 9 days 0:24 hours
Hyper-V role detected

CPU: total 4 (initial active 4) (2 cores per cpu, 2 threads per core) family 6 model 140 stepping 2 microcode 0x26, cx8, cmov, fxsr, ht, mmx, 3dnowpref, sse, sse2, sse3, ssse3, sse4.1, sse4.2, popcnt, lzcnt, tsc, tscinvbit, avx, avx2, aes, erms, clmul, bmi1, bmi2, adx, avx512f, avx512dq, avx512cd, avx512bw, avx512vl, sha, fma, vzeroupper, avx512_vpopcntdq, avx512_vpclmulqdq, avx512_vaes, avx512_vnni, clflush, clflushopt, clwb, avx512_vbmi2, avx512_vbmi, hv, rdtscp, rdpid, fsrm, gfni, avx512_bitalg, f16c, cet_ibt, cet_ss, avx512_ifma
Processor Information for all 4 processors :
  Max Mhz: 2995, Current Mhz: 2995, Mhz Limit: 2995

Memory: 4k page, system-wide physical 3879M (124M free)
TotalPageFile size 15655M (AvailPageFile size 0M)
current process WorkingSet (physical memory assigned to process): 37M, peak: 37M
current process commit charge ("private bytes"): 133M, peak: 133M

vm_info: Java HotSpot(TM) 64-Bit Server VM (21.0.3+7-LTS-152) for windows-amd64 JRE (21.0.3+7-LTS-152), built on 2024-03-11T17:42:26Z by "mach5one" with MS VC++ 17.6 (VS2022)

END.
