#
# There is insufficient memory for the Java Runtime Environment to continue.
# Native memory allocation (malloc) failed to allocate 32744 bytes for Chunk::new
# Possible reasons:
#   The system is out of physical RAM or swap space
#   The process is running with CompressedOops enabled, and the Java Heap may be blocking the growth of the native heap
# Possible solutions:
#   Reduce memory load on the system
#   Increase physical memory or swap space
#   Check if swap backing store is full
#   Decrease Java heap size (-Xmx/-Xms)
#   Decrease number of Java threads
#   Decrease Java thread stack sizes (-Xss)
#   Set larger code cache with -XX:ReservedCodeCacheSize=
#   JVM is running with Unscaled Compressed Oops mode in which the Java heap is
#     placed in the first 4GB address space. The Java Heap base address is the
#     maximum limit for the native heap growth. Please use -XX:HeapBaseMinAddress
#     to set the Java Heap base and to place the Java Heap above 4GB virtual address.
# This output file may be truncated or incomplete.
#
#  Out of Memory Error (arena.cpp:168), pid=19856, tid=13536
#
# JRE version: Java(TM) SE Runtime Environment (21.0.3+7) (build 21.0.3+7-LTS-152)
# Java VM: Java HotSpot(TM) 64-Bit Server VM (21.0.3+7-LTS-152, mixed mode, sharing, tiered, compressed oops, compressed class ptrs, g1 gc, windows-amd64)
# No core dump will be written. Minidumps are not enabled by default on client versions of Windows
#

---------------  S U M M A R Y ------------

Command Line: --enable-native-access=ALL-UNNAMED -Dclassworlds.conf=C:\Users\User\.m2\wrapper\dists\apache-maven-3.9.11\d6d3cbd4012d4c1d840e93277aca316c\bin\m2.conf -Dmaven.home=C:\Users\User\.m2\wrapper\dists\apache-maven-3.9.11\d6d3cbd4012d4c1d840e93277aca316c -Dlibrary.jansi.path=C:\Users\User\.m2\wrapper\dists\apache-maven-3.9.11\d6d3cbd4012d4c1d840e93277aca316c\lib\jansi-native -Dmaven.multiModuleProjectDirectory=C:\Users\User\Documents\NetBeansProjects\IFBA\POO\sigtm org.codehaus.plexus.classworlds.launcher.Launcher -Dmaven.ext.class.path=C:\Program Files\NetBeans-24\netbeans\java\maven-nblib\netbeans-eventspy.jar --no-transfer-progress clean install

Host: 11th Gen Intel(R) Core(TM) i3-1115G4 @ 3.00GHz, 4 cores, 3G,  Windows 10 , 64 bit Build 19041 (10.0.19041.5915)
Time: Mon Aug 25 20:51:16 2025 Hora Padrão da Bahia elapsed time: 20.177723 seconds (0d 0h 0m 20s)

---------------  T H R E A D  ---------------

Current thread (0x00000202734755f0):  JavaThread "C2 CompilerThread0" daemon [_thread_in_native, id=13536, stack(0x0000003ee3800000,0x0000003ee3900000) (1024K)]


Current CompileTask:
C2:  20177 11038       4       org.codehaus.plexus.classworlds.realm.ClassRealm::loadClass (7 bytes)

Stack: [0x0000003ee3800000,0x0000003ee3900000]
Native frames: (J=compiled Java code, j=interpreted, Vv=VM code, C=native code)
V  [jvm.dll+0x6c63b9]
V  [jvm.dll+0x84fa11]
V  [jvm.dll+0x851f3e]
V  [jvm.dll+0x852613]
V  [jvm.dll+0x27cd46]
V  [jvm.dll+0xc4aad]
V  [jvm.dll+0xc4fe3]
V  [jvm.dll+0x3b739d]
V  [jvm.dll+0x3b6bc1]
V  [jvm.dll+0x3b6c04]
V  [jvm.dll+0x3b02bc]
V  [jvm.dll+0x1df121]
V  [jvm.dll+0x245c92]
V  [jvm.dll+0x24511f]
V  [jvm.dll+0x1c689e]
V  [jvm.dll+0x254609]
V  [jvm.dll+0x252b9a]
V  [jvm.dll+0x3eb056]
V  [jvm.dll+0x7f9ffb]
V  [jvm.dll+0x6c4a9d]
C  [ucrtbase.dll+0x21bb2]
C  [KERNEL32.DLL+0x17374]
C  [ntdll.dll+0x4cc91]


---------------  P R O C E S S  ---------------

Threads class SMR info:
_java_thread_list=0x0000020279b26990, length=11, elements={
0x00000202567cf140, 0x0000020273458920, 0x0000020273459540, 0x000002027345fc00,
0x0000020273460360, 0x000002027346aae0, 0x000002027346f250, 0x00000202734755f0,
0x000002027347acd0, 0x000002027370a9e0, 0x000002027370d4a0
}

Java Threads: ( => current thread )
  0x00000202567cf140 JavaThread "main"                              [_thread_in_native, id=3204, stack(0x0000003ee2a00000,0x0000003ee2b00000) (1024K)]
  0x0000020273458920 JavaThread "Reference Handler"          daemon [_thread_blocked, id=20868, stack(0x0000003ee3200000,0x0000003ee3300000) (1024K)]
  0x0000020273459540 JavaThread "Finalizer"                  daemon [_thread_blocked, id=14308, stack(0x0000003ee3300000,0x0000003ee3400000) (1024K)]
  0x000002027345fc00 JavaThread "Signal Dispatcher"          daemon [_thread_blocked, id=23580, stack(0x0000003ee3400000,0x0000003ee3500000) (1024K)]
  0x0000020273460360 JavaThread "Attach Listener"            daemon [_thread_blocked, id=1168, stack(0x0000003ee3500000,0x0000003ee3600000) (1024K)]
  0x000002027346aae0 JavaThread "Service Thread"             daemon [_thread_blocked, id=1468, stack(0x0000003ee3600000,0x0000003ee3700000) (1024K)]
  0x000002027346f250 JavaThread "Monitor Deflation Thread"   daemon [_thread_blocked, id=7808, stack(0x0000003ee3700000,0x0000003ee3800000) (1024K)]
=>0x00000202734755f0 JavaThread "C2 CompilerThread0"         daemon [_thread_in_native, id=13536, stack(0x0000003ee3800000,0x0000003ee3900000) (1024K)]
  0x000002027347acd0 JavaThread "C1 CompilerThread0"         daemon [_thread_in_vm, id=15512, stack(0x0000003ee3900000,0x0000003ee3a00000) (1024K)]
  0x000002027370a9e0 JavaThread "Notification Thread"        daemon [_thread_blocked, id=10340, stack(0x0000003ee3a00000,0x0000003ee3b00000) (1024K)]
  0x000002027370d4a0 JavaThread "Common-Cleaner"             daemon [_thread_blocked, id=23616, stack(0x0000003ee3b00000,0x0000003ee3c00000) (1024K)]
Total: 11

Other Threads:
  0x000002025892b7f0 VMThread "VM Thread"                           [id=16012, stack(0x0000003ee3100000,0x0000003ee3200000) (1024K)]
  0x000002027344b220 WatcherThread "VM Periodic Task Thread"        [id=19972, stack(0x0000003ee3000000,0x0000003ee3100000) (1024K)]
  0x00000202588a5720 WorkerThread "GC Thread#0"                     [id=20048, stack(0x0000003ee2b00000,0x0000003ee2c00000) (1024K)]
  0x000002027866bec0 WorkerThread "GC Thread#1"                     [id=23220, stack(0x0000003ee3c00000,0x0000003ee3d00000) (1024K)]
  0x00000202786c9b50 WorkerThread "GC Thread#2"                     [id=22220, stack(0x0000003ee3d00000,0x0000003ee3e00000) (1024K)]
  0x0000020278187b80 WorkerThread "GC Thread#3"                     [id=17164, stack(0x0000003ee3e00000,0x0000003ee3f00000) (1024K)]
  0x00000202588b0210 ConcurrentGCThread "G1 Main Marker"            [id=21448, stack(0x0000003ee2c00000,0x0000003ee2d00000) (1024K)]
  0x00000202588b0d10 WorkerThread "G1 Conc#0"                       [id=23052, stack(0x0000003ee2d00000,0x0000003ee2e00000) (1024K)]
  0x0000020258909010 ConcurrentGCThread "G1 Refine#0"               [id=16816, stack(0x0000003ee2e00000,0x0000003ee2f00000) (1024K)]
  0x000002025890b7a0 ConcurrentGCThread "G1 Service"                [id=18336, stack(0x0000003ee2f00000,0x0000003ee3000000) (1024K)]
Total: 10

Threads with active compile tasks:
C2 CompilerThread0    20212 11038       4       org.codehaus.plexus.classworlds.realm.ClassRealm::loadClass (7 bytes)
C1 CompilerThread0    20212 11080   !   2       sun.nio.cs.StreamEncoder::write (82 bytes)
Total: 2

VM state: not at safepoint (normal execution)

VM Mutex/Monitor currently owned by a thread: None

Heap address: 0x00000000c3600000, size: 970 MB, Compressed Oops mode: 32-bit

CDS archive(s) mapped at: [0x0000020200000000-0x0000020200c90000-0x0000020200c90000), size 13172736, SharedBaseAddress: 0x0000020200000000, ArchiveRelocationMode: 1.
Compressed class space mapped at: 0x0000020201000000-0x0000020241000000, reserved size: 1073741824
Narrow klass base: 0x0000020200000000, Narrow klass shift: 0, Narrow klass range: 0x100000000

GC Precious Log:
 CardTable entry size: 512
 Card Set container configuration: InlinePtr #cards 5 size 8 Array Of Cards #cards 12 size 40 Howl #buckets 4 coarsen threshold 1843 Howl Bitmap #cards 512 size 80 coarsen threshold 460 Card regions per heap region 1 cards per card region 2048
 CPUs: 4 total, 4 available
 Memory: 3879M
 Large Page Support: Disabled
 NUMA Support: Disabled
 Compressed Oops: Enabled (32-bit)
 Heap Region Size: 1M
 Heap Min Capacity: 8M
 Heap Initial Capacity: 62M
 Heap Max Capacity: 970M
 Pre-touch: Disabled
 Parallel Workers: 4
 Concurrent Workers: 1
 Concurrent Refinement Workers: 4
 Periodic GC: Disabled

Heap:
 garbage-first heap   total 290816K, used 190304K [0x00000000c3600000, 0x0000000100000000)
  region size 1024K, 126 young (129024K), 7 survivors (7168K)
 Metaspace       used 38236K, committed 38848K, reserved 1114112K
  class space    used 4159K, committed 4480K, reserved 1048576K

Heap Regions: E=young(eden), S=young(survivor), O=old, HS=humongous(starts), HC=humongous(continues), CS=collection set, F=free, TAMS=top-at-mark-start, PB=parsable bottom
|   0|0x00000000c3600000, 0x00000000c3700000, 0x00000000c3700000|100%| O|  |TAMS 0x00000000c3600000| PB 0x00000000c3600000| Untracked 
|   1|0x00000000c3700000, 0x00000000c3800000, 0x00000000c3800000|100%| O|  |TAMS 0x00000000c3700000| PB 0x00000000c3700000| Untracked 
|   2|0x00000000c3800000, 0x00000000c3900000, 0x00000000c3900000|100%| O|  |TAMS 0x00000000c3800000| PB 0x00000000c3800000| Untracked 
|   3|0x00000000c3900000, 0x00000000c3a00000, 0x00000000c3a00000|100%| O|  |TAMS 0x00000000c3900000| PB 0x00000000c3900000| Untracked 
|   4|0x00000000c3a00000, 0x00000000c3b00000, 0x00000000c3b00000|100%| O|  |TAMS 0x00000000c3a00000| PB 0x00000000c3a00000| Untracked 
|   5|0x00000000c3b00000, 0x00000000c3c00000, 0x00000000c3c00000|100%| O|  |TAMS 0x00000000c3b00000| PB 0x00000000c3b00000| Untracked 
|   6|0x00000000c3c00000, 0x00000000c3d00000, 0x00000000c3d00000|100%| O|  |TAMS 0x00000000c3c00000| PB 0x00000000c3c00000| Untracked 
|   7|0x00000000c3d00000, 0x00000000c3e00000, 0x00000000c3e00000|100%| O|  |TAMS 0x00000000c3d00000| PB 0x00000000c3d00000| Untracked 
|   8|0x00000000c3e00000, 0x00000000c3f00000, 0x00000000c3f00000|100%| O|  |TAMS 0x00000000c3e00000| PB 0x00000000c3e00000| Untracked 
|   9|0x00000000c3f00000, 0x00000000c4000000, 0x00000000c4000000|100%| O|  |TAMS 0x00000000c3f00000| PB 0x00000000c3f00000| Untracked 
|  10|0x00000000c4000000, 0x00000000c40764a0, 0x00000000c4100000| 46%| O|  |TAMS 0x00000000c4000000| PB 0x00000000c4000000| Untracked 
|  11|0x00000000c4100000, 0x00000000c4200000, 0x00000000c4200000|100%| O|  |TAMS 0x00000000c4100000| PB 0x00000000c4100000| Untracked 
|  12|0x00000000c4200000, 0x00000000c4300000, 0x00000000c4300000|100%| O|  |TAMS 0x00000000c4200000| PB 0x00000000c4200000| Untracked 
|  13|0x00000000c4300000, 0x00000000c4400000, 0x00000000c4400000|100%| O|  |TAMS 0x00000000c4300000| PB 0x00000000c4300000| Untracked 
|  14|0x00000000c4400000, 0x00000000c4500000, 0x00000000c4500000|100%| O|  |TAMS 0x00000000c4400000| PB 0x00000000c4400000| Untracked 
|  15|0x00000000c4500000, 0x00000000c4600000, 0x00000000c4600000|100%| O|  |TAMS 0x00000000c4500000| PB 0x00000000c4500000| Untracked 
|  16|0x00000000c4600000, 0x00000000c4700000, 0x00000000c4700000|100%| O|  |TAMS 0x00000000c4600000| PB 0x00000000c4600000| Untracked 
|  17|0x00000000c4700000, 0x00000000c4800000, 0x00000000c4800000|100%| O|  |TAMS 0x00000000c4700000| PB 0x00000000c4700000| Untracked 
|  18|0x00000000c4800000, 0x00000000c4900000, 0x00000000c4900000|100%| O|  |TAMS 0x00000000c4800000| PB 0x00000000c4800000| Untracked 
|  19|0x00000000c4900000, 0x00000000c4a00000, 0x00000000c4a00000|100%| O|  |TAMS 0x00000000c4900000| PB 0x00000000c4900000| Untracked 
|  20|0x00000000c4a00000, 0x00000000c4b00000, 0x00000000c4b00000|100%|HS|  |TAMS 0x00000000c4a00000| PB 0x00000000c4a00000| Complete 
|  21|0x00000000c4b00000, 0x00000000c4c00000, 0x00000000c4c00000|100%| O|  |TAMS 0x00000000c4b00000| PB 0x00000000c4b00000| Untracked 
|  22|0x00000000c4c00000, 0x00000000c4d00000, 0x00000000c4d00000|100%| O|  |TAMS 0x00000000c4c00000| PB 0x00000000c4c00000| Untracked 
|  23|0x00000000c4d00000, 0x00000000c4e00000, 0x00000000c4e00000|100%| O|  |TAMS 0x00000000c4d00000| PB 0x00000000c4d00000| Untracked 
|  24|0x00000000c4e00000, 0x00000000c4f00000, 0x00000000c4f00000|100%| O|  |TAMS 0x00000000c4e00000| PB 0x00000000c4e00000| Untracked 
|  25|0x00000000c4f00000, 0x00000000c5000000, 0x00000000c5000000|100%| O|  |TAMS 0x00000000c4f00000| PB 0x00000000c4f00000| Untracked 
|  26|0x00000000c5000000, 0x00000000c5100000, 0x00000000c5100000|100%| O|  |TAMS 0x00000000c5000000| PB 0x00000000c5000000| Untracked 
|  27|0x00000000c5100000, 0x00000000c5200000, 0x00000000c5200000|100%| O|  |TAMS 0x00000000c5100000| PB 0x00000000c5100000| Untracked 
|  28|0x00000000c5200000, 0x00000000c5300000, 0x00000000c5300000|100%|HS|  |TAMS 0x00000000c5200000| PB 0x00000000c5200000| Complete 
|  29|0x00000000c5300000, 0x00000000c5400000, 0x00000000c5400000|100%|HC|  |TAMS 0x00000000c5300000| PB 0x00000000c5300000| Complete 
|  30|0x00000000c5400000, 0x00000000c5500000, 0x00000000c5500000|100%|HC|  |TAMS 0x00000000c5400000| PB 0x00000000c5400000| Complete 
|  31|0x00000000c5500000, 0x00000000c5600000, 0x00000000c5600000|100%| O|  |TAMS 0x00000000c5500000| PB 0x00000000c5500000| Untracked 
|  32|0x00000000c5600000, 0x00000000c5700000, 0x00000000c5700000|100%| O|  |TAMS 0x00000000c5600000| PB 0x00000000c5600000| Untracked 
|  33|0x00000000c5700000, 0x00000000c5800000, 0x00000000c5800000|100%| O|  |TAMS 0x00000000c5700000| PB 0x00000000c5700000| Untracked 
|  34|0x00000000c5800000, 0x00000000c5900000, 0x00000000c5900000|100%| O|  |TAMS 0x00000000c5800000| PB 0x00000000c5800000| Untracked 
|  35|0x00000000c5900000, 0x00000000c5a00000, 0x00000000c5a00000|100%| O|  |TAMS 0x00000000c5900000| PB 0x00000000c5900000| Untracked 
|  36|0x00000000c5a00000, 0x00000000c5b00000, 0x00000000c5b00000|100%| O|  |TAMS 0x00000000c5a00000| PB 0x00000000c5a00000| Untracked 
|  37|0x00000000c5b00000, 0x00000000c5c00000, 0x00000000c5c00000|100%|HS|  |TAMS 0x00000000c5b00000| PB 0x00000000c5b00000| Complete 
|  38|0x00000000c5c00000, 0x00000000c5d00000, 0x00000000c5d00000|100%| O|  |TAMS 0x00000000c5c00000| PB 0x00000000c5c00000| Untracked 
|  39|0x00000000c5d00000, 0x00000000c5e00000, 0x00000000c5e00000|100%| O|  |TAMS 0x00000000c5d00000| PB 0x00000000c5d00000| Untracked 
|  40|0x00000000c5e00000, 0x00000000c5f00000, 0x00000000c5f00000|100%| O|  |TAMS 0x00000000c5e00000| PB 0x00000000c5e00000| Untracked 
|  41|0x00000000c5f00000, 0x00000000c6000000, 0x00000000c6000000|100%|HS|  |TAMS 0x00000000c5f00000| PB 0x00000000c5f00000| Complete 
|  42|0x00000000c6000000, 0x00000000c6100000, 0x00000000c6100000|100%| O|  |TAMS 0x00000000c6000000| PB 0x00000000c6000000| Untracked 
|  43|0x00000000c6100000, 0x00000000c6200000, 0x00000000c6200000|100%| O|  |TAMS 0x00000000c6100000| PB 0x00000000c6100000| Untracked 
|  44|0x00000000c6200000, 0x00000000c6300000, 0x00000000c6300000|100%| O|  |TAMS 0x00000000c6200000| PB 0x00000000c6200000| Untracked 
|  45|0x00000000c6300000, 0x00000000c6400000, 0x00000000c6400000|100%| O|  |TAMS 0x00000000c6300000| PB 0x00000000c6300000| Untracked 
|  46|0x00000000c6400000, 0x00000000c6500000, 0x00000000c6500000|100%| O|  |TAMS 0x00000000c6400000| PB 0x00000000c6400000| Untracked 
|  47|0x00000000c6500000, 0x00000000c6600000, 0x00000000c6600000|100%| O|  |TAMS 0x00000000c6500000| PB 0x00000000c6500000| Untracked 
|  48|0x00000000c6600000, 0x00000000c6700000, 0x00000000c6700000|100%| O|  |TAMS 0x00000000c6600000| PB 0x00000000c6600000| Untracked 
|  49|0x00000000c6700000, 0x00000000c6800000, 0x00000000c6800000|100%| O|  |TAMS 0x00000000c6700000| PB 0x00000000c6700000| Untracked 
|  50|0x00000000c6800000, 0x00000000c6900000, 0x00000000c6900000|100%| O|  |TAMS 0x00000000c6800000| PB 0x00000000c6800000| Untracked 
|  51|0x00000000c6900000, 0x00000000c6a00000, 0x00000000c6a00000|100%| O|  |TAMS 0x00000000c6900000| PB 0x00000000c6900000| Untracked 
|  52|0x00000000c6a00000, 0x00000000c6b00000, 0x00000000c6b00000|100%| O|  |TAMS 0x00000000c6a00000| PB 0x00000000c6a00000| Untracked 
|  53|0x00000000c6b00000, 0x00000000c6c00000, 0x00000000c6c00000|100%| O|  |TAMS 0x00000000c6b00000| PB 0x00000000c6b00000| Untracked 
|  54|0x00000000c6c00000, 0x00000000c6d00000, 0x00000000c6d00000|100%|HS|  |TAMS 0x00000000c6c00000| PB 0x00000000c6c00000| Complete 
|  55|0x00000000c6d00000, 0x00000000c6e00000, 0x00000000c6e00000|100%|HC|  |TAMS 0x00000000c6d00000| PB 0x00000000c6d00000| Complete 
|  56|0x00000000c6e00000, 0x00000000c6f00000, 0x00000000c6f00000|100%|HS|  |TAMS 0x00000000c6e00000| PB 0x00000000c6e00000| Complete 
|  57|0x00000000c6f00000, 0x00000000c7000000, 0x00000000c7000000|100%|HC|  |TAMS 0x00000000c6f00000| PB 0x00000000c6f00000| Complete 
|  58|0x00000000c7000000, 0x00000000c7100000, 0x00000000c7100000|100%|HC|  |TAMS 0x00000000c7000000| PB 0x00000000c7000000| Complete 
|  59|0x00000000c7100000, 0x00000000c7200000, 0x00000000c7200000|100%|HS|  |TAMS 0x00000000c7100000| PB 0x00000000c7100000| Complete 
|  60|0x00000000c7200000, 0x00000000c7300000, 0x00000000c7300000|100%|HS|  |TAMS 0x00000000c7200000| PB 0x00000000c7200000| Complete 
|  61|0x00000000c7300000, 0x00000000c7400000, 0x00000000c7400000|100%|HS|  |TAMS 0x00000000c7300000| PB 0x00000000c7300000| Complete 
|  62|0x00000000c7400000, 0x00000000c7500000, 0x00000000c7500000|100%|HS|  |TAMS 0x00000000c7400000| PB 0x00000000c7400000| Complete 
|  63|0x00000000c7500000, 0x00000000c7500000, 0x00000000c7600000|  0%| F|  |TAMS 0x00000000c7500000| PB 0x00000000c7500000| Untracked 
|  64|0x00000000c7600000, 0x00000000c7600000, 0x00000000c7700000|  0%| F|  |TAMS 0x00000000c7600000| PB 0x00000000c7600000| Untracked 
|  65|0x00000000c7700000, 0x00000000c7700000, 0x00000000c7800000|  0%| F|  |TAMS 0x00000000c7700000| PB 0x00000000c7700000| Untracked 
|  66|0x00000000c7800000, 0x00000000c7800000, 0x00000000c7900000|  0%| F|  |TAMS 0x00000000c7800000| PB 0x00000000c7800000| Untracked 
|  67|0x00000000c7900000, 0x00000000c7900000, 0x00000000c7a00000|  0%| F|  |TAMS 0x00000000c7900000| PB 0x00000000c7900000| Untracked 
|  68|0x00000000c7a00000, 0x00000000c7a00000, 0x00000000c7b00000|  0%| F|  |TAMS 0x00000000c7a00000| PB 0x00000000c7a00000| Untracked 
|  69|0x00000000c7b00000, 0x00000000c7b00000, 0x00000000c7c00000|  0%| F|  |TAMS 0x00000000c7b00000| PB 0x00000000c7b00000| Untracked 
|  70|0x00000000c7c00000, 0x00000000c7c00000, 0x00000000c7d00000|  0%| F|  |TAMS 0x00000000c7c00000| PB 0x00000000c7c00000| Untracked 
|  71|0x00000000c7d00000, 0x00000000c7d00000, 0x00000000c7e00000|  0%| F|  |TAMS 0x00000000c7d00000| PB 0x00000000c7d00000| Untracked 
|  72|0x00000000c7e00000, 0x00000000c7e00000, 0x00000000c7f00000|  0%| F|  |TAMS 0x00000000c7e00000| PB 0x00000000c7e00000| Untracked 
|  73|0x00000000c7f00000, 0x00000000c7f00000, 0x00000000c8000000|  0%| F|  |TAMS 0x00000000c7f00000| PB 0x00000000c7f00000| Untracked 
|  74|0x00000000c8000000, 0x00000000c8000000, 0x00000000c8100000|  0%| F|  |TAMS 0x00000000c8000000| PB 0x00000000c8000000| Untracked 
|  75|0x00000000c8100000, 0x00000000c8100000, 0x00000000c8200000|  0%| F|  |TAMS 0x00000000c8100000| PB 0x00000000c8100000| Untracked 
|  76|0x00000000c8200000, 0x00000000c8200000, 0x00000000c8300000|  0%| F|  |TAMS 0x00000000c8200000| PB 0x00000000c8200000| Untracked 
|  77|0x00000000c8300000, 0x00000000c8300000, 0x00000000c8400000|  0%| F|  |TAMS 0x00000000c8300000| PB 0x00000000c8300000| Untracked 
|  78|0x00000000c8400000, 0x00000000c8400000, 0x00000000c8500000|  0%| F|  |TAMS 0x00000000c8400000| PB 0x00000000c8400000| Untracked 
|  79|0x00000000c8500000, 0x00000000c8500000, 0x00000000c8600000|  0%| F|  |TAMS 0x00000000c8500000| PB 0x00000000c8500000| Untracked 
|  80|0x00000000c8600000, 0x00000000c8600000, 0x00000000c8700000|  0%| F|  |TAMS 0x00000000c8600000| PB 0x00000000c8600000| Untracked 
|  81|0x00000000c8700000, 0x00000000c8700000, 0x00000000c8800000|  0%| F|  |TAMS 0x00000000c8700000| PB 0x00000000c8700000| Untracked 
|  82|0x00000000c8800000, 0x00000000c8800000, 0x00000000c8900000|  0%| F|  |TAMS 0x00000000c8800000| PB 0x00000000c8800000| Untracked 
|  83|0x00000000c8900000, 0x00000000c8900000, 0x00000000c8a00000|  0%| F|  |TAMS 0x00000000c8900000| PB 0x00000000c8900000| Untracked 
|  84|0x00000000c8a00000, 0x00000000c8a00000, 0x00000000c8b00000|  0%| F|  |TAMS 0x00000000c8a00000| PB 0x00000000c8a00000| Untracked 
|  85|0x00000000c8b00000, 0x00000000c8b00000, 0x00000000c8c00000|  0%| F|  |TAMS 0x00000000c8b00000| PB 0x00000000c8b00000| Untracked 
|  86|0x00000000c8c00000, 0x00000000c8c00000, 0x00000000c8d00000|  0%| F|  |TAMS 0x00000000c8c00000| PB 0x00000000c8c00000| Untracked 
|  87|0x00000000c8d00000, 0x00000000c8d00000, 0x00000000c8e00000|  0%| F|  |TAMS 0x00000000c8d00000| PB 0x00000000c8d00000| Untracked 
|  88|0x00000000c8e00000, 0x00000000c8e00000, 0x00000000c8f00000|  0%| F|  |TAMS 0x00000000c8e00000| PB 0x00000000c8e00000| Untracked 
|  89|0x00000000c8f00000, 0x00000000c8f00000, 0x00000000c9000000|  0%| F|  |TAMS 0x00000000c8f00000| PB 0x00000000c8f00000| Untracked 
|  90|0x00000000c9000000, 0x00000000c9000000, 0x00000000c9100000|  0%| F|  |TAMS 0x00000000c9000000| PB 0x00000000c9000000| Untracked 
|  91|0x00000000c9100000, 0x00000000c9100000, 0x00000000c9200000|  0%| F|  |TAMS 0x00000000c9100000| PB 0x00000000c9100000| Untracked 
|  92|0x00000000c9200000, 0x00000000c9200000, 0x00000000c9300000|  0%| F|  |TAMS 0x00000000c9200000| PB 0x00000000c9200000| Untracked 
|  93|0x00000000c9300000, 0x00000000c9300000, 0x00000000c9400000|  0%| F|  |TAMS 0x00000000c9300000| PB 0x00000000c9300000| Untracked 
|  94|0x00000000c9400000, 0x00000000c9400000, 0x00000000c9500000|  0%| F|  |TAMS 0x00000000c9400000| PB 0x00000000c9400000| Untracked 
|  95|0x00000000c9500000, 0x00000000c9500000, 0x00000000c9600000|  0%| F|  |TAMS 0x00000000c9500000| PB 0x00000000c9500000| Untracked 
|  96|0x00000000c9600000, 0x00000000c9600000, 0x00000000c9700000|  0%| F|  |TAMS 0x00000000c9600000| PB 0x00000000c9600000| Untracked 
|  97|0x00000000c9700000, 0x00000000c9700000, 0x00000000c9800000|  0%| F|  |TAMS 0x00000000c9700000| PB 0x00000000c9700000| Untracked 
|  98|0x00000000c9800000, 0x00000000c9800000, 0x00000000c9900000|  0%| F|  |TAMS 0x00000000c9800000| PB 0x00000000c9800000| Untracked 
|  99|0x00000000c9900000, 0x00000000c9900000, 0x00000000c9a00000|  0%| F|  |TAMS 0x00000000c9900000| PB 0x00000000c9900000| Untracked 
| 100|0x00000000c9a00000, 0x00000000c9a00000, 0x00000000c9b00000|  0%| F|  |TAMS 0x00000000c9a00000| PB 0x00000000c9a00000| Untracked 
| 101|0x00000000c9b00000, 0x00000000c9b00000, 0x00000000c9c00000|  0%| F|  |TAMS 0x00000000c9b00000| PB 0x00000000c9b00000| Untracked 
| 102|0x00000000c9c00000, 0x00000000c9c00000, 0x00000000c9d00000|  0%| F|  |TAMS 0x00000000c9c00000| PB 0x00000000c9c00000| Untracked 
| 103|0x00000000c9d00000, 0x00000000c9d00000, 0x00000000c9e00000|  0%| F|  |TAMS 0x00000000c9d00000| PB 0x00000000c9d00000| Untracked 
| 104|0x00000000c9e00000, 0x00000000c9e00000, 0x00000000c9f00000|  0%| F|  |TAMS 0x00000000c9e00000| PB 0x00000000c9e00000| Untracked 
| 105|0x00000000c9f00000, 0x00000000c9f61de0, 0x00000000ca000000| 38%| S|CS|TAMS 0x00000000c9f00000| PB 0x00000000c9f00000| Complete 
| 106|0x00000000ca000000, 0x00000000ca100000, 0x00000000ca100000|100%| S|CS|TAMS 0x00000000ca000000| PB 0x00000000ca000000| Complete 
| 107|0x00000000ca100000, 0x00000000ca200000, 0x00000000ca200000|100%| S|CS|TAMS 0x00000000ca100000| PB 0x00000000ca100000| Complete 
| 108|0x00000000ca200000, 0x00000000ca300000, 0x00000000ca300000|100%| S|CS|TAMS 0x00000000ca200000| PB 0x00000000ca200000| Complete 
| 109|0x00000000ca300000, 0x00000000ca400000, 0x00000000ca400000|100%| S|CS|TAMS 0x00000000ca300000| PB 0x00000000ca300000| Complete 
| 110|0x00000000ca400000, 0x00000000ca500000, 0x00000000ca500000|100%| S|CS|TAMS 0x00000000ca400000| PB 0x00000000ca400000| Complete 
| 111|0x00000000ca500000, 0x00000000ca600000, 0x00000000ca600000|100%| S|CS|TAMS 0x00000000ca500000| PB 0x00000000ca500000| Complete 
| 112|0x00000000ca600000, 0x00000000ca600000, 0x00000000ca700000|  0%| F|  |TAMS 0x00000000ca600000| PB 0x00000000ca600000| Untracked 
| 113|0x00000000ca700000, 0x00000000ca700000, 0x00000000ca800000|  0%| F|  |TAMS 0x00000000ca700000| PB 0x00000000ca700000| Untracked 
| 114|0x00000000ca800000, 0x00000000ca800000, 0x00000000ca900000|  0%| F|  |TAMS 0x00000000ca800000| PB 0x00000000ca800000| Untracked 
| 115|0x00000000ca900000, 0x00000000ca900000, 0x00000000caa00000|  0%| F|  |TAMS 0x00000000ca900000| PB 0x00000000ca900000| Untracked 
| 116|0x00000000caa00000, 0x00000000caa00000, 0x00000000cab00000|  0%| F|  |TAMS 0x00000000caa00000| PB 0x00000000caa00000| Untracked 
| 117|0x00000000cab00000, 0x00000000cab00000, 0x00000000cac00000|  0%| F|  |TAMS 0x00000000cab00000| PB 0x00000000cab00000| Untracked 
| 118|0x00000000cac00000, 0x00000000cac00000, 0x00000000cad00000|  0%| F|  |TAMS 0x00000000cac00000| PB 0x00000000cac00000| Untracked 
| 119|0x00000000cad00000, 0x00000000cad00000, 0x00000000cae00000|  0%| F|  |TAMS 0x00000000cad00000| PB 0x00000000cad00000| Untracked 
| 120|0x00000000cae00000, 0x00000000cae00000, 0x00000000caf00000|  0%| F|  |TAMS 0x00000000cae00000| PB 0x00000000cae00000| Untracked 
| 121|0x00000000caf00000, 0x00000000caf00000, 0x00000000cb000000|  0%| F|  |TAMS 0x00000000caf00000| PB 0x00000000caf00000| Untracked 
| 122|0x00000000cb000000, 0x00000000cb000000, 0x00000000cb100000|  0%| F|  |TAMS 0x00000000cb000000| PB 0x00000000cb000000| Untracked 
| 123|0x00000000cb100000, 0x00000000cb100000, 0x00000000cb200000|  0%| F|  |TAMS 0x00000000cb100000| PB 0x00000000cb100000| Untracked 
| 124|0x00000000cb200000, 0x00000000cb200000, 0x00000000cb300000|  0%| F|  |TAMS 0x00000000cb200000| PB 0x00000000cb200000| Untracked 
| 125|0x00000000cb300000, 0x00000000cb300000, 0x00000000cb400000|  0%| F|  |TAMS 0x00000000cb300000| PB 0x00000000cb300000| Untracked 
| 126|0x00000000cb400000, 0x00000000cb400000, 0x00000000cb500000|  0%| F|  |TAMS 0x00000000cb400000| PB 0x00000000cb400000| Untracked 
| 127|0x00000000cb500000, 0x00000000cb500000, 0x00000000cb600000|  0%| F|  |TAMS 0x00000000cb500000| PB 0x00000000cb500000| Untracked 
| 128|0x00000000cb600000, 0x00000000cb600000, 0x00000000cb700000|  0%| F|  |TAMS 0x00000000cb600000| PB 0x00000000cb600000| Untracked 
| 129|0x00000000cb700000, 0x00000000cb700000, 0x00000000cb800000|  0%| F|  |TAMS 0x00000000cb700000| PB 0x00000000cb700000| Untracked 
| 130|0x00000000cb800000, 0x00000000cb800000, 0x00000000cb900000|  0%| F|  |TAMS 0x00000000cb800000| PB 0x00000000cb800000| Untracked 
| 131|0x00000000cb900000, 0x00000000cb900000, 0x00000000cba00000|  0%| F|  |TAMS 0x00000000cb900000| PB 0x00000000cb900000| Untracked 
| 132|0x00000000cba00000, 0x00000000cba00000, 0x00000000cbb00000|  0%| F|  |TAMS 0x00000000cba00000| PB 0x00000000cba00000| Untracked 
| 133|0x00000000cbb00000, 0x00000000cbb00000, 0x00000000cbc00000|  0%| F|  |TAMS 0x00000000cbb00000| PB 0x00000000cbb00000| Untracked 
| 134|0x00000000cbc00000, 0x00000000cbc00000, 0x00000000cbd00000|  0%| F|  |TAMS 0x00000000cbc00000| PB 0x00000000cbc00000| Untracked 
| 135|0x00000000cbd00000, 0x00000000cbd00000, 0x00000000cbe00000|  0%| F|  |TAMS 0x00000000cbd00000| PB 0x00000000cbd00000| Untracked 
| 136|0x00000000cbe00000, 0x00000000cbe00000, 0x00000000cbf00000|  0%| F|  |TAMS 0x00000000cbe00000| PB 0x00000000cbe00000| Untracked 
| 137|0x00000000cbf00000, 0x00000000cbf00000, 0x00000000cc000000|  0%| F|  |TAMS 0x00000000cbf00000| PB 0x00000000cbf00000| Untracked 
| 138|0x00000000cc000000, 0x00000000cc000000, 0x00000000cc100000|  0%| F|  |TAMS 0x00000000cc000000| PB 0x00000000cc000000| Untracked 
| 139|0x00000000cc100000, 0x00000000cc100000, 0x00000000cc200000|  0%| F|  |TAMS 0x00000000cc100000| PB 0x00000000cc100000| Untracked 
| 140|0x00000000cc200000, 0x00000000cc200000, 0x00000000cc300000|  0%| F|  |TAMS 0x00000000cc200000| PB 0x00000000cc200000| Untracked 
| 141|0x00000000cc300000, 0x00000000cc300000, 0x00000000cc400000|  0%| F|  |TAMS 0x00000000cc300000| PB 0x00000000cc300000| Untracked 
| 142|0x00000000cc400000, 0x00000000cc400000, 0x00000000cc500000|  0%| F|  |TAMS 0x00000000cc400000| PB 0x00000000cc400000| Untracked 
| 143|0x00000000cc500000, 0x00000000cc500000, 0x00000000cc600000|  0%| F|  |TAMS 0x00000000cc500000| PB 0x00000000cc500000| Untracked 
| 144|0x00000000cc600000, 0x00000000cc600000, 0x00000000cc700000|  0%| F|  |TAMS 0x00000000cc600000| PB 0x00000000cc600000| Untracked 
| 145|0x00000000cc700000, 0x00000000cc700000, 0x00000000cc800000|  0%| F|  |TAMS 0x00000000cc700000| PB 0x00000000cc700000| Untracked 
| 146|0x00000000cc800000, 0x00000000cc800000, 0x00000000cc900000|  0%| F|  |TAMS 0x00000000cc800000| PB 0x00000000cc800000| Untracked 
| 147|0x00000000cc900000, 0x00000000cc900000, 0x00000000cca00000|  0%| F|  |TAMS 0x00000000cc900000| PB 0x00000000cc900000| Untracked 
| 148|0x00000000cca00000, 0x00000000cca00000, 0x00000000ccb00000|  0%| F|  |TAMS 0x00000000cca00000| PB 0x00000000cca00000| Untracked 
| 149|0x00000000ccb00000, 0x00000000ccb00000, 0x00000000ccc00000|  0%| F|  |TAMS 0x00000000ccb00000| PB 0x00000000ccb00000| Untracked 
| 150|0x00000000ccc00000, 0x00000000ccc00000, 0x00000000ccd00000|  0%| F|  |TAMS 0x00000000ccc00000| PB 0x00000000ccc00000| Untracked 
| 151|0x00000000ccd00000, 0x00000000ccd00000, 0x00000000cce00000|  0%| F|  |TAMS 0x00000000ccd00000| PB 0x00000000ccd00000| Untracked 
| 152|0x00000000cce00000, 0x00000000cce00000, 0x00000000ccf00000|  0%| F|  |TAMS 0x00000000cce00000| PB 0x00000000cce00000| Untracked 
| 153|0x00000000ccf00000, 0x00000000ccf00000, 0x00000000cd000000|  0%| F|  |TAMS 0x00000000ccf00000| PB 0x00000000ccf00000| Untracked 
| 154|0x00000000cd000000, 0x00000000cd000000, 0x00000000cd100000|  0%| F|  |TAMS 0x00000000cd000000| PB 0x00000000cd000000| Untracked 
| 155|0x00000000cd100000, 0x00000000cd100000, 0x00000000cd200000|  0%| F|  |TAMS 0x00000000cd100000| PB 0x00000000cd100000| Untracked 
| 156|0x00000000cd200000, 0x00000000cd200000, 0x00000000cd300000|  0%| F|  |TAMS 0x00000000cd200000| PB 0x00000000cd200000| Untracked 
| 157|0x00000000cd300000, 0x00000000cd300000, 0x00000000cd400000|  0%| F|  |TAMS 0x00000000cd300000| PB 0x00000000cd300000| Untracked 
| 158|0x00000000cd400000, 0x00000000cd400000, 0x00000000cd500000|  0%| F|  |TAMS 0x00000000cd400000| PB 0x00000000cd400000| Untracked 
| 159|0x00000000cd500000, 0x00000000cd500000, 0x00000000cd600000|  0%| F|  |TAMS 0x00000000cd500000| PB 0x00000000cd500000| Untracked 
| 160|0x00000000cd600000, 0x00000000cd600000, 0x00000000cd700000|  0%| F|  |TAMS 0x00000000cd600000| PB 0x00000000cd600000| Untracked 
| 161|0x00000000cd700000, 0x00000000cd700000, 0x00000000cd800000|  0%| F|  |TAMS 0x00000000cd700000| PB 0x00000000cd700000| Untracked 
| 162|0x00000000cd800000, 0x00000000cd800000, 0x00000000cd900000|  0%| F|  |TAMS 0x00000000cd800000| PB 0x00000000cd800000| Untracked 
| 163|0x00000000cd900000, 0x00000000cd900000, 0x00000000cda00000|  0%| F|  |TAMS 0x00000000cd900000| PB 0x00000000cd900000| Untracked 
| 164|0x00000000cda00000, 0x00000000cda00000, 0x00000000cdb00000|  0%| F|  |TAMS 0x00000000cda00000| PB 0x00000000cda00000| Untracked 
| 165|0x00000000cdb00000, 0x00000000cdb80800, 0x00000000cdc00000| 50%| E|  |TAMS 0x00000000cdb00000| PB 0x00000000cdb00000| Complete 
| 166|0x00000000cdc00000, 0x00000000cdd00000, 0x00000000cdd00000|100%| E|CS|TAMS 0x00000000cdc00000| PB 0x00000000cdc00000| Complete 
| 167|0x00000000cdd00000, 0x00000000cde00000, 0x00000000cde00000|100%| E|CS|TAMS 0x00000000cdd00000| PB 0x00000000cdd00000| Complete 
| 168|0x00000000cde00000, 0x00000000cdf00000, 0x00000000cdf00000|100%| E|CS|TAMS 0x00000000cde00000| PB 0x00000000cde00000| Complete 
| 169|0x00000000cdf00000, 0x00000000ce000000, 0x00000000ce000000|100%| E|CS|TAMS 0x00000000cdf00000| PB 0x00000000cdf00000| Complete 
| 170|0x00000000ce000000, 0x00000000ce100000, 0x00000000ce100000|100%| E|CS|TAMS 0x00000000ce000000| PB 0x00000000ce000000| Complete 
| 171|0x00000000ce100000, 0x00000000ce200000, 0x00000000ce200000|100%| E|CS|TAMS 0x00000000ce100000| PB 0x00000000ce100000| Complete 
| 172|0x00000000ce200000, 0x00000000ce300000, 0x00000000ce300000|100%| E|CS|TAMS 0x00000000ce200000| PB 0x00000000ce200000| Complete 
| 173|0x00000000ce300000, 0x00000000ce400000, 0x00000000ce400000|100%| E|CS|TAMS 0x00000000ce300000| PB 0x00000000ce300000| Complete 
| 174|0x00000000ce400000, 0x00000000ce500000, 0x00000000ce500000|100%| E|CS|TAMS 0x00000000ce400000| PB 0x00000000ce400000| Complete 
| 175|0x00000000ce500000, 0x00000000ce600000, 0x00000000ce600000|100%| E|CS|TAMS 0x00000000ce500000| PB 0x00000000ce500000| Complete 
| 176|0x00000000ce600000, 0x00000000ce700000, 0x00000000ce700000|100%| E|CS|TAMS 0x00000000ce600000| PB 0x00000000ce600000| Complete 
| 177|0x00000000ce700000, 0x00000000ce800000, 0x00000000ce800000|100%| E|CS|TAMS 0x00000000ce700000| PB 0x00000000ce700000| Complete 
| 178|0x00000000ce800000, 0x00000000ce900000, 0x00000000ce900000|100%| E|CS|TAMS 0x00000000ce800000| PB 0x00000000ce800000| Complete 
| 179|0x00000000ce900000, 0x00000000cea00000, 0x00000000cea00000|100%| E|CS|TAMS 0x00000000ce900000| PB 0x00000000ce900000| Complete 
| 180|0x00000000cea00000, 0x00000000ceb00000, 0x00000000ceb00000|100%| E|CS|TAMS 0x00000000cea00000| PB 0x00000000cea00000| Complete 
| 181|0x00000000ceb00000, 0x00000000cec00000, 0x00000000cec00000|100%| E|CS|TAMS 0x00000000ceb00000| PB 0x00000000ceb00000| Complete 
| 182|0x00000000cec00000, 0x00000000ced00000, 0x00000000ced00000|100%| E|CS|TAMS 0x00000000cec00000| PB 0x00000000cec00000| Complete 
| 183|0x00000000ced00000, 0x00000000cee00000, 0x00000000cee00000|100%| E|CS|TAMS 0x00000000ced00000| PB 0x00000000ced00000| Complete 
| 184|0x00000000cee00000, 0x00000000cef00000, 0x00000000cef00000|100%| E|CS|TAMS 0x00000000cee00000| PB 0x00000000cee00000| Complete 
| 185|0x00000000cef00000, 0x00000000cf000000, 0x00000000cf000000|100%| E|CS|TAMS 0x00000000cef00000| PB 0x00000000cef00000| Complete 
| 186|0x00000000cf000000, 0x00000000cf100000, 0x00000000cf100000|100%| E|CS|TAMS 0x00000000cf000000| PB 0x00000000cf000000| Complete 
| 187|0x00000000cf100000, 0x00000000cf200000, 0x00000000cf200000|100%| E|CS|TAMS 0x00000000cf100000| PB 0x00000000cf100000| Complete 
| 188|0x00000000cf200000, 0x00000000cf300000, 0x00000000cf300000|100%| E|CS|TAMS 0x00000000cf200000| PB 0x00000000cf200000| Complete 
| 189|0x00000000cf300000, 0x00000000cf400000, 0x00000000cf400000|100%| E|CS|TAMS 0x00000000cf300000| PB 0x00000000cf300000| Complete 
| 190|0x00000000cf400000, 0x00000000cf500000, 0x00000000cf500000|100%| E|CS|TAMS 0x00000000cf400000| PB 0x00000000cf400000| Complete 
| 191|0x00000000cf500000, 0x00000000cf600000, 0x00000000cf600000|100%| E|CS|TAMS 0x00000000cf500000| PB 0x00000000cf500000| Complete 
| 192|0x00000000cf600000, 0x00000000cf700000, 0x00000000cf700000|100%| E|CS|TAMS 0x00000000cf600000| PB 0x00000000cf600000| Complete 
| 193|0x00000000cf700000, 0x00000000cf800000, 0x00000000cf800000|100%| E|CS|TAMS 0x00000000cf700000| PB 0x00000000cf700000| Complete 
| 194|0x00000000cf800000, 0x00000000cf900000, 0x00000000cf900000|100%| E|CS|TAMS 0x00000000cf800000| PB 0x00000000cf800000| Complete 
| 195|0x00000000cf900000, 0x00000000cfa00000, 0x00000000cfa00000|100%| E|CS|TAMS 0x00000000cf900000| PB 0x00000000cf900000| Complete 
| 196|0x00000000cfa00000, 0x00000000cfb00000, 0x00000000cfb00000|100%| E|CS|TAMS 0x00000000cfa00000| PB 0x00000000cfa00000| Complete 
| 197|0x00000000cfb00000, 0x00000000cfc00000, 0x00000000cfc00000|100%| E|CS|TAMS 0x00000000cfb00000| PB 0x00000000cfb00000| Complete 
| 198|0x00000000cfc00000, 0x00000000cfd00000, 0x00000000cfd00000|100%| E|CS|TAMS 0x00000000cfc00000| PB 0x00000000cfc00000| Complete 
| 199|0x00000000cfd00000, 0x00000000cfe00000, 0x00000000cfe00000|100%| E|CS|TAMS 0x00000000cfd00000| PB 0x00000000cfd00000| Complete 
| 200|0x00000000cfe00000, 0x00000000cff00000, 0x00000000cff00000|100%| E|CS|TAMS 0x00000000cfe00000| PB 0x00000000cfe00000| Complete 
| 201|0x00000000cff00000, 0x00000000d0000000, 0x00000000d0000000|100%| E|CS|TAMS 0x00000000cff00000| PB 0x00000000cff00000| Complete 
| 202|0x00000000d0000000, 0x00000000d0100000, 0x00000000d0100000|100%| E|CS|TAMS 0x00000000d0000000| PB 0x00000000d0000000| Complete 
| 203|0x00000000d0100000, 0x00000000d0200000, 0x00000000d0200000|100%| E|CS|TAMS 0x00000000d0100000| PB 0x00000000d0100000| Complete 
| 204|0x00000000d0200000, 0x00000000d0300000, 0x00000000d0300000|100%| E|CS|TAMS 0x00000000d0200000| PB 0x00000000d0200000| Complete 
| 205|0x00000000d0300000, 0x00000000d0400000, 0x00000000d0400000|100%| E|CS|TAMS 0x00000000d0300000| PB 0x00000000d0300000| Complete 
| 206|0x00000000d0400000, 0x00000000d0500000, 0x00000000d0500000|100%| E|CS|TAMS 0x00000000d0400000| PB 0x00000000d0400000| Complete 
| 207|0x00000000d0500000, 0x00000000d0600000, 0x00000000d0600000|100%| E|CS|TAMS 0x00000000d0500000| PB 0x00000000d0500000| Complete 
| 208|0x00000000d0600000, 0x00000000d0700000, 0x00000000d0700000|100%| E|CS|TAMS 0x00000000d0600000| PB 0x00000000d0600000| Complete 
| 209|0x00000000d0700000, 0x00000000d0800000, 0x00000000d0800000|100%| E|CS|TAMS 0x00000000d0700000| PB 0x00000000d0700000| Complete 
| 210|0x00000000d0800000, 0x00000000d0900000, 0x00000000d0900000|100%| E|CS|TAMS 0x00000000d0800000| PB 0x00000000d0800000| Complete 
| 211|0x00000000d0900000, 0x00000000d0a00000, 0x00000000d0a00000|100%| E|CS|TAMS 0x00000000d0900000| PB 0x00000000d0900000| Complete 
| 212|0x00000000d0a00000, 0x00000000d0b00000, 0x00000000d0b00000|100%| E|CS|TAMS 0x00000000d0a00000| PB 0x00000000d0a00000| Complete 
| 213|0x00000000d0b00000, 0x00000000d0c00000, 0x00000000d0c00000|100%| E|CS|TAMS 0x00000000d0b00000| PB 0x00000000d0b00000| Complete 
| 214|0x00000000d0c00000, 0x00000000d0d00000, 0x00000000d0d00000|100%| E|CS|TAMS 0x00000000d0c00000| PB 0x00000000d0c00000| Complete 
| 215|0x00000000d0d00000, 0x00000000d0e00000, 0x00000000d0e00000|100%| E|CS|TAMS 0x00000000d0d00000| PB 0x00000000d0d00000| Complete 
| 216|0x00000000d0e00000, 0x00000000d0f00000, 0x00000000d0f00000|100%| E|CS|TAMS 0x00000000d0e00000| PB 0x00000000d0e00000| Complete 
| 217|0x00000000d0f00000, 0x00000000d1000000, 0x00000000d1000000|100%| E|CS|TAMS 0x00000000d0f00000| PB 0x00000000d0f00000| Complete 
| 218|0x00000000d1000000, 0x00000000d1100000, 0x00000000d1100000|100%| E|CS|TAMS 0x00000000d1000000| PB 0x00000000d1000000| Complete 
| 219|0x00000000d1100000, 0x00000000d1200000, 0x00000000d1200000|100%| E|CS|TAMS 0x00000000d1100000| PB 0x00000000d1100000| Complete 
| 220|0x00000000d1200000, 0x00000000d1300000, 0x00000000d1300000|100%| E|CS|TAMS 0x00000000d1200000| PB 0x00000000d1200000| Complete 
| 221|0x00000000d1300000, 0x00000000d1400000, 0x00000000d1400000|100%| E|  |TAMS 0x00000000d1300000| PB 0x00000000d1300000| Complete 
| 222|0x00000000d1400000, 0x00000000d1500000, 0x00000000d1500000|100%| E|CS|TAMS 0x00000000d1400000| PB 0x00000000d1400000| Complete 
| 223|0x00000000d1500000, 0x00000000d1600000, 0x00000000d1600000|100%| E|CS|TAMS 0x00000000d1500000| PB 0x00000000d1500000| Complete 
| 224|0x00000000d1600000, 0x00000000d1700000, 0x00000000d1700000|100%| E|CS|TAMS 0x00000000d1600000| PB 0x00000000d1600000| Complete 
| 225|0x00000000d1700000, 0x00000000d1800000, 0x00000000d1800000|100%| E|CS|TAMS 0x00000000d1700000| PB 0x00000000d1700000| Complete 
| 226|0x00000000d1800000, 0x00000000d1900000, 0x00000000d1900000|100%| E|CS|TAMS 0x00000000d1800000| PB 0x00000000d1800000| Complete 
| 227|0x00000000d1900000, 0x00000000d1a00000, 0x00000000d1a00000|100%| E|CS|TAMS 0x00000000d1900000| PB 0x00000000d1900000| Complete 
| 228|0x00000000d1a00000, 0x00000000d1b00000, 0x00000000d1b00000|100%| E|CS|TAMS 0x00000000d1a00000| PB 0x00000000d1a00000| Complete 
| 229|0x00000000d1b00000, 0x00000000d1c00000, 0x00000000d1c00000|100%| E|CS|TAMS 0x00000000d1b00000| PB 0x00000000d1b00000| Complete 
| 230|0x00000000d1c00000, 0x00000000d1d00000, 0x00000000d1d00000|100%| E|CS|TAMS 0x00000000d1c00000| PB 0x00000000d1c00000| Complete 
| 231|0x00000000d1d00000, 0x00000000d1e00000, 0x00000000d1e00000|100%| E|CS|TAMS 0x00000000d1d00000| PB 0x00000000d1d00000| Complete 
| 232|0x00000000d1e00000, 0x00000000d1f00000, 0x00000000d1f00000|100%| E|CS|TAMS 0x00000000d1e00000| PB 0x00000000d1e00000| Complete 
| 233|0x00000000d1f00000, 0x00000000d2000000, 0x00000000d2000000|100%| E|CS|TAMS 0x00000000d1f00000| PB 0x00000000d1f00000| Complete 
| 234|0x00000000d2000000, 0x00000000d2100000, 0x00000000d2100000|100%| E|CS|TAMS 0x00000000d2000000| PB 0x00000000d2000000| Complete 
| 235|0x00000000d2100000, 0x00000000d2200000, 0x00000000d2200000|100%| E|CS|TAMS 0x00000000d2100000| PB 0x00000000d2100000| Complete 
| 236|0x00000000d2200000, 0x00000000d2300000, 0x00000000d2300000|100%| E|CS|TAMS 0x00000000d2200000| PB 0x00000000d2200000| Complete 
| 237|0x00000000d2300000, 0x00000000d2400000, 0x00000000d2400000|100%| E|CS|TAMS 0x00000000d2300000| PB 0x00000000d2300000| Complete 
| 238|0x00000000d2400000, 0x00000000d2500000, 0x00000000d2500000|100%| E|CS|TAMS 0x00000000d2400000| PB 0x00000000d2400000| Complete 
| 239|0x00000000d2500000, 0x00000000d2600000, 0x00000000d2600000|100%| E|CS|TAMS 0x00000000d2500000| PB 0x00000000d2500000| Complete 
| 240|0x00000000d2600000, 0x00000000d2700000, 0x00000000d2700000|100%| E|CS|TAMS 0x00000000d2600000| PB 0x00000000d2600000| Complete 
| 241|0x00000000d2700000, 0x00000000d2800000, 0x00000000d2800000|100%| E|CS|TAMS 0x00000000d2700000| PB 0x00000000d2700000| Complete 
| 242|0x00000000d2800000, 0x00000000d2900000, 0x00000000d2900000|100%| E|CS|TAMS 0x00000000d2800000| PB 0x00000000d2800000| Complete 
| 243|0x00000000d2900000, 0x00000000d2a00000, 0x00000000d2a00000|100%| E|CS|TAMS 0x00000000d2900000| PB 0x00000000d2900000| Complete 
| 244|0x00000000d2a00000, 0x00000000d2b00000, 0x00000000d2b00000|100%| E|CS|TAMS 0x00000000d2a00000| PB 0x00000000d2a00000| Complete 
| 245|0x00000000d2b00000, 0x00000000d2c00000, 0x00000000d2c00000|100%| E|CS|TAMS 0x00000000d2b00000| PB 0x00000000d2b00000| Complete 
| 246|0x00000000d2c00000, 0x00000000d2d00000, 0x00000000d2d00000|100%| E|CS|TAMS 0x00000000d2c00000| PB 0x00000000d2c00000| Complete 
| 247|0x00000000d2d00000, 0x00000000d2e00000, 0x00000000d2e00000|100%| E|CS|TAMS 0x00000000d2d00000| PB 0x00000000d2d00000| Complete 
| 248|0x00000000d2e00000, 0x00000000d2f00000, 0x00000000d2f00000|100%| E|CS|TAMS 0x00000000d2e00000| PB 0x00000000d2e00000| Complete 
| 249|0x00000000d2f00000, 0x00000000d3000000, 0x00000000d3000000|100%| E|CS|TAMS 0x00000000d2f00000| PB 0x00000000d2f00000| Complete 
| 250|0x00000000d3000000, 0x00000000d3100000, 0x00000000d3100000|100%| E|CS|TAMS 0x00000000d3000000| PB 0x00000000d3000000| Complete 
| 251|0x00000000d3100000, 0x00000000d3200000, 0x00000000d3200000|100%| E|CS|TAMS 0x00000000d3100000| PB 0x00000000d3100000| Complete 
| 252|0x00000000d3200000, 0x00000000d3300000, 0x00000000d3300000|100%| E|CS|TAMS 0x00000000d3200000| PB 0x00000000d3200000| Complete 
| 253|0x00000000d3300000, 0x00000000d3400000, 0x00000000d3400000|100%| E|CS|TAMS 0x00000000d3300000| PB 0x00000000d3300000| Complete 
| 254|0x00000000d3400000, 0x00000000d3500000, 0x00000000d3500000|100%| E|CS|TAMS 0x00000000d3400000| PB 0x00000000d3400000| Complete 
| 255|0x00000000d3500000, 0x00000000d3600000, 0x00000000d3600000|100%| E|CS|TAMS 0x00000000d3500000| PB 0x00000000d3500000| Complete 
| 256|0x00000000d3600000, 0x00000000d3700000, 0x00000000d3700000|100%| E|CS|TAMS 0x00000000d3600000| PB 0x00000000d3600000| Complete 
| 257|0x00000000d3700000, 0x00000000d3800000, 0x00000000d3800000|100%| E|CS|TAMS 0x00000000d3700000| PB 0x00000000d3700000| Complete 
| 258|0x00000000d3800000, 0x00000000d3900000, 0x00000000d3900000|100%| E|CS|TAMS 0x00000000d3800000| PB 0x00000000d3800000| Complete 
| 259|0x00000000d3900000, 0x00000000d3a00000, 0x00000000d3a00000|100%| E|CS|TAMS 0x00000000d3900000| PB 0x00000000d3900000| Complete 
| 260|0x00000000d3a00000, 0x00000000d3b00000, 0x00000000d3b00000|100%| E|CS|TAMS 0x00000000d3a00000| PB 0x00000000d3a00000| Complete 
| 261|0x00000000d3b00000, 0x00000000d3c00000, 0x00000000d3c00000|100%| E|CS|TAMS 0x00000000d3b00000| PB 0x00000000d3b00000| Complete 
| 262|0x00000000d3c00000, 0x00000000d3d00000, 0x00000000d3d00000|100%| E|CS|TAMS 0x00000000d3c00000| PB 0x00000000d3c00000| Complete 
| 263|0x00000000d3d00000, 0x00000000d3e00000, 0x00000000d3e00000|100%| E|CS|TAMS 0x00000000d3d00000| PB 0x00000000d3d00000| Complete 
| 264|0x00000000d3e00000, 0x00000000d3f00000, 0x00000000d3f00000|100%| E|CS|TAMS 0x00000000d3e00000| PB 0x00000000d3e00000| Complete 
| 265|0x00000000d3f00000, 0x00000000d4000000, 0x00000000d4000000|100%| E|CS|TAMS 0x00000000d3f00000| PB 0x00000000d3f00000| Complete 
| 266|0x00000000d4000000, 0x00000000d4100000, 0x00000000d4100000|100%| E|CS|TAMS 0x00000000d4000000| PB 0x00000000d4000000| Complete 
| 267|0x00000000d4100000, 0x00000000d4200000, 0x00000000d4200000|100%| E|CS|TAMS 0x00000000d4100000| PB 0x00000000d4100000| Complete 
| 268|0x00000000d4200000, 0x00000000d4300000, 0x00000000d4300000|100%| E|CS|TAMS 0x00000000d4200000| PB 0x00000000d4200000| Complete 
| 269|0x00000000d4300000, 0x00000000d4400000, 0x00000000d4400000|100%| E|CS|TAMS 0x00000000d4300000| PB 0x00000000d4300000| Complete 
| 270|0x00000000d4400000, 0x00000000d4500000, 0x00000000d4500000|100%| E|CS|TAMS 0x00000000d4400000| PB 0x00000000d4400000| Complete 
| 271|0x00000000d4500000, 0x00000000d4600000, 0x00000000d4600000|100%| E|CS|TAMS 0x00000000d4500000| PB 0x00000000d4500000| Complete 
| 272|0x00000000d4600000, 0x00000000d4700000, 0x00000000d4700000|100%| E|CS|TAMS 0x00000000d4600000| PB 0x00000000d4600000| Complete 
| 273|0x00000000d4700000, 0x00000000d4800000, 0x00000000d4800000|100%| E|CS|TAMS 0x00000000d4700000| PB 0x00000000d4700000| Complete 
| 274|0x00000000d4800000, 0x00000000d4900000, 0x00000000d4900000|100%| E|CS|TAMS 0x00000000d4800000| PB 0x00000000d4800000| Complete 
| 275|0x00000000d4900000, 0x00000000d4a00000, 0x00000000d4a00000|100%| E|CS|TAMS 0x00000000d4900000| PB 0x00000000d4900000| Complete 
| 276|0x00000000d4a00000, 0x00000000d4b00000, 0x00000000d4b00000|100%| E|CS|TAMS 0x00000000d4a00000| PB 0x00000000d4a00000| Complete 
| 277|0x00000000d4b00000, 0x00000000d4c00000, 0x00000000d4c00000|100%| E|CS|TAMS 0x00000000d4b00000| PB 0x00000000d4b00000| Complete 
| 278|0x00000000d4c00000, 0x00000000d4d00000, 0x00000000d4d00000|100%| E|CS|TAMS 0x00000000d4c00000| PB 0x00000000d4c00000| Complete 
| 279|0x00000000d4d00000, 0x00000000d4e00000, 0x00000000d4e00000|100%| E|CS|TAMS 0x00000000d4d00000| PB 0x00000000d4d00000| Complete 
| 280|0x00000000d4e00000, 0x00000000d4f00000, 0x00000000d4f00000|100%| E|CS|TAMS 0x00000000d4e00000| PB 0x00000000d4e00000| Complete 
| 281|0x00000000d4f00000, 0x00000000d5000000, 0x00000000d5000000|100%| E|CS|TAMS 0x00000000d4f00000| PB 0x00000000d4f00000| Complete 
| 282|0x00000000d5000000, 0x00000000d5100000, 0x00000000d5100000|100%| E|CS|TAMS 0x00000000d5000000| PB 0x00000000d5000000| Complete 
| 283|0x00000000d5100000, 0x00000000d5200000, 0x00000000d5200000|100%| E|CS|TAMS 0x00000000d5100000| PB 0x00000000d5100000| Complete 

Card table byte_map: [0x000002026fee0000,0x00000202700d0000] _byte_map_base: 0x000002026f8c5000

Marking Bits: (CMBitMap*) 0x00000202588a5e20
 Bits: [0x00000202700d0000, 0x0000020270ff8000)

Polling page: 0x0000020256780000

Metaspace:

Usage:
  Non-class:     33.28 MB used.
      Class:      4.06 MB used.
       Both:     37.34 MB used.

Virtual space:
  Non-class space:       64.00 MB reserved,      33.56 MB ( 52%) committed,  1 nodes.
      Class space:        1.00 GB reserved,       4.38 MB ( <1%) committed,  1 nodes.
             Both:        1.06 GB reserved,      37.94 MB (  3%) committed. 

Chunk freelists:
   Non-Class:  13.75 MB
       Class:  11.47 MB
        Both:  25.22 MB

MaxMetaspaceSize: unlimited
CompressedClassSpaceSize: 1.00 GB
Initial GC threshold: 21.00 MB
Current GC threshold: 50.62 MB
CDS: on
 - commit_granule_bytes: 65536.
 - commit_granule_words: 8192.
 - virtual_space_node_default_size: 8388608.
 - enlarge_chunks_in_place: 1.
 - use_allocation_guard: 0.


Internal statistics:

num_allocs_failed_limit: 6.
num_arena_births: 628.
num_arena_deaths: 0.
num_vsnodes_births: 2.
num_vsnodes_deaths: 0.
num_space_committed: 607.
num_space_uncommitted: 0.
num_chunks_returned_to_freelist: 6.
num_chunks_taken_from_freelist: 2079.
num_chunk_merges: 6.
num_chunk_splits: 1453.
num_chunks_enlarged: 1077.
num_inconsistent_stats: 0.

CodeHeap 'non-profiled nmethods': size=120000Kb used=5473Kb max_used=5473Kb free=114526Kb
 bounds [0x00000202687c0000, 0x0000020268d20000, 0x000002026fcf0000]
CodeHeap 'profiled nmethods': size=120000Kb used=21472Kb max_used=21472Kb free=98527Kb
 bounds [0x0000020260cf0000, 0x00000202621f0000, 0x0000020268220000]
CodeHeap 'non-nmethods': size=5760Kb used=1688Kb max_used=1698Kb free=4071Kb
 bounds [0x0000020268220000, 0x0000020268490000, 0x00000202687c0000]
 total_blobs=10429 nmethods=9839 adapters=494
 compilation: enabled
              stopped_count=0, restarted_count=0
 full_count=0

Compilation events (20 events):
Event: 19.648 Thread 0x000002027347acd0 11066       2       com.google.inject.TypeLiteral::<init> (43 bytes)
Event: 19.648 Thread 0x000002027347acd0 nmethod 11066 0x00000202621d7790 code [0x00000202621d7980, 0x00000202621d7d18]
Event: 19.648 Thread 0x000002027347acd0 11064       3       org.eclipse.sisu.inject.LocatedBeans::<init> (36 bytes)
Event: 19.650 Thread 0x000002027347acd0 nmethod 11064 0x00000202621d7e90 code [0x00000202621d8060, 0x00000202621d8418]
Event: 19.651 Thread 0x000002027347acd0 11065       3       org.eclipse.sisu.inject.QualifyingStrategy::selectFor (54 bytes)
Event: 19.652 Thread 0x000002027347acd0 nmethod 11065 0x00000202621d8590 code [0x00000202621d87c0, 0x00000202621d8e30]
Event: 19.663 Thread 0x000002027347acd0 11067       3       java.util.regex.Pattern$Ques::match (192 bytes)
Event: 19.664 Thread 0x000002027347acd0 nmethod 11067 0x00000202621d9010 code [0x00000202621d92c0, 0x00000202621da028]
Event: 19.666 Thread 0x000002027347acd0 11069       3       java.lang.Integer::toString (8 bytes)
Event: 19.666 Thread 0x000002027347acd0 nmethod 11069 0x00000202621da390 code [0x00000202621da540, 0x00000202621da678]
Event: 19.667 Thread 0x000002027347acd0 11071       3       java.lang.StringBuilder::append (8 bytes)
Event: 19.667 Thread 0x000002027347acd0 nmethod 11071 0x00000202621da710 code [0x00000202621da8c0, 0x00000202621daa10]
Event: 19.667 Thread 0x000002027347acd0 11072   !   3       org.fusesource.jansi.io.AnsiProcessor::processEscapeCommand (969 bytes)
Event: 19.671 Thread 0x000002027347acd0 nmethod 11072 0x00000202621daa90 code [0x00000202621db400, 0x00000202621e4340]
Event: 19.671 Thread 0x000002027347acd0 11073   !   3       org.fusesource.jansi.io.AnsiOutputStream::processEscapeCommand (43 bytes)
Event: 19.671 Thread 0x000002027347acd0 nmethod 11073 0x00000202621e7190 code [0x00000202621e7360, 0x00000202621e7688]
Event: 19.671 Thread 0x000002027347acd0 11074       3       org.fusesource.jansi.io.AnsiOutputStream::reset (43 bytes)
Event: 19.672 Thread 0x000002027347acd0 nmethod 11074 0x00000202621e7810 code [0x00000202621e79e0, 0x00000202621e7ce8]
Event: 19.673 Thread 0x000002027347acd0 11079       2       java.lang.System$2::encodeASCII (11 bytes)
Event: 19.673 Thread 0x000002027347acd0 nmethod 11079 0x00000202621e7e10 code [0x00000202621e7fc0, 0x00000202621e80f0]

GC Heap History (20 events):
Event: 10.493 GC heap before
{Heap before GC invocations=19 (full 0):
 garbage-first heap   total 96256K, used 75260K [0x00000000c3600000, 0x0000000100000000)
  region size 1024K, 25 young (25600K), 3 survivors (3072K)
 Metaspace       used 29437K, committed 29824K, reserved 1114112K
  class space    used 3263K, committed 3456K, reserved 1048576K
}
Event: 10.499 GC heap after
{Heap after GC invocations=20 (full 0):
 garbage-first heap   total 96256K, used 53928K [0x00000000c3600000, 0x0000000100000000)
  region size 1024K, 3 young (3072K), 3 survivors (3072K)
 Metaspace       used 29437K, committed 29824K, reserved 1114112K
  class space    used 3263K, committed 3456K, reserved 1048576K
}
Event: 10.814 GC heap before
{Heap before GC invocations=21 (full 0):
 garbage-first heap   total 99328K, used 78504K [0x00000000c3600000, 0x0000000100000000)
  region size 1024K, 27 young (27648K), 3 survivors (3072K)
 Metaspace       used 29616K, committed 30016K, reserved 1114112K
  class space    used 3279K, committed 3456K, reserved 1048576K
}
Event: 10.820 GC heap after
{Heap after GC invocations=22 (full 0):
 garbage-first heap   total 99328K, used 54272K [0x00000000c3600000, 0x0000000100000000)
  region size 1024K, 1 young (1024K), 1 survivors (1024K)
 Metaspace       used 29616K, committed 30016K, reserved 1114112K
  class space    used 3279K, committed 3456K, reserved 1048576K
}
Event: 11.091 GC heap before
{Heap before GC invocations=22 (full 0):
 garbage-first heap   total 99328K, used 82944K [0x00000000c3600000, 0x0000000100000000)
  region size 1024K, 29 young (29696K), 1 survivors (1024K)
 Metaspace       used 29653K, committed 30016K, reserved 1114112K
  class space    used 3279K, committed 3456K, reserved 1048576K
}
Event: 11.097 GC heap after
{Heap after GC invocations=23 (full 0):
 garbage-first heap   total 129024K, used 53335K [0x00000000c3600000, 0x0000000100000000)
  region size 1024K, 1 young (1024K), 1 survivors (1024K)
 Metaspace       used 29653K, committed 30016K, reserved 1114112K
  class space    used 3279K, committed 3456K, reserved 1048576K
}
Event: 11.551 GC heap before
{Heap before GC invocations=23 (full 0):
 garbage-first heap   total 129024K, used 101463K [0x00000000c3600000, 0x0000000100000000)
  region size 1024K, 48 young (49152K), 1 survivors (1024K)
 Metaspace       used 30327K, committed 30784K, reserved 1114112K
  class space    used 3371K, committed 3584K, reserved 1048576K
}
Event: 11.560 GC heap after
{Heap after GC invocations=24 (full 0):
 garbage-first heap   total 129024K, used 54402K [0x00000000c3600000, 0x0000000100000000)
  region size 1024K, 2 young (2048K), 2 survivors (2048K)
 Metaspace       used 30327K, committed 30784K, reserved 1114112K
  class space    used 3371K, committed 3584K, reserved 1048576K
}
Event: 11.750 GC heap before
{Heap before GC invocations=24 (full 0):
 garbage-first heap   total 129024K, used 113794K [0x00000000c3600000, 0x0000000100000000)
  region size 1024K, 60 young (61440K), 2 survivors (2048K)
 Metaspace       used 30428K, committed 30912K, reserved 1114112K
  class space    used 3379K, committed 3584K, reserved 1048576K
}
Event: 11.755 GC heap after
{Heap after GC invocations=25 (full 0):
 garbage-first heap   total 129024K, used 55476K [0x00000000c3600000, 0x0000000100000000)
  region size 1024K, 3 young (3072K), 3 survivors (3072K)
 Metaspace       used 30428K, committed 30912K, reserved 1114112K
  class space    used 3379K, committed 3584K, reserved 1048576K
}
Event: 11.962 GC heap before
{Heap before GC invocations=25 (full 0):
 garbage-first heap   total 129024K, used 114868K [0x00000000c3600000, 0x0000000100000000)
  region size 1024K, 61 young (62464K), 3 survivors (3072K)
 Metaspace       used 30585K, committed 31040K, reserved 1114112K
  class space    used 3380K, committed 3584K, reserved 1048576K
}
Event: 11.966 GC heap after
{Heap after GC invocations=26 (full 0):
 garbage-first heap   total 129024K, used 55640K [0x00000000c3600000, 0x0000000100000000)
  region size 1024K, 4 young (4096K), 4 survivors (4096K)
 Metaspace       used 30585K, committed 31040K, reserved 1114112K
  class space    used 3380K, committed 3584K, reserved 1048576K
}
Event: 12.287 GC heap before
{Heap before GC invocations=27 (full 0):
 garbage-first heap   total 145408K, used 115032K [0x00000000c3600000, 0x0000000100000000)
  region size 1024K, 62 young (63488K), 4 survivors (4096K)
 Metaspace       used 30654K, committed 31104K, reserved 1114112K
  class space    used 3381K, committed 3584K, reserved 1048576K
}
Event: 12.299 GC heap after
{Heap after GC invocations=28 (full 0):
 garbage-first heap   total 145408K, used 55658K [0x00000000c3600000, 0x0000000100000000)
  region size 1024K, 4 young (4096K), 4 survivors (4096K)
 Metaspace       used 30654K, committed 31104K, reserved 1114112K
  class space    used 3381K, committed 3584K, reserved 1048576K
}
Event: 13.548 GC heap before
{Heap before GC invocations=28 (full 0):
 garbage-first heap   total 145408K, used 133482K [0x00000000c3600000, 0x0000000100000000)
  region size 1024K, 78 young (79872K), 4 survivors (4096K)
 Metaspace       used 32961K, committed 33472K, reserved 1114112K
  class space    used 3629K, committed 3840K, reserved 1048576K
}
Event: 13.567 GC heap after
{Heap after GC invocations=29 (full 0):
 garbage-first heap   total 145408K, used 59306K [0x00000000c3600000, 0x0000000100000000)
  region size 1024K, 6 young (6144K), 6 survivors (6144K)
 Metaspace       used 32961K, committed 33472K, reserved 1114112K
  class space    used 3629K, committed 3840K, reserved 1048576K
}
Event: 14.162 GC heap before
{Heap before GC invocations=29 (full 0):
 garbage-first heap   total 145408K, used 130986K [0x00000000c3600000, 0x0000000100000000)
  region size 1024K, 76 young (77824K), 6 survivors (6144K)
 Metaspace       used 33264K, committed 33856K, reserved 1114112K
  class space    used 3640K, committed 3904K, reserved 1048576K
}
Event: 14.179 GC heap after
{Heap after GC invocations=30 (full 0):
 garbage-first heap   total 145408K, used 61446K [0x00000000c3600000, 0x0000000100000000)
  region size 1024K, 7 young (7168K), 7 survivors (7168K)
 Metaspace       used 33264K, committed 33856K, reserved 1114112K
  class space    used 3640K, committed 3904K, reserved 1048576K
}
Event: 14.790 GC heap before
{Heap before GC invocations=30 (full 0):
 garbage-first heap   total 145408K, used 91142K [0x00000000c3600000, 0x0000000100000000)
  region size 1024K, 37 young (37888K), 7 survivors (7168K)
 Metaspace       used 33456K, committed 33984K, reserved 1114112K
  class space    used 3647K, committed 3904K, reserved 1048576K
}
Event: 14.809 GC heap after
{Heap after GC invocations=31 (full 0):
 garbage-first heap   total 290816K, used 61280K [0x00000000c3600000, 0x0000000100000000)
  region size 1024K, 7 young (7168K), 7 survivors (7168K)
 Metaspace       used 33456K, committed 33984K, reserved 1114112K
  class space    used 3647K, committed 3904K, reserved 1048576K
}

Dll operation events (8 events):
Event: 0.008 Loaded shared library C:\Program Files\Java\jdk-21\bin\java.dll
Event: 0.035 Loaded shared library C:\Program Files\Java\jdk-21\bin\jsvml.dll
Event: 0.055 Loaded shared library C:\Program Files\Java\jdk-21\bin\net.dll
Event: 0.059 Loaded shared library C:\Program Files\Java\jdk-21\bin\nio.dll
Event: 0.065 Loaded shared library C:\Program Files\Java\jdk-21\bin\zip.dll
Event: 0.386 Loaded shared library C:\Users\User\.m2\wrapper\dists\apache-maven-3.9.11\d6d3cbd4012d4c1d840e93277aca316c\lib\jansi-native\Windows\x86_64\jansi.dll
Event: 0.410 Loaded shared library C:\Program Files\Java\jdk-21\bin\jimage.dll
Event: 0.417 Loaded shared library C:\Program Files\Java\jdk-21\bin\verify.dll

Deoptimization events (20 events):
Event: 19.626 Thread 0x00000202567cf140 Uncommon trap: trap_request=0xffffffc6 fr.pc=0x0000020268d0f364 relative=0x0000000000000a04
Event: 19.626 Thread 0x00000202567cf140 Uncommon trap: reason=bimorphic_or_optimized_type_check action=maybe_recompile pc=0x0000020268d0f364 method=java.util.regex.Pattern$Branch.match(Ljava/util/regex/Matcher;ILjava/lang/CharSequence;)Z @ 32 c2
Event: 19.626 Thread 0x00000202567cf140 DEOPT PACKING pc=0x0000020268d0f364 sp=0x0000003ee2afe220
Event: 19.627 Thread 0x00000202567cf140 DEOPT UNPACKING pc=0x0000020268277da2 sp=0x0000003ee2afe1d0 mode 2
Event: 19.627 Thread 0x00000202567cf140 Uncommon trap: trap_request=0xffffffc6 fr.pc=0x0000020268d0f364 relative=0x0000000000000a04
Event: 19.627 Thread 0x00000202567cf140 Uncommon trap: reason=bimorphic_or_optimized_type_check action=maybe_recompile pc=0x0000020268d0f364 method=java.util.regex.Pattern$Branch.match(Ljava/util/regex/Matcher;ILjava/lang/CharSequence;)Z @ 32 c2
Event: 19.627 Thread 0x00000202567cf140 DEOPT PACKING pc=0x0000020268d0f364 sp=0x0000003ee2afe180
Event: 19.627 Thread 0x00000202567cf140 DEOPT UNPACKING pc=0x0000020268277da2 sp=0x0000003ee2afe150 mode 2
Event: 19.627 Thread 0x00000202567cf140 Uncommon trap: trap_request=0xffffffc6 fr.pc=0x0000020268d0f364 relative=0x0000000000000a04
Event: 19.627 Thread 0x00000202567cf140 Uncommon trap: reason=bimorphic_or_optimized_type_check action=maybe_recompile pc=0x0000020268d0f364 method=java.util.regex.Pattern$Branch.match(Ljava/util/regex/Matcher;ILjava/lang/CharSequence;)Z @ 32 c2
Event: 19.627 Thread 0x00000202567cf140 DEOPT PACKING pc=0x0000020268d0f364 sp=0x0000003ee2afe0a0
Event: 19.627 Thread 0x00000202567cf140 DEOPT UNPACKING pc=0x0000020268277da2 sp=0x0000003ee2afe050 mode 2
Event: 19.664 Thread 0x00000202567cf140 Uncommon trap: trap_request=0xffffff45 fr.pc=0x0000020268d0aebc relative=0x00000000000003bc
Event: 19.664 Thread 0x00000202567cf140 Uncommon trap: reason=unstable_if action=reinterpret pc=0x0000020268d0aebc method=java.util.regex.Pattern$BmpCharPropertyGreedy.match(Ljava/util/regex/Matcher;ILjava/lang/CharSequence;)Z @ 73 c2
Event: 19.665 Thread 0x00000202567cf140 DEOPT PACKING pc=0x0000020268d0aebc sp=0x0000003ee2afebd0
Event: 19.665 Thread 0x00000202567cf140 DEOPT UNPACKING pc=0x0000020268277da2 sp=0x0000003ee2afeb70 mode 2
Event: 19.665 Thread 0x00000202567cf140 Uncommon trap: trap_request=0xffffff45 fr.pc=0x0000020268d0aebc relative=0x00000000000003bc
Event: 19.665 Thread 0x00000202567cf140 Uncommon trap: reason=unstable_if action=reinterpret pc=0x0000020268d0aebc method=java.util.regex.Pattern$BmpCharPropertyGreedy.match(Ljava/util/regex/Matcher;ILjava/lang/CharSequence;)Z @ 73 c2
Event: 19.665 Thread 0x00000202567cf140 DEOPT PACKING pc=0x0000020268d0aebc sp=0x0000003ee2afec30
Event: 19.665 Thread 0x00000202567cf140 DEOPT UNPACKING pc=0x0000020268277da2 sp=0x0000003ee2afebd0 mode 2

Classes loaded (20 events):
Event: 18.744 Loading class java/util/Scanner$PatternLRUCache
Event: 18.744 Loading class java/util/Scanner$PatternLRUCache done
Event: 18.945 Loading class java/nio/charset/MalformedInputException
Event: 18.946 Loading class java/nio/charset/CharacterCodingException
Event: 18.947 Loading class java/nio/charset/CharacterCodingException done
Event: 18.948 Loading class java/nio/charset/MalformedInputException done
Event: 19.033 Loading class java/util/concurrent/atomic/Striped64$1
Event: 19.034 Loading class java/util/concurrent/atomic/Striped64$1 done
Event: 19.206 Loading class java/util/concurrent/ConcurrentSkipListMap$KeySet
Event: 19.209 Loading class java/util/concurrent/ConcurrentSkipListMap$KeySet done
Event: 19.209 Loading class java/util/concurrent/ConcurrentSkipListMap$KeyIterator
Event: 19.209 Loading class java/util/concurrent/ConcurrentSkipListMap$Iter
Event: 19.210 Loading class java/util/concurrent/ConcurrentSkipListMap$Iter done
Event: 19.210 Loading class java/util/concurrent/ConcurrentSkipListMap$KeyIterator done
Event: 19.222 Loading class java/lang/Throwable$WrappedPrintWriter
Event: 19.223 Loading class java/lang/Throwable$PrintStreamOrWriter
Event: 19.223 Loading class java/lang/Throwable$PrintStreamOrWriter done
Event: 19.223 Loading class java/lang/Throwable$WrappedPrintWriter done
Event: 19.659 Loading class java/net/UnknownHostException
Event: 19.659 Loading class java/net/UnknownHostException done

Classes unloaded (0 events):
No events

Classes redefined (0 events):
No events

Internal exceptions (20 events):
Event: 16.171 Thread 0x00000202567cf140 Exception <a 'sun/nio/fs/WindowsException'{0x00000000d01d7290}> (0x00000000d01d7290) 
thrown [s\open\src\hotspot\share\prims\jni.cpp, line 520]
Event: 16.171 Thread 0x00000202567cf140 Exception <a 'sun/nio/fs/WindowsException'{0x00000000d01d7c88}> (0x00000000d01d7c88) 
thrown [s\open\src\hotspot\share\prims\jni.cpp, line 520]
Event: 16.171 Thread 0x00000202567cf140 Exception <a 'sun/nio/fs/WindowsException'{0x00000000d01d8750}> (0x00000000d01d8750) 
thrown [s\open\src\hotspot\share\prims\jni.cpp, line 520]
Event: 16.181 Thread 0x00000202567cf140 Exception <a 'sun/nio/fs/WindowsException'{0x00000000d00b22e0}> (0x00000000d00b22e0) 
thrown [s\open\src\hotspot\share\prims\jni.cpp, line 520]
Event: 16.183 Thread 0x00000202567cf140 Exception <a 'sun/nio/fs/WindowsException'{0x00000000d00cad98}> (0x00000000d00cad98) 
thrown [s\open\src\hotspot\share\prims\jni.cpp, line 520]
Event: 16.185 Thread 0x00000202567cf140 Exception <a 'sun/nio/fs/WindowsException'{0x00000000d00e4ff0}> (0x00000000d00e4ff0) 
thrown [s\open\src\hotspot\share\prims\jni.cpp, line 520]
Event: 16.185 Thread 0x00000202567cf140 Exception <a 'sun/nio/fs/WindowsException'{0x00000000d00e5750}> (0x00000000d00e5750) 
thrown [s\open\src\hotspot\share\prims\jni.cpp, line 520]
Event: 16.185 Thread 0x00000202567cf140 Exception <a 'sun/nio/fs/WindowsException'{0x00000000d00e5d20}> (0x00000000d00e5d20) 
thrown [s\open\src\hotspot\share\prims\jni.cpp, line 520]
Event: 16.186 Thread 0x00000202567cf140 Exception <a 'sun/nio/fs/WindowsException'{0x00000000d00e6458}> (0x00000000d00e6458) 
thrown [s\open\src\hotspot\share\prims\jni.cpp, line 520]
Event: 16.186 Thread 0x00000202567cf140 Exception <a 'sun/nio/fs/WindowsException'{0x00000000d00e6b88}> (0x00000000d00e6b88) 
thrown [s\open\src\hotspot\share\prims\jni.cpp, line 520]
Event: 16.186 Thread 0x00000202567cf140 Exception <a 'sun/nio/fs/WindowsException'{0x00000000d00e72a8}> (0x00000000d00e72a8) 
thrown [s\open\src\hotspot\share\prims\jni.cpp, line 520]
Event: 18.406 Thread 0x00000202567cf140 Implicit null exception at 0x0000020268cf7f77 to 0x0000020268cf81e0
Event: 18.424 Thread 0x00000202738299a0 Exception <a 'java/lang/NoSuchMethodError'{0x00000000ceb0ae18}: 'java.lang.Object java.lang.invoke.DirectMethodHandle$Holder.invokeStatic(java.lang.Object, long, java.lang.Object)'> (0x00000000ceb0ae18) 
thrown [s\open\src\hotspot\share\interpreter\linkResolver.cpp, line 773]
Event: 18.424 Thread 0x00000202738299a0 Exception <a 'java/lang/NoSuchMethodError'{0x00000000ceb0e1c0}: 'java.lang.Object java.lang.invoke.DirectMethodHandle$Holder.invokeStaticInit(java.lang.Object, long, java.lang.Object)'> (0x00000000ceb0e1c0) 
thrown [s\open\src\hotspot\share\interpreter\linkResolver.cpp, line 773]
Event: 18.425 Thread 0x00000202738299a0 Exception <a 'java/lang/NoSuchMethodError'{0x00000000ceb13580}: 'java.lang.Object java.lang.invoke.DirectMethodHandle$Holder.newInvokeSpecial(java.lang.Object, long)'> (0x00000000ceb13580) 
thrown [s\open\src\hotspot\share\interpreter\linkResolver.cpp, line 773]
Event: 18.428 Thread 0x00000202738299a0 Exception <a 'java/lang/NoSuchMethodError'{0x00000000ceb17d08}: 'long java.lang.invoke.DirectMethodHandle$Holder.invokeInterface(java.lang.Object, java.lang.Object)'> (0x00000000ceb17d08) 
thrown [s\open\src\hotspot\share\interpreter\linkResolver.cpp, line 773]
Event: 18.428 Thread 0x00000202738299a0 Exception <a 'java/lang/NoSuchMethodError'{0x00000000ceb1b1c0}: 'long java.lang.invoke.DelegatingMethodHandle$Holder.reinvoke_L(java.lang.Object, java.lang.Object)'> (0x00000000ceb1b1c0) 
thrown [s\open\src\hotspot\share\interpreter\linkResolver.cpp, line 773]
Event: 18.478 Thread 0x00000202567cf140 Exception <a 'java/lang/NoSuchMethodError'{0x00000000ceac47d8}: 'java.lang.Object java.lang.invoke.DirectMethodHandle$Holder.invokeStaticInit(java.lang.Object, java.lang.Object, int, int, int, int)'> (0x00000000ceac47d8) 
thrown [s\open\src\hotspot\share\interpreter\linkResolver.cpp, line 773]
Event: 18.708 Thread 0x00000202567cf140 Exception <a 'java/lang/NoSuchMethodError'{0x00000000cdf33210}: 'void java.lang.invoke.DirectMethodHandle$Holder.invokeStatic(java.lang.Object, long)'> (0x00000000cdf33210) 
thrown [s\open\src\hotspot\share\interpreter\linkResolver.cpp, line 773]
Event: 19.217 Thread 0x00000202567cf140 Exception <a 'sun/nio/fs/WindowsException'{0x00000000cdc640c0}> (0x00000000cdc640c0) 
thrown [s\open\src\hotspot\share\prims\jni.cpp, line 520]

ZGC Phase Switch (0 events):
No events

VM Operations (20 events):
Event: 17.844 Executing VM operation: Cleanup
Event: 17.844 Executing VM operation: Cleanup done
Event: 18.387 Executing VM operation: HandshakeAllThreads (Deoptimize)
Event: 18.387 Executing VM operation: HandshakeAllThreads (Deoptimize) done
Event: 18.424 Executing VM operation: HandshakeAllThreads (Deoptimize)
Event: 18.424 Executing VM operation: HandshakeAllThreads (Deoptimize) done
Event: 18.471 Executing VM operation: HandshakeAllThreads (Deoptimize)
Event: 18.471 Executing VM operation: HandshakeAllThreads (Deoptimize) done
Event: 18.622 Executing VM operation: HandshakeAllThreads (Deoptimize)
Event: 18.622 Executing VM operation: HandshakeAllThreads (Deoptimize) done
Event: 18.629 Executing VM operation: HandshakeAllThreads (Deoptimize)
Event: 18.629 Executing VM operation: HandshakeAllThreads (Deoptimize) done
Event: 18.641 Executing VM operation: HandshakeAllThreads (Deoptimize)
Event: 18.641 Executing VM operation: HandshakeAllThreads (Deoptimize) done
Event: 18.642 Executing VM operation: HandshakeAllThreads (Deoptimize)
Event: 18.642 Executing VM operation: HandshakeAllThreads (Deoptimize) done
Event: 18.710 Executing VM operation: HandshakeAllThreads (Deoptimize)
Event: 18.710 Executing VM operation: HandshakeAllThreads (Deoptimize) done
Event: 19.715 Executing VM operation: Cleanup
Event: 19.715 Executing VM operation: Cleanup done

Events (20 events):
Event: 12.091 Thread 0x000002025892b7f0 flushing nmethod 0x00000202689bcd10
Event: 12.091 Thread 0x000002025892b7f0 flushing nmethod 0x00000202689b2a90
Event: 12.091 Thread 0x000002025892b7f0 flushing nmethod 0x00000202689b2790
Event: 12.091 Thread 0x000002025892b7f0 flushing nmethod 0x0000020268919990
Event: 12.091 Thread 0x000002025892b7f0 flushing nmethod 0x00000202688ed990
Event: 12.091 Thread 0x000002025892b7f0 flushing nmethod 0x000002026886d090
Event: 18.393 Thread 0x00000202738299a0 Thread added: 0x00000202738299a0
Event: 18.430 Thread 0x00000202738299a0 Thread exited: 0x00000202738299a0
Event: 18.567 Thread 0x000002027a43c030 Thread added: 0x000002027a43c030
Event: 18.570 Thread 0x000002027a43c6a0 Thread added: 0x000002027a43c6a0
Event: 18.673 Thread 0x0000020278124710 Thread added: 0x0000020278124710
Event: 18.738 Thread 0x0000020279fdf030 Thread added: 0x0000020279fdf030
Event: 18.739 Thread 0x000002027a858e80 Thread added: 0x000002027a858e80
Event: 18.750 Thread 0x000002027a85feb0 Thread added: 0x000002027a85feb0
Event: 18.954 Thread 0x0000020279fdf030 Thread exited: 0x0000020279fdf030
Event: 19.088 Thread 0x0000020278124710 Thread exited: 0x0000020278124710
Event: 19.088 Thread 0x000002027a85feb0 Thread exited: 0x000002027a85feb0
Event: 19.091 Thread 0x000002027a858e80 Thread exited: 0x000002027a858e80
Event: 19.209 Thread 0x000002027a43c6a0 Thread exited: 0x000002027a43c6a0
Event: 19.209 Thread 0x000002027a43c030 Thread exited: 0x000002027a43c030


Dynamic libraries:
0x00007ff68b9d0000 - 0x00007ff68b9e0000 	C:\Program Files\Java\jdk-21\bin\java.exe
0x00007ffcc2b90000 - 0x00007ffcc2d88000 	C:\Windows\SYSTEM32\ntdll.dll
0x00007ffcc0c10000 - 0x00007ffcc0cd2000 	C:\Windows\System32\KERNEL32.DLL
0x00007ffcc04d0000 - 0x00007ffcc07c7000 	C:\Windows\System32\KERNELBASE.dll
0x00007ffcc0310000 - 0x00007ffcc0410000 	C:\Windows\System32\ucrtbase.dll
0x00007ffcb9ac0000 - 0x00007ffcb9ad9000 	C:\Program Files\Java\jdk-21\bin\jli.dll
0x00007ffcb9f60000 - 0x00007ffcb9f7b000 	C:\Program Files\Java\jdk-21\bin\VCRUNTIME140.dll
0x00007ffcc2510000 - 0x00007ffcc25c1000 	C:\Windows\System32\ADVAPI32.dll
0x00007ffcc0fe0000 - 0x00007ffcc107e000 	C:\Windows\System32\msvcrt.dll
0x00007ffcc1080000 - 0x00007ffcc111f000 	C:\Windows\System32\sechost.dll
0x00007ffcc29f0000 - 0x00007ffcc2b16000 	C:\Windows\System32\RPCRT4.dll
0x00007ffcc04a0000 - 0x00007ffcc04c7000 	C:\Windows\System32\bcrypt.dll
0x00007ffcc0cf0000 - 0x00007ffcc0e8d000 	C:\Windows\System32\USER32.dll
0x00007ffcac090000 - 0x00007ffcac32a000 	C:\Windows\WinSxS\amd64_microsoft.windows.common-controls_6595b64144ccf1df_6.0.19041.5915_none_60b4b9d171f9c7c7\COMCTL32.dll
0x00007ffcc0b50000 - 0x00007ffcc0b72000 	C:\Windows\System32\win32u.dll
0x00007ffcc15c0000 - 0x00007ffcc15eb000 	C:\Windows\System32\GDI32.dll
0x00007ffcc01f0000 - 0x00007ffcc0309000 	C:\Windows\System32\gdi32full.dll
0x00007ffcc0ab0000 - 0x00007ffcc0b4d000 	C:\Windows\System32\msvcp_win.dll
0x00007ffcac340000 - 0x00007ffcac34a000 	C:\Windows\SYSTEM32\VERSION.dll
0x00007ffcc0e90000 - 0x00007ffcc0ebf000 	C:\Windows\System32\IMM32.DLL
0x00007ffcbb0c0000 - 0x00007ffcbb0cc000 	C:\Program Files\Java\jdk-21\bin\vcruntime140_1.dll
0x00007ffc8d0b0000 - 0x00007ffc8d13e000 	C:\Program Files\Java\jdk-21\bin\msvcp140.dll
0x00007ffc6bff0000 - 0x00007ffc6ccfd000 	C:\Program Files\Java\jdk-21\bin\server\jvm.dll
0x00007ffcc1720000 - 0x00007ffcc178b000 	C:\Windows\System32\WS2_32.dll
0x00007ffcbfb70000 - 0x00007ffcbfbbb000 	C:\Windows\SYSTEM32\POWRPROF.dll
0x00007ffcb6610000 - 0x00007ffcb6637000 	C:\Windows\SYSTEM32\WINMM.dll
0x00007ffcbfb50000 - 0x00007ffcbfb62000 	C:\Windows\SYSTEM32\UMPDC.dll
0x00007ffcbe9d0000 - 0x00007ffcbe9e2000 	C:\Windows\SYSTEM32\kernel.appcore.dll
0x00007ffcba160000 - 0x00007ffcba16a000 	C:\Program Files\Java\jdk-21\bin\jimage.dll
0x00007ffcbdef0000 - 0x00007ffcbe0f1000 	C:\Windows\SYSTEM32\DBGHELP.DLL
0x00007ffcaf590000 - 0x00007ffcaf5c4000 	C:\Windows\SYSTEM32\dbgcore.DLL
0x00007ffcc0410000 - 0x00007ffcc0492000 	C:\Windows\System32\bcryptPrimitives.dll
0x00007ffcb94c0000 - 0x00007ffcb94df000 	C:\Program Files\Java\jdk-21\bin\java.dll
0x00007ffcc1800000 - 0x00007ffcc1f6e000 	C:\Windows\System32\SHELL32.dll
0x00007ffcbe210000 - 0x00007ffcbe9b4000 	C:\Windows\SYSTEM32\windows.storage.dll
0x00007ffcc2630000 - 0x00007ffcc2983000 	C:\Windows\System32\combase.dll
0x00007ffcbfad0000 - 0x00007ffcbfafb000 	C:\Windows\SYSTEM32\Wldp.dll
0x00007ffcc14f0000 - 0x00007ffcc15bd000 	C:\Windows\System32\OLEAUT32.dll
0x00007ffcc1210000 - 0x00007ffcc12bd000 	C:\Windows\System32\SHCORE.dll
0x00007ffcc2990000 - 0x00007ffcc29eb000 	C:\Windows\System32\shlwapi.dll
0x00007ffcc0120000 - 0x00007ffcc0144000 	C:\Windows\SYSTEM32\profapi.dll
0x00007ffc8b950000 - 0x00007ffc8ba27000 	C:\Program Files\Java\jdk-21\bin\jsvml.dll
0x00007ffcba120000 - 0x00007ffcba130000 	C:\Program Files\Java\jdk-21\bin\net.dll
0x00007ffcbc2a0000 - 0x00007ffcbc3aa000 	C:\Windows\SYSTEM32\WINHTTP.dll
0x00007ffcbf850000 - 0x00007ffcbf8ba000 	C:\Windows\system32\mswsock.dll
0x00007ffcb85b0000 - 0x00007ffcb85c6000 	C:\Program Files\Java\jdk-21\bin\nio.dll
0x00007ffcb74a0000 - 0x00007ffcb74b8000 	C:\Program Files\Java\jdk-21\bin\zip.dll
0x00007ffcabdf0000 - 0x00007ffcabe14000 	C:\Users\User\.m2\wrapper\dists\apache-maven-3.9.11\d6d3cbd4012d4c1d840e93277aca316c\lib\jansi-native\Windows\x86_64\jansi.dll
0x00007ffcba0f0000 - 0x00007ffcba100000 	C:\Program Files\Java\jdk-21\bin\verify.dll
0x00007ffcbf3e0000 - 0x00007ffcbf413000 	C:\Windows\SYSTEM32\ntmarta.dll
0x00007ffcbfb10000 - 0x00007ffcbfb28000 	C:\Windows\SYSTEM32\CRYPTSP.dll
0x00007ffcbf190000 - 0x00007ffcbf1c8000 	C:\Windows\system32\rsaenh.dll
0x00007ffcc00e0000 - 0x00007ffcc010e000 	C:\Windows\SYSTEM32\USERENV.dll
0x00007ffcbf9e0000 - 0x00007ffcbf9ec000 	C:\Windows\SYSTEM32\CRYPTBASE.dll
0x00007ffcbf550000 - 0x00007ffcbf58b000 	C:\Windows\SYSTEM32\IPHLPAPI.DLL
0x00007ffcc1200000 - 0x00007ffcc1208000 	C:\Windows\System32\NSI.dll

dbghelp: loaded successfully - version: 4.0.5 - missing functions: none
symbol engine: initialized successfully - sym options: 0x614 - pdb path: .;C:\Program Files\Java\jdk-21\bin;C:\Windows\SYSTEM32;C:\Windows\WinSxS\amd64_microsoft.windows.common-controls_6595b64144ccf1df_6.0.19041.5915_none_60b4b9d171f9c7c7;C:\Program Files\Java\jdk-21\bin\server;C:\Users\User\.m2\wrapper\dists\apache-maven-3.9.11\d6d3cbd4012d4c1d840e93277aca316c\lib\jansi-native\Windows\x86_64

VM Arguments:
jvm_args: --enable-native-access=ALL-UNNAMED -Dclassworlds.conf=C:\Users\User\.m2\wrapper\dists\apache-maven-3.9.11\d6d3cbd4012d4c1d840e93277aca316c\bin\m2.conf -Dmaven.home=C:\Users\User\.m2\wrapper\dists\apache-maven-3.9.11\d6d3cbd4012d4c1d840e93277aca316c -Dlibrary.jansi.path=C:\Users\User\.m2\wrapper\dists\apache-maven-3.9.11\d6d3cbd4012d4c1d840e93277aca316c\lib\jansi-native -Dmaven.multiModuleProjectDirectory=C:\Users\User\Documents\NetBeansProjects\IFBA\POO\sigtm 
java_command: org.codehaus.plexus.classworlds.launcher.Launcher -Dmaven.ext.class.path=C:\Program Files\NetBeans-24\netbeans\java\maven-nblib\netbeans-eventspy.jar --no-transfer-progress clean install
java_class_path (initial): C:\Users\User\.m2\wrapper\dists\apache-maven-3.9.11\d6d3cbd4012d4c1d840e93277aca316c\boot\plexus-classworlds-2.9.0.jar
Launcher Type: SUN_STANDARD

[Global flags]
     intx CICompilerCount                          = 3                                         {product} {ergonomic}
     uint ConcGCThreads                            = 1                                         {product} {ergonomic}
     uint G1ConcRefinementThreads                  = 4                                         {product} {ergonomic}
   size_t G1HeapRegionSize                         = 1048576                                   {product} {ergonomic}
    uintx GCDrainStackTargetSize                   = 64                                        {product} {ergonomic}
   size_t InitialHeapSize                          = 65011712                                  {product} {ergonomic}
   size_t MarkStackSize                            = 4194304                                   {product} {ergonomic}
   size_t MaxHeapSize                              = 1017118720                                {product} {ergonomic}
   size_t MaxNewSize                               = 610271232                                 {product} {ergonomic}
   size_t MinHeapDeltaBytes                        = 1048576                                   {product} {ergonomic}
   size_t MinHeapSize                              = 8388608                                   {product} {ergonomic}
    uintx NonNMethodCodeHeapSize                   = 5832780                                {pd product} {ergonomic}
    uintx NonProfiledCodeHeapSize                  = 122912730                              {pd product} {ergonomic}
    uintx ProfiledCodeHeapSize                     = 122912730                              {pd product} {ergonomic}
    uintx ReservedCodeCacheSize                    = 251658240                              {pd product} {ergonomic}
     bool SegmentedCodeCache                       = true                                      {product} {ergonomic}
   size_t SoftMaxHeapSize                          = 1017118720                             {manageable} {ergonomic}
     bool UseCompressedOops                        = true                           {product lp64_product} {ergonomic}
     bool UseG1GC                                  = true                                      {product} {ergonomic}
     bool UseLargePagesIndividualAllocation        = false                                  {pd product} {ergonomic}

Logging:
Log output configuration:
 #0: stdout all=warning uptime,level,tags foldmultilines=false
 #1: stderr all=off uptime,level,tags foldmultilines=false

Environment Variables:
JAVA_HOME=C:\Program Files\Java\jdk-21
PATH=C:\Program Files (x86)\NVIDIA Corporation\PhysX\Common;C:\Program Files\Common Files\Oracle\Java\javapath;C:\Program Files (x86)\Common Files\Oracle\Java\java8path;C:\Program Files (x86)\Common Files\Oracle\Java\javapath;C:\Program Files\Eclipse Adoptium\jdk-21.0.3.9-hotspot\bin;C:\Windows\system32;C:\Windows;C:\Windows\System32\Wbem;C:\Windows\System32\WindowsPowerShell\v1.0\;C:\Windows\System32\OpenSSH\;C:\Users\User\AppData\Local\Microsoft\WindowsApps;C:\CorelDraw\py.exe;C:\MinGW\bin;C:\Users\User\caio\Dio-Git-e-GitHub\Git\cmd;C:\Program Files\dotnet\;C:\Program Files\Pandoc\;C:\apache-maven\bin;C:\Program Files\Calibre2\;C:\Users\User\anaconda3;C:\Users\User\anaconda3\Library\mingw-w64\bin;C:\Users\User\anaconda3\Library\usr\bin;C:\Users\User\anaconda3\Library\bin;C:\Users\User\anaconda3\Scripts;C:\Windows\system32;C:\Windows;C:\Windows\System32\Wbem;C:\Windows\System32\WindowsPowerShell\v1.0\;C:\Windows\System32\OpenSSH\;C:\Users\User\AppData\Local\Microsoft\WindowsApps;C:\CorelDraw\py.exe;C:\Users\User\AppData\Local\Programs\Microsoft VS Code\bin;C:\Users\User\AppData\Local\GitHubDesktop\bin;C:\Program Files\JetBrains\CLion 2024.2.2\bin;C:\Users\User\AppData\Local\JetBrains\Toolbox\scripts;;C:\Program Files\JetBrains\IntelliJ IDEA 2024.3.4.1\bin;
USERNAME=User
OS=Windows_NT
PROCESSOR_IDENTIFIER=Intel64 Family 6 Model 140 Stepping 2, GenuineIntel
TMP=C:\Users\User\AppData\Local\Temp
TEMP=C:\Users\User\AppData\Local\Temp




Periodic native trim disabled

---------------  S Y S T E M  ---------------

OS:
 Windows 10 , 64 bit Build 19041 (10.0.19041.5915)
OS uptime: 9 days 0:25 hours
Hyper-V role detected

CPU: total 4 (initial active 4) (2 cores per cpu, 2 threads per core) family 6 model 140 stepping 2 microcode 0x26, cx8, cmov, fxsr, ht, mmx, 3dnowpref, sse, sse2, sse3, ssse3, sse4.1, sse4.2, popcnt, lzcnt, tsc, tscinvbit, avx, avx2, aes, erms, clmul, bmi1, bmi2, adx, avx512f, avx512dq, avx512cd, avx512bw, avx512vl, sha, fma, vzeroupper, avx512_vpopcntdq, avx512_vpclmulqdq, avx512_vaes, avx512_vnni, clflush, clflushopt, clwb, avx512_vbmi2, avx512_vbmi, hv, rdtscp, rdpid, fsrm, gfni, avx512_bitalg, f16c, cet_ibt, cet_ss, avx512_ifma
Processor Information for all 4 processors :
  Max Mhz: 2995, Current Mhz: 2995, Mhz Limit: 2995

Memory: 4k page, system-wide physical 3879M (120M free)
TotalPageFile size 15655M (AvailPageFile size 0M)
current process WorkingSet (physical memory assigned to process): 208M, peak: 225M
current process commit charge ("private bytes"): 570M, peak: 571M

vm_info: Java HotSpot(TM) 64-Bit Server VM (21.0.3+7-LTS-152) for windows-amd64 JRE (21.0.3+7-LTS-152), built on 2024-03-11T17:42:26Z by "mach5one" with MS VC++ 17.6 (VS2022)

END.
