#
# There is insufficient memory for the Java Runtime Environment to continue.
# Native memory allocation (mmap) failed to map 65011712 bytes for G1 virtual space
# Possible reasons:
#   The system is out of physical RAM or swap space
#   The process is running with CompressedOops enabled, and the Java Heap may be blocking the growth of the native heap
# Possible solutions:
#   Reduce memory load on the system
#   Increase physical memory or swap space
#   Check if swap backing store is full
#   Decrease Java heap size (-Xmx/-Xms)
#   Decrease number of Java threads
#   Decrease Java thread stack sizes (-Xss)
#   Set larger code cache with -XX:ReservedCodeCacheSize=
#   JVM is running with Unscaled Compressed Oops mode in which the Java heap is
#     placed in the first 4GB address space. The Java Heap base address is the
#     maximum limit for the native heap growth. Please use -XX:HeapBaseMinAddress
#     to set the Java Heap base and to place the Java Heap above 4GB virtual address.
# This output file may be truncated or incomplete.
#
#  Out of Memory Error (os_windows.cpp:3600), pid=22348, tid=724
#
# JRE version:  (21.0.3+7) (build )
# Java VM: Java HotSpot(TM) 64-Bit Server VM (21.0.3+7-LTS-152, mixed mode, sharing, tiered, compressed oops, compressed class ptrs, g1 gc, windows-amd64)
# No core dump will be written. Minidumps are not enabled by default on client versions of Windows
#

---------------  S U M M A R Y ------------

Command Line: C:\Users\User\AppData\Local\Temp\surefire4085072723225627998\surefirebooter-20250825205114895_3.jar C:\Users\User\AppData\Local\Temp\surefire4085072723225627998 2025-08-25T20-51-14_726-jvmRun1 surefire-20250825205114895_1tmp surefire_0-20250825205114895_2tmp

Host: 11th Gen Intel(R) Core(TM) i3-1115G4 @ 3.00GHz, 4 cores, 3G,  Windows 10 , 64 bit Build 19041 (10.0.19041.5915)
Time: Mon Aug 25 20:51:15 2025 Hora Padrão da Bahia elapsed time: 0.027833 seconds (0d 0h 0m 0s)

---------------  T H R E A D  ---------------

Current thread (0x000002b1fe75efc0):  JavaThread "Unknown thread" [_thread_in_vm, id=724, stack(0x000000e200900000,0x000000e200a00000) (1024K)]

Stack: [0x000000e200900000,0x000000e200a00000]
Native frames: (J=compiled Java code, j=interpreted, Vv=VM code, C=native code)
V  [jvm.dll+0x6c63b9]
V  [jvm.dll+0x84fa11]
V  [jvm.dll+0x851f3e]
V  [jvm.dll+0x852613]
V  [jvm.dll+0x27cd46]
V  [jvm.dll+0x6c2b55]
V  [jvm.dll+0x6b76da]
V  [jvm.dll+0x35051a]
V  [jvm.dll+0x358176]
V  [jvm.dll+0x3aa84e]
V  [jvm.dll+0x3aaaf8]
V  [jvm.dll+0x32491c]
V  [jvm.dll+0x32547b]
V  [jvm.dll+0x818f69]
V  [jvm.dll+0x3b7771]
V  [jvm.dll+0x802358]
V  [jvm.dll+0x44c7ce]
V  [jvm.dll+0x44e2a1]
C  [jli.dll+0x52a3]
C  [ucrtbase.dll+0x21bb2]
C  [KERNEL32.DLL+0x17374]
C  [ntdll.dll+0x4cc91]


---------------  P R O C E S S  ---------------

Threads class SMR info:
_java_thread_list=0x00007ffc6cbb1b88, length=0, elements={
}

Java Threads: ( => current thread )
Total: 0

Other Threads:
  0x000002b1ff5f08e0 WorkerThread "GC Thread#0"                     [id=432, stack(0x000000e200a00000,0x000000e200b00000) (1024K)]
  0x000002b1ff5fbbe0 ConcurrentGCThread "G1 Main Marker"            [id=1256, stack(0x000000e200b00000,0x000000e200c00000) (1024K)]
  0x000002b1ff5fc6e0 WorkerThread "G1 Conc#0"                       [id=15908, stack(0x000000e200c00000,0x000000e200d00000) (1024K)]

[error occurred during error reporting (printing all threads), id 0xc0000005, EXCEPTION_ACCESS_VIOLATION (0xc0000005) at pc=0x00007ffc6c327077]
VM state: not at safepoint (not fully initialized)

VM Mutex/Monitor currently owned by a thread:  ([mutex/lock_event])
[0x00007ffc6cc22ea8] Heap_lock - owner thread: 0x000002b1fe75efc0

Heap address: 0x00000000c3600000, size: 970 MB, Compressed Oops mode: 32-bit

CDS archive(s) mapped at: [0x0000000000000000-0x0000000000000000-0x0000000000000000), size 0, SharedBaseAddress: 0x0000000800000000, ArchiveRelocationMode: 1.
Narrow klass base: 0x0000000000000000, Narrow klass shift: 0, Narrow klass range: 0x0

GC Precious Log:
 CardTable entry size: 512
 Card Set container configuration: InlinePtr #cards 5 size 8 Array Of Cards #cards 12 size 40 Howl #buckets 4 coarsen threshold 1843 Howl Bitmap #cards 512 size 80 coarsen threshold 460 Card regions per heap region 1 cards per card region 2048

Heap:
 garbage-first heap   total 0K, used 0K [0x00000000c3600000, 0x0000000100000000)
  region size 1024K, 0 young (0K), 0 survivors (0K)

[error occurred during error reporting (printing heap information), id 0xc0000005, EXCEPTION_ACCESS_VIOLATION (0xc0000005) at pc=0x00007ffc6c70e669]
GC Heap History (0 events):
No events

Dll operation events (1 events):
Event: 0.020 Loaded shared library C:\Program Files\Java\jdk-21\bin\java.dll

Deoptimization events (0 events):
No events

Classes loaded (0 events):
No events

Classes unloaded (0 events):
No events

Classes redefined (0 events):
No events

Internal exceptions (0 events):
No events

ZGC Phase Switch (0 events):
No events

VM Operations (0 events):
No events

Events (0 events):
No events


Dynamic libraries:
0x00007ff68b9d0000 - 0x00007ff68b9e0000 	C:\Program Files\Java\jdk-21\bin\java.exe
0x00007ffcc2b90000 - 0x00007ffcc2d88000 	C:\Windows\SYSTEM32\ntdll.dll
0x00007ffcc0c10000 - 0x00007ffcc0cd2000 	C:\Windows\System32\KERNEL32.DLL
0x00007ffcc04d0000 - 0x00007ffcc07c7000 	C:\Windows\System32\KERNELBASE.dll
0x00007ffcc0310000 - 0x00007ffcc0410000 	C:\Windows\System32\ucrtbase.dll
0x00007ffcb9ac0000 - 0x00007ffcb9ad9000 	C:\Program Files\Java\jdk-21\bin\jli.dll
0x00007ffcc2510000 - 0x00007ffcc25c1000 	C:\Windows\System32\ADVAPI32.dll
0x00007ffcc0fe0000 - 0x00007ffcc107e000 	C:\Windows\System32\msvcrt.dll
0x00007ffcc1080000 - 0x00007ffcc111f000 	C:\Windows\System32\sechost.dll
0x00007ffcc29f0000 - 0x00007ffcc2b16000 	C:\Windows\System32\RPCRT4.dll
0x00007ffcc04a0000 - 0x00007ffcc04c7000 	C:\Windows\System32\bcrypt.dll
0x00007ffcc0cf0000 - 0x00007ffcc0e8d000 	C:\Windows\System32\USER32.dll
0x00007ffcc0b50000 - 0x00007ffcc0b72000 	C:\Windows\System32\win32u.dll
0x00007ffcc15c0000 - 0x00007ffcc15eb000 	C:\Windows\System32\GDI32.dll
0x00007ffcc01f0000 - 0x00007ffcc0309000 	C:\Windows\System32\gdi32full.dll
0x00007ffcc0ab0000 - 0x00007ffcc0b4d000 	C:\Windows\System32\msvcp_win.dll
0x00007ffcac090000 - 0x00007ffcac32a000 	C:\Windows\WinSxS\amd64_microsoft.windows.common-controls_6595b64144ccf1df_6.0.19041.5915_none_60b4b9d171f9c7c7\COMCTL32.dll
0x00007ffcb9f60000 - 0x00007ffcb9f7b000 	C:\Program Files\Java\jdk-21\bin\VCRUNTIME140.dll
0x00007ffcac340000 - 0x00007ffcac34a000 	C:\Windows\SYSTEM32\VERSION.dll
0x00007ffcc0e90000 - 0x00007ffcc0ebf000 	C:\Windows\System32\IMM32.DLL
0x00007ffcbb0c0000 - 0x00007ffcbb0cc000 	C:\Program Files\Java\jdk-21\bin\vcruntime140_1.dll
0x00007ffc8d0b0000 - 0x00007ffc8d13e000 	C:\Program Files\Java\jdk-21\bin\msvcp140.dll
0x00007ffc6bff0000 - 0x00007ffc6ccfd000 	C:\Program Files\Java\jdk-21\bin\server\jvm.dll
0x00007ffcc1720000 - 0x00007ffcc178b000 	C:\Windows\System32\WS2_32.dll
0x00007ffcbfb70000 - 0x00007ffcbfbbb000 	C:\Windows\SYSTEM32\POWRPROF.dll
0x00007ffcb6610000 - 0x00007ffcb6637000 	C:\Windows\SYSTEM32\WINMM.dll
0x00007ffcbfb50000 - 0x00007ffcbfb62000 	C:\Windows\SYSTEM32\UMPDC.dll
0x00007ffcbe9d0000 - 0x00007ffcbe9e2000 	C:\Windows\SYSTEM32\kernel.appcore.dll
0x00007ffcba160000 - 0x00007ffcba16a000 	C:\Program Files\Java\jdk-21\bin\jimage.dll
0x00007ffcbdef0000 - 0x00007ffcbe0f1000 	C:\Windows\SYSTEM32\DBGHELP.DLL
0x00007ffcaf590000 - 0x00007ffcaf5c4000 	C:\Windows\SYSTEM32\dbgcore.DLL
0x00007ffcc0410000 - 0x00007ffcc0492000 	C:\Windows\System32\bcryptPrimitives.dll
0x00007ffcb94c0000 - 0x00007ffcb94df000 	C:\Program Files\Java\jdk-21\bin\java.dll

dbghelp: loaded successfully - version: 4.0.5 - missing functions: none
symbol engine: initialized successfully - sym options: 0x614 - pdb path: .;C:\Program Files\Java\jdk-21\bin;C:\Windows\SYSTEM32;C:\Windows\WinSxS\amd64_microsoft.windows.common-controls_6595b64144ccf1df_6.0.19041.5915_none_60b4b9d171f9c7c7;C:\Program Files\Java\jdk-21\bin\server

VM Arguments:
java_command: C:\Users\User\AppData\Local\Temp\surefire4085072723225627998\surefirebooter-20250825205114895_3.jar C:\Users\User\AppData\Local\Temp\surefire4085072723225627998 2025-08-25T20-51-14_726-jvmRun1 surefire-20250825205114895_1tmp surefire_0-20250825205114895_2tmp
java_class_path (initial): C:\Users\User\AppData\Local\Temp\surefire4085072723225627998\surefirebooter-20250825205114895_3.jar
Launcher Type: SUN_STANDARD

[Global flags]
     intx CICompilerCount                          = 3                                         {product} {ergonomic}
     uint ConcGCThreads                            = 1                                         {product} {ergonomic}
     uint G1ConcRefinementThreads                  = 4                                         {product} {ergonomic}
   size_t G1HeapRegionSize                         = 1048576                                   {product} {ergonomic}
    uintx GCDrainStackTargetSize                   = 64                                        {product} {ergonomic}
   size_t InitialHeapSize                          = 65011712                                  {product} {ergonomic}
   size_t MarkStackSize                            = 4194304                                   {product} {ergonomic}
   size_t MaxHeapSize                              = 1017118720                                {product} {ergonomic}
   size_t MinHeapDeltaBytes                        = 1048576                                   {product} {ergonomic}
   size_t MinHeapSize                              = 8388608                                   {product} {ergonomic}
    uintx NonNMethodCodeHeapSize                   = 5832780                                {pd product} {ergonomic}
    uintx NonProfiledCodeHeapSize                  = 122912730                              {pd product} {ergonomic}
    uintx ProfiledCodeHeapSize                     = 122912730                              {pd product} {ergonomic}
    uintx ReservedCodeCacheSize                    = 251658240                              {pd product} {ergonomic}
     bool SegmentedCodeCache                       = true                                      {product} {ergonomic}
   size_t SoftMaxHeapSize                          = 1017118720                             {manageable} {ergonomic}
     bool UseCompressedOops                        = true                           {product lp64_product} {ergonomic}
     bool UseG1GC                                  = true                                      {product} {ergonomic}
     bool UseLargePagesIndividualAllocation        = false                                  {pd product} {ergonomic}

Logging:
Log output configuration:
 #0: stdout all=warning uptime,level,tags foldmultilines=false
 #1: stderr all=off uptime,level,tags foldmultilines=false

Environment Variables:
JAVA_HOME=C:\Program Files\Java\jdk-21
PATH=C:\Program Files (x86)\NVIDIA Corporation\PhysX\Common;C:\Program Files\Common Files\Oracle\Java\javapath;C:\Program Files (x86)\Common Files\Oracle\Java\java8path;C:\Program Files (x86)\Common Files\Oracle\Java\javapath;C:\Program Files\Eclipse Adoptium\jdk-21.0.3.9-hotspot\bin;C:\Windows\system32;C:\Windows;C:\Windows\System32\Wbem;C:\Windows\System32\WindowsPowerShell\v1.0\;C:\Windows\System32\OpenSSH\;C:\Users\User\AppData\Local\Microsoft\WindowsApps;C:\CorelDraw\py.exe;C:\MinGW\bin;C:\Users\User\caio\Dio-Git-e-GitHub\Git\cmd;C:\Program Files\dotnet\;C:\Program Files\Pandoc\;C:\apache-maven\bin;C:\Program Files\Calibre2\;C:\Users\User\anaconda3;C:\Users\User\anaconda3\Library\mingw-w64\bin;C:\Users\User\anaconda3\Library\usr\bin;C:\Users\User\anaconda3\Library\bin;C:\Users\User\anaconda3\Scripts;C:\Windows\system32;C:\Windows;C:\Windows\System32\Wbem;C:\Windows\System32\WindowsPowerShell\v1.0\;C:\Windows\System32\OpenSSH\;C:\Users\User\AppData\Local\Microsoft\WindowsApps;C:\CorelDraw\py.exe;C:\Users\User\AppData\Local\Programs\Microsoft VS Code\bin;C:\Users\User\AppData\Local\GitHubDesktop\bin;C:\Program Files\JetBrains\CLion 2024.2.2\bin;C:\Users\User\AppData\Local\JetBrains\Toolbox\scripts;;C:\Program Files\JetBrains\IntelliJ IDEA 2024.3.4.1\bin;
USERNAME=User
OS=Windows_NT
PROCESSOR_IDENTIFIER=Intel64 Family 6 Model 140 Stepping 2, GenuineIntel
TMP=C:\Users\User\AppData\Local\Temp
TEMP=C:\Users\User\AppData\Local\Temp




Periodic native trim disabled

---------------  S Y S T E M  ---------------

OS:
 Windows 10 , 64 bit Build 19041 (10.0.19041.5915)
OS uptime: 9 days 0:25 hours
Hyper-V role detected

CPU: total 4 (initial active 4) (2 cores per cpu, 2 threads per core) family 6 model 140 stepping 2 microcode 0x26, cx8, cmov, fxsr, ht, mmx, 3dnowpref, sse, sse2, sse3, ssse3, sse4.1, sse4.2, popcnt, lzcnt, tsc, tscinvbit, avx, avx2, aes, erms, clmul, bmi1, bmi2, adx, avx512f, avx512dq, avx512cd, avx512bw, avx512vl, sha, fma, vzeroupper, avx512_vpopcntdq, avx512_vpclmulqdq, avx512_vaes, avx512_vnni, clflush, clflushopt, clwb, avx512_vbmi2, avx512_vbmi, hv, rdtscp, rdpid, fsrm, gfni, avx512_bitalg, f16c, cet_ibt, cet_ss, avx512_ifma
Processor Information for all 4 processors :
  Max Mhz: 2995, Current Mhz: 2995, Mhz Limit: 2995

Memory: 4k page, system-wide physical 3879M (108M free)
TotalPageFile size 15655M (AvailPageFile size 24M)
current process WorkingSet (physical memory assigned to process): 10M, peak: 10M
current process commit charge ("private bytes"): 51M, peak: 113M

vm_info: Java HotSpot(TM) 64-Bit Server VM (21.0.3+7-LTS-152) for windows-amd64 JRE (21.0.3+7-LTS-152), built on 2024-03-11T17:42:26Z by "mach5one" with MS VC++ 17.6 (VS2022)

END.
