#
# There is insufficient memory for the Java Runtime Environment to continue.
# Native memory allocation (mmap) failed to map 65011712 bytes for G1 virtual space
# Possible reasons:
#   The system is out of physical RAM or swap space
#   The process is running with CompressedOops enabled, and the Java Heap may be blocking the growth of the native heap
# Possible solutions:
#   Reduce memory load on the system
#   Increase physical memory or swap space
#   Check if swap backing store is full
#   Decrease Java heap size (-Xmx/-Xms)
#   Decrease number of Java threads
#   Decrease Java thread stack sizes (-Xss)
#   Set larger code cache with -XX:ReservedCodeCacheSize=
#   JVM is running with Unscaled Compressed Oops mode in which the Java heap is
#     placed in the first 4GB address space. The Java Heap base address is the
#     maximum limit for the native heap growth. Please use -XX:HeapBaseMinAddress
#     to set the Java Heap base and to place the Java Heap above 4GB virtual address.
# This output file may be truncated or incomplete.
#
#  Out of Memory Error (os_windows.cpp:3600), pid=14548, tid=16708
#
# JRE version:  (21.0.3+7) (build )
# Java VM: Java HotSpot(TM) 64-Bit Server VM (21.0.3+7-LTS-152, mixed mode, sharing, tiered, compressed oops, compressed class ptrs, g1 gc, windows-amd64)
# No core dump will be written. Minidumps are not enabled by default on client versions of Windows
#

---------------  S U M M A R Y ------------

Command Line: -Dclassworlds.conf=C:\Users\User\.m2\wrapper\dists\apache-maven-3.9.11\d6d3cbd4012d4c1d840e93277aca316c\bin\m2.conf -Dmaven.home=C:\Users\User\.m2\wrapper\dists\apache-maven-3.9.11\d6d3cbd4012d4c1d840e93277aca316c -Dlibrary.jansi.path=C:\Users\User\.m2\wrapper\dists\apache-maven-3.9.11\d6d3cbd4012d4c1d840e93277aca316c\lib\jansi-native -Dmaven.multiModuleProjectDirectory=C:\Users\User\Documents\NetBeansProjects\IFBA\POO\sigtm org.codehaus.plexus.classworlds.launcher.Launcher -Dmaven.ext.class.path=C:\Program Files\NetBeans-24\netbeans\java\maven-nblib\netbeans-eventspy.jar --no-transfer-progress clean install

Host: 11th Gen Intel(R) Core(TM) i3-1115G4 @ 3.00GHz, 4 cores, 3G,  Windows 10 , 64 bit Build 19041 (10.0.19041.5915)
Time: Mon Aug  4 10:50:41 2025 Hora Padrão da Bahia elapsed time: 0.031253 seconds (0d 0h 0m 0s)

---------------  T H R E A D  ---------------

Current thread (0x00000200c05e31a0):  JavaThread "Unknown thread" [_thread_in_vm, id=16708, stack(0x0000008ec4500000,0x0000008ec4600000) (1024K)]

Stack: [0x0000008ec4500000,0x0000008ec4600000]
Native frames: (J=compiled Java code, j=interpreted, Vv=VM code, C=native code)
V  [jvm.dll+0x6c63b9]
V  [jvm.dll+0x84fa11]
V  [jvm.dll+0x851f3e]
V  [jvm.dll+0x852613]
V  [jvm.dll+0x27cd46]
V  [jvm.dll+0x6c2b55]
V  [jvm.dll+0x6b76da]
V  [jvm.dll+0x35051a]
V  [jvm.dll+0x358176]
V  [jvm.dll+0x3aa84e]
V  [jvm.dll+0x3aaaf8]
V  [jvm.dll+0x32491c]
V  [jvm.dll+0x32547b]
V  [jvm.dll+0x818f69]
V  [jvm.dll+0x3b7771]
V  [jvm.dll+0x802358]
V  [jvm.dll+0x44c7ce]
V  [jvm.dll+0x44e2a1]
C  [jli.dll+0x52a3]
C  [ucrtbase.dll+0x21bb2]
C  [KERNEL32.DLL+0x17374]
C  [ntdll.dll+0x4cc91]


---------------  P R O C E S S  ---------------

Threads class SMR info:
_java_thread_list=0x00007ffbd4311b88, length=0, elements={
}

Java Threads: ( => current thread )
Total: 0

Other Threads:
  0x00000200c28b25f0 WorkerThread "GC Thread#0"                     [id=30564, stack(0x0000008ec4600000,0x0000008ec4700000) (1024K)]
  0x00000200c28bc730 ConcurrentGCThread "G1 Main Marker"            [id=29732, stack(0x0000008ec4700000,0x0000008ec4800000) (1024K)]
  0x00000200c28bd230 WorkerThread "G1 Conc#0"                       [id=28476, stack(0x0000008ec4800000,0x0000008ec4900000) (1024K)]

[error occurred during error reporting (printing all threads), id 0xc0000005, EXCEPTION_ACCESS_VIOLATION (0xc0000005) at pc=0x00007ffbd3a87077]
VM state: not at safepoint (not fully initialized)

VM Mutex/Monitor currently owned by a thread:  ([mutex/lock_event])
[0x00007ffbd4382ea8] Heap_lock - owner thread: 0x00000200c05e31a0

Heap address: 0x00000000c3600000, size: 970 MB, Compressed Oops mode: 32-bit

CDS archive(s) mapped at: [0x0000000000000000-0x0000000000000000-0x0000000000000000), size 0, SharedBaseAddress: 0x0000000800000000, ArchiveRelocationMode: 1.
Narrow klass base: 0x0000000000000000, Narrow klass shift: 0, Narrow klass range: 0x0

GC Precious Log:
 CardTable entry size: 512
 Card Set container configuration: InlinePtr #cards 5 size 8 Array Of Cards #cards 12 size 40 Howl #buckets 4 coarsen threshold 1843 Howl Bitmap #cards 512 size 80 coarsen threshold 460 Card regions per heap region 1 cards per card region 2048

Heap:
 garbage-first heap   total 0K, used 0K [0x00000000c3600000, 0x0000000100000000)
  region size 1024K, 0 young (0K), 0 survivors (0K)

[error occurred during error reporting (printing heap information), id 0xc0000005, EXCEPTION_ACCESS_VIOLATION (0xc0000005) at pc=0x00007ffbd3e6e669]
GC Heap History (0 events):
No events

Dll operation events (1 events):
Event: 0.022 Loaded shared library C:\Program Files\Java\jdk-21\bin\java.dll

Deoptimization events (0 events):
No events

Classes loaded (0 events):
No events

Classes unloaded (0 events):
No events

Classes redefined (0 events):
No events

Internal exceptions (0 events):
No events

ZGC Phase Switch (0 events):
No events

VM Operations (0 events):
No events

Events (0 events):
No events


Dynamic libraries:
0x00007ff71ce40000 - 0x00007ff71ce50000 	C:\Program Files\Java\jdk-21\bin\java.exe
0x00007ffc30eb0000 - 0x00007ffc310a8000 	C:\Windows\SYSTEM32\ntdll.dll
0x00007ffc30b90000 - 0x00007ffc30c52000 	C:\Windows\System32\KERNEL32.DLL
0x00007ffc2e610000 - 0x00007ffc2e906000 	C:\Windows\System32\KERNELBASE.dll
0x00007ffc2e510000 - 0x00007ffc2e610000 	C:\Windows\System32\ucrtbase.dll
0x00007ffc27fe0000 - 0x00007ffc27ff9000 	C:\Program Files\Java\jdk-21\bin\jli.dll
0x00007ffc30ad0000 - 0x00007ffc30b81000 	C:\Windows\System32\ADVAPI32.dll
0x00007ffc30140000 - 0x00007ffc301de000 	C:\Windows\System32\msvcrt.dll
0x00007ffc300a0000 - 0x00007ffc3013f000 	C:\Windows\System32\sechost.dll
0x00007ffc2f070000 - 0x00007ffc2f193000 	C:\Windows\System32\RPCRT4.dll
0x00007ffc2ea10000 - 0x00007ffc2ea37000 	C:\Windows\System32\bcrypt.dll
0x00007ffc2f1a0000 - 0x00007ffc2f33d000 	C:\Windows\System32\USER32.dll
0x00007ffc2ec70000 - 0x00007ffc2ec92000 	C:\Windows\System32\win32u.dll
0x00007ffc302c0000 - 0x00007ffc302eb000 	C:\Windows\System32\GDI32.dll
0x00007ffc2eb50000 - 0x00007ffc2ec69000 	C:\Windows\System32\gdi32full.dll
0x00007ffc2ee00000 - 0x00007ffc2ee9d000 	C:\Windows\System32\msvcp_win.dll
0x00007ffc127d0000 - 0x00007ffc127eb000 	C:\Program Files\Java\jdk-21\bin\VCRUNTIME140.dll
0x00007ffc1e1b0000 - 0x00007ffc1e44a000 	C:\Windows\WinSxS\amd64_microsoft.windows.common-controls_6595b64144ccf1df_6.0.19041.5915_none_60b4b9d171f9c7c7\COMCTL32.dll
0x00007ffc1e460000 - 0x00007ffc1e46a000 	C:\Windows\SYSTEM32\VERSION.dll
0x00007ffc2ef60000 - 0x00007ffc2ef8f000 	C:\Windows\System32\IMM32.DLL
0x00007ffc27bf0000 - 0x00007ffc27bfc000 	C:\Program Files\Java\jdk-21\bin\vcruntime140_1.dll
0x00007ffbdee00000 - 0x00007ffbdee8e000 	C:\Program Files\Java\jdk-21\bin\msvcp140.dll
0x00007ffbd3750000 - 0x00007ffbd445d000 	C:\Program Files\Java\jdk-21\bin\server\jvm.dll
0x00007ffc301e0000 - 0x00007ffc3024b000 	C:\Windows\System32\WS2_32.dll
0x00007ffc2de90000 - 0x00007ffc2dedb000 	C:\Windows\SYSTEM32\POWRPROF.dll
0x00007ffc226d0000 - 0x00007ffc226f7000 	C:\Windows\SYSTEM32\WINMM.dll
0x00007ffc2de70000 - 0x00007ffc2de82000 	C:\Windows\SYSTEM32\UMPDC.dll
0x00007ffc2ccf0000 - 0x00007ffc2cd02000 	C:\Windows\SYSTEM32\kernel.appcore.dll
0x00007ffc26840000 - 0x00007ffc2684a000 	C:\Program Files\Java\jdk-21\bin\jimage.dll
0x00007ffc2c1f0000 - 0x00007ffc2c3f1000 	C:\Windows\SYSTEM32\DBGHELP.DLL
0x00007ffc20e60000 - 0x00007ffc20e94000 	C:\Windows\SYSTEM32\dbgcore.DLL
0x00007ffc2ea40000 - 0x00007ffc2eac2000 	C:\Windows\System32\bcryptPrimitives.dll
0x00007ffc09c80000 - 0x00007ffc09c9f000 	C:\Program Files\Java\jdk-21\bin\java.dll

dbghelp: loaded successfully - version: 4.0.5 - missing functions: none
symbol engine: initialized successfully - sym options: 0x614 - pdb path: .;C:\Program Files\Java\jdk-21\bin;C:\Windows\SYSTEM32;C:\Windows\WinSxS\amd64_microsoft.windows.common-controls_6595b64144ccf1df_6.0.19041.5915_none_60b4b9d171f9c7c7;C:\Program Files\Java\jdk-21\bin\server

VM Arguments:
jvm_args: -Dclassworlds.conf=C:\Users\User\.m2\wrapper\dists\apache-maven-3.9.11\d6d3cbd4012d4c1d840e93277aca316c\bin\m2.conf -Dmaven.home=C:\Users\User\.m2\wrapper\dists\apache-maven-3.9.11\d6d3cbd4012d4c1d840e93277aca316c -Dlibrary.jansi.path=C:\Users\User\.m2\wrapper\dists\apache-maven-3.9.11\d6d3cbd4012d4c1d840e93277aca316c\lib\jansi-native -Dmaven.multiModuleProjectDirectory=C:\Users\User\Documents\NetBeansProjects\IFBA\POO\sigtm 
java_command: org.codehaus.plexus.classworlds.launcher.Launcher -Dmaven.ext.class.path=C:\Program Files\NetBeans-24\netbeans\java\maven-nblib\netbeans-eventspy.jar --no-transfer-progress clean install
java_class_path (initial): C:\Users\User\.m2\wrapper\dists\apache-maven-3.9.11\d6d3cbd4012d4c1d840e93277aca316c\boot\plexus-classworlds-2.9.0.jar
Launcher Type: SUN_STANDARD

[Global flags]
     intx CICompilerCount                          = 3                                         {product} {ergonomic}
     uint ConcGCThreads                            = 1                                         {product} {ergonomic}
     uint G1ConcRefinementThreads                  = 4                                         {product} {ergonomic}
   size_t G1HeapRegionSize                         = 1048576                                   {product} {ergonomic}
    uintx GCDrainStackTargetSize                   = 64                                        {product} {ergonomic}
   size_t InitialHeapSize                          = 65011712                                  {product} {ergonomic}
   size_t MarkStackSize                            = 4194304                                   {product} {ergonomic}
   size_t MaxHeapSize                              = 1017118720                                {product} {ergonomic}
   size_t MinHeapDeltaBytes                        = 1048576                                   {product} {ergonomic}
   size_t MinHeapSize                              = 8388608                                   {product} {ergonomic}
    uintx NonNMethodCodeHeapSize                   = 5832780                                {pd product} {ergonomic}
    uintx NonProfiledCodeHeapSize                  = 122912730                              {pd product} {ergonomic}
    uintx ProfiledCodeHeapSize                     = 122912730                              {pd product} {ergonomic}
    uintx ReservedCodeCacheSize                    = 251658240                              {pd product} {ergonomic}
     bool SegmentedCodeCache                       = true                                      {product} {ergonomic}
   size_t SoftMaxHeapSize                          = 1017118720                             {manageable} {ergonomic}
     bool UseCompressedOops                        = true                           {product lp64_product} {ergonomic}
     bool UseG1GC                                  = true                                      {product} {ergonomic}
     bool UseLargePagesIndividualAllocation        = false                                  {pd product} {ergonomic}

Logging:
Log output configuration:
 #0: stdout all=warning uptime,level,tags foldmultilines=false
 #1: stderr all=off uptime,level,tags foldmultilines=false

Environment Variables:
JAVA_HOME=C:\Program Files\Java\jdk-21
PATH=C:\Program Files (x86)\NVIDIA Corporation\PhysX\Common;C:\Program Files\Common Files\Oracle\Java\javapath;C:\Program Files (x86)\Common Files\Oracle\Java\java8path;C:\Program Files (x86)\Common Files\Oracle\Java\javapath;C:\Program Files\Eclipse Adoptium\jdk-21.0.3.9-hotspot\bin;C:\Windows\system32;C:\Windows;C:\Windows\System32\Wbem;C:\Windows\System32\WindowsPowerShell\v1.0\;C:\Windows\System32\OpenSSH\;C:\Users\User\AppData\Local\Microsoft\WindowsApps;C:\CorelDraw\py.exe;C:\MinGW\bin;C:\Users\User\caio\Dio-Git-e-GitHub\Git\cmd;C:\Program Files\dotnet\;C:\Program Files\Pandoc\;C:\apache-maven\bin;C:\Program Files\Calibre2\;C:\Users\User\anaconda3;C:\Users\User\anaconda3\Library\mingw-w64\bin;C:\Users\User\anaconda3\Library\usr\bin;C:\Users\User\anaconda3\Library\bin;C:\Users\User\anaconda3\Scripts;C:\Windows\system32;C:\Windows;C:\Windows\System32\Wbem;C:\Windows\System32\WindowsPowerShell\v1.0\;C:\Windows\System32\OpenSSH\;C:\Users\User\AppData\Local\Microsoft\WindowsApps;C:\CorelDraw\py.exe;C:\Users\User\AppData\Local\Programs\Microsoft VS Code\bin;C:\Users\User\AppData\Local\GitHubDesktop\bin;C:\Program Files\JetBrains\CLion 2024.2.2\bin;C:\Users\User\AppData\Local\JetBrains\Toolbox\scripts;;C:\Program Files\JetBrains\IntelliJ IDEA 2024.3.4.1\bin;
USERNAME=User
OS=Windows_NT
PROCESSOR_IDENTIFIER=Intel64 Family 6 Model 140 Stepping 2, GenuineIntel
TMP=C:\Users\User\AppData\Local\Temp
TEMP=C:\Users\User\AppData\Local\Temp




Periodic native trim disabled

---------------  S Y S T E M  ---------------

OS:
 Windows 10 , 64 bit Build 19041 (10.0.19041.5915)
OS uptime: 18 days 0:15 hours
Hyper-V role detected

CPU: total 4 (initial active 4) (2 cores per cpu, 2 threads per core) family 6 model 140 stepping 2 microcode 0x26, cx8, cmov, fxsr, ht, mmx, 3dnowpref, sse, sse2, sse3, ssse3, sse4.1, sse4.2, popcnt, lzcnt, tsc, tscinvbit, avx, avx2, aes, erms, clmul, bmi1, bmi2, adx, avx512f, avx512dq, avx512cd, avx512bw, avx512vl, sha, fma, vzeroupper, avx512_vpopcntdq, avx512_vpclmulqdq, avx512_vaes, avx512_vnni, clflush, clflushopt, clwb, avx512_vbmi2, avx512_vbmi, hv, rdtscp, rdpid, fsrm, gfni, avx512_bitalg, f16c, cet_ibt, cet_ss, avx512_ifma
Processor Information for all 4 processors :
  Max Mhz: 2995, Current Mhz: 2995, Mhz Limit: 2995

Memory: 4k page, system-wide physical 3879M (236M free)
TotalPageFile size 15655M (AvailPageFile size 17M)
current process WorkingSet (physical memory assigned to process): 10M, peak: 10M
current process commit charge ("private bytes"): 51M, peak: 113M

vm_info: Java HotSpot(TM) 64-Bit Server VM (21.0.3+7-LTS-152) for windows-amd64 JRE (21.0.3+7-LTS-152), built on 2024-03-11T17:42:26Z by "mach5one" with MS VC++ 17.6 (VS2022)

END.
