#
# There is insufficient memory for the Java Runtime Environment to continue.
# Native memory allocation (malloc) failed to allocate 1088656 bytes for Chunk::new
# Possible reasons:
#   The system is out of physical RAM or swap space
#   The process is running with CompressedOops enabled, and the Java Heap may be blocking the growth of the native heap
# Possible solutions:
#   Reduce memory load on the system
#   Increase physical memory or swap space
#   Check if swap backing store is full
#   Decrease Java heap size (-Xmx/-Xms)
#   Decrease number of Java threads
#   Decrease Java thread stack sizes (-Xss)
#   Set larger code cache with -XX:ReservedCodeCacheSize=
#   JVM is running with Unscaled Compressed Oops mode in which the Java heap is
#     placed in the first 4GB address space. The Java Heap base address is the
#     maximum limit for the native heap growth. Please use -XX:HeapBaseMinAddress
#     to set the Java Heap base and to place the Java Heap above 4GB virtual address.
# This output file may be truncated or incomplete.
#
#  Out of Memory Error (arena.cpp:168), pid=888, tid=9308
#
# JRE version: Java(TM) SE Runtime Environment (21.0.3+7) (build 21.0.3+7-LTS-152)
# Java VM: Java HotSpot(TM) 64-Bit Server VM (21.0.3+7-LTS-152, mixed mode, sharing, tiered, compressed oops, compressed class ptrs, g1 gc, windows-amd64)
# No core dump will be written. Minidumps are not enabled by default on client versions of Windows
#

---------------  S U M M A R Y ------------

Command Line: --enable-native-access=ALL-UNNAMED -Dclassworlds.conf=C:\Users\User\.m2\wrapper\dists\apache-maven-3.9.11\d6d3cbd4012d4c1d840e93277aca316c\bin\m2.conf -Dmaven.home=C:\Users\User\.m2\wrapper\dists\apache-maven-3.9.11\d6d3cbd4012d4c1d840e93277aca316c -Dlibrary.jansi.path=C:\Users\User\.m2\wrapper\dists\apache-maven-3.9.11\d6d3cbd4012d4c1d840e93277aca316c\lib\jansi-native -Dmaven.multiModuleProjectDirectory=C:\Users\User\Documents\NetBeansProjects\IFBA\POO\sigtm org.codehaus.plexus.classworlds.launcher.Launcher -Dexec.vmArgs=--enable-preview -Dexec.args=${exec.vmArgs} -classpath %classpath ${exec.mainClass} ${exec.appArgs} -Dexec.appArgs= -Dexec.mainClass=br.com.ifba.app.SigtmApplication -Dexec.executable=C:\Program Files\Java\jdk-21\bin\java.exe -Dmaven.ext.class.path=C:\Program Files\NetBeans-24\netbeans\java\maven-nblib\netbeans-eventspy.jar --no-transfer-progress process-classes org.codehaus.mojo:exec-maven-plugin:3.1.0:exec

Host: 11th Gen Intel(R) Core(TM) i3-1115G4 @ 3.00GHz, 4 cores, 3G,  Windows 10 , 64 bit Build 19041 (10.0.19041.5915)
Time: Mon Aug 25 22:21:23 2025 Hora Padrão da Bahia elapsed time: 10.021419 seconds (0d 0h 0m 10s)

---------------  T H R E A D  ---------------

Current thread (0x0000017d76dc36b0):  JavaThread "C2 CompilerThread0" daemon [_thread_in_native, id=9308, stack(0x0000000284200000,0x0000000284300000) (1024K)]


Current CompileTask:
C2:  10021 10180       4       com.sun.tools.javac.code.Symbol$MethodSymbol::implementation (57 bytes)

Stack: [0x0000000284200000,0x0000000284300000]
Native frames: (J=compiled Java code, j=interpreted, Vv=VM code, C=native code)
V  [jvm.dll+0x6c63b9]
V  [jvm.dll+0x84fa11]
V  [jvm.dll+0x851f3e]
V  [jvm.dll+0x852613]
V  [jvm.dll+0x27cd46]
V  [jvm.dll+0xc4aad]
V  [jvm.dll+0xc4fe3]
V  [jvm.dll+0x3b1d22]
V  [jvm.dll+0x1df2d9]
V  [jvm.dll+0x245c92]
V  [jvm.dll+0x24511f]
V  [jvm.dll+0x1c689e]
V  [jvm.dll+0x254609]
V  [jvm.dll+0x252b9a]
V  [jvm.dll+0x3eb056]
V  [jvm.dll+0x7f9ffb]
V  [jvm.dll+0x6c4a9d]
C  [ucrtbase.dll+0x21bb2]
C  [KERNEL32.DLL+0x17374]
C  [ntdll.dll+0x4cc91]


---------------  P R O C E S S  ---------------

Threads class SMR info:
_java_thread_list=0x0000017d7b40e010, length=11, elements={
0x0000017d5a0b1140, 0x0000017d5c28e660, 0x0000017d76da9140, 0x0000017d76dacd20,
0x0000017d76dad780, 0x0000017d76db6590, 0x0000017d76dbd410, 0x0000017d76dc36b0,
0x0000017d76de6170, 0x0000017d7b0a6ed0, 0x0000017d7b0acb60
}

Java Threads: ( => current thread )
  0x0000017d5a0b1140 JavaThread "main"                              [_thread_in_Java, id=24784, stack(0x0000000283400000,0x0000000283500000) (1024K)]
  0x0000017d5c28e660 JavaThread "Reference Handler"          daemon [_thread_blocked, id=18928, stack(0x0000000283c00000,0x0000000283d00000) (1024K)]
  0x0000017d76da9140 JavaThread "Finalizer"                  daemon [_thread_blocked, id=25076, stack(0x0000000283d00000,0x0000000283e00000) (1024K)]
  0x0000017d76dacd20 JavaThread "Signal Dispatcher"          daemon [_thread_blocked, id=23240, stack(0x0000000283e00000,0x0000000283f00000) (1024K)]
  0x0000017d76dad780 JavaThread "Attach Listener"            daemon [_thread_blocked, id=14068, stack(0x0000000283f00000,0x0000000284000000) (1024K)]
  0x0000017d76db6590 JavaThread "Service Thread"             daemon [_thread_blocked, id=18228, stack(0x0000000284000000,0x0000000284100000) (1024K)]
  0x0000017d76dbd410 JavaThread "Monitor Deflation Thread"   daemon [_thread_blocked, id=21412, stack(0x0000000284100000,0x0000000284200000) (1024K)]
=>0x0000017d76dc36b0 JavaThread "C2 CompilerThread0"         daemon [_thread_in_native, id=9308, stack(0x0000000284200000,0x0000000284300000) (1024K)]
  0x0000017d76de6170 JavaThread "C1 CompilerThread0"         daemon [_thread_in_vm, id=13328, stack(0x0000000284300000,0x0000000284400000) (1024K)]
  0x0000017d7b0a6ed0 JavaThread "Notification Thread"        daemon [_thread_blocked, id=20984, stack(0x0000000284400000,0x0000000284500000) (1024K)]
  0x0000017d7b0acb60 JavaThread "Common-Cleaner"             daemon [_thread_blocked, id=22660, stack(0x0000000284500000,0x0000000284600000) (1024K)]
Total: 11

Other Threads:
  0x0000017d5c27ad70 VMThread "VM Thread"                           [id=23444, stack(0x0000000283b00000,0x0000000283c00000) (1024K)]
  0x0000017d76d9c0d0 WatcherThread "VM Periodic Task Thread"        [id=24464, stack(0x0000000283a00000,0x0000000283b00000) (1024K)]
  0x0000017d5c1f7f40 WorkerThread "GC Thread#0"                     [id=10508, stack(0x0000000283500000,0x0000000283600000) (1024K)]
  0x0000017d7bab90b0 WorkerThread "GC Thread#1"                     [id=24984, stack(0x0000000284600000,0x0000000284700000) (1024K)]
  0x0000017d7b745670 WorkerThread "GC Thread#2"                     [id=14604, stack(0x0000000284700000,0x0000000284800000) (1024K)]
  0x0000017d7ba85b60 WorkerThread "GC Thread#3"                     [id=23024, stack(0x0000000284800000,0x0000000284900000) (1024K)]
  0x0000017d5c200920 ConcurrentGCThread "G1 Main Marker"            [id=13752, stack(0x0000000283600000,0x0000000283700000) (1024K)]
  0x0000017d5c2014e0 WorkerThread "G1 Conc#0"                       [id=5676, stack(0x0000000283700000,0x0000000283800000) (1024K)]
  0x0000017d5c256980 ConcurrentGCThread "G1 Refine#0"               [id=124, stack(0x0000000283800000,0x0000000283900000) (1024K)]
  0x0000017d5c257400 ConcurrentGCThread "G1 Service"                [id=25456, stack(0x0000000283900000,0x0000000283a00000) (1024K)]
Total: 10

Threads with active compile tasks:
C2 CompilerThread0    10058 10180       4       com.sun.tools.javac.code.Symbol$MethodSymbol::implementation (57 bytes)
C1 CompilerThread0    10058 10363       2       com.sun.tools.javac.code.Types::capture (556 bytes)
Total: 2

VM state: not at safepoint (normal execution)

VM Mutex/Monitor currently owned by a thread: None

Heap address: 0x00000000c3600000, size: 970 MB, Compressed Oops mode: 32-bit

CDS archive(s) mapped at: [0x0000017d00000000-0x0000017d00c90000-0x0000017d00c90000), size 13172736, SharedBaseAddress: 0x0000017d00000000, ArchiveRelocationMode: 1.
Compressed class space mapped at: 0x0000017d01000000-0x0000017d41000000, reserved size: 1073741824
Narrow klass base: 0x0000017d00000000, Narrow klass shift: 0, Narrow klass range: 0x100000000

GC Precious Log:
 CardTable entry size: 512
 Card Set container configuration: InlinePtr #cards 5 size 8 Array Of Cards #cards 12 size 40 Howl #buckets 4 coarsen threshold 1843 Howl Bitmap #cards 512 size 80 coarsen threshold 460 Card regions per heap region 1 cards per card region 2048
 CPUs: 4 total, 4 available
 Memory: 3879M
 Large Page Support: Disabled
 NUMA Support: Disabled
 Compressed Oops: Enabled (32-bit)
 Heap Region Size: 1M
 Heap Min Capacity: 8M
 Heap Initial Capacity: 62M
 Heap Max Capacity: 970M
 Pre-touch: Disabled
 Parallel Workers: 4
 Concurrent Workers: 1
 Concurrent Refinement Workers: 4
 Periodic GC: Disabled

Heap:
 garbage-first heap   total 172032K, used 134309K [0x00000000c3600000, 0x0000000100000000)
  region size 1024K, 83 young (84992K), 8 survivors (8192K)
 Metaspace       used 33067K, committed 33536K, reserved 1114112K
  class space    used 3627K, committed 3840K, reserved 1048576K

Heap Regions: E=young(eden), S=young(survivor), O=old, HS=humongous(starts), HC=humongous(continues), CS=collection set, F=free, TAMS=top-at-mark-start, PB=parsable bottom
|   0|0x00000000c3600000, 0x00000000c3700000, 0x00000000c3700000|100%| O|  |TAMS 0x00000000c3600000| PB 0x00000000c3600000| Untracked 
|   1|0x00000000c3700000, 0x00000000c3800000, 0x00000000c3800000|100%| O|  |TAMS 0x00000000c3700000| PB 0x00000000c3700000| Untracked 
|   2|0x00000000c3800000, 0x00000000c3900000, 0x00000000c3900000|100%| O|  |TAMS 0x00000000c3800000| PB 0x00000000c3800000| Untracked 
|   3|0x00000000c3900000, 0x00000000c3a00000, 0x00000000c3a00000|100%| O|  |TAMS 0x00000000c3900000| PB 0x00000000c3900000| Untracked 
|   4|0x00000000c3a00000, 0x00000000c3b00000, 0x00000000c3b00000|100%| O|  |TAMS 0x00000000c3a00000| PB 0x00000000c3a00000| Untracked 
|   5|0x00000000c3b00000, 0x00000000c3c00000, 0x00000000c3c00000|100%| O|  |TAMS 0x00000000c3b00000| PB 0x00000000c3b00000| Untracked 
|   6|0x00000000c3c00000, 0x00000000c3d00000, 0x00000000c3d00000|100%| O|  |TAMS 0x00000000c3c00000| PB 0x00000000c3c00000| Untracked 
|   7|0x00000000c3d00000, 0x00000000c3e00000, 0x00000000c3e00000|100%| O|  |TAMS 0x00000000c3d00000| PB 0x00000000c3d00000| Untracked 
|   8|0x00000000c3e00000, 0x00000000c3f00000, 0x00000000c3f00000|100%| O|  |TAMS 0x00000000c3e00000| PB 0x00000000c3e00000| Untracked 
|   9|0x00000000c3f00000, 0x00000000c4000000, 0x00000000c4000000|100%| O|  |TAMS 0x00000000c3f00000| PB 0x00000000c3f00000| Untracked 
|  10|0x00000000c4000000, 0x00000000c4100000, 0x00000000c4100000|100%| O|  |TAMS 0x00000000c4000000| PB 0x00000000c4000000| Untracked 
|  11|0x00000000c4100000, 0x00000000c4200000, 0x00000000c4200000|100%| O|  |TAMS 0x00000000c4100000| PB 0x00000000c4100000| Untracked 
|  12|0x00000000c4200000, 0x00000000c4300000, 0x00000000c4300000|100%| O|  |TAMS 0x00000000c4200000| PB 0x00000000c4200000| Untracked 
|  13|0x00000000c4300000, 0x00000000c4400000, 0x00000000c4400000|100%|HS|  |TAMS 0x00000000c4300000| PB 0x00000000c4300000| Complete 
|  14|0x00000000c4400000, 0x00000000c4500000, 0x00000000c4500000|100%| O|  |TAMS 0x00000000c4400000| PB 0x00000000c4400000| Untracked 
|  15|0x00000000c4500000, 0x00000000c4600000, 0x00000000c4600000|100%| O|  |TAMS 0x00000000c4500000| PB 0x00000000c4500000| Untracked 
|  16|0x00000000c4600000, 0x00000000c4700000, 0x00000000c4700000|100%| O|  |TAMS 0x00000000c4600000| PB 0x00000000c4600000| Untracked 
|  17|0x00000000c4700000, 0x00000000c4800000, 0x00000000c4800000|100%|HS|  |TAMS 0x00000000c4700000| PB 0x00000000c4700000| Complete 
|  18|0x00000000c4800000, 0x00000000c4900000, 0x00000000c4900000|100%|HC|  |TAMS 0x00000000c4800000| PB 0x00000000c4800000| Complete 
|  19|0x00000000c4900000, 0x00000000c4a00000, 0x00000000c4a00000|100%|HC|  |TAMS 0x00000000c4900000| PB 0x00000000c4900000| Complete 
|  20|0x00000000c4a00000, 0x00000000c4b00000, 0x00000000c4b00000|100%| O|  |TAMS 0x00000000c4a00000| PB 0x00000000c4a00000| Untracked 
|  21|0x00000000c4b00000, 0x00000000c4c00000, 0x00000000c4c00000|100%| O|  |TAMS 0x00000000c4b00000| PB 0x00000000c4b00000| Untracked 
|  22|0x00000000c4c00000, 0x00000000c4d00000, 0x00000000c4d00000|100%|HS|  |TAMS 0x00000000c4c00000| PB 0x00000000c4c00000| Complete 
|  23|0x00000000c4d00000, 0x00000000c4e00000, 0x00000000c4e00000|100%| O|  |TAMS 0x00000000c4d00000| PB 0x00000000c4d00000| Untracked 
|  24|0x00000000c4e00000, 0x00000000c4f00000, 0x00000000c4f00000|100%| O|  |TAMS 0x00000000c4e00000| PB 0x00000000c4e00000| Untracked 
|  25|0x00000000c4f00000, 0x00000000c5000000, 0x00000000c5000000|100%| O|  |TAMS 0x00000000c4f00000| PB 0x00000000c4f00000| Untracked 
|  26|0x00000000c5000000, 0x00000000c5100000, 0x00000000c5100000|100%| O|  |TAMS 0x00000000c5000000| PB 0x00000000c5000000| Untracked 
|  27|0x00000000c5100000, 0x00000000c5200000, 0x00000000c5200000|100%| O|  |TAMS 0x00000000c5100000| PB 0x00000000c5100000| Untracked 
|  28|0x00000000c5200000, 0x00000000c5300000, 0x00000000c5300000|100%| O|  |TAMS 0x00000000c5200000| PB 0x00000000c5200000| Untracked 
|  29|0x00000000c5300000, 0x00000000c5400000, 0x00000000c5400000|100%| O|  |TAMS 0x00000000c5300000| PB 0x00000000c5300000| Untracked 
|  30|0x00000000c5400000, 0x00000000c5500000, 0x00000000c5500000|100%| O|  |TAMS 0x00000000c5400000| PB 0x00000000c5400000| Untracked 
|  31|0x00000000c5500000, 0x00000000c5600000, 0x00000000c5600000|100%| O|  |TAMS 0x00000000c5500000| PB 0x00000000c5500000| Untracked 
|  32|0x00000000c5600000, 0x00000000c5700000, 0x00000000c5700000|100%| O|  |TAMS 0x00000000c5600000| PB 0x00000000c5600000| Untracked 
|  33|0x00000000c5700000, 0x00000000c5800000, 0x00000000c5800000|100%| O|  |TAMS 0x00000000c5700000| PB 0x00000000c5700000| Untracked 
|  34|0x00000000c5800000, 0x00000000c5900000, 0x00000000c5900000|100%| O|  |TAMS 0x00000000c5800000| PB 0x00000000c5800000| Untracked 
|  35|0x00000000c5900000, 0x00000000c5a00000, 0x00000000c5a00000|100%| O|  |TAMS 0x00000000c5900000| PB 0x00000000c5900000| Untracked 
|  36|0x00000000c5a00000, 0x00000000c5a00000, 0x00000000c5b00000|  0%| F|  |TAMS 0x00000000c5a00000| PB 0x00000000c5a00000| Untracked 
|  37|0x00000000c5b00000, 0x00000000c5b00000, 0x00000000c5c00000|  0%| F|  |TAMS 0x00000000c5b00000| PB 0x00000000c5b00000| Untracked 
|  38|0x00000000c5c00000, 0x00000000c5d00000, 0x00000000c5d00000|100%| O|  |TAMS 0x00000000c5c00000| PB 0x00000000c5c00000| Untracked 
|  39|0x00000000c5d00000, 0x00000000c5e00000, 0x00000000c5e00000|100%| O|  |TAMS 0x00000000c5d00000| PB 0x00000000c5d00000| Untracked 
|  40|0x00000000c5e00000, 0x00000000c5f00000, 0x00000000c5f00000|100%| O|  |TAMS 0x00000000c5e00000| PB 0x00000000c5e00000| Untracked 
|  41|0x00000000c5f00000, 0x00000000c6000000, 0x00000000c6000000|100%| O|  |TAMS 0x00000000c5f00000| PB 0x00000000c5f00000| Untracked 
|  42|0x00000000c6000000, 0x00000000c6100000, 0x00000000c6100000|100%| O|  |TAMS 0x00000000c6000000| PB 0x00000000c6000000| Untracked 
|  43|0x00000000c6100000, 0x00000000c61a0de0, 0x00000000c6200000| 62%| O|  |TAMS 0x00000000c6100000| PB 0x00000000c6100000| Untracked 
|  44|0x00000000c6200000, 0x00000000c6300000, 0x00000000c6300000|100%|HS|  |TAMS 0x00000000c6200000| PB 0x00000000c6200000| Complete 
|  45|0x00000000c6300000, 0x00000000c6400000, 0x00000000c6400000|100%|HC|  |TAMS 0x00000000c6300000| PB 0x00000000c6300000| Complete 
|  46|0x00000000c6400000, 0x00000000c6400000, 0x00000000c6500000|  0%| F|  |TAMS 0x00000000c6400000| PB 0x00000000c6400000| Untracked 
|  47|0x00000000c6500000, 0x00000000c6500000, 0x00000000c6600000|  0%| F|  |TAMS 0x00000000c6500000| PB 0x00000000c6500000| Untracked 
|  48|0x00000000c6600000, 0x00000000c6600000, 0x00000000c6700000|  0%| F|  |TAMS 0x00000000c6600000| PB 0x00000000c6600000| Untracked 
|  49|0x00000000c6700000, 0x00000000c6700000, 0x00000000c6800000|  0%| F|  |TAMS 0x00000000c6700000| PB 0x00000000c6700000| Untracked 
|  50|0x00000000c6800000, 0x00000000c6800000, 0x00000000c6900000|  0%| F|  |TAMS 0x00000000c6800000| PB 0x00000000c6800000| Untracked 
|  51|0x00000000c6900000, 0x00000000c6900000, 0x00000000c6a00000|  0%| F|  |TAMS 0x00000000c6900000| PB 0x00000000c6900000| Untracked 
|  52|0x00000000c6a00000, 0x00000000c6a00000, 0x00000000c6b00000|  0%| F|  |TAMS 0x00000000c6a00000| PB 0x00000000c6a00000| Untracked 
|  53|0x00000000c6b00000, 0x00000000c6b00000, 0x00000000c6c00000|  0%| F|  |TAMS 0x00000000c6b00000| PB 0x00000000c6b00000| Untracked 
|  54|0x00000000c6c00000, 0x00000000c6c88668, 0x00000000c6d00000| 53%| S|CS|TAMS 0x00000000c6c00000| PB 0x00000000c6c00000| Complete 
|  55|0x00000000c6d00000, 0x00000000c6e00000, 0x00000000c6e00000|100%| S|CS|TAMS 0x00000000c6d00000| PB 0x00000000c6d00000| Complete 
|  56|0x00000000c6e00000, 0x00000000c6f00000, 0x00000000c6f00000|100%| S|CS|TAMS 0x00000000c6e00000| PB 0x00000000c6e00000| Complete 
|  57|0x00000000c6f00000, 0x00000000c6f00000, 0x00000000c7000000|  0%| F|  |TAMS 0x00000000c6f00000| PB 0x00000000c6f00000| Untracked 
|  58|0x00000000c7000000, 0x00000000c7100000, 0x00000000c7100000|100%| S|CS|TAMS 0x00000000c7000000| PB 0x00000000c7000000| Complete 
|  59|0x00000000c7100000, 0x00000000c7200000, 0x00000000c7200000|100%| S|CS|TAMS 0x00000000c7100000| PB 0x00000000c7100000| Complete 
|  60|0x00000000c7200000, 0x00000000c7300000, 0x00000000c7300000|100%| S|CS|TAMS 0x00000000c7200000| PB 0x00000000c7200000| Complete 
|  61|0x00000000c7300000, 0x00000000c7400000, 0x00000000c7400000|100%| S|CS|TAMS 0x00000000c7300000| PB 0x00000000c7300000| Complete 
|  62|0x00000000c7400000, 0x00000000c7400000, 0x00000000c7500000|  0%| F|  |TAMS 0x00000000c7400000| PB 0x00000000c7400000| Untracked 
|  63|0x00000000c7500000, 0x00000000c7500000, 0x00000000c7600000|  0%| F|  |TAMS 0x00000000c7500000| PB 0x00000000c7500000| Untracked 
|  64|0x00000000c7600000, 0x00000000c7600000, 0x00000000c7700000|  0%| F|  |TAMS 0x00000000c7600000| PB 0x00000000c7600000| Untracked 
|  65|0x00000000c7700000, 0x00000000c7700000, 0x00000000c7800000|  0%| F|  |TAMS 0x00000000c7700000| PB 0x00000000c7700000| Untracked 
|  66|0x00000000c7800000, 0x00000000c7900000, 0x00000000c7900000|100%| S|CS|TAMS 0x00000000c7800000| PB 0x00000000c7800000| Complete 
|  67|0x00000000c7900000, 0x00000000c7900000, 0x00000000c7a00000|  0%| F|  |TAMS 0x00000000c7900000| PB 0x00000000c7900000| Untracked 
|  68|0x00000000c7a00000, 0x00000000c7a00000, 0x00000000c7b00000|  0%| F|  |TAMS 0x00000000c7a00000| PB 0x00000000c7a00000| Untracked 
|  69|0x00000000c7b00000, 0x00000000c7b00000, 0x00000000c7c00000|  0%| F|  |TAMS 0x00000000c7b00000| PB 0x00000000c7b00000| Untracked 
|  70|0x00000000c7c00000, 0x00000000c7c00000, 0x00000000c7d00000|  0%| F|  |TAMS 0x00000000c7c00000| PB 0x00000000c7c00000| Untracked 
|  71|0x00000000c7d00000, 0x00000000c7d00000, 0x00000000c7e00000|  0%| F|  |TAMS 0x00000000c7d00000| PB 0x00000000c7d00000| Untracked 
|  72|0x00000000c7e00000, 0x00000000c7e00000, 0x00000000c7f00000|  0%| F|  |TAMS 0x00000000c7e00000| PB 0x00000000c7e00000| Untracked 
|  73|0x00000000c7f00000, 0x00000000c7f00000, 0x00000000c8000000|  0%| F|  |TAMS 0x00000000c7f00000| PB 0x00000000c7f00000| Untracked 
|  74|0x00000000c8000000, 0x00000000c8000000, 0x00000000c8100000|  0%| F|  |TAMS 0x00000000c8000000| PB 0x00000000c8000000| Untracked 
|  75|0x00000000c8100000, 0x00000000c8100000, 0x00000000c8200000|  0%| F|  |TAMS 0x00000000c8100000| PB 0x00000000c8100000| Untracked 
|  76|0x00000000c8200000, 0x00000000c8200000, 0x00000000c8300000|  0%| F|  |TAMS 0x00000000c8200000| PB 0x00000000c8200000| Untracked 
|  77|0x00000000c8300000, 0x00000000c8300000, 0x00000000c8400000|  0%| F|  |TAMS 0x00000000c8300000| PB 0x00000000c8300000| Untracked 
|  78|0x00000000c8400000, 0x00000000c8400000, 0x00000000c8500000|  0%| F|  |TAMS 0x00000000c8400000| PB 0x00000000c8400000| Untracked 
|  79|0x00000000c8500000, 0x00000000c8500000, 0x00000000c8600000|  0%| F|  |TAMS 0x00000000c8500000| PB 0x00000000c8500000| Untracked 
|  80|0x00000000c8600000, 0x00000000c8600000, 0x00000000c8700000|  0%| F|  |TAMS 0x00000000c8600000| PB 0x00000000c8600000| Untracked 
|  81|0x00000000c8700000, 0x00000000c8700000, 0x00000000c8800000|  0%| F|  |TAMS 0x00000000c8700000| PB 0x00000000c8700000| Untracked 
|  82|0x00000000c8800000, 0x00000000c8800000, 0x00000000c8900000|  0%| F|  |TAMS 0x00000000c8800000| PB 0x00000000c8800000| Untracked 
|  83|0x00000000c8900000, 0x00000000c8900000, 0x00000000c8a00000|  0%| F|  |TAMS 0x00000000c8900000| PB 0x00000000c8900000| Untracked 
|  84|0x00000000c8a00000, 0x00000000c8a00000, 0x00000000c8b00000|  0%| F|  |TAMS 0x00000000c8a00000| PB 0x00000000c8a00000| Untracked 
|  85|0x00000000c8b00000, 0x00000000c8b00000, 0x00000000c8c00000|  0%| F|  |TAMS 0x00000000c8b00000| PB 0x00000000c8b00000| Untracked 
|  86|0x00000000c8c00000, 0x00000000c8c80800, 0x00000000c8d00000| 50%| E|  |TAMS 0x00000000c8c00000| PB 0x00000000c8c00000| Complete 
|  87|0x00000000c8d00000, 0x00000000c8e00000, 0x00000000c8e00000|100%| E|CS|TAMS 0x00000000c8d00000| PB 0x00000000c8d00000| Complete 
|  88|0x00000000c8e00000, 0x00000000c8f00000, 0x00000000c8f00000|100%| E|CS|TAMS 0x00000000c8e00000| PB 0x00000000c8e00000| Complete 
|  89|0x00000000c8f00000, 0x00000000c9000000, 0x00000000c9000000|100%| E|CS|TAMS 0x00000000c8f00000| PB 0x00000000c8f00000| Complete 
|  90|0x00000000c9000000, 0x00000000c9100000, 0x00000000c9100000|100%| E|CS|TAMS 0x00000000c9000000| PB 0x00000000c9000000| Complete 
|  91|0x00000000c9100000, 0x00000000c9200000, 0x00000000c9200000|100%| E|CS|TAMS 0x00000000c9100000| PB 0x00000000c9100000| Complete 
|  92|0x00000000c9200000, 0x00000000c9300000, 0x00000000c9300000|100%| E|CS|TAMS 0x00000000c9200000| PB 0x00000000c9200000| Complete 
|  93|0x00000000c9300000, 0x00000000c9400000, 0x00000000c9400000|100%| E|CS|TAMS 0x00000000c9300000| PB 0x00000000c9300000| Complete 
|  94|0x00000000c9400000, 0x00000000c9500000, 0x00000000c9500000|100%| E|CS|TAMS 0x00000000c9400000| PB 0x00000000c9400000| Complete 
|  95|0x00000000c9500000, 0x00000000c9600000, 0x00000000c9600000|100%| E|CS|TAMS 0x00000000c9500000| PB 0x00000000c9500000| Complete 
|  96|0x00000000c9600000, 0x00000000c9700000, 0x00000000c9700000|100%| E|CS|TAMS 0x00000000c9600000| PB 0x00000000c9600000| Complete 
|  97|0x00000000c9700000, 0x00000000c9800000, 0x00000000c9800000|100%| E|CS|TAMS 0x00000000c9700000| PB 0x00000000c9700000| Complete 
|  98|0x00000000c9800000, 0x00000000c9900000, 0x00000000c9900000|100%| E|CS|TAMS 0x00000000c9800000| PB 0x00000000c9800000| Complete 
|  99|0x00000000c9900000, 0x00000000c9a00000, 0x00000000c9a00000|100%| E|CS|TAMS 0x00000000c9900000| PB 0x00000000c9900000| Complete 
| 100|0x00000000c9a00000, 0x00000000c9b00000, 0x00000000c9b00000|100%| E|CS|TAMS 0x00000000c9a00000| PB 0x00000000c9a00000| Complete 
| 101|0x00000000c9b00000, 0x00000000c9c00000, 0x00000000c9c00000|100%| E|CS|TAMS 0x00000000c9b00000| PB 0x00000000c9b00000| Complete 
| 102|0x00000000c9c00000, 0x00000000c9d00000, 0x00000000c9d00000|100%| E|CS|TAMS 0x00000000c9c00000| PB 0x00000000c9c00000| Complete 
| 103|0x00000000c9d00000, 0x00000000c9e00000, 0x00000000c9e00000|100%| E|CS|TAMS 0x00000000c9d00000| PB 0x00000000c9d00000| Complete 
| 104|0x00000000c9e00000, 0x00000000c9f00000, 0x00000000c9f00000|100%| E|CS|TAMS 0x00000000c9e00000| PB 0x00000000c9e00000| Complete 
| 105|0x00000000c9f00000, 0x00000000ca000000, 0x00000000ca000000|100%| E|CS|TAMS 0x00000000c9f00000| PB 0x00000000c9f00000| Complete 
| 106|0x00000000ca000000, 0x00000000ca100000, 0x00000000ca100000|100%| E|CS|TAMS 0x00000000ca000000| PB 0x00000000ca000000| Complete 
| 107|0x00000000ca100000, 0x00000000ca200000, 0x00000000ca200000|100%| E|CS|TAMS 0x00000000ca100000| PB 0x00000000ca100000| Complete 
| 108|0x00000000ca200000, 0x00000000ca300000, 0x00000000ca300000|100%| E|CS|TAMS 0x00000000ca200000| PB 0x00000000ca200000| Complete 
| 109|0x00000000ca300000, 0x00000000ca400000, 0x00000000ca400000|100%| E|CS|TAMS 0x00000000ca300000| PB 0x00000000ca300000| Complete 
| 110|0x00000000ca400000, 0x00000000ca500000, 0x00000000ca500000|100%| E|CS|TAMS 0x00000000ca400000| PB 0x00000000ca400000| Complete 
| 111|0x00000000ca500000, 0x00000000ca600000, 0x00000000ca600000|100%| E|CS|TAMS 0x00000000ca500000| PB 0x00000000ca500000| Complete 
| 112|0x00000000ca600000, 0x00000000ca700000, 0x00000000ca700000|100%| E|CS|TAMS 0x00000000ca600000| PB 0x00000000ca600000| Complete 
| 113|0x00000000ca700000, 0x00000000ca800000, 0x00000000ca800000|100%| E|CS|TAMS 0x00000000ca700000| PB 0x00000000ca700000| Complete 
| 114|0x00000000ca800000, 0x00000000ca900000, 0x00000000ca900000|100%| E|CS|TAMS 0x00000000ca800000| PB 0x00000000ca800000| Complete 
| 115|0x00000000ca900000, 0x00000000caa00000, 0x00000000caa00000|100%| E|CS|TAMS 0x00000000ca900000| PB 0x00000000ca900000| Complete 
| 116|0x00000000caa00000, 0x00000000cab00000, 0x00000000cab00000|100%| E|CS|TAMS 0x00000000caa00000| PB 0x00000000caa00000| Complete 
| 117|0x00000000cab00000, 0x00000000cac00000, 0x00000000cac00000|100%| E|CS|TAMS 0x00000000cab00000| PB 0x00000000cab00000| Complete 
| 118|0x00000000cac00000, 0x00000000cad00000, 0x00000000cad00000|100%| E|CS|TAMS 0x00000000cac00000| PB 0x00000000cac00000| Complete 
| 119|0x00000000cad00000, 0x00000000cae00000, 0x00000000cae00000|100%| E|CS|TAMS 0x00000000cad00000| PB 0x00000000cad00000| Complete 
| 120|0x00000000cae00000, 0x00000000caf00000, 0x00000000caf00000|100%| E|CS|TAMS 0x00000000cae00000| PB 0x00000000cae00000| Complete 
| 121|0x00000000caf00000, 0x00000000cb000000, 0x00000000cb000000|100%| E|CS|TAMS 0x00000000caf00000| PB 0x00000000caf00000| Complete 
| 122|0x00000000cb000000, 0x00000000cb100000, 0x00000000cb100000|100%| E|CS|TAMS 0x00000000cb000000| PB 0x00000000cb000000| Complete 
| 123|0x00000000cb100000, 0x00000000cb200000, 0x00000000cb200000|100%| E|CS|TAMS 0x00000000cb100000| PB 0x00000000cb100000| Complete 
| 124|0x00000000cb200000, 0x00000000cb300000, 0x00000000cb300000|100%| E|CS|TAMS 0x00000000cb200000| PB 0x00000000cb200000| Complete 
| 125|0x00000000cb300000, 0x00000000cb400000, 0x00000000cb400000|100%| E|CS|TAMS 0x00000000cb300000| PB 0x00000000cb300000| Complete 
| 126|0x00000000cb400000, 0x00000000cb500000, 0x00000000cb500000|100%| E|CS|TAMS 0x00000000cb400000| PB 0x00000000cb400000| Complete 
| 127|0x00000000cb500000, 0x00000000cb600000, 0x00000000cb600000|100%| E|CS|TAMS 0x00000000cb500000| PB 0x00000000cb500000| Complete 
| 128|0x00000000cb600000, 0x00000000cb700000, 0x00000000cb700000|100%| E|CS|TAMS 0x00000000cb600000| PB 0x00000000cb600000| Complete 
| 129|0x00000000cb700000, 0x00000000cb800000, 0x00000000cb800000|100%| E|CS|TAMS 0x00000000cb700000| PB 0x00000000cb700000| Complete 
| 130|0x00000000cb800000, 0x00000000cb900000, 0x00000000cb900000|100%| E|CS|TAMS 0x00000000cb800000| PB 0x00000000cb800000| Complete 
| 131|0x00000000cb900000, 0x00000000cba00000, 0x00000000cba00000|100%| E|CS|TAMS 0x00000000cb900000| PB 0x00000000cb900000| Complete 
| 132|0x00000000cba00000, 0x00000000cbb00000, 0x00000000cbb00000|100%| E|CS|TAMS 0x00000000cba00000| PB 0x00000000cba00000| Complete 
| 133|0x00000000cbb00000, 0x00000000cbc00000, 0x00000000cbc00000|100%| E|CS|TAMS 0x00000000cbb00000| PB 0x00000000cbb00000| Complete 
| 134|0x00000000cbc00000, 0x00000000cbd00000, 0x00000000cbd00000|100%| E|CS|TAMS 0x00000000cbc00000| PB 0x00000000cbc00000| Complete 
| 135|0x00000000cbd00000, 0x00000000cbe00000, 0x00000000cbe00000|100%| E|CS|TAMS 0x00000000cbd00000| PB 0x00000000cbd00000| Complete 
| 136|0x00000000cbe00000, 0x00000000cbf00000, 0x00000000cbf00000|100%| E|CS|TAMS 0x00000000cbe00000| PB 0x00000000cbe00000| Complete 
| 137|0x00000000cbf00000, 0x00000000cc000000, 0x00000000cc000000|100%| E|CS|TAMS 0x00000000cbf00000| PB 0x00000000cbf00000| Complete 
| 138|0x00000000cc000000, 0x00000000cc100000, 0x00000000cc100000|100%| E|CS|TAMS 0x00000000cc000000| PB 0x00000000cc000000| Complete 
| 139|0x00000000cc100000, 0x00000000cc200000, 0x00000000cc200000|100%| E|CS|TAMS 0x00000000cc100000| PB 0x00000000cc100000| Complete 
| 140|0x00000000cc200000, 0x00000000cc300000, 0x00000000cc300000|100%| E|CS|TAMS 0x00000000cc200000| PB 0x00000000cc200000| Complete 
| 141|0x00000000cc300000, 0x00000000cc400000, 0x00000000cc400000|100%| E|CS|TAMS 0x00000000cc300000| PB 0x00000000cc300000| Complete 
| 142|0x00000000cc400000, 0x00000000cc500000, 0x00000000cc500000|100%| E|CS|TAMS 0x00000000cc400000| PB 0x00000000cc400000| Complete 
| 143|0x00000000cc500000, 0x00000000cc600000, 0x00000000cc600000|100%| E|CS|TAMS 0x00000000cc500000| PB 0x00000000cc500000| Complete 
| 144|0x00000000cc600000, 0x00000000cc700000, 0x00000000cc700000|100%| E|CS|TAMS 0x00000000cc600000| PB 0x00000000cc600000| Complete 
| 145|0x00000000cc700000, 0x00000000cc800000, 0x00000000cc800000|100%| E|CS|TAMS 0x00000000cc700000| PB 0x00000000cc700000| Complete 
| 146|0x00000000cc800000, 0x00000000cc900000, 0x00000000cc900000|100%| E|CS|TAMS 0x00000000cc800000| PB 0x00000000cc800000| Complete 
| 147|0x00000000cc900000, 0x00000000cca00000, 0x00000000cca00000|100%| E|CS|TAMS 0x00000000cc900000| PB 0x00000000cc900000| Complete 
| 148|0x00000000cca00000, 0x00000000ccb00000, 0x00000000ccb00000|100%| E|CS|TAMS 0x00000000cca00000| PB 0x00000000cca00000| Complete 
| 149|0x00000000ccb00000, 0x00000000ccc00000, 0x00000000ccc00000|100%| E|CS|TAMS 0x00000000ccb00000| PB 0x00000000ccb00000| Complete 
| 150|0x00000000ccc00000, 0x00000000ccd00000, 0x00000000ccd00000|100%| E|CS|TAMS 0x00000000ccc00000| PB 0x00000000ccc00000| Complete 
| 151|0x00000000ccd00000, 0x00000000cce00000, 0x00000000cce00000|100%| E|CS|TAMS 0x00000000ccd00000| PB 0x00000000ccd00000| Complete 
| 152|0x00000000cce00000, 0x00000000ccf00000, 0x00000000ccf00000|100%| E|CS|TAMS 0x00000000cce00000| PB 0x00000000cce00000| Complete 
| 153|0x00000000ccf00000, 0x00000000cd000000, 0x00000000cd000000|100%| E|CS|TAMS 0x00000000ccf00000| PB 0x00000000ccf00000| Complete 
| 154|0x00000000cd000000, 0x00000000cd100000, 0x00000000cd100000|100%| E|CS|TAMS 0x00000000cd000000| PB 0x00000000cd000000| Complete 
| 155|0x00000000cd100000, 0x00000000cd200000, 0x00000000cd200000|100%| E|CS|TAMS 0x00000000cd100000| PB 0x00000000cd100000| Complete 
| 156|0x00000000cd200000, 0x00000000cd300000, 0x00000000cd300000|100%| E|CS|TAMS 0x00000000cd200000| PB 0x00000000cd200000| Complete 
| 157|0x00000000cd300000, 0x00000000cd400000, 0x00000000cd400000|100%| E|CS|TAMS 0x00000000cd300000| PB 0x00000000cd300000| Complete 
| 158|0x00000000cd400000, 0x00000000cd500000, 0x00000000cd500000|100%| E|CS|TAMS 0x00000000cd400000| PB 0x00000000cd400000| Complete 
| 159|0x00000000cd500000, 0x00000000cd600000, 0x00000000cd600000|100%| E|CS|TAMS 0x00000000cd500000| PB 0x00000000cd500000| Complete 
| 160|0x00000000cd600000, 0x00000000cd700000, 0x00000000cd700000|100%| E|CS|TAMS 0x00000000cd600000| PB 0x00000000cd600000| Complete 
| 161|0x00000000cd700000, 0x00000000cd800000, 0x00000000cd800000|100%| E|CS|TAMS 0x00000000cd700000| PB 0x00000000cd700000| Complete 
| 964|0x00000000ffa00000, 0x00000000ffb00000, 0x00000000ffb00000|100%| O|  |TAMS 0x00000000ffa00000| PB 0x00000000ffa00000| Untracked 
| 965|0x00000000ffb00000, 0x00000000ffc00000, 0x00000000ffc00000|100%| O|  |TAMS 0x00000000ffb00000| PB 0x00000000ffb00000| Untracked 
| 966|0x00000000ffc00000, 0x00000000ffd00000, 0x00000000ffd00000|100%| O|  |TAMS 0x00000000ffc00000| PB 0x00000000ffc00000| Untracked 
| 967|0x00000000ffd00000, 0x00000000ffe00000, 0x00000000ffe00000|100%| O|  |TAMS 0x00000000ffd00000| PB 0x00000000ffd00000| Untracked 
| 968|0x00000000ffe00000, 0x00000000fff00000, 0x00000000fff00000|100%| O|  |TAMS 0x00000000ffe00000| PB 0x00000000ffe00000| Untracked 
| 969|0x00000000fff00000, 0x0000000100000000, 0x0000000100000000|100%| O|  |TAMS 0x00000000fff00000| PB 0x00000000fff00000| Untracked 

Card table byte_map: [0x0000017d73830000,0x0000017d73a20000] _byte_map_base: 0x0000017d73215000

Marking Bits: (CMBitMap*) 0x0000017d5c1f8550
 Bits: [0x0000017d73a20000, 0x0000017d74948000)

Polling page: 0x0000017d5a1c0000

Metaspace:

Usage:
  Non-class:     28.75 MB used.
      Class:      3.54 MB used.
       Both:     32.30 MB used.

Virtual space:
  Non-class space:       64.00 MB reserved,      29.00 MB ( 45%) committed,  1 nodes.
      Class space:        1.00 GB reserved,       3.75 MB ( <1%) committed,  1 nodes.
             Both:        1.06 GB reserved,      32.75 MB (  3%) committed. 

Chunk freelists:
   Non-Class:  3.00 MB
       Class:  12.20 MB
        Both:  15.20 MB

MaxMetaspaceSize: unlimited
CompressedClassSpaceSize: 1.00 GB
Initial GC threshold: 21.00 MB
Current GC threshold: 44.38 MB
CDS: on
 - commit_granule_bytes: 65536.
 - commit_granule_words: 8192.
 - virtual_space_node_default_size: 8388608.
 - enlarge_chunks_in_place: 1.
 - use_allocation_guard: 0.


Internal statistics:

num_allocs_failed_limit: 6.
num_arena_births: 584.
num_arena_deaths: 0.
num_vsnodes_births: 2.
num_vsnodes_deaths: 0.
num_space_committed: 524.
num_space_uncommitted: 0.
num_chunks_returned_to_freelist: 6.
num_chunks_taken_from_freelist: 1836.
num_chunk_merges: 3.
num_chunk_splits: 1273.
num_chunks_enlarged: 950.
num_inconsistent_stats: 0.

CodeHeap 'non-profiled nmethods': size=120000Kb used=4298Kb max_used=4298Kb free=115701Kb
 bounds [0x0000017d6c110000, 0x0000017d6c550000, 0x0000017d73640000]
CodeHeap 'profiled nmethods': size=120000Kb used=22011Kb max_used=22011Kb free=97988Kb
 bounds [0x0000017d64640000, 0x0000017d65bc0000, 0x0000017d6bb70000]
CodeHeap 'non-nmethods': size=5760Kb used=1622Kb max_used=1679Kb free=4137Kb
 bounds [0x0000017d6bb70000, 0x0000017d6bde0000, 0x0000017d6c110000]
 total_blobs=10222 nmethods=9677 adapters=449
 compilation: enabled
              stopped_count=0, restarted_count=0
 full_count=0

Compilation events (20 events):
Event: 9.985 Thread 0x0000017d76de6170 10322       2       com.sun.tools.javac.comp.Lower::visitBinary (186 bytes)
Event: 9.985 Thread 0x0000017d76de6170 nmethod 10322 0x0000017d65b99110 code [0x0000017d65b99400, 0x0000017d65b99ee0]
Event: 9.985 Thread 0x0000017d76de6170 10326       3       com.sun.tools.javac.jvm.Items$LocalItem::load (75 bytes)
Event: 9.985 Thread 0x0000017d76de6170 nmethod 10326 0x0000017d65b9a390 code [0x0000017d65b9a580, 0x0000017d65b9a9c8]
Event: 9.985 Thread 0x0000017d76de6170 10324       2       com.sun.tools.javac.util.ArrayUtils::calculateNewLength (33 bytes)
Event: 9.986 Thread 0x0000017d76de6170 nmethod 10324 0x0000017d65b9ac10 code [0x0000017d65b9ada0, 0x0000017d65b9af20]
Event: 9.986 Thread 0x0000017d76de6170 10325       2       com.sun.tools.javac.jvm.Gen::visitIf (159 bytes)
Event: 9.986 Thread 0x0000017d76de6170 nmethod 10325 0x0000017d65b9b010 code [0x0000017d65b9b2a0, 0x0000017d65b9bb30]
Event: 10.005 Thread 0x0000017d76de6170 10328   !   2       com.sun.tools.javac.comp.Resolve::findFun (621 bytes)
Event: 10.007 Thread 0x0000017d76de6170 nmethod 10328 0x0000017d65b9c190 code [0x0000017d65b9c5c0, 0x0000017d65b9d9c8]
Event: 10.007 Thread 0x0000017d76de6170 10329       2       com.sun.tools.javac.comp.InferenceContext$$Lambda/0x0000017d01396b40::test (8 bytes)
Event: 10.007 Thread 0x0000017d76de6170 nmethod 10329 0x0000017d65b9eb10 code [0x0000017d65b9ecc0, 0x0000017d65b9ee20]
Event: 10.007 Thread 0x0000017d76de6170 10331       2       com.sun.tools.javac.code.Types$Subst::visitWildcardType (49 bytes)
Event: 10.007 Thread 0x0000017d76de6170 nmethod 10331 0x0000017d65b9ef10 code [0x0000017d65b9f0e0, 0x0000017d65b9f388]
Event: 10.007 Thread 0x0000017d76de6170 10327       2       com.sun.tools.javac.comp.Resolve$11::doLookup (29 bytes)
Event: 10.007 Thread 0x0000017d76de6170 nmethod 10327 0x0000017d65b9f510 code [0x0000017d65b9f6c0, 0x0000017d65b9f828]
Event: 10.009 Thread 0x0000017d76de6170 10332       2       com.sun.tools.javac.jvm.Code::negate (30 bytes)
Event: 10.009 Thread 0x0000017d76de6170 nmethod 10332 0x0000017d65b9f990 code [0x0000017d65b9fb40, 0x0000017d65b9fca8]
Event: 10.011 Thread 0x0000017d76de6170 10333       2       com.sun.tools.javac.jvm.Gen::hasFinally (49 bytes)
Event: 10.012 Thread 0x0000017d76de6170 nmethod 10333 0x0000017d65b9fd10 code [0x0000017d65b9fee0, 0x0000017d65ba0178]

GC Heap History (20 events):
Event: 4.034 GC heap before
{Heap before GC invocations=8 (full 0):
 garbage-first heap   total 76800K, used 37747K [0x00000000c3600000, 0x0000000100000000)
  region size 1024K, 19 young (19456K), 4 survivors (4096K)
 Metaspace       used 21256K, committed 21504K, reserved 1114112K
  class space    used 2464K, committed 2560K, reserved 1048576K
}
Event: 4.041 GC heap after
{Heap after GC invocations=9 (full 0):
 garbage-first heap   total 76800K, used 27297K [0x00000000c3600000, 0x0000000100000000)
  region size 1024K, 6 young (6144K), 6 survivors (6144K)
 Metaspace       used 21256K, committed 21504K, reserved 1114112K
  class space    used 2464K, committed 2560K, reserved 1048576K
}
Event: 4.546 GC heap before
{Heap before GC invocations=10 (full 0):
 garbage-first heap   total 76800K, used 66209K [0x00000000c3600000, 0x0000000100000000)
  region size 1024K, 43 young (44032K), 6 survivors (6144K)
 Metaspace       used 26148K, committed 26496K, reserved 1114112K
  class space    used 2963K, committed 3136K, reserved 1048576K
}
Event: 4.561 GC heap after
{Heap after GC invocations=11 (full 0):
 garbage-first heap   total 84992K, used 37376K [0x00000000c3600000, 0x0000000100000000)
  region size 1024K, 6 young (6144K), 6 survivors (6144K)
 Metaspace       used 26148K, committed 26496K, reserved 1114112K
  class space    used 2963K, committed 3136K, reserved 1048576K
}
Event: 4.906 GC heap before
{Heap before GC invocations=11 (full 0):
 garbage-first heap   total 84992K, used 69120K [0x00000000c3600000, 0x0000000100000000)
  region size 1024K, 37 young (37888K), 6 survivors (6144K)
 Metaspace       used 26806K, committed 27200K, reserved 1114112K
  class space    used 3032K, committed 3200K, reserved 1048576K
}
Event: 4.918 GC heap after
{Heap after GC invocations=12 (full 0):
 garbage-first heap   total 84992K, used 44032K [0x00000000c3600000, 0x0000000100000000)
  region size 1024K, 5 young (5120K), 5 survivors (5120K)
 Metaspace       used 26806K, committed 27200K, reserved 1114112K
  class space    used 3032K, committed 3200K, reserved 1048576K
}
Event: 4.951 GC heap before
{Heap before GC invocations=12 (full 0):
 garbage-first heap   total 84992K, used 53248K [0x00000000c3600000, 0x0000000100000000)
  region size 1024K, 15 young (15360K), 5 survivors (5120K)
 Metaspace       used 26831K, committed 27200K, reserved 1114112K
  class space    used 3032K, committed 3200K, reserved 1048576K
}
Event: 4.958 GC heap after
{Heap after GC invocations=13 (full 0):
 garbage-first heap   total 84992K, used 46176K [0x00000000c3600000, 0x0000000100000000)
  region size 1024K, 3 young (3072K), 3 survivors (3072K)
 Metaspace       used 26831K, committed 27200K, reserved 1114112K
  class space    used 3032K, committed 3200K, reserved 1048576K
}
Event: 5.210 GC heap before
{Heap before GC invocations=14 (full 0):
 garbage-first heap   total 86016K, used 72800K [0x00000000c3600000, 0x0000000100000000)
  region size 1024K, 28 young (28672K), 3 survivors (3072K)
 Metaspace       used 27157K, committed 27456K, reserved 1114112K
  class space    used 3042K, committed 3200K, reserved 1048576K
}
Event: 5.217 GC heap after
{Heap after GC invocations=15 (full 0):
 garbage-first heap   total 86016K, used 50153K [0x00000000c3600000, 0x0000000100000000)
  region size 1024K, 4 young (4096K), 4 survivors (4096K)
 Metaspace       used 27157K, committed 27456K, reserved 1114112K
  class space    used 3042K, committed 3200K, reserved 1048576K
}
Event: 5.597 GC heap before
{Heap before GC invocations=15 (full 0):
 garbage-first heap   total 86016K, used 73705K [0x00000000c3600000, 0x0000000100000000)
  region size 1024K, 28 young (28672K), 4 survivors (4096K)
 Metaspace       used 28636K, committed 28992K, reserved 1114112K
  class space    used 3195K, committed 3328K, reserved 1048576K
}
Event: 5.604 GC heap after
{Heap after GC invocations=16 (full 0):
 garbage-first heap   total 172032K, used 51169K [0x00000000c3600000, 0x0000000100000000)
  region size 1024K, 2 young (2048K), 2 survivors (2048K)
 Metaspace       used 28636K, committed 28992K, reserved 1114112K
  class space    used 3195K, committed 3328K, reserved 1048576K
}
Event: 6.089 GC heap before
{Heap before GC invocations=16 (full 0):
 garbage-first heap   total 172032K, used 120801K [0x00000000c3600000, 0x0000000100000000)
  region size 1024K, 70 young (71680K), 2 survivors (2048K)
 Metaspace       used 29387K, committed 29824K, reserved 1114112K
  class space    used 3269K, committed 3456K, reserved 1048576K
}
Event: 6.103 GC heap after
{Heap after GC invocations=17 (full 0):
 garbage-first heap   total 172032K, used 51595K [0x00000000c3600000, 0x0000000100000000)
  region size 1024K, 2 young (2048K), 2 survivors (2048K)
 Metaspace       used 29387K, committed 29824K, reserved 1114112K
  class space    used 3269K, committed 3456K, reserved 1048576K
}
Event: 7.153 GC heap before
{Heap before GC invocations=17 (full 0):
 garbage-first heap   total 172032K, used 151947K [0x00000000c3600000, 0x0000000100000000)
  region size 1024K, 100 young (102400K), 2 survivors (2048K)
 Metaspace       used 30125K, committed 30592K, reserved 1114112K
  class space    used 3367K, committed 3584K, reserved 1048576K
}
Event: 7.172 GC heap after
{Heap after GC invocations=18 (full 0):
 garbage-first heap   total 172032K, used 53706K [0x00000000c3600000, 0x0000000100000000)
  region size 1024K, 4 young (4096K), 4 survivors (4096K)
 Metaspace       used 30125K, committed 30592K, reserved 1114112K
  class space    used 3367K, committed 3584K, reserved 1048576K
}
Event: 7.784 GC heap before
{Heap before GC invocations=18 (full 0):
 garbage-first heap   total 172032K, used 152010K [0x00000000c3600000, 0x0000000100000000)
  region size 1024K, 100 young (102400K), 4 survivors (4096K)
 Metaspace       used 30317K, committed 30784K, reserved 1114112K
  class space    used 3368K, committed 3584K, reserved 1048576K
}
Event: 7.790 GC heap after
{Heap after GC invocations=19 (full 0):
 garbage-first heap   total 172032K, used 54204K [0x00000000c3600000, 0x0000000100000000)
  region size 1024K, 5 young (5120K), 5 survivors (5120K)
 Metaspace       used 30317K, committed 30784K, reserved 1114112K
  class space    used 3368K, committed 3584K, reserved 1048576K
}
Event: 9.423 GC heap before
{Heap before GC invocations=19 (full 0):
 garbage-first heap   total 172032K, used 153532K [0x00000000c3600000, 0x0000000100000000)
  region size 1024K, 100 young (102400K), 5 survivors (5120K)
 Metaspace       used 32671K, committed 33216K, reserved 1114112K
  class space    used 3615K, committed 3840K, reserved 1048576K
}
Event: 9.440 GC heap after
{Heap after GC invocations=20 (full 0):
 garbage-first heap   total 172032K, used 58533K [0x00000000c3600000, 0x0000000100000000)
  region size 1024K, 8 young (8192K), 8 survivors (8192K)
 Metaspace       used 32671K, committed 33216K, reserved 1114112K
  class space    used 3615K, committed 3840K, reserved 1048576K
}

Dll operation events (8 events):
Event: 0.006 Loaded shared library C:\Program Files\Java\jdk-21\bin\java.dll
Event: 0.033 Loaded shared library C:\Program Files\Java\jdk-21\bin\jsvml.dll
Event: 0.050 Loaded shared library C:\Program Files\Java\jdk-21\bin\net.dll
Event: 0.056 Loaded shared library C:\Program Files\Java\jdk-21\bin\nio.dll
Event: 0.061 Loaded shared library C:\Program Files\Java\jdk-21\bin\zip.dll
Event: 0.258 Loaded shared library C:\Program Files\Java\jdk-21\bin\jimage.dll
Event: 0.264 Loaded shared library C:\Users\User\.m2\wrapper\dists\apache-maven-3.9.11\d6d3cbd4012d4c1d840e93277aca316c\lib\jansi-native\Windows\x86_64\jansi.dll
Event: 0.276 Loaded shared library C:\Program Files\Java\jdk-21\bin\verify.dll

Deoptimization events (20 events):
Event: 9.911 Thread 0x0000017d5a0b1140 Uncommon trap: trap_request=0xffffff45 fr.pc=0x0000017d6c50323c relative=0x00000000000004fc
Event: 9.911 Thread 0x0000017d5a0b1140 Uncommon trap: reason=unstable_if action=reinterpret pc=0x0000017d6c50323c method=com.sun.tools.javac.tree.TreeInfo.getStartPos(Lcom/sun/tools/javac/tree/JCTree;)I @ 17 c2
Event: 9.911 Thread 0x0000017d5a0b1140 DEOPT PACKING pc=0x0000017d6c50323c sp=0x00000002834fcd30
Event: 9.911 Thread 0x0000017d5a0b1140 DEOPT UNPACKING pc=0x0000017d6bbc7da2 sp=0x00000002834fccb8 mode 2
Event: 9.951 Thread 0x0000017d5a0b1140 Uncommon trap: trap_request=0xffffffde fr.pc=0x0000017d6c526abc relative=0x000000000000153c
Event: 9.951 Thread 0x0000017d5a0b1140 Uncommon trap: reason=class_check action=maybe_recompile pc=0x0000017d6c526abc method=com.sun.tools.javac.code.Symbol.hiddenInInternal(Lcom/sun/tools/javac/code/Symbol$ClassSymbol;Lcom/sun/tools/javac/code/Types;)Lcom/sun/tools/javac/code/Symbol; @ 42 c2
Event: 9.951 Thread 0x0000017d5a0b1140 DEOPT PACKING pc=0x0000017d6c526abc sp=0x00000002834fd700
Event: 9.951 Thread 0x0000017d5a0b1140 DEOPT UNPACKING pc=0x0000017d6bbc7da2 sp=0x00000002834fd6e8 mode 2
Event: 9.951 Thread 0x0000017d5a0b1140 Uncommon trap: trap_request=0xffffffde fr.pc=0x0000017d6c526abc relative=0x000000000000153c
Event: 9.951 Thread 0x0000017d5a0b1140 Uncommon trap: reason=class_check action=maybe_recompile pc=0x0000017d6c526abc method=com.sun.tools.javac.code.Symbol.hiddenInInternal(Lcom/sun/tools/javac/code/Symbol$ClassSymbol;Lcom/sun/tools/javac/code/Types;)Lcom/sun/tools/javac/code/Symbol; @ 42 c2
Event: 9.951 Thread 0x0000017d5a0b1140 DEOPT PACKING pc=0x0000017d6c526abc sp=0x00000002834fd700
Event: 9.951 Thread 0x0000017d5a0b1140 DEOPT UNPACKING pc=0x0000017d6bbc7da2 sp=0x00000002834fd6e8 mode 2
Event: 9.978 Thread 0x0000017d5a0b1140 Uncommon trap: trap_request=0xffffffc6 fr.pc=0x0000017d6c540f08 relative=0x00000000000008c8
Event: 9.978 Thread 0x0000017d5a0b1140 Uncommon trap: reason=bimorphic_or_optimized_type_check action=maybe_recompile pc=0x0000017d6c540f08 method=com.sun.tools.javac.comp.Check.checkType(Lcom/sun/tools/javac/util/JCDiagnostic$DiagnosticPosition;Lcom/sun/tools/javac/code/Type;Lcom/sun/tools/ja
Event: 9.978 Thread 0x0000017d5a0b1140 DEOPT PACKING pc=0x0000017d6c540f08 sp=0x00000002834fb750
Event: 9.978 Thread 0x0000017d5a0b1140 DEOPT UNPACKING pc=0x0000017d6bbc7da2 sp=0x00000002834fb710 mode 2
Event: 9.978 Thread 0x0000017d5a0b1140 Uncommon trap: trap_request=0xffffffc6 fr.pc=0x0000017d6c540f08 relative=0x00000000000008c8
Event: 9.978 Thread 0x0000017d5a0b1140 Uncommon trap: reason=bimorphic_or_optimized_type_check action=maybe_recompile pc=0x0000017d6c540f08 method=com.sun.tools.javac.comp.Check.checkType(Lcom/sun/tools/javac/util/JCDiagnostic$DiagnosticPosition;Lcom/sun/tools/javac/code/Type;Lcom/sun/tools/ja
Event: 9.978 Thread 0x0000017d5a0b1140 DEOPT PACKING pc=0x0000017d6c540f08 sp=0x00000002834fb750
Event: 9.978 Thread 0x0000017d5a0b1140 DEOPT UNPACKING pc=0x0000017d6bbc7da2 sp=0x00000002834fb710 mode 2

Classes loaded (20 events):
Event: 8.681 Loading class java/util/stream/ReduceOps$2ReducingSink
Event: 8.682 Loading class java/util/stream/ReduceOps$2ReducingSink done
Event: 8.779 Loading class java/lang/runtime/ObjectMethods
Event: 8.780 Loading class java/lang/runtime/ObjectMethods done
Event: 8.787 Loading class java/lang/invoke/MethodHandleImpl$Makers
Event: 8.787 Loading class java/lang/invoke/MethodHandleImpl$Makers done
Event: 8.788 Loading class java/lang/invoke/MethodHandleImpl$Makers$1
Event: 8.788 Loading class java/lang/invoke/MethodHandleImpl$Makers$1 done
Event: 8.788 Loading class java/lang/invoke/MethodHandleImpl$Makers$2
Event: 8.788 Loading class java/lang/invoke/MethodHandleImpl$Makers$2 done
Event: 8.788 Loading class java/lang/invoke/MethodHandleImpl$Makers$3
Event: 8.788 Loading class java/lang/invoke/MethodHandleImpl$Makers$3 done
Event: 8.795 Loading class java/lang/runtime/ObjectMethods$1
Event: 8.795 Loading class java/lang/runtime/ObjectMethods$1 done
Event: 8.800 Loading class java/lang/invoke/DirectMethodHandle$1
Event: 8.800 Loading class java/lang/invoke/DirectMethodHandle$1 done
Event: 8.810 Loading class java/lang/invoke/MethodHandleImpl$CountingWrapper
Event: 8.811 Loading class java/lang/invoke/MethodHandleImpl$CountingWrapper done
Event: 9.215 Loading class java/io/DataOutputStream
Event: 9.216 Loading class java/io/DataOutputStream done

Classes unloaded (0 events):
No events

Classes redefined (0 events):
No events

Internal exceptions (20 events):
Event: 9.969 Thread 0x0000017d5a0b1140 Exception <a 'sun/nio/fs/WindowsException'{0x00000000c97ed098}> (0x00000000c97ed098) 
thrown [s\open\src\hotspot\share\prims\jni.cpp, line 520]
Event: 9.970 Thread 0x0000017d5a0b1140 Exception <a 'sun/nio/fs/WindowsException'{0x00000000c97ed9d0}> (0x00000000c97ed9d0) 
thrown [s\open\src\hotspot\share\prims\jni.cpp, line 520]
Event: 9.973 Thread 0x0000017d5a0b1140 Exception <a 'sun/nio/fs/WindowsException'{0x00000000c96571b0}> (0x00000000c96571b0) 
thrown [s\open\src\hotspot\share\prims\jni.cpp, line 520]
Event: 9.973 Thread 0x0000017d5a0b1140 Exception <a 'sun/nio/fs/WindowsException'{0x00000000c9657898}> (0x00000000c9657898) 
thrown [s\open\src\hotspot\share\prims\jni.cpp, line 520]
Event: 9.973 Thread 0x0000017d5a0b1140 Exception <a 'sun/nio/fs/WindowsException'{0x00000000c96581c8}> (0x00000000c96581c8) 
thrown [s\open\src\hotspot\share\prims\jni.cpp, line 520]
Event: 9.986 Thread 0x0000017d5a0b1140 Exception <a 'sun/nio/fs/WindowsException'{0x00000000c95bba88}> (0x00000000c95bba88) 
thrown [s\open\src\hotspot\share\prims\jni.cpp, line 520]
Event: 9.987 Thread 0x0000017d5a0b1140 Exception <a 'sun/nio/fs/WindowsException'{0x00000000c95bc168}> (0x00000000c95bc168) 
thrown [s\open\src\hotspot\share\prims\jni.cpp, line 520]
Event: 9.987 Thread 0x0000017d5a0b1140 Exception <a 'sun/nio/fs/WindowsException'{0x00000000c95bca48}> (0x00000000c95bca48) 
thrown [s\open\src\hotspot\share\prims\jni.cpp, line 520]
Event: 10.001 Thread 0x0000017d5a0b1140 Exception <a 'sun/nio/fs/WindowsException'{0x00000000c94c0980}> (0x00000000c94c0980) 
thrown [s\open\src\hotspot\share\prims\jni.cpp, line 520]
Event: 10.001 Thread 0x0000017d5a0b1140 Exception <a 'sun/nio/fs/WindowsException'{0x00000000c94c1070}> (0x00000000c94c1070) 
thrown [s\open\src\hotspot\share\prims\jni.cpp, line 520]
Event: 10.001 Thread 0x0000017d5a0b1140 Exception <a 'sun/nio/fs/WindowsException'{0x00000000c94c19c0}> (0x00000000c94c19c0) 
thrown [s\open\src\hotspot\share\prims\jni.cpp, line 520]
Event: 10.009 Thread 0x0000017d5a0b1140 Exception <a 'sun/nio/fs/WindowsException'{0x00000000c9383250}> (0x00000000c9383250) 
thrown [s\open\src\hotspot\share\prims\jni.cpp, line 520]
Event: 10.009 Thread 0x0000017d5a0b1140 Exception <a 'sun/nio/fs/WindowsException'{0x00000000c9383938}> (0x00000000c9383938) 
thrown [s\open\src\hotspot\share\prims\jni.cpp, line 520]
Event: 10.009 Thread 0x0000017d5a0b1140 Exception <a 'sun/nio/fs/WindowsException'{0x00000000c9384268}> (0x00000000c9384268) 
thrown [s\open\src\hotspot\share\prims\jni.cpp, line 520]
Event: 10.012 Thread 0x0000017d5a0b1140 Exception <a 'sun/nio/fs/WindowsException'{0x00000000c93b06b0}> (0x00000000c93b06b0) 
thrown [s\open\src\hotspot\share\prims\jni.cpp, line 520]
Event: 10.012 Thread 0x0000017d5a0b1140 Exception <a 'sun/nio/fs/WindowsException'{0x00000000c93b0d98}> (0x00000000c93b0d98) 
thrown [s\open\src\hotspot\share\prims\jni.cpp, line 520]
Event: 10.012 Thread 0x0000017d5a0b1140 Exception <a 'sun/nio/fs/WindowsException'{0x00000000c93b16c8}> (0x00000000c93b16c8) 
thrown [s\open\src\hotspot\share\prims\jni.cpp, line 520]
Event: 10.014 Thread 0x0000017d5a0b1140 Exception <a 'sun/nio/fs/WindowsException'{0x00000000c93d15e8}> (0x00000000c93d15e8) 
thrown [s\open\src\hotspot\share\prims\jni.cpp, line 520]
Event: 10.014 Thread 0x0000017d5a0b1140 Exception <a 'sun/nio/fs/WindowsException'{0x00000000c93d1cf0}> (0x00000000c93d1cf0) 
thrown [s\open\src\hotspot\share\prims\jni.cpp, line 520]
Event: 10.014 Thread 0x0000017d5a0b1140 Exception <a 'sun/nio/fs/WindowsException'{0x00000000c93d26d0}> (0x00000000c93d26d0) 
thrown [s\open\src\hotspot\share\prims\jni.cpp, line 520]

ZGC Phase Switch (0 events):
No events

VM Operations (20 events):
Event: 8.920 Executing VM operation: ICBufferFull
Event: 8.921 Executing VM operation: ICBufferFull done
Event: 8.980 Executing VM operation: ICBufferFull
Event: 8.980 Executing VM operation: ICBufferFull done
Event: 9.097 Executing VM operation: ICBufferFull
Event: 9.097 Executing VM operation: ICBufferFull done
Event: 9.246 Executing VM operation: ICBufferFull
Event: 9.247 Executing VM operation: ICBufferFull done
Event: 9.403 Executing VM operation: ICBufferFull
Event: 9.403 Executing VM operation: ICBufferFull done
Event: 9.422 Executing VM operation: G1CollectForAllocation (G1 Evacuation Pause)
Event: 9.440 Executing VM operation: G1CollectForAllocation (G1 Evacuation Pause) done
Event: 9.596 Executing VM operation: ICBufferFull
Event: 9.596 Executing VM operation: ICBufferFull done
Event: 9.705 Executing VM operation: ICBufferFull
Event: 9.705 Executing VM operation: ICBufferFull done
Event: 9.933 Executing VM operation: HandshakeAllThreads (Deoptimize)
Event: 9.933 Executing VM operation: HandshakeAllThreads (Deoptimize) done
Event: 9.958 Executing VM operation: ICBufferFull
Event: 9.958 Executing VM operation: ICBufferFull done

Events (20 events):
Event: 5.013 Thread 0x0000017d5c27ad70 flushing nmethod 0x0000017d6c156610
Event: 5.013 Thread 0x0000017d5c27ad70 flushing nmethod 0x0000017d6c155690
Event: 5.013 Thread 0x0000017d5c27ad70 flushing nmethod 0x0000017d6c153a90
Event: 5.013 Thread 0x0000017d5c27ad70 flushing nmethod 0x0000017d6c14b410
Event: 5.013 Thread 0x0000017d5c27ad70 flushing nmethod 0x0000017d6c14a390
Event: 5.013 Thread 0x0000017d5c27ad70 flushing nmethod 0x0000017d6c149210
Event: 5.013 Thread 0x0000017d5c27ad70 flushing nmethod 0x0000017d6c147890
Event: 5.013 Thread 0x0000017d5c27ad70 flushing nmethod 0x0000017d6c141990
Event: 5.013 Thread 0x0000017d5c27ad70 flushing nmethod 0x0000017d6c13ac90
Event: 5.013 Thread 0x0000017d5c27ad70 flushing nmethod 0x0000017d6c139f90
Event: 5.013 Thread 0x0000017d5c27ad70 flushing nmethod 0x0000017d6c138d90
Event: 5.013 Thread 0x0000017d5c27ad70 flushing nmethod 0x0000017d6c133090
Event: 5.013 Thread 0x0000017d5c27ad70 flushing nmethod 0x0000017d6c11eb90
Event: 5.013 Thread 0x0000017d5c27ad70 flushing nmethod 0x0000017d6c11c510
Event: 5.013 Thread 0x0000017d5c27ad70 flushing nmethod 0x0000017d6c119510
Event: 5.013 Thread 0x0000017d5c27ad70 flushing nmethod 0x0000017d6c11a790
Event: 5.013 Thread 0x0000017d5c27ad70 flushing nmethod 0x0000017d6c118110
Event: 5.013 Thread 0x0000017d5c27ad70 flushing nmethod 0x0000017d6c117b90
Event: 5.013 Thread 0x0000017d5c27ad70 flushing nmethod 0x0000017d6c116e10
Event: 5.013 Thread 0x0000017d5c27ad70 flushing nmethod 0x0000017d6c110a10


Dynamic libraries:
0x00007ff68b9d0000 - 0x00007ff68b9e0000 	C:\Program Files\Java\jdk-21\bin\java.exe
0x00007ffcc2b90000 - 0x00007ffcc2d88000 	C:\Windows\SYSTEM32\ntdll.dll
0x00007ffcc0c10000 - 0x00007ffcc0cd2000 	C:\Windows\System32\KERNEL32.DLL
0x00007ffcc04d0000 - 0x00007ffcc07c7000 	C:\Windows\System32\KERNELBASE.dll
0x00007ffcc0310000 - 0x00007ffcc0410000 	C:\Windows\System32\ucrtbase.dll
0x00007ffcb9ac0000 - 0x00007ffcb9ad9000 	C:\Program Files\Java\jdk-21\bin\jli.dll
0x00007ffcc2510000 - 0x00007ffcc25c1000 	C:\Windows\System32\ADVAPI32.dll
0x00007ffcc0fe0000 - 0x00007ffcc107e000 	C:\Windows\System32\msvcrt.dll
0x00007ffcc1080000 - 0x00007ffcc111f000 	C:\Windows\System32\sechost.dll
0x00007ffcc29f0000 - 0x00007ffcc2b16000 	C:\Windows\System32\RPCRT4.dll
0x00007ffcc04a0000 - 0x00007ffcc04c7000 	C:\Windows\System32\bcrypt.dll
0x00007ffcb9f60000 - 0x00007ffcb9f7b000 	C:\Program Files\Java\jdk-21\bin\VCRUNTIME140.dll
0x00007ffcc0cf0000 - 0x00007ffcc0e8d000 	C:\Windows\System32\USER32.dll
0x00007ffcc0b50000 - 0x00007ffcc0b72000 	C:\Windows\System32\win32u.dll
0x00007ffcc15c0000 - 0x00007ffcc15eb000 	C:\Windows\System32\GDI32.dll
0x00007ffcc01f0000 - 0x00007ffcc0309000 	C:\Windows\System32\gdi32full.dll
0x00007ffcac090000 - 0x00007ffcac32a000 	C:\Windows\WinSxS\amd64_microsoft.windows.common-controls_6595b64144ccf1df_6.0.19041.5915_none_60b4b9d171f9c7c7\COMCTL32.dll
0x00007ffcc0ab0000 - 0x00007ffcc0b4d000 	C:\Windows\System32\msvcp_win.dll
0x00007ffcac340000 - 0x00007ffcac34a000 	C:\Windows\SYSTEM32\VERSION.dll
0x00007ffcc0e90000 - 0x00007ffcc0ebf000 	C:\Windows\System32\IMM32.DLL
0x00007ffcbb0c0000 - 0x00007ffcbb0cc000 	C:\Program Files\Java\jdk-21\bin\vcruntime140_1.dll
0x00007ffc8d0b0000 - 0x00007ffc8d13e000 	C:\Program Files\Java\jdk-21\bin\msvcp140.dll
0x00007ffc6bff0000 - 0x00007ffc6ccfd000 	C:\Program Files\Java\jdk-21\bin\server\jvm.dll
0x00007ffcc1720000 - 0x00007ffcc178b000 	C:\Windows\System32\WS2_32.dll
0x00007ffcbfb70000 - 0x00007ffcbfbbb000 	C:\Windows\SYSTEM32\POWRPROF.dll
0x00007ffcb6610000 - 0x00007ffcb6637000 	C:\Windows\SYSTEM32\WINMM.dll
0x00007ffcbfb50000 - 0x00007ffcbfb62000 	C:\Windows\SYSTEM32\UMPDC.dll
0x00007ffcbe9d0000 - 0x00007ffcbe9e2000 	C:\Windows\SYSTEM32\kernel.appcore.dll
0x00007ffcba160000 - 0x00007ffcba16a000 	C:\Program Files\Java\jdk-21\bin\jimage.dll
0x00007ffcbdef0000 - 0x00007ffcbe0f1000 	C:\Windows\SYSTEM32\DBGHELP.DLL
0x00007ffcaf590000 - 0x00007ffcaf5c4000 	C:\Windows\SYSTEM32\dbgcore.DLL
0x00007ffcc0410000 - 0x00007ffcc0492000 	C:\Windows\System32\bcryptPrimitives.dll
0x00007ffcb94c0000 - 0x00007ffcb94df000 	C:\Program Files\Java\jdk-21\bin\java.dll
0x00007ffcc1800000 - 0x00007ffcc1f6e000 	C:\Windows\System32\SHELL32.dll
0x00007ffcbe210000 - 0x00007ffcbe9b4000 	C:\Windows\SYSTEM32\windows.storage.dll
0x00007ffcc2630000 - 0x00007ffcc2983000 	C:\Windows\System32\combase.dll
0x00007ffcbfad0000 - 0x00007ffcbfafb000 	C:\Windows\SYSTEM32\Wldp.dll
0x00007ffcc14f0000 - 0x00007ffcc15bd000 	C:\Windows\System32\OLEAUT32.dll
0x00007ffcc1210000 - 0x00007ffcc12bd000 	C:\Windows\System32\SHCORE.dll
0x00007ffcc2990000 - 0x00007ffcc29eb000 	C:\Windows\System32\shlwapi.dll
0x00007ffcc0120000 - 0x00007ffcc0144000 	C:\Windows\SYSTEM32\profapi.dll
0x00007ffc8b950000 - 0x00007ffc8ba27000 	C:\Program Files\Java\jdk-21\bin\jsvml.dll
0x00007ffcba120000 - 0x00007ffcba130000 	C:\Program Files\Java\jdk-21\bin\net.dll
0x00007ffcbc2a0000 - 0x00007ffcbc3aa000 	C:\Windows\SYSTEM32\WINHTTP.dll
0x00007ffcbf850000 - 0x00007ffcbf8ba000 	C:\Windows\system32\mswsock.dll
0x00007ffcb85b0000 - 0x00007ffcb85c6000 	C:\Program Files\Java\jdk-21\bin\nio.dll
0x00007ffcb74a0000 - 0x00007ffcb74b8000 	C:\Program Files\Java\jdk-21\bin\zip.dll
0x00007ffcabdf0000 - 0x00007ffcabe14000 	C:\Users\User\.m2\wrapper\dists\apache-maven-3.9.11\d6d3cbd4012d4c1d840e93277aca316c\lib\jansi-native\Windows\x86_64\jansi.dll
0x00007ffcba0f0000 - 0x00007ffcba100000 	C:\Program Files\Java\jdk-21\bin\verify.dll

dbghelp: loaded successfully - version: 4.0.5 - missing functions: none
symbol engine: initialized successfully - sym options: 0x614 - pdb path: .;C:\Program Files\Java\jdk-21\bin;C:\Windows\SYSTEM32;C:\Windows\WinSxS\amd64_microsoft.windows.common-controls_6595b64144ccf1df_6.0.19041.5915_none_60b4b9d171f9c7c7;C:\Program Files\Java\jdk-21\bin\server;C:\Users\User\.m2\wrapper\dists\apache-maven-3.9.11\d6d3cbd4012d4c1d840e93277aca316c\lib\jansi-native\Windows\x86_64

VM Arguments:
jvm_args: --enable-native-access=ALL-UNNAMED -Dclassworlds.conf=C:\Users\User\.m2\wrapper\dists\apache-maven-3.9.11\d6d3cbd4012d4c1d840e93277aca316c\bin\m2.conf -Dmaven.home=C:\Users\User\.m2\wrapper\dists\apache-maven-3.9.11\d6d3cbd4012d4c1d840e93277aca316c -Dlibrary.jansi.path=C:\Users\User\.m2\wrapper\dists\apache-maven-3.9.11\d6d3cbd4012d4c1d840e93277aca316c\lib\jansi-native -Dmaven.multiModuleProjectDirectory=C:\Users\User\Documents\NetBeansProjects\IFBA\POO\sigtm 
java_command: org.codehaus.plexus.classworlds.launcher.Launcher -Dexec.vmArgs=--enable-preview -Dexec.args=${exec.vmArgs} -classpath %classpath ${exec.mainClass} ${exec.appArgs} -Dexec.appArgs= -Dexec.mainClass=br.com.ifba.app.SigtmApplication -Dexec.executable=C:\Program Files\Java\jdk-21\bin\java.exe -Dmaven.ext.class.path=C:\Program Files\NetBeans-24\netbeans\java\maven-nblib\netbeans-eventspy.jar --no-transfer-progress process-classes org.codehaus.mojo:exec-maven-plugin:3.1.0:exec
java_class_path (initial): C:\Users\User\.m2\wrapper\dists\apache-maven-3.9.11\d6d3cbd4012d4c1d840e93277aca316c\boot\plexus-classworlds-2.9.0.jar
Launcher Type: SUN_STANDARD

[Global flags]
     intx CICompilerCount                          = 3                                         {product} {ergonomic}
     uint ConcGCThreads                            = 1                                         {product} {ergonomic}
     uint G1ConcRefinementThreads                  = 4                                         {product} {ergonomic}
   size_t G1HeapRegionSize                         = 1048576                                   {product} {ergonomic}
    uintx GCDrainStackTargetSize                   = 64                                        {product} {ergonomic}
   size_t InitialHeapSize                          = 65011712                                  {product} {ergonomic}
   size_t MarkStackSize                            = 4194304                                   {product} {ergonomic}
   size_t MaxHeapSize                              = 1017118720                                {product} {ergonomic}
   size_t MaxNewSize                               = 610271232                                 {product} {ergonomic}
   size_t MinHeapDeltaBytes                        = 1048576                                   {product} {ergonomic}
   size_t MinHeapSize                              = 8388608                                   {product} {ergonomic}
    uintx NonNMethodCodeHeapSize                   = 5832780                                {pd product} {ergonomic}
    uintx NonProfiledCodeHeapSize                  = 122912730                              {pd product} {ergonomic}
    uintx ProfiledCodeHeapSize                     = 122912730                              {pd product} {ergonomic}
    uintx ReservedCodeCacheSize                    = 251658240                              {pd product} {ergonomic}
     bool SegmentedCodeCache                       = true                                      {product} {ergonomic}
   size_t SoftMaxHeapSize                          = 1017118720                             {manageable} {ergonomic}
     bool UseCompressedOops                        = true                           {product lp64_product} {ergonomic}
     bool UseG1GC                                  = true                                      {product} {ergonomic}
     bool UseLargePagesIndividualAllocation        = false                                  {pd product} {ergonomic}

Logging:
Log output configuration:
 #0: stdout all=warning uptime,level,tags foldmultilines=false
 #1: stderr all=off uptime,level,tags foldmultilines=false

Environment Variables:
JAVA_HOME=C:\Program Files\Java\jdk-21
PATH=C:\Program Files (x86)\NVIDIA Corporation\PhysX\Common;C:\Program Files\Common Files\Oracle\Java\javapath;C:\Program Files (x86)\Common Files\Oracle\Java\java8path;C:\Program Files (x86)\Common Files\Oracle\Java\javapath;C:\Program Files\Eclipse Adoptium\jdk-21.0.3.9-hotspot\bin;C:\Windows\system32;C:\Windows;C:\Windows\System32\Wbem;C:\Windows\System32\WindowsPowerShell\v1.0\;C:\Windows\System32\OpenSSH\;C:\Users\User\AppData\Local\Microsoft\WindowsApps;C:\CorelDraw\py.exe;C:\MinGW\bin;C:\Users\User\caio\Dio-Git-e-GitHub\Git\cmd;C:\Program Files\dotnet\;C:\Program Files\Pandoc\;C:\apache-maven\bin;C:\Program Files\Calibre2\;C:\Users\User\anaconda3;C:\Users\User\anaconda3\Library\mingw-w64\bin;C:\Users\User\anaconda3\Library\usr\bin;C:\Users\User\anaconda3\Library\bin;C:\Users\User\anaconda3\Scripts;C:\Windows\system32;C:\Windows;C:\Windows\System32\Wbem;C:\Windows\System32\WindowsPowerShell\v1.0\;C:\Windows\System32\OpenSSH\;C:\Users\User\AppData\Local\Microsoft\WindowsApps;C:\CorelDraw\py.exe;C:\Users\User\AppData\Local\Programs\Microsoft VS Code\bin;C:\Users\User\AppData\Local\GitHubDesktop\bin;C:\Program Files\JetBrains\CLion 2024.2.2\bin;C:\Users\User\AppData\Local\JetBrains\Toolbox\scripts;;C:\Program Files\JetBrains\IntelliJ IDEA 2024.3.4.1\bin;
USERNAME=User
OS=Windows_NT
PROCESSOR_IDENTIFIER=Intel64 Family 6 Model 140 Stepping 2, GenuineIntel
TMP=C:\Users\User\AppData\Local\Temp
TEMP=C:\Users\User\AppData\Local\Temp




Periodic native trim disabled

---------------  S Y S T E M  ---------------

OS:
 Windows 10 , 64 bit Build 19041 (10.0.19041.5915)
OS uptime: 9 days 1:55 hours
Hyper-V role detected

CPU: total 4 (initial active 4) (2 cores per cpu, 2 threads per core) family 6 model 140 stepping 2 microcode 0x26, cx8, cmov, fxsr, ht, mmx, 3dnowpref, sse, sse2, sse3, ssse3, sse4.1, sse4.2, popcnt, lzcnt, tsc, tscinvbit, avx, avx2, aes, erms, clmul, bmi1, bmi2, adx, avx512f, avx512dq, avx512cd, avx512bw, avx512vl, sha, fma, vzeroupper, avx512_vpopcntdq, avx512_vpclmulqdq, avx512_vaes, avx512_vnni, clflush, clflushopt, clwb, avx512_vbmi2, avx512_vbmi, hv, rdtscp, rdpid, fsrm, gfni, avx512_bitalg, f16c, cet_ibt, cet_ss, avx512_ifma
Processor Information for all 4 processors :
  Max Mhz: 2995, Current Mhz: 2995, Mhz Limit: 2995

Memory: 4k page, system-wide physical 3879M (204M free)
TotalPageFile size 15655M (AvailPageFile size 5M)
current process WorkingSet (physical memory assigned to process): 251M, peak: 251M
current process commit charge ("private bytes"): 349M, peak: 350M

vm_info: Java HotSpot(TM) 64-Bit Server VM (21.0.3+7-LTS-152) for windows-amd64 JRE (21.0.3+7-LTS-152), built on 2024-03-11T17:42:26Z by "mach5one" with MS VC++ 17.6 (VS2022)

END.
