#
# There is insufficient memory for the Java Runtime Environment to continue.
# Native memory allocation (mmap) failed to map 166723584 bytes for G1 virtual space
# Possible reasons:
#   The system is out of physical RAM or swap space
#   The process is running with CompressedOops enabled, and the Java Heap may be blocking the growth of the native heap
# Possible solutions:
#   Reduce memory load on the system
#   Increase physical memory or swap space
#   Check if swap backing store is full
#   Decrease Java heap size (-Xmx/-Xms)
#   Decrease number of Java threads
#   Decrease Java thread stack sizes (-Xss)
#   Set larger code cache with -XX:ReservedCodeCacheSize=
#   JVM is running with Unscaled Compressed Oops mode in which the Java heap is
#     placed in the first 4GB address space. The Java Heap base address is the
#     maximum limit for the native heap growth. Please use -XX:HeapBaseMinAddress
#     to set the Java Heap base and to place the Java Heap above 4GB virtual address.
# This output file may be truncated or incomplete.
#
#  Out of Memory Error (os_windows.cpp:3600), pid=17492, tid=22352
#
# JRE version: Java(TM) SE Runtime Environment (21.0.3+7) (build 21.0.3+7-LTS-152)
# Java VM: Java HotSpot(TM) 64-Bit Server VM (21.0.3+7-LTS-152, mixed mode, sharing, tiered, compressed oops, compressed class ptrs, g1 gc, windows-amd64)
# No core dump will be written. Minidumps are not enabled by default on client versions of Windows
#

---------------  S U M M A R Y ------------

Command Line: --enable-preview br.com.ifba.app.SigtmApplication

Host: 11th Gen Intel(R) Core(TM) i3-1115G4 @ 3.00GHz, 4 cores, 3G,  Windows 10 , 64 bit Build 19041 (10.0.19041.5915)
Time: Mon Aug 25 21:06:40 2025 Hora Padrão da Bahia elapsed time: 12.027971 seconds (0d 0h 0m 12s)

---------------  T H R E A D  ---------------

Current thread (0x0000023187865550):  VMThread "VM Thread"          [id=22352, stack(0x00000089d5800000,0x00000089d5900000) (1024K)]

Stack: [0x00000089d5800000,0x00000089d5900000]
Native frames: (J=compiled Java code, j=interpreted, Vv=VM code, C=native code)
V  [jvm.dll+0x6c63b9]
V  [jvm.dll+0x84fa11]
V  [jvm.dll+0x851f3e]
V  [jvm.dll+0x852613]
V  [jvm.dll+0x27cd46]
V  [jvm.dll+0x6c2b55]
V  [jvm.dll+0x6b76da]
V  [jvm.dll+0x35051a]
V  [jvm.dll+0x358176]
V  [jvm.dll+0x3aa84e]
V  [jvm.dll+0x3aaaf8]
V  [jvm.dll+0x32491c]
V  [jvm.dll+0x3249a7]
V  [jvm.dll+0x36923c]
V  [jvm.dll+0x367a7e]
V  [jvm.dll+0x324091]
V  [jvm.dll+0x36719a]
V  [jvm.dll+0x857fd0]
V  [jvm.dll+0x8590d4]
V  [jvm.dll+0x859610]
V  [jvm.dll+0x8598b3]
V  [jvm.dll+0x7f9ffb]
V  [jvm.dll+0x6c4a9d]
C  [ucrtbase.dll+0x21bb2]
C  [KERNEL32.DLL+0x17374]
C  [ntdll.dll+0x4cc91]

VM_Operation (0x00000089d51fa730): G1CollectForAllocation, mode: safepoint, requested by thread 0x00000231856bdc50


---------------  P R O C E S S  ---------------

Threads class SMR info:
_java_thread_list=0x00000231ea545320, length=19, elements={
0x00000231856bdc50, 0x00000231a2392ae0, 0x00000231a2393a00, 0x00000231a2396c30,
0x00000231a2399790, 0x00000231a239a2e0, 0x00000231a23a5250, 0x00000231a23ab5e0,
0x00000231a23ac170, 0x00000231a2609270, 0x00000231a2615e90, 0x00000231e9612720,
0x00000231ea2d5830, 0x00000231ea292280, 0x00000231eadd5a50, 0x00000231eac1bad0,
0x00000231ea833020, 0x00000231e8a8f2a0, 0x00000231e84c7190
}

Java Threads: ( => current thread )
  0x00000231856bdc50 JavaThread "main"                              [_thread_blocked, id=21560, stack(0x00000089d5100000,0x00000089d5200000) (1024K)]
  0x00000231a2392ae0 JavaThread "Reference Handler"          daemon [_thread_blocked, id=14852, stack(0x00000089d5900000,0x00000089d5a00000) (1024K)]
  0x00000231a2393a00 JavaThread "Finalizer"                  daemon [_thread_blocked, id=5292, stack(0x00000089d5a00000,0x00000089d5b00000) (1024K)]
  0x00000231a2396c30 JavaThread "Signal Dispatcher"          daemon [_thread_blocked, id=3400, stack(0x00000089d5b00000,0x00000089d5c00000) (1024K)]
  0x00000231a2399790 JavaThread "Attach Listener"            daemon [_thread_blocked, id=10332, stack(0x00000089d5c00000,0x00000089d5d00000) (1024K)]
  0x00000231a239a2e0 JavaThread "Service Thread"             daemon [_thread_blocked, id=2508, stack(0x00000089d5d00000,0x00000089d5e00000) (1024K)]
  0x00000231a23a5250 JavaThread "Monitor Deflation Thread"   daemon [_thread_blocked, id=14060, stack(0x00000089d5e00000,0x00000089d5f00000) (1024K)]
  0x00000231a23ab5e0 JavaThread "C2 CompilerThread0"         daemon [_thread_blocked, id=11664, stack(0x00000089d5f00000,0x00000089d6000000) (1024K)]
  0x00000231a23ac170 JavaThread "C1 CompilerThread0"         daemon [_thread_blocked, id=4812, stack(0x00000089d6000000,0x00000089d6100000) (1024K)]
  0x00000231a2609270 JavaThread "Notification Thread"        daemon [_thread_blocked, id=1460, stack(0x00000089d6100000,0x00000089d6200000) (1024K)]
  0x00000231a2615e90 JavaThread "Common-Cleaner"             daemon [_thread_blocked, id=23564, stack(0x00000089d6200000,0x00000089d6300000) (1024K)]
  0x00000231e9612720 JavaThread "mysql-cj-abandoned-connection-cleanup" daemon [_thread_blocked, id=6268, stack(0x00000089d6600000,0x00000089d6700000) (1024K)]
  0x00000231ea2d5830 JavaThread "HikariPool-1:housekeeper"   daemon [_thread_blocked, id=23280, stack(0x00000089d6800000,0x00000089d6900000) (1024K)]
  0x00000231ea292280 JavaThread "Java2D Disposer"            daemon [_thread_blocked, id=22972, stack(0x00000089d6a00000,0x00000089d6b00000) (1024K)]
  0x00000231eadd5a50 JavaThread "AWT-Shutdown"                      [_thread_blocked, id=12052, stack(0x00000089d6b00000,0x00000089d6c00000) (1024K)]
  0x00000231eac1bad0 JavaThread "AWT-Windows"                daemon [_thread_in_native, id=4752, stack(0x00000089d6c00000,0x00000089d6d00000) (1024K)]
  0x00000231ea833020 JavaThread "AWT-EventQueue-0"                  [_thread_blocked, id=25304, stack(0x00000089d6d00000,0x00000089d6e00000) (1024K)]
  0x00000231e8a8f2a0 JavaThread "Image Fetcher 0"            daemon [_thread_blocked, id=7644, stack(0x00000089d7000000,0x00000089d7100000) (1024K)]
  0x00000231e84c7190 JavaThread "Image Fetcher 1"            daemon [_thread_blocked, id=9836, stack(0x00000089d7100000,0x00000089d7200000) (1024K)]
Total: 19

Other Threads:
=>0x0000023187865550 VMThread "VM Thread"                           [id=22352, stack(0x00000089d5800000,0x00000089d5900000) (1024K)]
  0x00000231a237c610 WatcherThread "VM Periodic Task Thread"        [id=26472, stack(0x00000089d5700000,0x00000089d5800000) (1024K)]
  0x00000231877dfbc0 WorkerThread "GC Thread#0"                     [id=6996, stack(0x00000089d5200000,0x00000089d5300000) (1024K)]
  0x00000231e8690fb0 WorkerThread "GC Thread#1"                     [id=19296, stack(0x00000089d6300000,0x00000089d6400000) (1024K)]
  0x00000231e86ab080 WorkerThread "GC Thread#2"                     [id=15372, stack(0x00000089d6400000,0x00000089d6500000) (1024K)]
  0x00000231e86ab420 WorkerThread "GC Thread#3"                     [id=5288, stack(0x00000089d6500000,0x00000089d6600000) (1024K)]
  0x00000231877e8e30 ConcurrentGCThread "G1 Main Marker"            [id=16892, stack(0x00000089d5300000,0x00000089d5400000) (1024K)]
  0x00000231877e9930 WorkerThread "G1 Conc#0"                       [id=17504, stack(0x00000089d5400000,0x00000089d5500000) (1024K)]
  0x0000023187840c60 ConcurrentGCThread "G1 Refine#0"               [id=6976, stack(0x00000089d5500000,0x00000089d5600000) (1024K)]
  0x00000231878417d0 ConcurrentGCThread "G1 Service"                [id=6776, stack(0x00000089d5600000,0x00000089d5700000) (1024K)]
Total: 10

Threads with active compile tasks:
C2 CompilerThread0    12054 7810       4       org.antlr.v4.runtime.misc.DoubleKeyMap::put (71 bytes)
Total: 1

VM state: at safepoint (normal execution)

VM Mutex/Monitor currently owned by a thread:  ([mutex/lock_event])
[0x00007ffc6cc22da8] Threads_lock - owner thread: 0x0000023187865550
[0x00007ffc6cc22ea8] Heap_lock - owner thread: 0x00000231856bdc50

Heap address: 0x00000000c3600000, size: 970 MB, Compressed Oops mode: 32-bit

CDS archive(s) mapped at: [0x00000231a3000000-0x00000231a3c90000-0x00000231a3c90000), size 13172736, SharedBaseAddress: 0x00000231a3000000, ArchiveRelocationMode: 1.
Compressed class space mapped at: 0x00000231a4000000-0x00000231e4000000, reserved size: 1073741824
Narrow klass base: 0x00000231a3000000, Narrow klass shift: 0, Narrow klass range: 0x100000000

GC Precious Log:
 CardTable entry size: 512
 Card Set container configuration: InlinePtr #cards 5 size 8 Array Of Cards #cards 12 size 40 Howl #buckets 4 coarsen threshold 1843 Howl Bitmap #cards 512 size 80 coarsen threshold 460 Card regions per heap region 1 cards per card region 2048
 CPUs: 4 total, 4 available
 Memory: 3879M
 Large Page Support: Disabled
 NUMA Support: Disabled
 Compressed Oops: Enabled (32-bit)
 Heap Region Size: 1M
 Heap Min Capacity: 8M
 Heap Initial Capacity: 62M
 Heap Max Capacity: 970M
 Pre-touch: Disabled
 Parallel Workers: 4
 Concurrent Workers: 1
 Concurrent Refinement Workers: 4
 Periodic GC: Disabled

Heap:
 garbage-first heap   total 101376K, used 82587K [0x00000000c3600000, 0x0000000100000000)
  region size 1024K, 2 young (2048K), 2 survivors (2048K)
 Metaspace       used 68201K, committed 68864K, reserved 1114112K
  class space    used 9469K, committed 9792K, reserved 1048576K

Heap Regions: E=young(eden), S=young(survivor), O=old, HS=humongous(starts), HC=humongous(continues), CS=collection set, F=free, TAMS=top-at-mark-start, PB=parsable bottom
|   0|0x00000000c3600000, 0x00000000c3700000, 0x00000000c3700000|100%|HS|  |TAMS 0x00000000c3700000| PB 0x00000000c3600000| Complete 
|   1|0x00000000c3700000, 0x00000000c3800000, 0x00000000c3800000|100%|HS|  |TAMS 0x00000000c3800000| PB 0x00000000c3700000| Complete 
|   2|0x00000000c3800000, 0x00000000c3900000, 0x00000000c3900000|100%| O|  |TAMS 0x00000000c3900000| PB 0x00000000c3800000| Untracked 
|   3|0x00000000c3900000, 0x00000000c3a00000, 0x00000000c3a00000|100%| O|  |TAMS 0x00000000c3a00000| PB 0x00000000c3900000| Untracked 
|   4|0x00000000c3a00000, 0x00000000c3b00000, 0x00000000c3b00000|100%| O|  |TAMS 0x00000000c3b00000| PB 0x00000000c3a00000| Untracked 
|   5|0x00000000c3b00000, 0x00000000c3c00000, 0x00000000c3c00000|100%| O|  |TAMS 0x00000000c3c00000| PB 0x00000000c3b00000| Untracked 
|   6|0x00000000c3c00000, 0x00000000c3d00000, 0x00000000c3d00000|100%| O|  |TAMS 0x00000000c3d00000| PB 0x00000000c3c00000| Untracked 
|   7|0x00000000c3d00000, 0x00000000c3e00000, 0x00000000c3e00000|100%| O|  |TAMS 0x00000000c3e00000| PB 0x00000000c3d00000| Untracked 
|   8|0x00000000c3e00000, 0x00000000c3f00000, 0x00000000c3f00000|100%| O|  |TAMS 0x00000000c3f00000| PB 0x00000000c3e00000| Untracked 
|   9|0x00000000c3f00000, 0x00000000c4000000, 0x00000000c4000000|100%| O|  |TAMS 0x00000000c4000000| PB 0x00000000c3f00000| Untracked 
|  10|0x00000000c4000000, 0x00000000c4100000, 0x00000000c4100000|100%| O|  |TAMS 0x00000000c4100000| PB 0x00000000c4000000| Untracked 
|  11|0x00000000c4100000, 0x00000000c4200000, 0x00000000c4200000|100%| O|  |TAMS 0x00000000c4200000| PB 0x00000000c4100000| Untracked 
|  12|0x00000000c4200000, 0x00000000c4300000, 0x00000000c4300000|100%| O|  |TAMS 0x00000000c4300000| PB 0x00000000c4200000| Untracked 
|  13|0x00000000c4300000, 0x00000000c4400000, 0x00000000c4400000|100%| O|  |TAMS 0x00000000c4400000| PB 0x00000000c4300000| Untracked 
|  14|0x00000000c4400000, 0x00000000c4500000, 0x00000000c4500000|100%| O|  |TAMS 0x00000000c4500000| PB 0x00000000c4400000| Untracked 
|  15|0x00000000c4500000, 0x00000000c4600000, 0x00000000c4600000|100%| O|  |TAMS 0x00000000c4600000| PB 0x00000000c4500000| Untracked 
|  16|0x00000000c4600000, 0x00000000c4700000, 0x00000000c4700000|100%| O|  |TAMS 0x00000000c4700000| PB 0x00000000c4600000| Untracked 
|  17|0x00000000c4700000, 0x00000000c4800000, 0x00000000c4800000|100%| O|  |TAMS 0x00000000c4800000| PB 0x00000000c4700000| Untracked 
|  18|0x00000000c4800000, 0x00000000c4900000, 0x00000000c4900000|100%| O|  |TAMS 0x00000000c4900000| PB 0x00000000c4800000| Untracked 
|  19|0x00000000c4900000, 0x00000000c4a00000, 0x00000000c4a00000|100%| O|  |TAMS 0x00000000c4a00000| PB 0x00000000c4900000| Untracked 
|  20|0x00000000c4a00000, 0x00000000c4b00000, 0x00000000c4b00000|100%| O|  |TAMS 0x00000000c4b00000| PB 0x00000000c4a00000| Untracked 
|  21|0x00000000c4b00000, 0x00000000c4c00000, 0x00000000c4c00000|100%| O|  |TAMS 0x00000000c4c00000| PB 0x00000000c4b00000| Untracked 
|  22|0x00000000c4c00000, 0x00000000c4d00000, 0x00000000c4d00000|100%|HS|  |TAMS 0x00000000c4d00000| PB 0x00000000c4c00000| Complete 
|  23|0x00000000c4d00000, 0x00000000c4e00000, 0x00000000c4e00000|100%|HC|  |TAMS 0x00000000c4e00000| PB 0x00000000c4d00000| Complete 
|  24|0x00000000c4e00000, 0x00000000c4f00000, 0x00000000c4f00000|100%| O|  |TAMS 0x00000000c4f00000| PB 0x00000000c4e00000| Untracked 
|  25|0x00000000c4f00000, 0x00000000c5000000, 0x00000000c5000000|100%| O|  |TAMS 0x00000000c5000000| PB 0x00000000c4f00000| Untracked 
|  26|0x00000000c5000000, 0x00000000c5100000, 0x00000000c5100000|100%| O|  |TAMS 0x00000000c5100000| PB 0x00000000c5000000| Untracked 
|  27|0x00000000c5100000, 0x00000000c5200000, 0x00000000c5200000|100%| O|  |TAMS 0x00000000c5200000| PB 0x00000000c5100000| Untracked 
|  28|0x00000000c5200000, 0x00000000c5300000, 0x00000000c5300000|100%| O|  |TAMS 0x00000000c5300000| PB 0x00000000c5200000| Untracked 
|  29|0x00000000c5300000, 0x00000000c5400000, 0x00000000c5400000|100%| O|  |TAMS 0x00000000c5400000| PB 0x00000000c5300000| Untracked 
|  30|0x00000000c5400000, 0x00000000c5500000, 0x00000000c5500000|100%| O|  |TAMS 0x00000000c5500000| PB 0x00000000c5400000| Untracked 
|  31|0x00000000c5500000, 0x00000000c5600000, 0x00000000c5600000|100%| O|  |TAMS 0x00000000c5600000| PB 0x00000000c5500000| Untracked 
|  32|0x00000000c5600000, 0x00000000c5700000, 0x00000000c5700000|100%|HS|  |TAMS 0x00000000c5700000| PB 0x00000000c5600000| Complete 
|  33|0x00000000c5700000, 0x00000000c5800000, 0x00000000c5800000|100%|HC|  |TAMS 0x00000000c5800000| PB 0x00000000c5700000| Complete 
|  34|0x00000000c5800000, 0x00000000c5900000, 0x00000000c5900000|100%|HS|  |TAMS 0x00000000c5900000| PB 0x00000000c5800000| Complete 
|  35|0x00000000c5900000, 0x00000000c5a00000, 0x00000000c5a00000|100%|HC|  |TAMS 0x00000000c5a00000| PB 0x00000000c5900000| Complete 
|  36|0x00000000c5a00000, 0x00000000c5b00000, 0x00000000c5b00000|100%|HS|  |TAMS 0x00000000c5b00000| PB 0x00000000c5a00000| Complete 
|  37|0x00000000c5b00000, 0x00000000c5c00000, 0x00000000c5c00000|100%|HC|  |TAMS 0x00000000c5c00000| PB 0x00000000c5b00000| Complete 
|  38|0x00000000c5c00000, 0x00000000c5d00000, 0x00000000c5d00000|100%|HS|  |TAMS 0x00000000c5d00000| PB 0x00000000c5c00000| Complete 
|  39|0x00000000c5d00000, 0x00000000c5e00000, 0x00000000c5e00000|100%|HC|  |TAMS 0x00000000c5e00000| PB 0x00000000c5d00000| Complete 
|  40|0x00000000c5e00000, 0x00000000c5f00000, 0x00000000c5f00000|100%|HS|  |TAMS 0x00000000c5f00000| PB 0x00000000c5e00000| Complete 
|  41|0x00000000c5f00000, 0x00000000c6000000, 0x00000000c6000000|100%|HC|  |TAMS 0x00000000c6000000| PB 0x00000000c5f00000| Complete 
|  42|0x00000000c6000000, 0x00000000c6100000, 0x00000000c6100000|100%| O|  |TAMS 0x00000000c6100000| PB 0x00000000c6000000| Untracked 
|  43|0x00000000c6100000, 0x00000000c6200000, 0x00000000c6200000|100%| O|  |TAMS 0x00000000c6200000| PB 0x00000000c6100000| Untracked 
|  44|0x00000000c6200000, 0x00000000c6300000, 0x00000000c6300000|100%| O|  |TAMS 0x00000000c6300000| PB 0x00000000c6200000| Untracked 
|  45|0x00000000c6300000, 0x00000000c6400000, 0x00000000c6400000|100%| O|  |TAMS 0x00000000c6400000| PB 0x00000000c6300000| Untracked 
|  46|0x00000000c6400000, 0x00000000c6500000, 0x00000000c6500000|100%| O|  |TAMS 0x00000000c6500000| PB 0x00000000c6400000| Untracked 
|  47|0x00000000c6500000, 0x00000000c6600000, 0x00000000c6600000|100%| O|  |TAMS 0x00000000c6600000| PB 0x00000000c6500000| Untracked 
|  48|0x00000000c6600000, 0x00000000c6700000, 0x00000000c6700000|100%| O|  |TAMS 0x00000000c6700000| PB 0x00000000c6600000| Untracked 
|  49|0x00000000c6700000, 0x00000000c6800000, 0x00000000c6800000|100%| O|  |TAMS 0x00000000c6800000| PB 0x00000000c6700000| Untracked 
|  50|0x00000000c6800000, 0x00000000c6900000, 0x00000000c6900000|100%| O|  |TAMS 0x00000000c6900000| PB 0x00000000c6800000| Untracked 
|  51|0x00000000c6900000, 0x00000000c6a00000, 0x00000000c6a00000|100%| O|  |TAMS 0x00000000c69af540| PB 0x00000000c6900000| Untracked 
|  52|0x00000000c6a00000, 0x00000000c6b00000, 0x00000000c6b00000|100%| O|  |TAMS 0x00000000c6a00000| PB 0x00000000c6a00000| Untracked 
|  53|0x00000000c6b00000, 0x00000000c6c00000, 0x00000000c6c00000|100%| O|  |TAMS 0x00000000c6b00000| PB 0x00000000c6b00000| Untracked 
|  54|0x00000000c6c00000, 0x00000000c6d00000, 0x00000000c6d00000|100%|HS|  |TAMS 0x00000000c6c00000| PB 0x00000000c6c00000| Complete 
|  55|0x00000000c6d00000, 0x00000000c6e00000, 0x00000000c6e00000|100%| O|  |TAMS 0x00000000c6d00000| PB 0x00000000c6d00000| Untracked 
|  56|0x00000000c6e00000, 0x00000000c6f00000, 0x00000000c6f00000|100%| O|  |TAMS 0x00000000c6e00000| PB 0x00000000c6e00000| Untracked 
|  57|0x00000000c6f00000, 0x00000000c7000000, 0x00000000c7000000|100%| O|  |TAMS 0x00000000c6f00000| PB 0x00000000c6f00000| Untracked 
|  58|0x00000000c7000000, 0x00000000c7100000, 0x00000000c7100000|100%| O|  |TAMS 0x00000000c7000000| PB 0x00000000c7000000| Untracked 
|  59|0x00000000c7100000, 0x00000000c7200000, 0x00000000c7200000|100%| O|  |TAMS 0x00000000c7100000| PB 0x00000000c7100000| Untracked 
|  60|0x00000000c7200000, 0x00000000c7300000, 0x00000000c7300000|100%| O|  |TAMS 0x00000000c7200000| PB 0x00000000c7200000| Untracked 
|  61|0x00000000c7300000, 0x00000000c7400000, 0x00000000c7400000|100%| O|  |TAMS 0x00000000c7300000| PB 0x00000000c7300000| Untracked 
|  62|0x00000000c7400000, 0x00000000c7500000, 0x00000000c7500000|100%| O|  |TAMS 0x00000000c7400000| PB 0x00000000c7400000| Untracked 
|  63|0x00000000c7500000, 0x00000000c7600000, 0x00000000c7600000|100%| O|  |TAMS 0x00000000c7500000| PB 0x00000000c7500000| Untracked 
|  64|0x00000000c7600000, 0x00000000c7700000, 0x00000000c7700000|100%| O|  |TAMS 0x00000000c7600000| PB 0x00000000c7600000| Untracked 
|  65|0x00000000c7700000, 0x00000000c7800000, 0x00000000c7800000|100%| O|  |TAMS 0x00000000c7700000| PB 0x00000000c7700000| Untracked 
|  66|0x00000000c7800000, 0x00000000c7900000, 0x00000000c7900000|100%| O|  |TAMS 0x00000000c7800000| PB 0x00000000c7800000| Untracked 
|  67|0x00000000c7900000, 0x00000000c7a00000, 0x00000000c7a00000|100%| O|  |TAMS 0x00000000c7900000| PB 0x00000000c7900000| Untracked 
|  68|0x00000000c7a00000, 0x00000000c7b00000, 0x00000000c7b00000|100%| O|  |TAMS 0x00000000c7a00000| PB 0x00000000c7a00000| Untracked 
|  69|0x00000000c7b00000, 0x00000000c7b00000, 0x00000000c7c00000|  0%| F|  |TAMS 0x00000000c7b00000| PB 0x00000000c7b00000| Untracked 
|  70|0x00000000c7c00000, 0x00000000c7c00000, 0x00000000c7d00000|  0%| F|  |TAMS 0x00000000c7c00000| PB 0x00000000c7c00000| Untracked 
|  71|0x00000000c7d00000, 0x00000000c7d00000, 0x00000000c7e00000|  0%| F|  |TAMS 0x00000000c7d00000| PB 0x00000000c7d00000| Untracked 
|  72|0x00000000c7e00000, 0x00000000c7f00000, 0x00000000c7f00000|100%| O|  |TAMS 0x00000000c7e00000| PB 0x00000000c7e00000| Untracked 
|  73|0x00000000c7f00000, 0x00000000c8000000, 0x00000000c8000000|100%| O|  |TAMS 0x00000000c7f00000| PB 0x00000000c7f00000| Untracked 
|  74|0x00000000c8000000, 0x00000000c8100000, 0x00000000c8100000|100%| O|  |TAMS 0x00000000c8000000| PB 0x00000000c8000000| Untracked 
|  75|0x00000000c8100000, 0x00000000c81a6f90, 0x00000000c8200000| 65%| O|  |TAMS 0x00000000c8100000| PB 0x00000000c8100000| Untracked 
|  76|0x00000000c8200000, 0x00000000c8200000, 0x00000000c8300000|  0%| F|  |TAMS 0x00000000c8200000| PB 0x00000000c8200000| Untracked 
|  77|0x00000000c8300000, 0x00000000c8300000, 0x00000000c8400000|  0%| F|  |TAMS 0x00000000c8300000| PB 0x00000000c8300000| Untracked 
|  78|0x00000000c8400000, 0x00000000c8500000, 0x00000000c8500000|100%| S|CS|TAMS 0x00000000c8400000| PB 0x00000000c8400000| Complete 
|  79|0x00000000c8500000, 0x00000000c8600000, 0x00000000c8600000|100%| S|CS|TAMS 0x00000000c8500000| PB 0x00000000c8500000| Complete 
|  80|0x00000000c8600000, 0x00000000c8600000, 0x00000000c8700000|  0%| F|  |TAMS 0x00000000c8600000| PB 0x00000000c8600000| Untracked 
|  81|0x00000000c8700000, 0x00000000c8700000, 0x00000000c8800000|  0%| F|  |TAMS 0x00000000c8700000| PB 0x00000000c8700000| Untracked 
|  82|0x00000000c8800000, 0x00000000c8800000, 0x00000000c8900000|  0%| F|  |TAMS 0x00000000c8800000| PB 0x00000000c8800000| Untracked 
|  83|0x00000000c8900000, 0x00000000c8900000, 0x00000000c8a00000|  0%| F|  |TAMS 0x00000000c8900000| PB 0x00000000c8900000| Untracked 
|  84|0x00000000c8a00000, 0x00000000c8a00000, 0x00000000c8b00000|  0%| F|  |TAMS 0x00000000c8a00000| PB 0x00000000c8a00000| Untracked 
|  85|0x00000000c8b00000, 0x00000000c8b00000, 0x00000000c8c00000|  0%| F|  |TAMS 0x00000000c8b00000| PB 0x00000000c8b00000| Untracked 
|  86|0x00000000c8c00000, 0x00000000c8c00000, 0x00000000c8d00000|  0%| F|  |TAMS 0x00000000c8c00000| PB 0x00000000c8c00000| Untracked 
|  87|0x00000000c8d00000, 0x00000000c8d00000, 0x00000000c8e00000|  0%| F|  |TAMS 0x00000000c8d00000| PB 0x00000000c8d00000| Untracked 
|  88|0x00000000c8e00000, 0x00000000c8e00000, 0x00000000c8f00000|  0%| F|  |TAMS 0x00000000c8e00000| PB 0x00000000c8e00000| Untracked 
|  89|0x00000000c8f00000, 0x00000000c8f00000, 0x00000000c9000000|  0%| F|  |TAMS 0x00000000c8f00000| PB 0x00000000c8f00000| Untracked 
|  90|0x00000000c9000000, 0x00000000c9000000, 0x00000000c9100000|  0%| F|  |TAMS 0x00000000c9000000| PB 0x00000000c9000000| Untracked 
|  91|0x00000000c9100000, 0x00000000c9100000, 0x00000000c9200000|  0%| F|  |TAMS 0x00000000c9100000| PB 0x00000000c9100000| Untracked 
| 963|0x00000000ff900000, 0x00000000ffa00000, 0x00000000ffa00000|100%| O|  |TAMS 0x00000000ffa00000| PB 0x00000000ff900000| Untracked 
| 964|0x00000000ffa00000, 0x00000000ffb00000, 0x00000000ffb00000|100%| O|  |TAMS 0x00000000ffb00000| PB 0x00000000ffa00000| Untracked 
| 965|0x00000000ffb00000, 0x00000000ffb00000, 0x00000000ffc00000|  0%| F|  |TAMS 0x00000000ffb00000| PB 0x00000000ffb00000| Untracked 
| 966|0x00000000ffc00000, 0x00000000ffd00000, 0x00000000ffd00000|100%| O|  |TAMS 0x00000000ffd00000| PB 0x00000000ffc00000| Untracked 
| 967|0x00000000ffd00000, 0x00000000ffe00000, 0x00000000ffe00000|100%| O|  |TAMS 0x00000000ffe00000| PB 0x00000000ffd00000| Untracked 
| 968|0x00000000ffe00000, 0x00000000fff00000, 0x00000000fff00000|100%| O|  |TAMS 0x00000000fff00000| PB 0x00000000ffe00000| Untracked 
| 969|0x00000000fff00000, 0x0000000100000000, 0x0000000100000000|100%| O|  |TAMS 0x0000000100000000| PB 0x00000000fff00000| Untracked 

Card table byte_map: [0x000002319ee10000,0x000002319f000000] _byte_map_base: 0x000002319e7f5000

Marking Bits: (CMBitMap*) 0x00000231877e02c0
 Bits: [0x000002319f000000, 0x000002319ff28000)

Polling page: 0x00000231857b0000

Metaspace:

Usage:
  Non-class:     57.36 MB used.
      Class:      9.25 MB used.
       Both:     66.60 MB used.

Virtual space:
  Non-class space:       64.00 MB reserved,      57.69 MB ( 90%) committed,  1 nodes.
      Class space:        1.00 GB reserved,       9.56 MB ( <1%) committed,  1 nodes.
             Both:        1.06 GB reserved,      67.25 MB (  6%) committed. 

Chunk freelists:
   Non-Class:  6.22 MB
       Class:  6.36 MB
        Both:  12.58 MB

MaxMetaspaceSize: unlimited
CompressedClassSpaceSize: 1.00 GB
Initial GC threshold: 21.00 MB
Current GC threshold: 112.12 MB
CDS: on
 - commit_granule_bytes: 65536.
 - commit_granule_words: 8192.
 - virtual_space_node_default_size: 8388608.
 - enlarge_chunks_in_place: 1.
 - use_allocation_guard: 0.


Internal statistics:

num_allocs_failed_limit: 18.
num_arena_births: 906.
num_arena_deaths: 0.
num_vsnodes_births: 2.
num_vsnodes_deaths: 0.
num_space_committed: 1076.
num_space_uncommitted: 0.
num_chunks_returned_to_freelist: 18.
num_chunks_taken_from_freelist: 3177.
num_chunk_merges: 12.
num_chunk_splits: 2265.
num_chunks_enlarged: 1733.
num_inconsistent_stats: 0.

CodeHeap 'non-profiled nmethods': size=120000Kb used=3718Kb max_used=3718Kb free=116281Kb
 bounds [0x00000231976f0000, 0x0000023197aa0000, 0x000002319ec20000]
CodeHeap 'profiled nmethods': size=120000Kb used=12685Kb max_used=13411Kb free=107314Kb
 bounds [0x000002318fc20000, 0x0000023190940000, 0x0000023197150000]
CodeHeap 'non-nmethods': size=5760Kb used=2101Kb max_used=2152Kb free=3658Kb
 bounds [0x0000023197150000, 0x00000231973c0000, 0x00000231976f0000]
 total_blobs=7742 nmethods=6889 adapters=756
 compilation: enabled
              stopped_count=0, restarted_count=0
 full_count=0

Compilation events (20 events):
Event: 11.956 Thread 0x00000231a23ab5e0 nmethod 7754 0x0000023197955310 code [0x00000231979554c0, 0x00000231979558e8]
Event: 11.956 Thread 0x00000231a23ab5e0 7733       4       org.antlr.v4.runtime.atn.ATNConfigSet::add (142 bytes)
Event: 11.964 Thread 0x00000231a23ac170 7829       1       org.antlr.v4.runtime.CodePointCharStream::mark (2 bytes)
Event: 11.964 Thread 0x00000231a23ac170 nmethod 7829 0x0000023197865690 code [0x0000023197865820, 0x00000231978658e8]
Event: 11.964 Thread 0x00000231a23ac170 7830       1       org.antlr.v4.runtime.atn.LexerATNSimulator::getLine (5 bytes)
Event: 11.964 Thread 0x00000231a23ac170 nmethod 7830 0x0000023197955010 code [0x00000231979551a0, 0x0000023197955268]
Event: 11.964 Thread 0x00000231a23ac170 7831       1       org.antlr.v4.runtime.atn.LexerATNSimulator::getCharPositionInLine (5 bytes)
Event: 11.964 Thread 0x00000231a23ac170 nmethod 7831 0x0000023197744b10 code [0x0000023197744ca0, 0x0000023197744d68]
Event: 11.965 Thread 0x00000231a23ac170 7832       2       org.antlr.v4.runtime.atn.LexerATNSimulator::getReachableConfigSet (210 bytes)
Event: 11.966 Thread 0x00000231a23ac170 nmethod 7832 0x000002319058f690 code [0x000002319058f8e0, 0x00000231905900f8]
Event: 11.969 Thread 0x00000231a23ab5e0 nmethod 7733 0x0000023197a95790 code [0x0000023197a95a60, 0x0000023197a96a50]
Event: 11.969 Thread 0x00000231a23ab5e0 7795       4       java.util.LinkedList$ListItr::<init> (47 bytes)
Event: 11.973 Thread 0x00000231a23ab5e0 nmethod 7795 0x00000231977ee990 code [0x00000231977eeb20, 0x00000231977eeed8]
Event: 11.973 Thread 0x00000231a23ab5e0 7800       4       java.util.LinkedList::listIterator (15 bytes)
Event: 11.977 Thread 0x00000231a23ab5e0 nmethod 7800 0x000002319789b010 code [0x000002319789b1c0, 0x000002319789b498]
Event: 11.977 Thread 0x00000231a23ab5e0 7810       4       org.antlr.v4.runtime.misc.DoubleKeyMap::put (71 bytes)
Event: 12.002 Thread 0x00000231a23ac170 7834       2       org.antlr.v4.runtime.atn.ATNConfigSet::optimizeConfigs (71 bytes)
Event: 12.003 Thread 0x00000231a23ac170 nmethod 7834 0x000002318fcd5010 code [0x000002318fcd5200, 0x000002318fcd5690]
Event: 12.007 Thread 0x00000231a23ac170 7835       3       org.antlr.v4.runtime.atn.SingletonPredictionContext::equals (72 bytes)
Event: 12.007 Thread 0x00000231a23ac170 nmethod 7835 0x000002318ff74d90 code [0x000002318ff74f80, 0x000002318ff75630]

GC Heap History (20 events):
Event: 4.970 GC heap after
{Heap after GC invocations=12 (full 0):
 garbage-first heap   total 55296K, used 21836K [0x00000000c3600000, 0x0000000100000000)
  region size 1024K, 3 young (3072K), 3 survivors (3072K)
 Metaspace       used 47144K, committed 47680K, reserved 1114112K
  class space    used 6553K, committed 6784K, reserved 1048576K
}
Event: 5.866 GC heap before
{Heap before GC invocations=12 (full 0):
 garbage-first heap   total 55296K, used 47436K [0x00000000c3600000, 0x0000000100000000)
  region size 1024K, 28 young (28672K), 3 survivors (3072K)
 Metaspace       used 53132K, committed 53760K, reserved 1114112K
  class space    used 7355K, committed 7616K, reserved 1048576K
}
Event: 5.877 GC heap after
{Heap after GC invocations=13 (full 0):
 garbage-first heap   total 55296K, used 24770K [0x00000000c3600000, 0x0000000100000000)
  region size 1024K, 4 young (4096K), 4 survivors (4096K)
 Metaspace       used 53132K, committed 53760K, reserved 1114112K
  class space    used 7355K, committed 7616K, reserved 1048576K
}
Event: 6.401 GC heap before
{Heap before GC invocations=13 (full 0):
 garbage-first heap   total 55296K, used 33986K [0x00000000c3600000, 0x0000000100000000)
  region size 1024K, 14 young (14336K), 4 survivors (4096K)
 Metaspace       used 60756K, committed 61376K, reserved 1114112K
  class space    used 8363K, committed 8640K, reserved 1048576K
}
Event: 6.411 GC heap after
{Heap after GC invocations=14 (full 0):
 garbage-first heap   total 66560K, used 25846K [0x00000000c3600000, 0x0000000100000000)
  region size 1024K, 2 young (2048K), 2 survivors (2048K)
 Metaspace       used 60756K, committed 61376K, reserved 1114112K
  class space    used 8363K, committed 8640K, reserved 1048576K
}
Event: 10.420 GC heap before
{Heap before GC invocations=15 (full 0):
 garbage-first heap   total 66560K, used 56566K [0x00000000c3600000, 0x0000000100000000)
  region size 1024K, 33 young (33792K), 2 survivors (2048K)
 Metaspace       used 65705K, committed 66304K, reserved 1114112K
  class space    used 9009K, committed 9280K, reserved 1048576K
}
Event: 10.426 GC heap after
{Heap after GC invocations=16 (full 0):
 garbage-first heap   total 66560K, used 29209K [0x00000000c3600000, 0x0000000100000000)
  region size 1024K, 5 young (5120K), 5 survivors (5120K)
 Metaspace       used 65705K, committed 66304K, reserved 1114112K
  class space    used 9009K, committed 9280K, reserved 1048576K
}
Event: 11.379 GC heap before
{Heap before GC invocations=16 (full 0):
 garbage-first heap   total 66560K, used 66073K [0x00000000c3600000, 0x0000000100000000)
  region size 1024K, 29 young (29696K), 5 survivors (5120K)
 Metaspace       used 68134K, committed 68800K, reserved 1114112K
  class space    used 9463K, committed 9792K, reserved 1048576K
}
Event: 11.388 GC heap after
{Heap after GC invocations=17 (full 0):
 garbage-first heap   total 74752K, used 43036K [0x00000000c3600000, 0x0000000100000000)
  region size 1024K, 2 young (2048K), 2 survivors (2048K)
 Metaspace       used 68134K, committed 68800K, reserved 1114112K
  class space    used 9463K, committed 9792K, reserved 1048576K
}
Event: 11.502 GC heap before
{Heap before GC invocations=17 (full 0):
 garbage-first heap   total 74752K, used 66588K [0x00000000c3600000, 0x0000000100000000)
  region size 1024K, 25 young (25600K), 2 survivors (2048K)
 Metaspace       used 68183K, committed 68864K, reserved 1114112K
  class space    used 9468K, committed 9792K, reserved 1048576K
}
Event: 11.514 GC heap after
{Heap after GC invocations=18 (full 0):
 garbage-first heap   total 75776K, used 49763K [0x00000000c3600000, 0x0000000100000000)
  region size 1024K, 4 young (4096K), 4 survivors (4096K)
 Metaspace       used 68183K, committed 68864K, reserved 1114112K
  class space    used 9468K, committed 9792K, reserved 1048576K
}
Event: 11.746 GC heap before
{Heap before GC invocations=19 (full 0):
 garbage-first heap   total 101376K, used 65123K [0x00000000c3600000, 0x0000000100000000)
  region size 1024K, 19 young (19456K), 4 survivors (4096K)
 Metaspace       used 68201K, committed 68864K, reserved 1114112K
  class space    used 9469K, committed 9792K, reserved 1048576K
}
Event: 11.758 GC heap after
{Heap after GC invocations=20 (full 0):
 garbage-first heap   total 101376K, used 53850K [0x00000000c3600000, 0x0000000100000000)
  region size 1024K, 3 young (3072K), 3 survivors (3072K)
 Metaspace       used 68201K, committed 68864K, reserved 1114112K
  class space    used 9469K, committed 9792K, reserved 1048576K
}
Event: 11.905 GC heap before
{Heap before GC invocations=20 (full 0):
 garbage-first heap   total 101376K, used 84570K [0x00000000c3600000, 0x0000000100000000)
  region size 1024K, 33 young (33792K), 3 survivors (3072K)
 Metaspace       used 68201K, committed 68864K, reserved 1114112K
  class space    used 9469K, committed 9792K, reserved 1048576K
}
Event: 11.918 GC heap after
{Heap after GC invocations=21 (full 0):
 garbage-first heap   total 101376K, used 64189K [0x00000000c3600000, 0x0000000100000000)
  region size 1024K, 5 young (5120K), 5 survivors (5120K)
 Metaspace       used 68201K, committed 68864K, reserved 1114112K
  class space    used 9469K, committed 9792K, reserved 1048576K
}
Event: 11.939 GC heap before
{Heap before GC invocations=21 (full 0):
 garbage-first heap   total 101376K, used 76477K [0x00000000c3600000, 0x0000000100000000)
  region size 1024K, 18 young (18432K), 5 survivors (5120K)
 Metaspace       used 68201K, committed 68864K, reserved 1114112K
  class space    used 9469K, committed 9792K, reserved 1048576K
}
Event: 11.949 GC heap after
{Heap after GC invocations=22 (full 0):
 garbage-first heap   total 101376K, used 68987K [0x00000000c3600000, 0x0000000100000000)
  region size 1024K, 4 young (4096K), 4 survivors (4096K)
 Metaspace       used 68201K, committed 68864K, reserved 1114112K
  class space    used 9469K, committed 9792K, reserved 1048576K
}
Event: 11.983 GC heap before
{Heap before GC invocations=22 (full 0):
 garbage-first heap   total 101376K, used 87419K [0x00000000c3600000, 0x0000000100000000)
  region size 1024K, 21 young (21504K), 4 survivors (4096K)
 Metaspace       used 68201K, committed 68864K, reserved 1114112K
  class space    used 9469K, committed 9792K, reserved 1048576K
}
Event: 11.992 GC heap after
{Heap after GC invocations=23 (full 0):
 garbage-first heap   total 101376K, used 76661K [0x00000000c3600000, 0x0000000100000000)
  region size 1024K, 3 young (3072K), 3 survivors (3072K)
 Metaspace       used 68201K, committed 68864K, reserved 1114112K
  class space    used 9469K, committed 9792K, reserved 1048576K
}
Event: 12.015 GC heap before
{Heap before GC invocations=23 (full 0):
 garbage-first heap   total 101376K, used 89973K [0x00000000c3600000, 0x0000000100000000)
  region size 1024K, 16 young (16384K), 3 survivors (3072K)
 Metaspace       used 68201K, committed 68864K, reserved 1114112K
  class space    used 9469K, committed 9792K, reserved 1048576K
}

Dll operation events (11 events):
Event: 0.018 Loaded shared library C:\Program Files\Java\jdk-21\bin\java.dll
Event: 0.120 Loaded shared library C:\Program Files\Java\jdk-21\bin\jsvml.dll
Event: 0.158 Loaded shared library C:\Program Files\Java\jdk-21\bin\net.dll
Event: 0.163 Loaded shared library C:\Program Files\Java\jdk-21\bin\nio.dll
Event: 0.166 Loaded shared library C:\Program Files\Java\jdk-21\bin\zip.dll
Event: 0.266 Loaded shared library C:\Program Files\Java\jdk-21\bin\jimage.dll
Event: 2.947 Loaded shared library C:\Program Files\Java\jdk-21\bin\verify.dll
Event: 3.289 Loaded shared library C:\Program Files\Java\jdk-21\bin\extnet.dll
Event: 6.095 Loaded shared library C:\Program Files\Java\jdk-21\bin\awt.dll
Event: 6.438 Loaded shared library C:\Program Files\Java\jdk-21\bin\freetype.dll
Event: 6.441 Loaded shared library C:\Program Files\Java\jdk-21\bin\fontmanager.dll

Deoptimization events (20 events):
Event: 11.922 Thread 0x00000231856bdc50 DEOPT PACKING pc=0x0000023190933d82 sp=0x00000089d51fbb90
Event: 11.922 Thread 0x00000231856bdc50 DEOPT UNPACKING pc=0x00000231971a88e2 sp=0x00000089d51fb0b0 mode 0
Event: 11.938 Thread 0x00000231856bdc50 DEOPT PACKING pc=0x000002319092db34 sp=0x00000089d51f9ad0
Event: 11.938 Thread 0x00000231856bdc50 DEOPT UNPACKING pc=0x00000231971a88e2 sp=0x00000089d51f8f70 mode 0
Event: 11.965 Thread 0x00000231856bdc50 Uncommon trap: trap_request=0xffffffbe fr.pc=0x00000231978f0cc4 relative=0x0000000000000cc4
Event: 11.965 Thread 0x00000231856bdc50 Uncommon trap: reason=profile_predicate action=maybe_recompile pc=0x00000231978f0cc4 method=org.antlr.v4.runtime.misc.Array2DHashSet.getOrAddImpl(Ljava/lang/Object;)Ljava/lang/Object; @ 56 c2
Event: 11.965 Thread 0x00000231856bdc50 DEOPT PACKING pc=0x00000231978f0cc4 sp=0x00000089d51fb670
Event: 11.965 Thread 0x00000231856bdc50 DEOPT UNPACKING pc=0x00000231971a7da2 sp=0x00000089d51fb648 mode 2
Event: 11.965 Thread 0x00000231856bdc50 Uncommon trap: trap_request=0xffffffbe fr.pc=0x00000231978f0cc4 relative=0x0000000000000cc4
Event: 11.965 Thread 0x00000231856bdc50 Uncommon trap: reason=profile_predicate action=maybe_recompile pc=0x00000231978f0cc4 method=org.antlr.v4.runtime.misc.Array2DHashSet.getOrAddImpl(Ljava/lang/Object;)Ljava/lang/Object; @ 56 c2
Event: 11.965 Thread 0x00000231856bdc50 DEOPT PACKING pc=0x00000231978f0cc4 sp=0x00000089d51fb670
Event: 11.965 Thread 0x00000231856bdc50 DEOPT UNPACKING pc=0x00000231971a7da2 sp=0x00000089d51fb648 mode 2
Event: 11.965 Thread 0x00000231856bdc50 Uncommon trap: trap_request=0xffffffbe fr.pc=0x00000231978f0cc4 relative=0x0000000000000cc4
Event: 11.965 Thread 0x00000231856bdc50 Uncommon trap: reason=profile_predicate action=maybe_recompile pc=0x00000231978f0cc4 method=org.antlr.v4.runtime.misc.Array2DHashSet.getOrAddImpl(Ljava/lang/Object;)Ljava/lang/Object; @ 56 c2
Event: 11.965 Thread 0x00000231856bdc50 DEOPT PACKING pc=0x00000231978f0cc4 sp=0x00000089d51fb670
Event: 11.965 Thread 0x00000231856bdc50 DEOPT UNPACKING pc=0x00000231971a7da2 sp=0x00000089d51fb648 mode 2
Event: 12.007 Thread 0x00000231856bdc50 Uncommon trap: trap_request=0xffffff45 fr.pc=0x0000023197a7dd40 relative=0x0000000000000100
Event: 12.007 Thread 0x00000231856bdc50 Uncommon trap: reason=unstable_if action=reinterpret pc=0x0000023197a7dd40 method=org.antlr.v4.runtime.atn.SingletonPredictionContext.equals(Ljava/lang/Object;)Z @ 11 c2
Event: 12.007 Thread 0x00000231856bdc50 DEOPT PACKING pc=0x0000023197a7dd40 sp=0x00000089d51f8fe0
Event: 12.007 Thread 0x00000231856bdc50 DEOPT UNPACKING pc=0x00000231971a7da2 sp=0x00000089d51f8f78 mode 2

Classes loaded (20 events):
Event: 10.306 Loading class javax/swing/text/FlowView
Event: 10.307 Loading class javax/swing/text/BoxView
Event: 10.307 Loading class javax/swing/text/CompositeView
Event: 10.307 Loading class javax/swing/text/CompositeView done
Event: 10.307 Loading class javax/swing/text/BoxView done
Event: 10.307 Loading class javax/swing/text/FlowView done
Event: 10.307 Loading class javax/swing/text/ParagraphView done
Event: 10.307 Loading class javax/swing/plaf/basic/BasicTextFieldUI$I18nFieldView done
Event: 10.493 Loading class java/awt/image/AreaAveragingScaleFilter
Event: 10.494 Loading class java/awt/image/ReplicateScaleFilter
Event: 10.494 Loading class java/awt/image/ImageFilter
Event: 10.494 Loading class java/awt/image/ImageFilter done
Event: 10.495 Loading class java/awt/image/ReplicateScaleFilter done
Event: 10.495 Loading class java/awt/image/AreaAveragingScaleFilter done
Event: 10.495 Loading class java/awt/image/FilteredImageSource
Event: 10.495 Loading class java/awt/image/FilteredImageSource done
Event: 11.207 Loading class java/util/EmptyStackException
Event: 11.208 Loading class java/util/EmptyStackException done
Event: 11.296 Loading class java/io/InvalidClassException
Event: 11.296 Loading class java/io/InvalidClassException done

Classes unloaded (0 events):
No events

Classes redefined (0 events):
No events

Internal exceptions (20 events):
Event: 5.991 Thread 0x00000231856bdc50 Exception <a 'java/lang/NoSuchMethodError'{0x00000000c67aeec8}: 'int java.lang.invoke.DirectMethodHandle$Holder.invokeSpecial(java.lang.Object, java.lang.Object, int)'> (0x00000000c67aeec8) 
thrown [s\open\src\hotspot\share\interpreter\linkResolver.cpp, line 773]
Event: 6.002 Thread 0x00000231856bdc50 Exception <a 'java/lang/NoSuchMethodError'{0x00000000c6649958}: 'java.lang.Object java.lang.invoke.DirectMethodHandle$Holder.invokeStatic(java.lang.Object, int, java.lang.Object, java.lang.Object)'> (0x00000000c6649958) 
thrown [s\open\src\hotspot\share\interpreter\linkResolver.cpp, line 773]
Event: 6.002 Thread 0x00000231856bdc50 Exception <a 'java/lang/NoSuchMethodError'{0x00000000c664da50}: 'java.lang.Object java.lang.invoke.DirectMethodHandle$Holder.invokeSpecial(java.lang.Object, java.lang.Object, int, java.lang.Object, java.lang.Object)'> (0x00000000c664da50) 
thrown [s\open\src\hotspot\share\interpreter\linkResolver.cpp, line 773]
Event: 6.003 Thread 0x00000231856bdc50 Exception <a 'java/lang/NoSuchMethodError'{0x00000000c6651730}: 'java.lang.Object java.lang.invoke.DelegatingMethodHandle$Holder.delegate(java.lang.Object, int, java.lang.Object, java.lang.Object)'> (0x00000000c6651730) 
thrown [s\open\src\hotspot\share\interpreter\linkResolver.cpp, line 773]
Event: 6.004 Thread 0x00000231856bdc50 Exception <a 'java/lang/NoSuchMethodError'{0x00000000c6660d08}: 'int java.lang.invoke.Invokers$Holder.linkToTargetMethod(java.lang.Object, java.lang.Object, java.lang.Object)'> (0x00000000c6660d08) 
thrown [s\open\src\hotspot\share\interpreter\linkResolver.cpp, line 773]
Event: 6.033 Thread 0x00000231856bdc50 Exception <a 'java/lang/NoSuchMethodError'{0x00000000c65654c8}: 'void java.lang.invoke.Invokers$Holder.invokeExact_MT(java.lang.Object, java.lang.Object, java.lang.Object)'> (0x00000000c65654c8) 
thrown [s\open\src\hotspot\share\interpreter\linkResolver.cpp, line 773]
Event: 6.077 Thread 0x00000231856bdc50 Exception <a 'java/lang/ClassNotFoundException'{0x00000000c65fa788}: sun/awt/resources/spi/awtProvider> (0x00000000c65fa788) 
thrown [s\open\src\hotspot\share\classfile\systemDictionary.cpp, line 312]
Event: 6.098 Thread 0x00000231856bdc50 Exception <a 'java/io/FileNotFoundException'{0x00000000c6406e40}> (0x00000000c6406e40) 
thrown [s\open\src\hotspot\share\prims\jni.cpp, line 520]
Event: 6.099 Thread 0x00000231856bdc50 Exception <a 'java/io/FileNotFoundException'{0x00000000c64086c0}> (0x00000000c64086c0) 
thrown [s\open\src\hotspot\share\prims\jni.cpp, line 520]
Event: 6.266 Thread 0x00000231856bdc50 Exception <a 'java/lang/ClassNotFoundException'{0x00000000c6378238}: com/sun/swing/internal/plaf/metal/resources/spi/metalProvider> (0x00000000c6378238) 
thrown [s\open\src\hotspot\share\classfile\systemDictionary.cpp, line 312]
Event: 6.267 Thread 0x00000231856bdc50 Exception <a 'java/lang/ClassNotFoundException'{0x00000000c637c540}: com/sun/swing/internal/plaf/basic/resources/spi/basicProvider> (0x00000000c637c540) 
thrown [s\open\src\hotspot\share\classfile\systemDictionary.cpp, line 312]
Event: 6.539 Thread 0x00000231856bdc50 Exception <a 'java/lang/NoSuchMethodError'{0x00000000c76dece0}: 'void java.lang.invoke.Invokers$Holder.invokeExact_MT(java.lang.Object, java.lang.Object, java.lang.Object, java.lang.Object)'> (0x00000000c76dece0) 
thrown [s\open\src\hotspot\share\interpreter\linkResolver.cpp, line 773]
Event: 6.645 Thread 0x00000231856bdc50 Exception <a 'java/lang/IncompatibleClassChangeError'{0x00000000c73c5a98}: Found class java.lang.Object, but interface was expected> (0x00000000c73c5a98) 
thrown [s\open\src\hotspot\share\interpreter\linkResolver.cpp, line 840]
Event: 6.728 Thread 0x00000231856bdc50 Exception <a 'java/lang/NoSuchMethodError'{0x00000000c70eba20}: 'java.lang.Object java.lang.invoke.DirectMethodHandle$Holder.invokeInterface(java.lang.Object, java.lang.Object, java.lang.Object, java.lang.Object)'> (0x00000000c70eba20) 
thrown [s\open\src\hotspot\share\interpreter\linkResolver.cpp, line 773]
Event: 6.738 Thread 0x00000231856bdc50 Exception <a 'java/lang/IncompatibleClassChangeError'{0x00000000c6f62aa0}: Found class java.lang.Object, but interface was expected> (0x00000000c6f62aa0) 
thrown [s\open\src\hotspot\share\interpreter\linkResolver.cpp, line 840]
Event: 10.208 Thread 0x00000231e8a8f2a0 Implicit null exception at 0x00000231978db522 to 0x00000231978db860
Event: 10.209 Thread 0x00000231e8a8f2a0 Implicit null exception at 0x00000231978cdf22 to 0x00000231978ce260
Event: 10.225 Thread 0x00000231e8a8f2a0 Exception <a 'java/lang/NoSuchMethodError'{0x00000000c5c69e18}: 'java.lang.Object java.lang.invoke.DirectMethodHandle$Holder.newInvokeSpecial(java.lang.Object, java.lang.Object, java.lang.Object, int, int, int, int, int)'> (0x00000000c5c69e18) 
thrown [s\open\src\hotspot\share\interpreter\linkResolver.cpp, line 773]
Event: 10.354 Thread 0x00000231856bdc50 Exception <a 'java/lang/IncompatibleClassChangeError'{0x00000000c5793958}: Found class java.lang.Object, but interface was expected> (0x00000000c5793958) 
thrown [s\open\src\hotspot\share\interpreter\linkResolver.cpp, line 840]
Event: 10.679 Thread 0x00000231e8a8f2a0 Implicit null exception at 0x0000023197a2d9b6 to 0x0000023197a309d0

ZGC Phase Switch (0 events):
No events

VM Operations (20 events):
Event: 11.304 Executing VM operation: HandshakeAllThreads (Deoptimize) done
Event: 11.379 Executing VM operation: G1CollectForAllocation (G1 Evacuation Pause)
Event: 11.389 Executing VM operation: G1CollectForAllocation (G1 Evacuation Pause) done
Event: 11.414 Executing VM operation: HandshakeAllThreads (Deoptimize)
Event: 11.414 Executing VM operation: HandshakeAllThreads (Deoptimize) done
Event: 11.500 Executing VM operation: G1CollectForAllocation (G1 Evacuation Pause)
Event: 11.515 Executing VM operation: G1CollectForAllocation (G1 Evacuation Pause) done
Event: 11.641 Executing VM operation: G1PauseRemark
Event: 11.653 Executing VM operation: G1PauseRemark done
Event: 11.721 Executing VM operation: G1PauseCleanup
Event: 11.722 Executing VM operation: G1PauseCleanup done
Event: 11.746 Executing VM operation: G1CollectForAllocation (G1 Evacuation Pause)
Event: 11.758 Executing VM operation: G1CollectForAllocation (G1 Evacuation Pause) done
Event: 11.905 Executing VM operation: G1CollectForAllocation (G1 Evacuation Pause)
Event: 11.918 Executing VM operation: G1CollectForAllocation (G1 Evacuation Pause) done
Event: 11.939 Executing VM operation: G1TryInitiateConcMark (G1 Humongous Allocation)
Event: 11.949 Executing VM operation: G1TryInitiateConcMark (G1 Humongous Allocation) done
Event: 11.983 Executing VM operation: G1CollectForAllocation (G1 Evacuation Pause)
Event: 11.992 Executing VM operation: G1CollectForAllocation (G1 Evacuation Pause) done
Event: 12.015 Executing VM operation: G1CollectForAllocation (G1 Evacuation Pause)

Events (20 events):
Event: 11.651 Thread 0x0000023187865550 flushing nmethod 0x0000023197915c90
Event: 11.651 Thread 0x0000023187865550 flushing nmethod 0x00000231978ea190
Event: 11.651 Thread 0x0000023187865550 flushing nmethod 0x00000231978ce610
Event: 11.651 Thread 0x0000023187865550 flushing nmethod 0x00000231978aa590
Event: 11.651 Thread 0x0000023187865550 flushing nmethod 0x000002319789d590
Event: 11.651 Thread 0x0000023187865550 flushing nmethod 0x000002319789ae10
Event: 11.651 Thread 0x0000023187865550 flushing nmethod 0x000002319789ab10
Event: 11.651 Thread 0x0000023187865550 flushing nmethod 0x0000023197869510
Event: 11.651 Thread 0x0000023187865550 flushing nmethod 0x0000023197865690
Event: 11.651 Thread 0x0000023187865550 flushing nmethod 0x000002319784b990
Event: 11.651 Thread 0x0000023187865550 flushing nmethod 0x000002319779b790
Event: 11.651 Thread 0x0000023187865550 flushing nmethod 0x00000231977eff90
Event: 11.651 Thread 0x0000023187865550 flushing nmethod 0x00000231977ee510
Event: 11.651 Thread 0x0000023187865550 flushing nmethod 0x00000231977cee90
Event: 11.651 Thread 0x0000023187865550 flushing nmethod 0x0000023197752110
Event: 11.651 Thread 0x0000023187865550 flushing nmethod 0x000002319779a790
Event: 11.651 Thread 0x0000023187865550 flushing nmethod 0x0000023197749f90
Event: 11.651 Thread 0x0000023187865550 flushing nmethod 0x0000023197744b10
Event: 11.651 Thread 0x0000023187865550 flushing nmethod 0x000002319771e190
Event: 11.651 Thread 0x0000023187865550 flushing nmethod 0x00000231976f6610


Dynamic libraries:
0x00007ff68b9d0000 - 0x00007ff68b9e0000 	C:\Program Files\Java\jdk-21\bin\java.exe
0x00007ffcc2b90000 - 0x00007ffcc2d88000 	C:\Windows\SYSTEM32\ntdll.dll
0x00007ffcc0c10000 - 0x00007ffcc0cd2000 	C:\Windows\System32\KERNEL32.DLL
0x00007ffcc04d0000 - 0x00007ffcc07c7000 	C:\Windows\System32\KERNELBASE.dll
0x00007ffcc0310000 - 0x00007ffcc0410000 	C:\Windows\System32\ucrtbase.dll
0x00007ffcb9ac0000 - 0x00007ffcb9ad9000 	C:\Program Files\Java\jdk-21\bin\jli.dll
0x00007ffcb9f60000 - 0x00007ffcb9f7b000 	C:\Program Files\Java\jdk-21\bin\VCRUNTIME140.dll
0x00007ffcc2510000 - 0x00007ffcc25c1000 	C:\Windows\System32\ADVAPI32.dll
0x00007ffcc0fe0000 - 0x00007ffcc107e000 	C:\Windows\System32\msvcrt.dll
0x00007ffcc1080000 - 0x00007ffcc111f000 	C:\Windows\System32\sechost.dll
0x00007ffcc29f0000 - 0x00007ffcc2b16000 	C:\Windows\System32\RPCRT4.dll
0x00007ffcc04a0000 - 0x00007ffcc04c7000 	C:\Windows\System32\bcrypt.dll
0x00007ffcc0cf0000 - 0x00007ffcc0e8d000 	C:\Windows\System32\USER32.dll
0x00007ffcc0b50000 - 0x00007ffcc0b72000 	C:\Windows\System32\win32u.dll
0x00007ffcc15c0000 - 0x00007ffcc15eb000 	C:\Windows\System32\GDI32.dll
0x00007ffcc01f0000 - 0x00007ffcc0309000 	C:\Windows\System32\gdi32full.dll
0x00007ffcac090000 - 0x00007ffcac32a000 	C:\Windows\WinSxS\amd64_microsoft.windows.common-controls_6595b64144ccf1df_6.0.19041.5915_none_60b4b9d171f9c7c7\COMCTL32.dll
0x00007ffcc0ab0000 - 0x00007ffcc0b4d000 	C:\Windows\System32\msvcp_win.dll
0x00007ffcac340000 - 0x00007ffcac34a000 	C:\Windows\SYSTEM32\VERSION.dll
0x00007ffcc0e90000 - 0x00007ffcc0ebf000 	C:\Windows\System32\IMM32.DLL
0x00007ffcbb0c0000 - 0x00007ffcbb0cc000 	C:\Program Files\Java\jdk-21\bin\vcruntime140_1.dll
0x00007ffc8d0b0000 - 0x00007ffc8d13e000 	C:\Program Files\Java\jdk-21\bin\msvcp140.dll
0x00007ffc6bff0000 - 0x00007ffc6ccfd000 	C:\Program Files\Java\jdk-21\bin\server\jvm.dll
0x00007ffcc1720000 - 0x00007ffcc178b000 	C:\Windows\System32\WS2_32.dll
0x00007ffcbfb70000 - 0x00007ffcbfbbb000 	C:\Windows\SYSTEM32\POWRPROF.dll
0x00007ffcb6610000 - 0x00007ffcb6637000 	C:\Windows\SYSTEM32\WINMM.dll
0x00007ffcbfb50000 - 0x00007ffcbfb62000 	C:\Windows\SYSTEM32\UMPDC.dll
0x00007ffcbe9d0000 - 0x00007ffcbe9e2000 	C:\Windows\SYSTEM32\kernel.appcore.dll
0x00007ffcba160000 - 0x00007ffcba16a000 	C:\Program Files\Java\jdk-21\bin\jimage.dll
0x00007ffcbdef0000 - 0x00007ffcbe0f1000 	C:\Windows\SYSTEM32\DBGHELP.DLL
0x00007ffcaf590000 - 0x00007ffcaf5c4000 	C:\Windows\SYSTEM32\dbgcore.DLL
0x00007ffcc0410000 - 0x00007ffcc0492000 	C:\Windows\System32\bcryptPrimitives.dll
0x00007ffcb94c0000 - 0x00007ffcb94df000 	C:\Program Files\Java\jdk-21\bin\java.dll
0x00007ffcc1800000 - 0x00007ffcc1f6e000 	C:\Windows\System32\SHELL32.dll
0x00007ffcbe210000 - 0x00007ffcbe9b4000 	C:\Windows\SYSTEM32\windows.storage.dll
0x00007ffcc2630000 - 0x00007ffcc2983000 	C:\Windows\System32\combase.dll
0x00007ffcbfad0000 - 0x00007ffcbfafb000 	C:\Windows\SYSTEM32\Wldp.dll
0x00007ffcc14f0000 - 0x00007ffcc15bd000 	C:\Windows\System32\OLEAUT32.dll
0x00007ffcc1210000 - 0x00007ffcc12bd000 	C:\Windows\System32\SHCORE.dll
0x00007ffcc2990000 - 0x00007ffcc29eb000 	C:\Windows\System32\shlwapi.dll
0x00007ffcc0120000 - 0x00007ffcc0144000 	C:\Windows\SYSTEM32\profapi.dll
0x00007ffc8b950000 - 0x00007ffc8ba27000 	C:\Program Files\Java\jdk-21\bin\jsvml.dll
0x00007ffcba120000 - 0x00007ffcba130000 	C:\Program Files\Java\jdk-21\bin\net.dll
0x00007ffcbc2a0000 - 0x00007ffcbc3aa000 	C:\Windows\SYSTEM32\WINHTTP.dll
0x00007ffcbf850000 - 0x00007ffcbf8ba000 	C:\Windows\system32\mswsock.dll
0x00007ffcb85b0000 - 0x00007ffcb85c6000 	C:\Program Files\Java\jdk-21\bin\nio.dll
0x00007ffcb74a0000 - 0x00007ffcb74b8000 	C:\Program Files\Java\jdk-21\bin\zip.dll
0x00007ffcbfb10000 - 0x00007ffcbfb28000 	C:\Windows\SYSTEM32\CRYPTSP.dll
0x00007ffcbf190000 - 0x00007ffcbf1c8000 	C:\Windows\system32\rsaenh.dll
0x00007ffcc00e0000 - 0x00007ffcc010e000 	C:\Windows\SYSTEM32\USERENV.dll
0x00007ffcbf9e0000 - 0x00007ffcbf9ec000 	C:\Windows\SYSTEM32\CRYPTBASE.dll
0x00007ffcbf550000 - 0x00007ffcbf58b000 	C:\Windows\SYSTEM32\IPHLPAPI.DLL
0x00007ffcc1200000 - 0x00007ffcc1208000 	C:\Windows\System32\NSI.dll
0x00007ffcba0f0000 - 0x00007ffcba100000 	C:\Program Files\Java\jdk-21\bin\verify.dll
0x00007ffcbf590000 - 0x00007ffcbf65a000 	C:\Windows\SYSTEM32\DNSAPI.dll
0x00007ffcb9250000 - 0x00007ffcb925a000 	C:\Windows\System32\rasadhlp.dll
0x00007ffcb40b0000 - 0x00007ffcb4130000 	C:\Windows\System32\fwpuclnt.dll
0x00007ffcb9c50000 - 0x00007ffcb9c59000 	C:\Program Files\Java\jdk-21\bin\extnet.dll
0x00007ffc80420000 - 0x00007ffc805ae000 	C:\Program Files\Java\jdk-21\bin\awt.dll
0x00007ffcbcd30000 - 0x00007ffcbcdc4000 	C:\Windows\SYSTEM32\apphelp.dll
0x00007ffcbd830000 - 0x00007ffcbd85e000 	C:\Windows\system32\DWMAPI.DLL
0x00007ffcbd6f0000 - 0x00007ffcbd78e000 	C:\Windows\system32\uxtheme.dll
0x00007ffc97710000 - 0x00007ffc97838000 	C:\Windows\system32\opengl32.dll
0x00007ffca4070000 - 0x00007ffca409c000 	C:\Windows\SYSTEM32\GLU32.dll
0x00007ffcc0ec0000 - 0x00007ffcc0fd5000 	C:\Windows\System32\MSCTF.dll
0x00007ffcc1f70000 - 0x00007ffcc209b000 	C:\Windows\System32\ole32.dll
0x00007ffc85740000 - 0x00007ffc857c7000 	C:\Program Files\Java\jdk-21\bin\freetype.dll
0x00007ffc83a70000 - 0x00007ffc83b51000 	C:\Program Files\Java\jdk-21\bin\fontmanager.dll
0x00007ffcc1670000 - 0x00007ffcc1719000 	C:\Windows\System32\clbcatq.dll
0x00007ffcbd460000 - 0x00007ffcbd616000 	C:\Windows\SYSTEM32\WindowsCodecs.dll
0x00007ffc9c470000 - 0x00007ffc9c4ae000 	C:\Windows\system32\dataexchange.dll
0x00007ffcbae40000 - 0x00007ffcbb0a4000 	C:\Windows\system32\d3d11.dll
0x00007ffcbb6d0000 - 0x00007ffcbb8b4000 	C:\Windows\system32\dcomp.dll
0x00007ffcbea40000 - 0x00007ffcbeb36000 	C:\Windows\system32\dxgi.dll
0x00007ffcb8de0000 - 0x00007ffcb8fe3000 	C:\Windows\system32\twinapi.appcore.dll

dbghelp: loaded successfully - version: 4.0.5 - missing functions: none
symbol engine: initialized successfully - sym options: 0x614 - pdb path: .;C:\Program Files\Java\jdk-21\bin;C:\Windows\SYSTEM32;C:\Windows\WinSxS\amd64_microsoft.windows.common-controls_6595b64144ccf1df_6.0.19041.5915_none_60b4b9d171f9c7c7;C:\Program Files\Java\jdk-21\bin\server

VM Arguments:
jvm_args: --enable-preview 
java_command: br.com.ifba.app.SigtmApplication
java_class_path (initial): C:\Users\User\Documents\NetBeansProjects\IFBA\POO\sigtm\target\classes;C:\Users\User\.m2\repository\org\springframework\boot\spring-boot-starter-data-jpa\3.5.3\spring-boot-starter-data-jpa-3.5.3.jar;C:\Users\User\.m2\repository\org\springframework\boot\spring-boot-starter-jdbc\3.5.3\spring-boot-starter-jdbc-3.5.3.jar;C:\Users\User\.m2\repository\com\zaxxer\HikariCP\6.3.0\HikariCP-6.3.0.jar;C:\Users\User\.m2\repository\org\springframework\spring-jdbc\6.2.8\spring-jdbc-6.2.8.jar;C:\Users\User\.m2\repository\org\hibernate\orm\hibernate-core\6.6.18.Final\hibernate-core-6.6.18.Final.jar;C:\Users\User\.m2\repository\jakarta\persistence\jakarta.persistence-api\3.1.0\jakarta.persistence-api-3.1.0.jar;C:\Users\User\.m2\repository\jakarta\transaction\jakarta.transaction-api\2.0.1\jakarta.transaction-api-2.0.1.jar;C:\Users\User\.m2\repository\org\jboss\logging\jboss-logging\3.6.1.Final\jboss-logging-3.6.1.Final.jar;C:\Users\User\.m2\repository\org\hibernate\common\hibernate-commons-annotations\7.0.3.Final\hibernate-commons-annotations-7.0.3.Final.jar;C:\Users\User\.m2\repository\io\smallrye\jandex\3.2.0\jandex-3.2.0.jar;C:\Users\User\.m2\repository\com\fasterxml\classmate\1.7.0\classmate-1.7.0.jar;C:\Users\User\.m2\repository\net\bytebuddy\byte-buddy\1.17.6\byte-buddy-1.17.6.jar;C:\Users\User\.m2\repository\org\glassfish\jaxb\jaxb-runtime\4.0.5\jaxb-runtime-4.0.5.jar;C:\Users\User\.m2\repository\org\glassfish\jaxb\jaxb-core\4.0.5\jaxb-core-4.0.5.jar;C:\Users\User\.m2\repository\org\eclipse\angus\angus-activation\2.0.2\angus-activation-2.0.2.jar;C:\Users\User\.m2\repository\org\glassfish\jaxb\txw2\4.0.5\txw2-4.0.5.jar;C:\Users\User\.m2\repository\com\sun\istack\istack-commons-runtime\4.1.2\istack-commons-runtime-4.1.2.jar;C:\Users\User\.m2\repository\jakarta\inject\jakarta.inject-api\2.0.1\jakarta.inject-api-2.0.1.jar;C:\Users\User\.m2\repository\org\antlr\antlr4-runtime\4.13.0\antlr4-runtime-4.13.0.jar;C:\Users\User\.m2\repository\org\springframework\data\spring-data-jpa\3.5.1\spring-data-jpa-3.5.1.jar;C:\Users\User\.m2\repository\org\springframework\data\spring-data-commons\3.5.1\spring-data-commons-3.5.1.jar;C:\Users\User\.m2\repository\org\springframework\spring-orm\6.2.8\spring-orm-6.2.8.jar;C:\Users\User\.m2\repository\org\springframework\spring-context\6.2.8\spring-context-6.2.8.jar;C:\Users\User\.m2\repository\org\springframework\spring-expression\6.2.8\spring-expression-6.2.8.jar;C:\Users\User\.m2\repository\io\micrometer\micrometer-observation\1.15.1\micrometer-observation-1.15.1.jar;C:\Users\User\.m2\repository\io\micrometer\micrometer-commons\1.15.1\micrometer-commons-1.15.1.jar;C:\Users\User\.m2\repository\org\springframework\spring-aop\6.2.8\spring-aop-6.2.8.jar;C:\Users\User\.m2\repository\org\springframework\spring-tx\6.2.8\spring-tx-6.2.8.jar;C:\Users\User\.m2\repository\org\springframework\spring-beans\6.2.8\spring-beans-6.2.8.jar;C:\Users\User\.m2\repository\org\springframework\spring-aspects\6.2.8\spring-aspects-6.2.8.jar;C:\Users\User\.m2\repository\org\aspectj\aspectjweaver\1.9.24\aspectjweaver-1.9.24.jar;C:\Users\User\.m2\repository\com\mysql\mysql-connector-j\9.2.0\mysql-connector-j-9.2.0.jar;C:\Users\User\.m2\repository\org\springframework\boot\spring-boot-starter\3.5.3\spring-boot-starter-3.5.3.jar;C:\Users\User\.m2\repository\org\springframework\boot\spring-boot\3.5.3\spring-boot-3.5.3.jar;C:\Users\User\.m2\repository\org\springframework\boot\spring-boot-autoconfigure\3.5.3\spring-boot-autoconfigure-3.5.3.jar;C:\Users\User\.m2\repository\org\springframework\boot\spring-boot-starter-logging\3.5.3\spring-boot-starter-logging-3.5.3.jar;C:\Users\User\.m2\repository\org\apache\logging\log4j\log4j-to-slf4j\2.24.3\log4j-to-slf4j-2.24.3.jar;C:\Users\User\.m2\repository\org\apache\logging\log4j\log4j-api\2.24.3\log4j-api-2.24.3.jar;C:\Users\User\.m2\repository\org\slf4j\jul-to-slf4j\2.0.17\jul-to-slf4j-2.0.17.jar;C:\Users\User\.m2\repository\jakarta\annotation\jakarta.annotation-api\2.1.1\jakarta.annotation-api-2.1.1.jar;C:\Users\User\.m2\repository\org\springframework\spring-core\6.2.8\spring-core-6.2.8.jar;C:\Users\User\.m2\repository\org\springframework\spring-jcl\6.2.8\spring-jcl-6.2.8.jar;C:\Users\User\.m2\repository\org\yaml\snakeyaml\2.4\snakeyaml-2.4.jar;C:\Users\User\.m2\repository\org\projectlombok\lombok\1.18.38\lombok-1.18.38.jar;C:\Users\User\.m2\repository\ch\qos\logback\logback-classic\1.5.18\logback-classic-1.5.18.jar;C:\Users\User\.m2\repository\ch\qos\logback\logback-core\1.5.18\logback-core-1.5.18.jar;C:\Users\User\.m2\repository\org\slf4j\slf4j-api\2.0.17\slf4j-api-2.0.17.jar;C:\Users\User\.m2\repository\jakarta\xml\bind\jakarta.xml.bind-api\4.0.2\jakarta.xml.bind-api-4.0.2.jar;C:\Users\User\.m2\repository\jakarta\activation\jakarta.activation-api\2.1.3\jakarta.activation-api-2.1.3.jar;C:\Users\User\.m2\repository\org\springframework\boot\spring-boot-starter-validation\3.5.3\spring-boot-starter-validation-3.5.3.jar;C:\Users\User\.m2\repository\org\apache\tomcat\embed\tomcat-embed-el\10.1.42\tomcat-embed-el-10.1.42.jar;C:\Users\User\.m2\repository\org\hibernate\validator\hibernate-validator\8.0.2.Final\hibernate-validator-8.0.2.Final.jar;C:\Users\User\.m2\repository\jakarta\validation\jakarta.validation-api\3.0.2\jakarta.validation-api-3.0.2.jar;C:\Users\User\.m2\repository\com\github\gilmardeveloper\safeguard\0.0.1-RELEASE\safeguard-0.0.1-RELEASE.jar;C:\Users\User\.m2\repository\br\com\caelum\stella\caelum-stella-core\2.1.2\caelum-stella-core-2.1.2.jar;C:\Users\User\.m2\repository\javax\validation\validation-api\1.1.0.Final\validation-api-1.1.0.Final.jar;C:\Users\User\.m2\repository\org\hibernate\hibernate-validator\5.3.5.Final\hibernate-validator-5.3.5.Final.jar;C:\Users\User\.m2\repository\javax\el\javax.el-api\2.2.4\javax.el-api-2.2.4.jar;C:\Users\User\.m2\repository\org\glassfish\web\javax.el\2.2.4\javax.el-2.2.4.jar;C:\Users\User\.m2\repository\org\postgresql\postgresql\42.7.7\postgresql-42.7.7.jar;C:\Users\User\.m2\repository\org\checkerframework\checker-qual\3.49.3\checker-qual-3.49.3.jar;C:\Users\User\.m2\repository\org\netbeans\external\AbsoluteLayout\RELEASE240\AbsoluteLayout-RELEASE240.jar
Launcher Type: SUN_STANDARD

[Global flags]
     intx CICompilerCount                          = 3                                         {product} {ergonomic}
     uint ConcGCThreads                            = 1                                         {product} {ergonomic}
     uint G1ConcRefinementThreads                  = 4                                         {product} {ergonomic}
   size_t G1HeapRegionSize                         = 1048576                                   {product} {ergonomic}
    uintx GCDrainStackTargetSize                   = 64                                        {product} {ergonomic}
   size_t InitialHeapSize                          = 65011712                                  {product} {ergonomic}
   size_t MarkStackSize                            = 4194304                                   {product} {ergonomic}
   size_t MaxHeapSize                              = 1017118720                                {product} {ergonomic}
   size_t MaxNewSize                               = 610271232                                 {product} {ergonomic}
   size_t MinHeapDeltaBytes                        = 1048576                                   {product} {ergonomic}
   size_t MinHeapSize                              = 8388608                                   {product} {ergonomic}
    uintx NonNMethodCodeHeapSize                   = 5832780                                {pd product} {ergonomic}
    uintx NonProfiledCodeHeapSize                  = 122912730                              {pd product} {ergonomic}
    uintx ProfiledCodeHeapSize                     = 122912730                              {pd product} {ergonomic}
    uintx ReservedCodeCacheSize                    = 251658240                              {pd product} {ergonomic}
     bool SegmentedCodeCache                       = true                                      {product} {ergonomic}
   size_t SoftMaxHeapSize                          = 1017118720                             {manageable} {ergonomic}
     bool UseCompressedOops                        = true                           {product lp64_product} {ergonomic}
     bool UseG1GC                                  = true                                      {product} {ergonomic}
     bool UseLargePagesIndividualAllocation        = false                                  {pd product} {ergonomic}

Logging:
Log output configuration:
 #0: stdout all=warning uptime,level,tags foldmultilines=false
 #1: stderr all=off uptime,level,tags foldmultilines=false

Environment Variables:
JAVA_HOME=C:\Program Files\Java\jdk-21
PATH=C:\Program Files (x86)\NVIDIA Corporation\PhysX\Common;C:\Program Files\Common Files\Oracle\Java\javapath;C:\Program Files (x86)\Common Files\Oracle\Java\java8path;C:\Program Files (x86)\Common Files\Oracle\Java\javapath;C:\Program Files\Eclipse Adoptium\jdk-21.0.3.9-hotspot\bin;C:\Windows\system32;C:\Windows;C:\Windows\System32\Wbem;C:\Windows\System32\WindowsPowerShell\v1.0\;C:\Windows\System32\OpenSSH\;C:\Users\User\AppData\Local\Microsoft\WindowsApps;C:\CorelDraw\py.exe;C:\MinGW\bin;C:\Users\User\caio\Dio-Git-e-GitHub\Git\cmd;C:\Program Files\dotnet\;C:\Program Files\Pandoc\;C:\apache-maven\bin;C:\Program Files\Calibre2\;C:\Users\User\anaconda3;C:\Users\User\anaconda3\Library\mingw-w64\bin;C:\Users\User\anaconda3\Library\usr\bin;C:\Users\User\anaconda3\Library\bin;C:\Users\User\anaconda3\Scripts;C:\Windows\system32;C:\Windows;C:\Windows\System32\Wbem;C:\Windows\System32\WindowsPowerShell\v1.0\;C:\Windows\System32\OpenSSH\;C:\Users\User\AppData\Local\Microsoft\WindowsApps;C:\CorelDraw\py.exe;C:\Users\User\AppData\Local\Programs\Microsoft VS Code\bin;C:\Users\User\AppData\Local\GitHubDesktop\bin;C:\Program Files\JetBrains\CLion 2024.2.2\bin;C:\Users\User\AppData\Local\JetBrains\Toolbox\scripts;;C:\Program Files\JetBrains\IntelliJ IDEA 2024.3.4.1\bin;
USERNAME=User
OS=Windows_NT
PROCESSOR_IDENTIFIER=Intel64 Family 6 Model 140 Stepping 2, GenuineIntel
TMP=C:\Users\User\AppData\Local\Temp
TEMP=C:\Users\User\AppData\Local\Temp




Periodic native trim disabled

---------------  S Y S T E M  ---------------

OS:
 Windows 10 , 64 bit Build 19041 (10.0.19041.5915)
OS uptime: 9 days 0:40 hours
Hyper-V role detected

CPU: total 4 (initial active 4) (2 cores per cpu, 2 threads per core) family 6 model 140 stepping 2 microcode 0x26, cx8, cmov, fxsr, ht, mmx, 3dnowpref, sse, sse2, sse3, ssse3, sse4.1, sse4.2, popcnt, lzcnt, tsc, tscinvbit, avx, avx2, aes, erms, clmul, bmi1, bmi2, adx, avx512f, avx512dq, avx512cd, avx512bw, avx512vl, sha, fma, vzeroupper, avx512_vpopcntdq, avx512_vpclmulqdq, avx512_vaes, avx512_vnni, clflush, clflushopt, clwb, avx512_vbmi2, avx512_vbmi, hv, rdtscp, rdpid, fsrm, gfni, avx512_bitalg, f16c, cet_ibt, cet_ss, avx512_ifma
Processor Information for all 4 processors :
  Max Mhz: 2995, Current Mhz: 2995, Mhz Limit: 2995

Memory: 4k page, system-wide physical 3879M (218M free)
TotalPageFile size 15655M (AvailPageFile size 59M)
current process WorkingSet (physical memory assigned to process): 220M, peak: 221M
current process commit charge ("private bytes"): 315M, peak: 474M

vm_info: Java HotSpot(TM) 64-Bit Server VM (21.0.3+7-LTS-152) for windows-amd64 JRE (21.0.3+7-LTS-152), built on 2024-03-11T17:42:26Z by "mach5one" with MS VC++ 17.6 (VS2022)

END.
