#
# There is insufficient memory for the Java Runtime Environment to continue.
# Native memory allocation (malloc) failed to allocate 32744 bytes for Chunk::new
# Possible reasons:
#   The system is out of physical RAM or swap space
#   The process is running with CompressedOops enabled, and the Java Heap may be blocking the growth of the native heap
# Possible solutions:
#   Reduce memory load on the system
#   Increase physical memory or swap space
#   Check if swap backing store is full
#   Decrease Java heap size (-Xmx/-Xms)
#   Decrease number of Java threads
#   Decrease Java thread stack sizes (-Xss)
#   Set larger code cache with -XX:ReservedCodeCacheSize=
#   JVM is running with Unscaled Compressed Oops mode in which the Java heap is
#     placed in the first 4GB address space. The Java Heap base address is the
#     maximum limit for the native heap growth. Please use -XX:HeapBaseMinAddress
#     to set the Java Heap base and to place the Java Heap above 4GB virtual address.
# This output file may be truncated or incomplete.
#
#  Out of Memory Error (arena.cpp:168), pid=5184, tid=5756
#
# JRE version: Java(TM) SE Runtime Environment (21.0.3+7) (build 21.0.3+7-LTS-152)
# Java VM: Java HotSpot(TM) 64-Bit Server VM (21.0.3+7-LTS-152, mixed mode, sharing, tiered, compressed oops, compressed class ptrs, g1 gc, windows-amd64)
# No core dump will be written. Minidumps are not enabled by default on client versions of Windows
#

---------------  S U M M A R Y ------------

Command Line: --enable-native-access=ALL-UNNAMED -Dclassworlds.conf=C:\Users\User\.m2\wrapper\dists\apache-maven-3.9.11\d6d3cbd4012d4c1d840e93277aca316c\bin\m2.conf -Dmaven.home=C:\Users\User\.m2\wrapper\dists\apache-maven-3.9.11\d6d3cbd4012d4c1d840e93277aca316c -Dlibrary.jansi.path=C:\Users\User\.m2\wrapper\dists\apache-maven-3.9.11\d6d3cbd4012d4c1d840e93277aca316c\lib\jansi-native -Dmaven.multiModuleProjectDirectory=C:\Users\User\Documents\NetBeansProjects\IFBA\POO\sigtm org.codehaus.plexus.classworlds.launcher.Launcher -Dmaven.ext.class.path=C:\Program Files\NetBeans-24\netbeans\java\maven-nblib\netbeans-eventspy.jar --no-transfer-progress clean install

Host: 11th Gen Intel(R) Core(TM) i3-1115G4 @ 3.00GHz, 4 cores, 3G,  Windows 10 , 64 bit Build 19041 (10.0.19041.5915)
Time: Mon Aug 25 20:50:41 2025 Hora Padrão da Bahia elapsed time: 26.366314 seconds (0d 0h 0m 26s)

---------------  T H R E A D  ---------------

Current thread (0x0000024dcbe729b0):  JavaThread "C2 CompilerThread0" daemon [_thread_in_native, id=5756, stack(0x0000005e42500000,0x0000005e42600000) (1024K)]


Current CompileTask:
C2:  26366 11357   !   4       java.lang.ClassLoader::loadClass (121 bytes)

Stack: [0x0000005e42500000,0x0000005e42600000]
Native frames: (J=compiled Java code, j=interpreted, Vv=VM code, C=native code)
V  [jvm.dll+0x6c63b9]
V  [jvm.dll+0x84fa11]
V  [jvm.dll+0x851f3e]
V  [jvm.dll+0x852613]
V  [jvm.dll+0x27cd46]
V  [jvm.dll+0xc4aad]
V  [jvm.dll+0xc4fe3]
V  [jvm.dll+0x3b739d]
V  [jvm.dll+0x3b6bc1]
V  [jvm.dll+0x3b6c04]
V  [jvm.dll+0x3b02bc]
V  [jvm.dll+0x1df317]
V  [jvm.dll+0x245c92]
V  [jvm.dll+0x24511f]
V  [jvm.dll+0x1c689e]
V  [jvm.dll+0x254609]
V  [jvm.dll+0x252b9a]
V  [jvm.dll+0x3eb056]
V  [jvm.dll+0x7f9ffb]
V  [jvm.dll+0x6c4a9d]
C  [ucrtbase.dll+0x21bb2]
C  [KERNEL32.DLL+0x17374]
C  [ntdll.dll+0x4cc91]


---------------  P R O C E S S  ---------------

Threads class SMR info:
_java_thread_list=0x0000024e13e0bfa0, length=17, elements={
0x0000024daf062b00, 0x0000024dcbe33d40, 0x0000024dcbe34d50, 0x0000024dcbe37f80,
0x0000024dcbe3aae0, 0x0000024dcbe3b630, 0x0000024dcbe405e0, 0x0000024dcbe729b0,
0x0000024dcbe74460, 0x0000024e11146ce0, 0x0000024e11147a00, 0x0000024e11236850,
0x0000024e11233a60, 0x0000024e11234780, 0x0000024e11235b30, 0x0000024e11231990,
0x0000024e1122ff50
}

Java Threads: ( => current thread )
  0x0000024daf062b00 JavaThread "main"                              [_thread_in_native, id=5860, stack(0x0000005e41700000,0x0000005e41800000) (1024K)]
  0x0000024dcbe33d40 JavaThread "Reference Handler"          daemon [_thread_blocked, id=14492, stack(0x0000005e41f00000,0x0000005e42000000) (1024K)]
  0x0000024dcbe34d50 JavaThread "Finalizer"                  daemon [_thread_blocked, id=896, stack(0x0000005e42000000,0x0000005e42100000) (1024K)]
  0x0000024dcbe37f80 JavaThread "Signal Dispatcher"          daemon [_thread_blocked, id=2660, stack(0x0000005e42100000,0x0000005e42200000) (1024K)]
  0x0000024dcbe3aae0 JavaThread "Attach Listener"            daemon [_thread_blocked, id=24980, stack(0x0000005e42200000,0x0000005e42300000) (1024K)]
  0x0000024dcbe3b630 JavaThread "Service Thread"             daemon [_thread_blocked, id=22732, stack(0x0000005e42300000,0x0000005e42400000) (1024K)]
  0x0000024dcbe405e0 JavaThread "Monitor Deflation Thread"   daemon [_thread_blocked, id=25820, stack(0x0000005e42400000,0x0000005e42500000) (1024K)]
=>0x0000024dcbe729b0 JavaThread "C2 CompilerThread0"         daemon [_thread_in_native, id=5756, stack(0x0000005e42500000,0x0000005e42600000) (1024K)]
  0x0000024dcbe74460 JavaThread "C1 CompilerThread0"         daemon [_thread_blocked, id=4404, stack(0x0000005e42600000,0x0000005e42700000) (1024K)]
  0x0000024e11146ce0 JavaThread "Notification Thread"        daemon [_thread_blocked, id=9592, stack(0x0000005e42700000,0x0000005e42800000) (1024K)]
  0x0000024e11147a00 JavaThread "Common-Cleaner"             daemon [_thread_blocked, id=15440, stack(0x0000005e42800000,0x0000005e42900000) (1024K)]
  0x0000024e11236850 JavaThread "timeout-check-timer"        daemon [_thread_blocked, id=14040, stack(0x0000005e42c00000,0x0000005e42d00000) (1024K)]
  0x0000024e11233a60 JavaThread "ping-timer-10s"             daemon [_thread_blocked, id=15864, stack(0x0000005e42d00000,0x0000005e42e00000) (1024K)]
  0x0000024e11234780 JavaThread "ThreadedStreamConsumer"     daemon [_thread_blocked, id=8264, stack(0x0000005e42e00000,0x0000005e42f00000) (1024K)]
  0x0000024e11235b30 JavaThread "fork-1-err-thread"          daemon [_thread_in_native, id=1640, stack(0x0000005e42f00000,0x0000005e43000000) (1024K)]
  0x0000024e11231990 JavaThread "commands-fork-1"            daemon [_thread_blocked, id=18588, stack(0x0000005e43000000,0x0000005e43100000) (1024K)]
  0x0000024e1122ff50 JavaThread "fork-1-event-thread"        daemon [_thread_in_Java, id=16032, stack(0x0000005e43100000,0x0000005e43200000) (1024K)]
Total: 17

Other Threads:
  0x0000024daf03e540 VMThread "VM Thread"                           [id=26144, stack(0x0000005e41e00000,0x0000005e41f00000) (1024K)]
  0x0000024dcbdfeed0 WatcherThread "VM Periodic Task Thread"        [id=17168, stack(0x0000005e41d00000,0x0000005e41e00000) (1024K)]
  0x0000024daf03d6c0 WorkerThread "GC Thread#0"                     [id=7748, stack(0x0000005e41800000,0x0000005e41900000) (1024K)]
  0x0000024daf03e8e0 WorkerThread "GC Thread#1"                     [id=10992, stack(0x0000005e42900000,0x0000005e42a00000) (1024K)]
  0x0000024daf03ec80 WorkerThread "GC Thread#2"                     [id=11292, stack(0x0000005e42a00000,0x0000005e42b00000) (1024K)]
  0x0000024e11aba6e0 WorkerThread "GC Thread#3"                     [id=25116, stack(0x0000005e42b00000,0x0000005e42c00000) (1024K)]
  0x0000024daf2de9e0 ConcurrentGCThread "G1 Main Marker"            [id=8608, stack(0x0000005e41900000,0x0000005e41a00000) (1024K)]
  0x0000024daf03da60 WorkerThread "G1 Conc#0"                       [id=25892, stack(0x0000005e41a00000,0x0000005e41b00000) (1024K)]
  0x0000024daf364920 ConcurrentGCThread "G1 Refine#0"               [id=17804, stack(0x0000005e41b00000,0x0000005e41c00000) (1024K)]
  0x0000024daf365490 ConcurrentGCThread "G1 Service"                [id=1352, stack(0x0000005e41c00000,0x0000005e41d00000) (1024K)]
Total: 10

Threads with active compile tasks:
C2 CompilerThread0    26448 11357   !   4       java.lang.ClassLoader::loadClass (121 bytes)
Total: 1

VM state: not at safepoint (normal execution)

VM Mutex/Monitor currently owned by a thread: None

Heap address: 0x00000000c3600000, size: 970 MB, Compressed Oops mode: 32-bit

CDS archive(s) mapped at: [0x0000024dcc000000-0x0000024dccc90000-0x0000024dccc90000), size 13172736, SharedBaseAddress: 0x0000024dcc000000, ArchiveRelocationMode: 1.
Compressed class space mapped at: 0x0000024dcd000000-0x0000024e0d000000, reserved size: 1073741824
Narrow klass base: 0x0000024dcc000000, Narrow klass shift: 0, Narrow klass range: 0x100000000

GC Precious Log:
 CardTable entry size: 512
 Card Set container configuration: InlinePtr #cards 5 size 8 Array Of Cards #cards 12 size 40 Howl #buckets 4 coarsen threshold 1843 Howl Bitmap #cards 512 size 80 coarsen threshold 460 Card regions per heap region 1 cards per card region 2048
 CPUs: 4 total, 4 available
 Memory: 3879M
 Large Page Support: Disabled
 NUMA Support: Disabled
 Compressed Oops: Enabled (32-bit)
 Heap Region Size: 1M
 Heap Min Capacity: 8M
 Heap Initial Capacity: 62M
 Heap Max Capacity: 970M
 Pre-touch: Disabled
 Parallel Workers: 4
 Concurrent Workers: 1
 Concurrent Refinement Workers: 4
 Periodic GC: Disabled

Heap:
 garbage-first heap   total 151552K, used 96660K [0x00000000c3600000, 0x0000000100000000)
  region size 1024K, 20 young (20480K), 2 survivors (2048K)
 Metaspace       used 38066K, committed 38720K, reserved 1114112K
  class space    used 4140K, committed 4416K, reserved 1048576K

Heap Regions: E=young(eden), S=young(survivor), O=old, HS=humongous(starts), HC=humongous(continues), CS=collection set, F=free, TAMS=top-at-mark-start, PB=parsable bottom
|   0|0x00000000c3600000, 0x00000000c3700000, 0x00000000c3700000|100%| O|  |TAMS 0x00000000c3600000| PB 0x00000000c3600000| Untracked 
|   1|0x00000000c3700000, 0x00000000c3800000, 0x00000000c3800000|100%| O|  |TAMS 0x00000000c3700000| PB 0x00000000c3700000| Untracked 
|   2|0x00000000c3800000, 0x00000000c3900000, 0x00000000c3900000|100%| O|  |TAMS 0x00000000c3800000| PB 0x00000000c3800000| Untracked 
|   3|0x00000000c3900000, 0x00000000c3a00000, 0x00000000c3a00000|100%| O|  |TAMS 0x00000000c3900000| PB 0x00000000c3900000| Untracked 
|   4|0x00000000c3a00000, 0x00000000c3b00000, 0x00000000c3b00000|100%| O|  |TAMS 0x00000000c3a00000| PB 0x00000000c3a00000| Untracked 
|   5|0x00000000c3b00000, 0x00000000c3c00000, 0x00000000c3c00000|100%| O|  |TAMS 0x00000000c3b00000| PB 0x00000000c3b00000| Untracked 
|   6|0x00000000c3c00000, 0x00000000c3d00000, 0x00000000c3d00000|100%| O|  |TAMS 0x00000000c3c00000| PB 0x00000000c3c00000| Untracked 
|   7|0x00000000c3d00000, 0x00000000c3e00000, 0x00000000c3e00000|100%| O|  |TAMS 0x00000000c3d00000| PB 0x00000000c3d00000| Untracked 
|   8|0x00000000c3e00000, 0x00000000c3f00000, 0x00000000c3f00000|100%| O|  |TAMS 0x00000000c3e00000| PB 0x00000000c3e00000| Untracked 
|   9|0x00000000c3f00000, 0x00000000c4000000, 0x00000000c4000000|100%| O|  |TAMS 0x00000000c3f00000| PB 0x00000000c3f00000| Untracked 
|  10|0x00000000c4000000, 0x00000000c4100000, 0x00000000c4100000|100%| O|  |TAMS 0x00000000c4000000| PB 0x00000000c4000000| Untracked 
|  11|0x00000000c4100000, 0x00000000c4200000, 0x00000000c4200000|100%| O|  |TAMS 0x00000000c4100000| PB 0x00000000c4100000| Untracked 
|  12|0x00000000c4200000, 0x00000000c4300000, 0x00000000c4300000|100%| O|  |TAMS 0x00000000c4200000| PB 0x00000000c4200000| Untracked 
|  13|0x00000000c4300000, 0x00000000c4400000, 0x00000000c4400000|100%| O|  |TAMS 0x00000000c4300000| PB 0x00000000c4300000| Untracked 
|  14|0x00000000c4400000, 0x00000000c4500000, 0x00000000c4500000|100%| O|  |TAMS 0x00000000c4400000| PB 0x00000000c4400000| Untracked 
|  15|0x00000000c4500000, 0x00000000c4600000, 0x00000000c4600000|100%| O|  |TAMS 0x00000000c4500000| PB 0x00000000c4500000| Untracked 
|  16|0x00000000c4600000, 0x00000000c4700000, 0x00000000c4700000|100%| O|  |TAMS 0x00000000c4600000| PB 0x00000000c4600000| Untracked 
|  17|0x00000000c4700000, 0x00000000c4800000, 0x00000000c4800000|100%| O|  |TAMS 0x00000000c4700000| PB 0x00000000c4700000| Untracked 
|  18|0x00000000c4800000, 0x00000000c4900000, 0x00000000c4900000|100%| O|  |TAMS 0x00000000c4800000| PB 0x00000000c4800000| Untracked 
|  19|0x00000000c4900000, 0x00000000c4a00000, 0x00000000c4a00000|100%| O|  |TAMS 0x00000000c4900000| PB 0x00000000c4900000| Untracked 
|  20|0x00000000c4a00000, 0x00000000c4b00000, 0x00000000c4b00000|100%| O|  |TAMS 0x00000000c4a00000| PB 0x00000000c4a00000| Untracked 
|  21|0x00000000c4b00000, 0x00000000c4c00000, 0x00000000c4c00000|100%| O|Cm|TAMS 0x00000000c4b00000| PB 0x00000000c4b00000| Complete 
|  22|0x00000000c4c00000, 0x00000000c4d00000, 0x00000000c4d00000|100%| O|  |TAMS 0x00000000c4c00000| PB 0x00000000c4c00000| Untracked 
|  23|0x00000000c4d00000, 0x00000000c4d00000, 0x00000000c4e00000|  0%| F|  |TAMS 0x00000000c4d00000| PB 0x00000000c4d00000| Untracked 
|  24|0x00000000c4e00000, 0x00000000c4e00000, 0x00000000c4f00000|  0%| F|  |TAMS 0x00000000c4e00000| PB 0x00000000c4e00000| Untracked 
|  25|0x00000000c4f00000, 0x00000000c5000000, 0x00000000c5000000|100%| O|  |TAMS 0x00000000c4f00000| PB 0x00000000c4f00000| Untracked 
|  26|0x00000000c5000000, 0x00000000c5100000, 0x00000000c5100000|100%| O|  |TAMS 0x00000000c5000000| PB 0x00000000c5000000| Untracked 
|  27|0x00000000c5100000, 0x00000000c5200000, 0x00000000c5200000|100%| O|  |TAMS 0x00000000c5100000| PB 0x00000000c5100000| Untracked 
|  28|0x00000000c5200000, 0x00000000c5300000, 0x00000000c5300000|100%|HS|  |TAMS 0x00000000c5200000| PB 0x00000000c5200000| Complete 
|  29|0x00000000c5300000, 0x00000000c5400000, 0x00000000c5400000|100%|HC|  |TAMS 0x00000000c5300000| PB 0x00000000c5300000| Complete 
|  30|0x00000000c5400000, 0x00000000c5500000, 0x00000000c5500000|100%|HC|  |TAMS 0x00000000c5400000| PB 0x00000000c5400000| Complete 
|  31|0x00000000c5500000, 0x00000000c5600000, 0x00000000c5600000|100%| O|  |TAMS 0x00000000c5500000| PB 0x00000000c5500000| Untracked 
|  32|0x00000000c5600000, 0x00000000c5700000, 0x00000000c5700000|100%| O|  |TAMS 0x00000000c5600000| PB 0x00000000c5600000| Untracked 
|  33|0x00000000c5700000, 0x00000000c5800000, 0x00000000c5800000|100%| O|  |TAMS 0x00000000c5700000| PB 0x00000000c5700000| Untracked 
|  34|0x00000000c5800000, 0x00000000c5900000, 0x00000000c5900000|100%| O|Cm|TAMS 0x00000000c5800000| PB 0x00000000c5800000| Complete 
|  35|0x00000000c5900000, 0x00000000c5a00000, 0x00000000c5a00000|100%| O|  |TAMS 0x00000000c5900000| PB 0x00000000c5900000| Untracked 
|  36|0x00000000c5a00000, 0x00000000c5b00000, 0x00000000c5b00000|100%| O|Cm|TAMS 0x00000000c5a00000| PB 0x00000000c5a00000| Complete 
|  37|0x00000000c5b00000, 0x00000000c5c00000, 0x00000000c5c00000|100%| O|Cm|TAMS 0x00000000c5b00000| PB 0x00000000c5b00000| Complete 
|  38|0x00000000c5c00000, 0x00000000c5d00000, 0x00000000c5d00000|100%| O|Cm|TAMS 0x00000000c5c00000| PB 0x00000000c5c00000| Complete 
|  39|0x00000000c5d00000, 0x00000000c5e00000, 0x00000000c5e00000|100%| O|  |TAMS 0x00000000c5d00000| PB 0x00000000c5d00000| Untracked 
|  40|0x00000000c5e00000, 0x00000000c5f00000, 0x00000000c5f00000|100%| O|  |TAMS 0x00000000c5e00000| PB 0x00000000c5e00000| Untracked 
|  41|0x00000000c5f00000, 0x00000000c5f00000, 0x00000000c6000000|  0%| F|  |TAMS 0x00000000c5f00000| PB 0x00000000c5f00000| Untracked 
|  42|0x00000000c6000000, 0x00000000c6100000, 0x00000000c6100000|100%|HS|  |TAMS 0x00000000c6000000| PB 0x00000000c6000000| Complete 
|  43|0x00000000c6100000, 0x00000000c6200000, 0x00000000c6200000|100%| O|Cm|TAMS 0x00000000c6100000| PB 0x00000000c6100000| Complete 
|  44|0x00000000c6200000, 0x00000000c6300000, 0x00000000c6300000|100%| O|Cm|TAMS 0x00000000c6200000| PB 0x00000000c6200000| Complete 
|  45|0x00000000c6300000, 0x00000000c6400000, 0x00000000c6400000|100%| O|  |TAMS 0x00000000c6300000| PB 0x00000000c6300000| Untracked 
|  46|0x00000000c6400000, 0x00000000c6500000, 0x00000000c6500000|100%| O|Cm|TAMS 0x00000000c6400000| PB 0x00000000c6400000| Complete 
|  47|0x00000000c6500000, 0x00000000c6600000, 0x00000000c6600000|100%| O|  |TAMS 0x00000000c6500000| PB 0x00000000c6500000| Untracked 
|  48|0x00000000c6600000, 0x00000000c6700000, 0x00000000c6700000|100%| O|  |TAMS 0x00000000c6600000| PB 0x00000000c6600000| Untracked 
|  49|0x00000000c6700000, 0x00000000c6800000, 0x00000000c6800000|100%| O|  |TAMS 0x00000000c6700000| PB 0x00000000c6700000| Untracked 
|  50|0x00000000c6800000, 0x00000000c6900000, 0x00000000c6900000|100%| O|  |TAMS 0x00000000c6800000| PB 0x00000000c6800000| Untracked 
|  51|0x00000000c6900000, 0x00000000c6a00000, 0x00000000c6a00000|100%| O|  |TAMS 0x00000000c6900000| PB 0x00000000c6900000| Untracked 
|  52|0x00000000c6a00000, 0x00000000c6b00000, 0x00000000c6b00000|100%| O|  |TAMS 0x00000000c6a00000| PB 0x00000000c6a00000| Untracked 
|  53|0x00000000c6b00000, 0x00000000c6c00000, 0x00000000c6c00000|100%| O|  |TAMS 0x00000000c6b00000| PB 0x00000000c6b00000| Untracked 
|  54|0x00000000c6c00000, 0x00000000c6d00000, 0x00000000c6d00000|100%|HS|  |TAMS 0x00000000c6c00000| PB 0x00000000c6c00000| Complete 
|  55|0x00000000c6d00000, 0x00000000c6e00000, 0x00000000c6e00000|100%|HC|  |TAMS 0x00000000c6d00000| PB 0x00000000c6d00000| Complete 
|  56|0x00000000c6e00000, 0x00000000c6f00000, 0x00000000c6f00000|100%| O|  |TAMS 0x00000000c6e00000| PB 0x00000000c6e00000| Untracked 
|  57|0x00000000c6f00000, 0x00000000c7000000, 0x00000000c7000000|100%| O|  |TAMS 0x00000000c6f00000| PB 0x00000000c6f00000| Untracked 
|  58|0x00000000c7000000, 0x00000000c7100000, 0x00000000c7100000|100%| O|  |TAMS 0x00000000c7000000| PB 0x00000000c7000000| Untracked 
|  59|0x00000000c7100000, 0x00000000c7200000, 0x00000000c7200000|100%|HS|  |TAMS 0x00000000c7100000| PB 0x00000000c7100000| Complete 
|  60|0x00000000c7200000, 0x00000000c7300000, 0x00000000c7300000|100%|HC|  |TAMS 0x00000000c7200000| PB 0x00000000c7200000| Complete 
|  61|0x00000000c7300000, 0x00000000c7400000, 0x00000000c7400000|100%|HC|  |TAMS 0x00000000c7300000| PB 0x00000000c7300000| Complete 
|  62|0x00000000c7400000, 0x00000000c7400000, 0x00000000c7500000|  0%| F|  |TAMS 0x00000000c7400000| PB 0x00000000c7400000| Untracked 
|  63|0x00000000c7500000, 0x00000000c7500000, 0x00000000c7600000|  0%| F|  |TAMS 0x00000000c7500000| PB 0x00000000c7500000| Untracked 
|  64|0x00000000c7600000, 0x00000000c7600000, 0x00000000c7700000|  0%| F|  |TAMS 0x00000000c7600000| PB 0x00000000c7600000| Untracked 
|  65|0x00000000c7700000, 0x00000000c7700000, 0x00000000c7800000|  0%| F|  |TAMS 0x00000000c7700000| PB 0x00000000c7700000| Untracked 
|  66|0x00000000c7800000, 0x00000000c7800000, 0x00000000c7900000|  0%| F|  |TAMS 0x00000000c7800000| PB 0x00000000c7800000| Untracked 
|  67|0x00000000c7900000, 0x00000000c7900000, 0x00000000c7a00000|  0%| F|  |TAMS 0x00000000c7900000| PB 0x00000000c7900000| Untracked 
|  68|0x00000000c7a00000, 0x00000000c7b00000, 0x00000000c7b00000|100%|HS|  |TAMS 0x00000000c7a00000| PB 0x00000000c7a00000| Complete 
|  69|0x00000000c7b00000, 0x00000000c7c00000, 0x00000000c7c00000|100%|HS|  |TAMS 0x00000000c7b00000| PB 0x00000000c7b00000| Complete 
|  70|0x00000000c7c00000, 0x00000000c7c00000, 0x00000000c7d00000|  0%| F|  |TAMS 0x00000000c7c00000| PB 0x00000000c7c00000| Untracked 
|  71|0x00000000c7d00000, 0x00000000c7d00000, 0x00000000c7e00000|  0%| F|  |TAMS 0x00000000c7d00000| PB 0x00000000c7d00000| Untracked 
|  72|0x00000000c7e00000, 0x00000000c7e00000, 0x00000000c7f00000|  0%| F|  |TAMS 0x00000000c7e00000| PB 0x00000000c7e00000| Untracked 
|  73|0x00000000c7f00000, 0x00000000c7f00000, 0x00000000c8000000|  0%| F|  |TAMS 0x00000000c7f00000| PB 0x00000000c7f00000| Untracked 
|  74|0x00000000c8000000, 0x00000000c8000000, 0x00000000c8100000|  0%| F|  |TAMS 0x00000000c8000000| PB 0x00000000c8000000| Untracked 
|  75|0x00000000c8100000, 0x00000000c8100000, 0x00000000c8200000|  0%| F|  |TAMS 0x00000000c8100000| PB 0x00000000c8100000| Untracked 
|  76|0x00000000c8200000, 0x00000000c8200000, 0x00000000c8300000|  0%| F|  |TAMS 0x00000000c8200000| PB 0x00000000c8200000| Untracked 
|  77|0x00000000c8300000, 0x00000000c8300000, 0x00000000c8400000|  0%| F|  |TAMS 0x00000000c8300000| PB 0x00000000c8300000| Untracked 
|  78|0x00000000c8400000, 0x00000000c8400000, 0x00000000c8500000|  0%| F|  |TAMS 0x00000000c8400000| PB 0x00000000c8400000| Untracked 
|  79|0x00000000c8500000, 0x00000000c8500000, 0x00000000c8600000|  0%| F|  |TAMS 0x00000000c8500000| PB 0x00000000c8500000| Untracked 
|  80|0x00000000c8600000, 0x00000000c8600000, 0x00000000c8700000|  0%| F|  |TAMS 0x00000000c8600000| PB 0x00000000c8600000| Untracked 
|  81|0x00000000c8700000, 0x00000000c8700000, 0x00000000c8800000|  0%| F|  |TAMS 0x00000000c8700000| PB 0x00000000c8700000| Untracked 
|  82|0x00000000c8800000, 0x00000000c8800000, 0x00000000c8900000|  0%| F|  |TAMS 0x00000000c8800000| PB 0x00000000c8800000| Untracked 
|  83|0x00000000c8900000, 0x00000000c8965268, 0x00000000c8a00000| 39%| S|CS|TAMS 0x00000000c8900000| PB 0x00000000c8900000| Complete 
|  84|0x00000000c8a00000, 0x00000000c8b00000, 0x00000000c8b00000|100%| S|CS|TAMS 0x00000000c8a00000| PB 0x00000000c8a00000| Complete 
|  85|0x00000000c8b00000, 0x00000000c8b00000, 0x00000000c8c00000|  0%| F|  |TAMS 0x00000000c8b00000| PB 0x00000000c8b00000| Untracked 
|  86|0x00000000c8c00000, 0x00000000c8c00000, 0x00000000c8d00000|  0%| F|  |TAMS 0x00000000c8c00000| PB 0x00000000c8c00000| Untracked 
|  87|0x00000000c8d00000, 0x00000000c8d00000, 0x00000000c8e00000|  0%| F|  |TAMS 0x00000000c8d00000| PB 0x00000000c8d00000| Untracked 
|  88|0x00000000c8e00000, 0x00000000c8e00000, 0x00000000c8f00000|  0%| F|  |TAMS 0x00000000c8e00000| PB 0x00000000c8e00000| Untracked 
|  89|0x00000000c8f00000, 0x00000000c8f00000, 0x00000000c9000000|  0%| F|  |TAMS 0x00000000c8f00000| PB 0x00000000c8f00000| Untracked 
|  90|0x00000000c9000000, 0x00000000c9000000, 0x00000000c9100000|  0%| F|  |TAMS 0x00000000c9000000| PB 0x00000000c9000000| Untracked 
|  91|0x00000000c9100000, 0x00000000c9100000, 0x00000000c9200000|  0%| F|  |TAMS 0x00000000c9100000| PB 0x00000000c9100000| Untracked 
|  92|0x00000000c9200000, 0x00000000c9200000, 0x00000000c9300000|  0%| F|  |TAMS 0x00000000c9200000| PB 0x00000000c9200000| Untracked 
|  93|0x00000000c9300000, 0x00000000c9300000, 0x00000000c9400000|  0%| F|  |TAMS 0x00000000c9300000| PB 0x00000000c9300000| Untracked 
|  94|0x00000000c9400000, 0x00000000c9400000, 0x00000000c9500000|  0%| F|  |TAMS 0x00000000c9400000| PB 0x00000000c9400000| Untracked 
|  95|0x00000000c9500000, 0x00000000c9500000, 0x00000000c9600000|  0%| F|  |TAMS 0x00000000c9500000| PB 0x00000000c9500000| Untracked 
|  96|0x00000000c9600000, 0x00000000c9600000, 0x00000000c9700000|  0%| F|  |TAMS 0x00000000c9600000| PB 0x00000000c9600000| Untracked 
|  97|0x00000000c9700000, 0x00000000c9700000, 0x00000000c9800000|  0%| F|  |TAMS 0x00000000c9700000| PB 0x00000000c9700000| Untracked 
|  98|0x00000000c9800000, 0x00000000c9800000, 0x00000000c9900000|  0%| F|  |TAMS 0x00000000c9800000| PB 0x00000000c9800000| Untracked 
|  99|0x00000000c9900000, 0x00000000c9900000, 0x00000000c9a00000|  0%| F|  |TAMS 0x00000000c9900000| PB 0x00000000c9900000| Untracked 
| 100|0x00000000c9a00000, 0x00000000c9a00000, 0x00000000c9b00000|  0%| F|  |TAMS 0x00000000c9a00000| PB 0x00000000c9a00000| Untracked 
| 101|0x00000000c9b00000, 0x00000000c9b00000, 0x00000000c9c00000|  0%| F|  |TAMS 0x00000000c9b00000| PB 0x00000000c9b00000| Untracked 
| 102|0x00000000c9c00000, 0x00000000c9c00000, 0x00000000c9d00000|  0%| F|  |TAMS 0x00000000c9c00000| PB 0x00000000c9c00000| Untracked 
| 103|0x00000000c9d00000, 0x00000000c9d00000, 0x00000000c9e00000|  0%| F|  |TAMS 0x00000000c9d00000| PB 0x00000000c9d00000| Untracked 
| 104|0x00000000c9e00000, 0x00000000c9e00000, 0x00000000c9f00000|  0%| F|  |TAMS 0x00000000c9e00000| PB 0x00000000c9e00000| Untracked 
| 105|0x00000000c9f00000, 0x00000000c9f00000, 0x00000000ca000000|  0%| F|  |TAMS 0x00000000c9f00000| PB 0x00000000c9f00000| Untracked 
| 106|0x00000000ca000000, 0x00000000ca000000, 0x00000000ca100000|  0%| F|  |TAMS 0x00000000ca000000| PB 0x00000000ca000000| Untracked 
| 107|0x00000000ca100000, 0x00000000ca100000, 0x00000000ca200000|  0%| F|  |TAMS 0x00000000ca100000| PB 0x00000000ca100000| Untracked 
| 108|0x00000000ca200000, 0x00000000ca200000, 0x00000000ca300000|  0%| F|  |TAMS 0x00000000ca200000| PB 0x00000000ca200000| Untracked 
| 109|0x00000000ca300000, 0x00000000ca300000, 0x00000000ca400000|  0%| F|  |TAMS 0x00000000ca300000| PB 0x00000000ca300000| Untracked 
| 110|0x00000000ca400000, 0x00000000ca400000, 0x00000000ca500000|  0%| F|  |TAMS 0x00000000ca400000| PB 0x00000000ca400000| Untracked 
| 111|0x00000000ca500000, 0x00000000ca500000, 0x00000000ca600000|  0%| F|  |TAMS 0x00000000ca500000| PB 0x00000000ca500000| Untracked 
| 112|0x00000000ca600000, 0x00000000ca600000, 0x00000000ca700000|  0%| F|  |TAMS 0x00000000ca600000| PB 0x00000000ca600000| Untracked 
| 113|0x00000000ca700000, 0x00000000ca700000, 0x00000000ca800000|  0%| F|  |TAMS 0x00000000ca700000| PB 0x00000000ca700000| Untracked 
| 114|0x00000000ca800000, 0x00000000ca800000, 0x00000000ca900000|  0%| F|  |TAMS 0x00000000ca800000| PB 0x00000000ca800000| Untracked 
| 115|0x00000000ca900000, 0x00000000ca9527c8, 0x00000000caa00000| 32%| E|  |TAMS 0x00000000ca900000| PB 0x00000000ca900000| Complete 
| 116|0x00000000caa00000, 0x00000000cab00000, 0x00000000cab00000|100%| E|CS|TAMS 0x00000000caa00000| PB 0x00000000caa00000| Complete 
| 117|0x00000000cab00000, 0x00000000cac00000, 0x00000000cac00000|100%| E|CS|TAMS 0x00000000cab00000| PB 0x00000000cab00000| Complete 
| 118|0x00000000cac00000, 0x00000000cad00000, 0x00000000cad00000|100%| E|CS|TAMS 0x00000000cac00000| PB 0x00000000cac00000| Complete 
| 119|0x00000000cad00000, 0x00000000cae00000, 0x00000000cae00000|100%| E|CS|TAMS 0x00000000cad00000| PB 0x00000000cad00000| Complete 
| 120|0x00000000cae00000, 0x00000000caf00000, 0x00000000caf00000|100%| E|CS|TAMS 0x00000000cae00000| PB 0x00000000cae00000| Complete 
| 121|0x00000000caf00000, 0x00000000cb000000, 0x00000000cb000000|100%| E|CS|TAMS 0x00000000caf00000| PB 0x00000000caf00000| Complete 
| 122|0x00000000cb000000, 0x00000000cb100000, 0x00000000cb100000|100%| E|CS|TAMS 0x00000000cb000000| PB 0x00000000cb000000| Complete 
| 123|0x00000000cb100000, 0x00000000cb200000, 0x00000000cb200000|100%| E|CS|TAMS 0x00000000cb100000| PB 0x00000000cb100000| Complete 
| 124|0x00000000cb200000, 0x00000000cb300000, 0x00000000cb300000|100%| E|CS|TAMS 0x00000000cb200000| PB 0x00000000cb200000| Complete 
| 125|0x00000000cb300000, 0x00000000cb400000, 0x00000000cb400000|100%| E|CS|TAMS 0x00000000cb300000| PB 0x00000000cb300000| Complete 
| 126|0x00000000cb400000, 0x00000000cb500000, 0x00000000cb500000|100%| E|CS|TAMS 0x00000000cb400000| PB 0x00000000cb400000| Complete 
| 127|0x00000000cb500000, 0x00000000cb600000, 0x00000000cb600000|100%| E|CS|TAMS 0x00000000cb500000| PB 0x00000000cb500000| Complete 
| 128|0x00000000cb600000, 0x00000000cb700000, 0x00000000cb700000|100%| E|CS|TAMS 0x00000000cb600000| PB 0x00000000cb600000| Complete 
| 129|0x00000000cb700000, 0x00000000cb800000, 0x00000000cb800000|100%| E|CS|TAMS 0x00000000cb700000| PB 0x00000000cb700000| Complete 
| 130|0x00000000cb800000, 0x00000000cb900000, 0x00000000cb900000|100%| E|CS|TAMS 0x00000000cb800000| PB 0x00000000cb800000| Complete 
| 131|0x00000000cb900000, 0x00000000cba00000, 0x00000000cba00000|100%| E|CS|TAMS 0x00000000cb900000| PB 0x00000000cb900000| Complete 
| 132|0x00000000cba00000, 0x00000000cbb00000, 0x00000000cbb00000|100%| E|CS|TAMS 0x00000000cba00000| PB 0x00000000cba00000| Complete 
| 955|0x00000000ff100000, 0x00000000ff200000, 0x00000000ff200000|100%| O|Cm|TAMS 0x00000000ff100000| PB 0x00000000ff100000| Complete 
| 956|0x00000000ff200000, 0x00000000ff300000, 0x00000000ff300000|100%| O|  |TAMS 0x00000000ff200000| PB 0x00000000ff200000| Untracked 
| 957|0x00000000ff300000, 0x00000000ff400000, 0x00000000ff400000|100%| O|  |TAMS 0x00000000ff300000| PB 0x00000000ff300000| Untracked 
| 958|0x00000000ff400000, 0x00000000ff500000, 0x00000000ff500000|100%| O|  |TAMS 0x00000000ff400000| PB 0x00000000ff400000| Untracked 
| 959|0x00000000ff500000, 0x00000000ff600000, 0x00000000ff600000|100%| O|  |TAMS 0x00000000ff500000| PB 0x00000000ff500000| Untracked 
| 960|0x00000000ff600000, 0x00000000ff700000, 0x00000000ff700000|100%| O|Cm|TAMS 0x00000000ff600000| PB 0x00000000ff600000| Complete 
| 961|0x00000000ff700000, 0x00000000ff800000, 0x00000000ff800000|100%| O|  |TAMS 0x00000000ff700000| PB 0x00000000ff700000| Untracked 
| 962|0x00000000ff800000, 0x00000000ff900000, 0x00000000ff900000|100%| O|Cm|TAMS 0x00000000ff800000| PB 0x00000000ff800000| Complete 
| 963|0x00000000ff900000, 0x00000000ffa00000, 0x00000000ffa00000|100%| O|Cm|TAMS 0x00000000ff900000| PB 0x00000000ff900000| Complete 
| 964|0x00000000ffa00000, 0x00000000ffb00000, 0x00000000ffb00000|100%| O|Cm|TAMS 0x00000000ffa00000| PB 0x00000000ffa00000| Complete 
| 965|0x00000000ffb00000, 0x00000000ffc00000, 0x00000000ffc00000|100%| O|Cm|TAMS 0x00000000ffb00000| PB 0x00000000ffb00000| Complete 
| 966|0x00000000ffc00000, 0x00000000ffd00000, 0x00000000ffd00000|100%| O|Cm|TAMS 0x00000000ffc00000| PB 0x00000000ffc00000| Complete 
| 967|0x00000000ffd00000, 0x00000000ffe00000, 0x00000000ffe00000|100%| O|Cm|TAMS 0x00000000ffd00000| PB 0x00000000ffd00000| Complete 
| 968|0x00000000ffe00000, 0x00000000fff00000, 0x00000000fff00000|100%| O|Cm|TAMS 0x00000000ffe00000| PB 0x00000000ffe00000| Complete 
| 969|0x00000000fff00000, 0x0000000100000000, 0x0000000100000000|100%| O|Cm|TAMS 0x00000000fff00000| PB 0x00000000fff00000| Complete 

Card table byte_map: [0x0000024dc8730000,0x0000024dc8920000] _byte_map_base: 0x0000024dc8115000

Marking Bits: (CMBitMap*) 0x0000024daf2d41f0
 Bits: [0x0000024dc8920000, 0x0000024dc9848000)

Polling page: 0x0000024daf370000

Metaspace:

Usage:
  Non-class:     33.13 MB used.
      Class:      4.04 MB used.
       Both:     37.17 MB used.

Virtual space:
  Non-class space:       64.00 MB reserved,      33.50 MB ( 52%) committed,  1 nodes.
      Class space:        1.00 GB reserved,       4.31 MB ( <1%) committed,  1 nodes.
             Both:        1.06 GB reserved,      37.81 MB (  3%) committed. 

Chunk freelists:
   Non-Class:  13.84 MB
       Class:  11.50 MB
        Both:  25.34 MB

MaxMetaspaceSize: unlimited
CompressedClassSpaceSize: 1.00 GB
Initial GC threshold: 21.00 MB
Current GC threshold: 59.62 MB
CDS: on
 - commit_granule_bytes: 65536.
 - commit_granule_words: 8192.
 - virtual_space_node_default_size: 8388608.
 - enlarge_chunks_in_place: 1.
 - use_allocation_guard: 0.


Internal statistics:

num_allocs_failed_limit: 6.
num_arena_births: 620.
num_arena_deaths: 0.
num_vsnodes_births: 2.
num_vsnodes_deaths: 0.
num_space_committed: 605.
num_space_uncommitted: 0.
num_chunks_returned_to_freelist: 6.
num_chunks_taken_from_freelist: 2037.
num_chunk_merges: 6.
num_chunk_splits: 1451.
num_chunks_enlarged: 1083.
num_inconsistent_stats: 0.

CodeHeap 'non-profiled nmethods': size=120000Kb used=6192Kb max_used=6596Kb free=113807Kb
 bounds [0x0000024dc09f0000, 0x0000024dc1070000, 0x0000024dc7f20000]
CodeHeap 'profiled nmethods': size=120000Kb used=19014Kb max_used=20827Kb free=100985Kb
 bounds [0x0000024db8f20000, 0x0000024dba380000, 0x0000024dc0450000]
CodeHeap 'non-nmethods': size=5760Kb used=1689Kb max_used=1690Kb free=4070Kb
 bounds [0x0000024dc0450000, 0x0000024dc06c0000, 0x0000024dc09f0000]
 total_blobs=9443 nmethods=8853 adapters=494
 compilation: enabled
              stopped_count=0, restarted_count=0
 full_count=0

Compilation events (20 events):
Event: 25.281 Thread 0x0000024dcbe74460 11363       3       java.lang.ProcessEnvironment$CheckedEntrySet$1::hasNext (10 bytes)
Event: 25.281 Thread 0x0000024dcbe74460 nmethod 11363 0x0000024db96cd090 code [0x0000024db96cd240, 0x0000024db96cd418]
Event: 25.281 Thread 0x0000024dcbe74460 11364       3       java.lang.ProcessEnvironment$CheckedEntry::getKey (5 bytes)
Event: 25.282 Thread 0x0000024dcbe74460 nmethod 11364 0x0000024db9d35090 code [0x0000024db9d35260, 0x0000024db9d35598]
Event: 25.282 Thread 0x0000024dcbe74460 11365       3       java.lang.ProcessEnvironment$NameComparator::compare (90 bytes)
Event: 25.283 Thread 0x0000024dcbe74460 nmethod 11365 0x0000024db9dc1390 code [0x0000024db9dc16a0, 0x0000024db9dc28f0]
Event: 25.283 Thread 0x0000024dcbe74460 11367       3       java.lang.ProcessEnvironment$EntryComparator::compare (13 bytes)
Event: 25.283 Thread 0x0000024dcbe74460 nmethod 11367 0x0000024db9f4db10 code [0x0000024db9f4dd20, 0x0000024db9f4e478]
Event: 25.283 Thread 0x0000024dcbe74460 11368       3       java.lang.ProcessEnvironment$EntryComparator::compare (25 bytes)
Event: 25.283 Thread 0x0000024dcbe74460 nmethod 11368 0x0000024db9b63690 code [0x0000024db9b63880, 0x0000024db9b63d60]
Event: 25.335 Thread 0x0000024dcbe74460 11370       3       java.util.zip.CRC32::update (38 bytes)
Event: 25.335 Thread 0x0000024dcbe74460 nmethod 11370 0x0000024db9183210 code [0x0000024db9183400, 0x0000024db9183838]
Event: 25.356 Thread 0x0000024dcbe74460 11372       3       java.lang.invoke.MethodHandle::setAsTypeCache (33 bytes)
Event: 25.356 Thread 0x0000024dcbe74460 nmethod 11372 0x0000024db9b74510 code [0x0000024db9b74720, 0x0000024db9b74d10]
Event: 25.361 Thread 0x0000024dcbe74460 11373 %     2       java.util.regex.Pattern::compile @ 73 (537 bytes)
Event: 25.363 Thread 0x0000024dcbe74460 nmethod 11373% 0x0000024db9e71010 code [0x0000024db9e71380, 0x0000024db9e72a98]
Event: 25.363 Thread 0x0000024dcbe74460 11374       3       java.lang.StringBuilder::append (8 bytes)
Event: 25.363 Thread 0x0000024dcbe74460 nmethod 11374 0x0000024db949db90 code [0x0000024db949dd40, 0x0000024db949de90]
Event: 25.458 Thread 0x0000024dcbe74460 11375       1       java.util.concurrent.atomic.AtomicInteger::get (5 bytes)
Event: 25.458 Thread 0x0000024dcbe74460 nmethod 11375 0x0000024dc0e32610 code [0x0000024dc0e327a0, 0x0000024dc0e32868]

GC Heap History (20 events):
Event: 12.424 GC heap before
{Heap before GC invocations=23 (full 0):
 garbage-first heap   total 105472K, used 88871K [0x00000000c3600000, 0x0000000100000000)
  region size 1024K, 35 young (35840K), 1 survivors (1024K)
 Metaspace       used 30322K, committed 30784K, reserved 1114112K
  class space    used 3371K, committed 3584K, reserved 1048576K
}
Event: 12.429 GC heap after
{Heap after GC invocations=24 (full 0):
 garbage-first heap   total 105472K, used 55079K [0x00000000c3600000, 0x0000000100000000)
  region size 1024K, 2 young (2048K), 2 survivors (2048K)
 Metaspace       used 30322K, committed 30784K, reserved 1114112K
  class space    used 3371K, committed 3584K, reserved 1048576K
}
Event: 12.635 GC heap before
{Heap before GC invocations=25 (full 0):
 garbage-first heap   total 105472K, used 90919K [0x00000000c3600000, 0x0000000100000000)
  region size 1024K, 37 young (37888K), 2 survivors (2048K)
 Metaspace       used 30386K, committed 30912K, reserved 1114112K
  class space    used 3375K, committed 3584K, reserved 1048576K
}
Event: 12.640 GC heap after
{Heap after GC invocations=26 (full 0):
 garbage-first heap   total 105472K, used 55242K [0x00000000c3600000, 0x0000000100000000)
  region size 1024K, 3 young (3072K), 3 survivors (3072K)
 Metaspace       used 30386K, committed 30912K, reserved 1114112K
  class space    used 3375K, committed 3584K, reserved 1048576K
}
Event: 12.953 GC heap before
{Heap before GC invocations=26 (full 0):
 garbage-first heap   total 105472K, used 92106K [0x00000000c3600000, 0x0000000100000000)
  region size 1024K, 39 young (39936K), 3 survivors (3072K)
 Metaspace       used 30515K, committed 30976K, reserved 1114112K
  class space    used 3379K, committed 3584K, reserved 1048576K
}
Event: 12.966 GC heap after
{Heap after GC invocations=27 (full 0):
 garbage-first heap   total 105472K, used 55726K [0x00000000c3600000, 0x0000000100000000)
  region size 1024K, 4 young (4096K), 4 survivors (4096K)
 Metaspace       used 30515K, committed 30976K, reserved 1114112K
  class space    used 3379K, committed 3584K, reserved 1048576K
}
Event: 13.196 GC heap before
{Heap before GC invocations=27 (full 0):
 garbage-first heap   total 105472K, used 93614K [0x00000000c3600000, 0x0000000100000000)
  region size 1024K, 41 young (41984K), 4 survivors (4096K)
 Metaspace       used 30602K, committed 31104K, reserved 1114112K
  class space    used 3379K, committed 3584K, reserved 1048576K
}
Event: 13.207 GC heap after
{Heap after GC invocations=28 (full 0):
 garbage-first heap   total 131072K, used 55620K [0x00000000c3600000, 0x0000000100000000)
  region size 1024K, 4 young (4096K), 4 survivors (4096K)
 Metaspace       used 30602K, committed 31104K, reserved 1114112K
  class space    used 3379K, committed 3584K, reserved 1048576K
}
Event: 13.937 GC heap before
{Heap before GC invocations=29 (full 0):
 garbage-first heap   total 131072K, used 118084K [0x00000000c3600000, 0x0000000100000000)
  region size 1024K, 65 young (66560K), 4 survivors (4096K)
 Metaspace       used 30684K, committed 31168K, reserved 1114112K
  class space    used 3380K, committed 3584K, reserved 1048576K
}
Event: 13.948 GC heap after
{Heap after GC invocations=30 (full 0):
 garbage-first heap   total 131072K, used 55356K [0x00000000c3600000, 0x0000000100000000)
  region size 1024K, 3 young (3072K), 3 survivors (3072K)
 Metaspace       used 30684K, committed 31168K, reserved 1114112K
  class space    used 3380K, committed 3584K, reserved 1048576K
}
Event: 15.851 GC heap before
{Heap before GC invocations=30 (full 0):
 garbage-first heap   total 131072K, used 121916K [0x00000000c3600000, 0x0000000100000000)
  region size 1024K, 66 young (67584K), 3 survivors (3072K)
 Metaspace       used 32836K, committed 33344K, reserved 1114112K
  class space    used 3625K, committed 3840K, reserved 1048576K
}
Event: 15.875 GC heap after
{Heap after GC invocations=31 (full 0):
 garbage-first heap   total 131072K, used 59100K [0x00000000c3600000, 0x0000000100000000)
  region size 1024K, 7 young (7168K), 7 survivors (7168K)
 Metaspace       used 32836K, committed 33344K, reserved 1114112K
  class space    used 3625K, committed 3840K, reserved 1048576K
}
Event: 17.894 GC heap before
{Heap before GC invocations=31 (full 0):
 garbage-first heap   total 131072K, used 115420K [0x00000000c3600000, 0x0000000100000000)
  region size 1024K, 62 young (63488K), 7 survivors (7168K)
 Metaspace       used 33249K, committed 33792K, reserved 1114112K
  class space    used 3637K, committed 3904K, reserved 1048576K
}
Event: 17.909 GC heap after
{Heap after GC invocations=32 (full 0):
 garbage-first heap   total 131072K, used 60680K [0x00000000c3600000, 0x0000000100000000)
  region size 1024K, 6 young (6144K), 6 survivors (6144K)
 Metaspace       used 33249K, committed 33792K, reserved 1114112K
  class space    used 3637K, committed 3904K, reserved 1048576K
}
Event: 19.586 GC heap before
{Heap before GC invocations=33 (full 0):
 garbage-first heap   total 131072K, used 118024K [0x00000000c3600000, 0x0000000100000000)
  region size 1024K, 61 young (62464K), 6 survivors (6144K)
 Metaspace       used 33476K, committed 34048K, reserved 1114112K
  class space    used 3647K, committed 3904K, reserved 1048576K
}
Event: 19.609 GC heap after
{Heap after GC invocations=34 (full 0):
 garbage-first heap   total 131072K, used 62511K [0x00000000c3600000, 0x0000000100000000)
  region size 1024K, 4 young (4096K), 4 survivors (4096K)
 Metaspace       used 33476K, committed 34048K, reserved 1114112K
  class space    used 3647K, committed 3904K, reserved 1048576K
}
Event: 23.491 GC heap before
{Heap before GC invocations=34 (full 0):
 garbage-first heap   total 131072K, used 127023K [0x00000000c3600000, 0x0000000100000000)
  region size 1024K, 59 young (60416K), 4 survivors (4096K)
 Metaspace       used 33771K, committed 34304K, reserved 1114112K
  class space    used 3668K, committed 3904K, reserved 1048576K
}
Event: 23.524 GC heap after
{Heap after GC invocations=35 (full 0):
 garbage-first heap   total 151552K, used 86528K [0x00000000c3600000, 0x0000000100000000)
  region size 1024K, 8 young (8192K), 8 survivors (8192K)
 Metaspace       used 33771K, committed 34304K, reserved 1114112K
  class space    used 3668K, committed 3904K, reserved 1048576K
}
Event: 24.495 GC heap before
{Heap before GC invocations=35 (full 0):
 garbage-first heap   total 151552K, used 129536K [0x00000000c3600000, 0x0000000100000000)
  region size 1024K, 51 young (52224K), 8 survivors (8192K)
 Metaspace       used 35487K, committed 36096K, reserved 1114112K
  class space    used 3863K, committed 4096K, reserved 1048576K
}
Event: 24.502 GC heap after
{Heap after GC invocations=36 (full 0):
 garbage-first heap   total 151552K, used 81300K [0x00000000c3600000, 0x0000000100000000)
  region size 1024K, 2 young (2048K), 2 survivors (2048K)
 Metaspace       used 35487K, committed 36096K, reserved 1114112K
  class space    used 3863K, committed 4096K, reserved 1048576K
}

Dll operation events (8 events):
Event: 0.009 Loaded shared library C:\Program Files\Java\jdk-21\bin\java.dll
Event: 0.104 Loaded shared library C:\Program Files\Java\jdk-21\bin\jsvml.dll
Event: 0.132 Loaded shared library C:\Program Files\Java\jdk-21\bin\net.dll
Event: 0.137 Loaded shared library C:\Program Files\Java\jdk-21\bin\nio.dll
Event: 0.143 Loaded shared library C:\Program Files\Java\jdk-21\bin\zip.dll
Event: 0.596 Loaded shared library C:\Program Files\Java\jdk-21\bin\jimage.dll
Event: 0.622 Loaded shared library C:\Users\User\.m2\wrapper\dists\apache-maven-3.9.11\d6d3cbd4012d4c1d840e93277aca316c\lib\jansi-native\Windows\x86_64\jansi.dll
Event: 0.653 Loaded shared library C:\Program Files\Java\jdk-21\bin\verify.dll

Deoptimization events (20 events):
Event: 25.358 Thread 0x0000024e11235b30 Uncommon trap: trap_request=0xffffffc6 fr.pc=0x0000024dc0c4ee40 relative=0x0000000000000a20
Event: 25.358 Thread 0x0000024e11235b30 Uncommon trap: reason=bimorphic_or_optimized_type_check action=maybe_recompile pc=0x0000024dc0c4ee40 method=java.util.regex.Matcher.getTextLength()I @ 4 c2
Event: 25.358 Thread 0x0000024e11235b30 DEOPT PACKING pc=0x0000024dc0c4ee40 sp=0x0000005e42ffee80
Event: 25.358 Thread 0x0000024e11235b30 DEOPT UNPACKING pc=0x0000024dc04a7da2 sp=0x0000005e42ffed50 mode 2
Event: 25.360 Thread 0x0000024e11235b30 Uncommon trap: trap_request=0xffffff45 fr.pc=0x0000024dc0fef27c relative=0x000000000000031c
Event: 25.360 Thread 0x0000024e11235b30 Uncommon trap: reason=unstable_if action=reinterpret pc=0x0000024dc0fef27c method=java.lang.String.getBytes([BIB)V @ 5 c2
Event: 25.360 Thread 0x0000024e11235b30 DEOPT PACKING pc=0x0000024dc0fef27c sp=0x0000005e42ffed80
Event: 25.360 Thread 0x0000024e11235b30 DEOPT UNPACKING pc=0x0000024dc04a7da2 sp=0x0000005e42ffec00 mode 2
Event: 25.360 Thread 0x0000024e11235b30 Uncommon trap: trap_request=0xffffff76 fr.pc=0x0000024dc103c238 relative=0x0000000000001ef8
Event: 25.360 Thread 0x0000024e11235b30 Uncommon trap: reason=predicate action=maybe_recompile pc=0x0000024dc103c238 method=java.util.regex.Pattern.compile()V @ 78 c2
Event: 25.360 Thread 0x0000024e11235b30 DEOPT PACKING pc=0x0000024dc103c238 sp=0x0000005e42ffede0
Event: 25.360 Thread 0x0000024e11235b30 DEOPT UNPACKING pc=0x0000024dc04a7da2 sp=0x0000005e42ffedc0 mode 2
Event: 25.360 Thread 0x0000024e11235b30 Uncommon trap: trap_request=0xffffff45 fr.pc=0x0000024dc0b77864 relative=0x00000000000000c4
Event: 25.360 Thread 0x0000024e11235b30 Uncommon trap: reason=unstable_if action=reinterpret pc=0x0000024dc0b77864 method=java.lang.String.codePointAt(I)I @ 4 c2
Event: 25.360 Thread 0x0000024e11235b30 DEOPT PACKING pc=0x0000024dc0b77864 sp=0x0000005e42ffedc0
Event: 25.360 Thread 0x0000024e11235b30 DEOPT UNPACKING pc=0x0000024dc04a7da2 sp=0x0000005e42ffed58 mode 2
Event: 25.361 Thread 0x0000024e11235b30 Uncommon trap: trap_request=0xffffffde fr.pc=0x0000024dc0a4e738 relative=0x00000000000003b8
Event: 25.361 Thread 0x0000024e11235b30 Uncommon trap: reason=class_check action=maybe_recompile pc=0x0000024dc0a4e738 method=sun.nio.cs.StreamDecoder.read([CII)I @ 8 c2
Event: 25.361 Thread 0x0000024e11235b30 DEOPT PACKING pc=0x0000024dc0a4e738 sp=0x0000005e42ffed80
Event: 25.361 Thread 0x0000024e11235b30 DEOPT UNPACKING pc=0x0000024dc04a7da2 sp=0x0000005e42ffed38 mode 2

Classes loaded (20 events):
Event: 25.328 Loading class jdk/internal/logger/LoggerFinderLoader
Event: 25.328 Loading class jdk/internal/logger/LoggerFinderLoader done
Event: 25.329 Loading class jdk/internal/logger/LoggerFinderLoader$TemporaryLoggerFinder
Event: 25.329 Loading class jdk/internal/logger/LoggerFinderLoader$TemporaryLoggerFinder done
Event: 25.329 Loading class sun/util/logging/internal/LoggingProviderImpl$JULWrapper
Event: 25.330 Loading class sun/util/logging/PlatformLogger$ConfigurableBridge$LoggerConfiguration
Event: 25.330 Loading class sun/util/logging/PlatformLogger$ConfigurableBridge$LoggerConfiguration done
Event: 25.330 Loading class sun/util/logging/internal/LoggingProviderImpl$JULWrapper done
Event: 25.330 Loading class java/lang/System$Logger$Level
Event: 25.330 Loading class java/lang/System$Logger$Level done
Event: 25.331 Loading class java/nio/channels/ClosedChannelException
Event: 25.331 Loading class java/nio/channels/ClosedChannelException done
Event: 25.334 Loading class java/nio/channels/NonReadableChannelException
Event: 25.334 Loading class java/nio/channels/NonReadableChannelException done
Event: 25.335 Loading class java/nio/channels/NonWritableChannelException
Event: 25.335 Loading class java/nio/channels/NonWritableChannelException done
Event: 25.351 Loading class java/util/Scanner
Event: 25.355 Loading class java/util/Scanner done
Event: 25.357 Loading class java/util/Scanner$PatternLRUCache
Event: 25.358 Loading class java/util/Scanner$PatternLRUCache done

Classes unloaded (0 events):
No events

Classes redefined (0 events):
No events

Internal exceptions (20 events):
Event: 24.070 Thread 0x0000024daf062b00 Exception <a 'sun/nio/fs/WindowsException'{0x00000000c9d09b08}> (0x00000000c9d09b08) 
thrown [s\open\src\hotspot\share\prims\jni.cpp, line 520]
Event: 24.070 Thread 0x0000024daf062b00 Exception <a 'sun/nio/fs/WindowsException'{0x00000000c9d0a5d0}> (0x00000000c9d0a5d0) 
thrown [s\open\src\hotspot\share\prims\jni.cpp, line 520]
Event: 24.071 Thread 0x0000024daf062b00 Exception <a 'sun/nio/fs/WindowsException'{0x00000000c9d2bc18}> (0x00000000c9d2bc18) 
thrown [s\open\src\hotspot\share\prims\jni.cpp, line 520]
Event: 24.071 Thread 0x0000024daf062b00 Exception <a 'sun/nio/fs/WindowsException'{0x00000000c9d2c610}> (0x00000000c9d2c610) 
thrown [s\open\src\hotspot\share\prims\jni.cpp, line 520]
Event: 24.071 Thread 0x0000024daf062b00 Exception <a 'sun/nio/fs/WindowsException'{0x00000000c9d2d0d8}> (0x00000000c9d2d0d8) 
thrown [s\open\src\hotspot\share\prims\jni.cpp, line 520]
Event: 24.076 Thread 0x0000024daf062b00 Exception <a 'sun/nio/fs/WindowsException'{0x00000000c9dff6c8}> (0x00000000c9dff6c8) 
thrown [s\open\src\hotspot\share\prims\jni.cpp, line 520]
Event: 24.078 Thread 0x0000024daf062b00 Exception <a 'sun/nio/fs/WindowsException'{0x00000000c9c18600}> (0x00000000c9c18600) 
thrown [s\open\src\hotspot\share\prims\jni.cpp, line 520]
Event: 24.080 Thread 0x0000024daf062b00 Exception <a 'sun/nio/fs/WindowsException'{0x00000000c9c32858}> (0x00000000c9c32858) 
thrown [s\open\src\hotspot\share\prims\jni.cpp, line 520]
Event: 24.080 Thread 0x0000024daf062b00 Exception <a 'sun/nio/fs/WindowsException'{0x00000000c9c32fb8}> (0x00000000c9c32fb8) 
thrown [s\open\src\hotspot\share\prims\jni.cpp, line 520]
Event: 24.080 Thread 0x0000024daf062b00 Exception <a 'sun/nio/fs/WindowsException'{0x00000000c9c33588}> (0x00000000c9c33588) 
thrown [s\open\src\hotspot\share\prims\jni.cpp, line 520]
Event: 24.080 Thread 0x0000024daf062b00 Exception <a 'sun/nio/fs/WindowsException'{0x00000000c9c33cc0}> (0x00000000c9c33cc0) 
thrown [s\open\src\hotspot\share\prims\jni.cpp, line 520]
Event: 24.080 Thread 0x0000024daf062b00 Exception <a 'sun/nio/fs/WindowsException'{0x00000000c9c343f0}> (0x00000000c9c343f0) 
thrown [s\open\src\hotspot\share\prims\jni.cpp, line 520]
Event: 24.080 Thread 0x0000024daf062b00 Exception <a 'sun/nio/fs/WindowsException'{0x00000000c9c34b10}> (0x00000000c9c34b10) 
thrown [s\open\src\hotspot\share\prims\jni.cpp, line 520]
Event: 24.590 Thread 0x0000024e13a93ae0 Exception <a 'java/lang/NoSuchMethodError'{0x00000000cb9066a8}: 'java.lang.Object java.lang.invoke.DirectMethodHandle$Holder.invokeStatic(java.lang.Object, long, java.lang.Object)'> (0x00000000cb9066a8) 
thrown [s\open\src\hotspot\share\interpreter\linkResolver.cpp, line 773]
Event: 24.590 Thread 0x0000024e13a93ae0 Exception <a 'java/lang/NoSuchMethodError'{0x00000000cb909a50}: 'java.lang.Object java.lang.invoke.DirectMethodHandle$Holder.invokeStaticInit(java.lang.Object, long, java.lang.Object)'> (0x00000000cb909a50) 
thrown [s\open\src\hotspot\share\interpreter\linkResolver.cpp, line 773]
Event: 24.591 Thread 0x0000024e13a93ae0 Exception <a 'java/lang/NoSuchMethodError'{0x00000000cb90ee10}: 'java.lang.Object java.lang.invoke.DirectMethodHandle$Holder.newInvokeSpecial(java.lang.Object, long)'> (0x00000000cb90ee10) 
thrown [s\open\src\hotspot\share\interpreter\linkResolver.cpp, line 773]
Event: 24.599 Thread 0x0000024e13a93ae0 Exception <a 'java/lang/NoSuchMethodError'{0x00000000cb913598}: 'long java.lang.invoke.DirectMethodHandle$Holder.invokeInterface(java.lang.Object, java.lang.Object)'> (0x00000000cb913598) 
thrown [s\open\src\hotspot\share\interpreter\linkResolver.cpp, line 773]
Event: 24.601 Thread 0x0000024e13a93ae0 Exception <a 'java/lang/NoSuchMethodError'{0x00000000cb916a50}: 'long java.lang.invoke.DelegatingMethodHandle$Holder.reinvoke_L(java.lang.Object, java.lang.Object)'> (0x00000000cb916a50) 
thrown [s\open\src\hotspot\share\interpreter\linkResolver.cpp, line 773]
Event: 24.807 Thread 0x0000024daf062b00 Exception <a 'java/lang/NoSuchMethodError'{0x00000000cb616a50}: 'java.lang.Object java.lang.invoke.DirectMethodHandle$Holder.invokeStaticInit(java.lang.Object, java.lang.Object, int, int, int, int)'> (0x00000000cb616a50) 
thrown [s\open\src\hotspot\share\interpreter\linkResolver.cpp, line 773]
Event: 25.321 Thread 0x0000024daf062b00 Exception <a 'java/lang/NoSuchMethodError'{0x00000000cac6cf10}: 'void java.lang.invoke.DirectMethodHandle$Holder.invokeStatic(java.lang.Object, long)'> (0x00000000cac6cf10) 
thrown [s\open\src\hotspot\share\interpreter\linkResolver.cpp, line 773]

ZGC Phase Switch (0 events):
No events

VM Operations (20 events):
Event: 24.495 Executing VM operation: G1CollectForAllocation (G1 Evacuation Pause)
Event: 24.503 Executing VM operation: G1CollectForAllocation (G1 Evacuation Pause) done
Event: 24.652 Executing VM operation: HandshakeAllThreads (Deoptimize)
Event: 24.652 Executing VM operation: HandshakeAllThreads (Deoptimize) done
Event: 24.663 Executing VM operation: G1PauseRemark
Event: 24.699 Executing VM operation: G1PauseRemark done
Event: 24.784 Executing VM operation: HandshakeAllThreads (Deoptimize)
Event: 24.784 Executing VM operation: HandshakeAllThreads (Deoptimize) done
Event: 24.802 Executing VM operation: G1PauseCleanup
Event: 24.802 Executing VM operation: G1PauseCleanup done
Event: 25.215 Executing VM operation: HandshakeAllThreads (Deoptimize)
Event: 25.215 Executing VM operation: HandshakeAllThreads (Deoptimize) done
Event: 25.229 Executing VM operation: HandshakeAllThreads (Deoptimize)
Event: 25.229 Executing VM operation: HandshakeAllThreads (Deoptimize) done
Event: 25.231 Executing VM operation: HandshakeAllThreads (Deoptimize)
Event: 25.231 Executing VM operation: HandshakeAllThreads (Deoptimize) done
Event: 25.324 Executing VM operation: HandshakeAllThreads (Deoptimize)
Event: 25.324 Executing VM operation: HandshakeAllThreads (Deoptimize) done
Event: 26.325 Executing VM operation: Cleanup
Event: 26.326 Executing VM operation: Cleanup done

Events (20 events):
Event: 24.696 Thread 0x0000024daf03e540 flushing nmethod 0x0000024dc0be2a90
Event: 24.696 Thread 0x0000024daf03e540 flushing nmethod 0x0000024dc0bca510
Event: 24.696 Thread 0x0000024daf03e540 flushing nmethod 0x0000024dc0b90310
Event: 24.696 Thread 0x0000024daf03e540 flushing nmethod 0x0000024dc0b7c590
Event: 24.696 Thread 0x0000024daf03e540 flushing nmethod 0x0000024dc0b5ff90
Event: 24.696 Thread 0x0000024daf03e540 flushing nmethod 0x0000024dc0b24b10
Event: 24.696 Thread 0x0000024daf03e540 flushing nmethod 0x0000024dc0aa7f90
Event: 24.696 Thread 0x0000024daf03e540 flushing nmethod 0x0000024dc0abf190
Event: 24.696 Thread 0x0000024daf03e540 flushing nmethod 0x0000024dc0aaf710
Event: 24.696 Thread 0x0000024daf03e540 flushing nmethod 0x0000024dc0a54990
Event: 24.696 Thread 0x0000024daf03e540 flushing nmethod 0x0000024dc0a53a10
Event: 24.696 Thread 0x0000024daf03e540 flushing nmethod 0x0000024dc0a13b10
Event: 24.696 Thread 0x0000024daf03e540 flushing nmethod 0x0000024dc0a12d90
Event: 24.696 Thread 0x0000024daf03e540 flushing nmethod 0x0000024dc0a05f10
Event: 25.103 Thread 0x0000024e11236850 Thread added: 0x0000024e11236850
Event: 25.118 Thread 0x0000024e11233a60 Thread added: 0x0000024e11233a60
Event: 25.274 Thread 0x0000024e11234780 Thread added: 0x0000024e11234780
Event: 25.351 Thread 0x0000024e11235b30 Thread added: 0x0000024e11235b30
Event: 25.351 Thread 0x0000024e11231990 Thread added: 0x0000024e11231990
Event: 25.365 Thread 0x0000024e1122ff50 Thread added: 0x0000024e1122ff50


Dynamic libraries:
0x00007ff68b9d0000 - 0x00007ff68b9e0000 	C:\Program Files\Java\jdk-21\bin\java.exe
0x00007ffcc2b90000 - 0x00007ffcc2d88000 	C:\Windows\SYSTEM32\ntdll.dll
0x00007ffcc0c10000 - 0x00007ffcc0cd2000 	C:\Windows\System32\KERNEL32.DLL
0x00007ffcc04d0000 - 0x00007ffcc07c7000 	C:\Windows\System32\KERNELBASE.dll
0x00007ffcc0310000 - 0x00007ffcc0410000 	C:\Windows\System32\ucrtbase.dll
0x00007ffcb9ac0000 - 0x00007ffcb9ad9000 	C:\Program Files\Java\jdk-21\bin\jli.dll
0x00007ffcc2510000 - 0x00007ffcc25c1000 	C:\Windows\System32\ADVAPI32.dll
0x00007ffcc0fe0000 - 0x00007ffcc107e000 	C:\Windows\System32\msvcrt.dll
0x00007ffcc1080000 - 0x00007ffcc111f000 	C:\Windows\System32\sechost.dll
0x00007ffcc29f0000 - 0x00007ffcc2b16000 	C:\Windows\System32\RPCRT4.dll
0x00007ffcc04a0000 - 0x00007ffcc04c7000 	C:\Windows\System32\bcrypt.dll
0x00007ffcb9f60000 - 0x00007ffcb9f7b000 	C:\Program Files\Java\jdk-21\bin\VCRUNTIME140.dll
0x00007ffcc0cf0000 - 0x00007ffcc0e8d000 	C:\Windows\System32\USER32.dll
0x00007ffcac090000 - 0x00007ffcac32a000 	C:\Windows\WinSxS\amd64_microsoft.windows.common-controls_6595b64144ccf1df_6.0.19041.5915_none_60b4b9d171f9c7c7\COMCTL32.dll
0x00007ffcc0b50000 - 0x00007ffcc0b72000 	C:\Windows\System32\win32u.dll
0x00007ffcc15c0000 - 0x00007ffcc15eb000 	C:\Windows\System32\GDI32.dll
0x00007ffcc01f0000 - 0x00007ffcc0309000 	C:\Windows\System32\gdi32full.dll
0x00007ffcc0ab0000 - 0x00007ffcc0b4d000 	C:\Windows\System32\msvcp_win.dll
0x00007ffcac340000 - 0x00007ffcac34a000 	C:\Windows\SYSTEM32\VERSION.dll
0x00007ffcc0e90000 - 0x00007ffcc0ebf000 	C:\Windows\System32\IMM32.DLL
0x00007ffcbb0c0000 - 0x00007ffcbb0cc000 	C:\Program Files\Java\jdk-21\bin\vcruntime140_1.dll
0x00007ffc8d0b0000 - 0x00007ffc8d13e000 	C:\Program Files\Java\jdk-21\bin\msvcp140.dll
0x00007ffc6bff0000 - 0x00007ffc6ccfd000 	C:\Program Files\Java\jdk-21\bin\server\jvm.dll
0x00007ffcc1720000 - 0x00007ffcc178b000 	C:\Windows\System32\WS2_32.dll
0x00007ffcb6610000 - 0x00007ffcb6637000 	C:\Windows\SYSTEM32\WINMM.dll
0x00007ffcbfb70000 - 0x00007ffcbfbbb000 	C:\Windows\SYSTEM32\POWRPROF.dll
0x00007ffcbfb50000 - 0x00007ffcbfb62000 	C:\Windows\SYSTEM32\UMPDC.dll
0x00007ffcbe9d0000 - 0x00007ffcbe9e2000 	C:\Windows\SYSTEM32\kernel.appcore.dll
0x00007ffcba160000 - 0x00007ffcba16a000 	C:\Program Files\Java\jdk-21\bin\jimage.dll
0x00007ffcbdef0000 - 0x00007ffcbe0f1000 	C:\Windows\SYSTEM32\DBGHELP.DLL
0x00007ffcaf590000 - 0x00007ffcaf5c4000 	C:\Windows\SYSTEM32\dbgcore.DLL
0x00007ffcc0410000 - 0x00007ffcc0492000 	C:\Windows\System32\bcryptPrimitives.dll
0x00007ffcb94c0000 - 0x00007ffcb94df000 	C:\Program Files\Java\jdk-21\bin\java.dll
0x00007ffcc1800000 - 0x00007ffcc1f6e000 	C:\Windows\System32\SHELL32.dll
0x00007ffcbe210000 - 0x00007ffcbe9b4000 	C:\Windows\SYSTEM32\windows.storage.dll
0x00007ffcc2630000 - 0x00007ffcc2983000 	C:\Windows\System32\combase.dll
0x00007ffcbfad0000 - 0x00007ffcbfafb000 	C:\Windows\SYSTEM32\Wldp.dll
0x00007ffcc14f0000 - 0x00007ffcc15bd000 	C:\Windows\System32\OLEAUT32.dll
0x00007ffcc1210000 - 0x00007ffcc12bd000 	C:\Windows\System32\SHCORE.dll
0x00007ffcc2990000 - 0x00007ffcc29eb000 	C:\Windows\System32\shlwapi.dll
0x00007ffcc0120000 - 0x00007ffcc0144000 	C:\Windows\SYSTEM32\profapi.dll
0x00007ffc8b950000 - 0x00007ffc8ba27000 	C:\Program Files\Java\jdk-21\bin\jsvml.dll
0x00007ffcba120000 - 0x00007ffcba130000 	C:\Program Files\Java\jdk-21\bin\net.dll
0x00007ffcbc2a0000 - 0x00007ffcbc3aa000 	C:\Windows\SYSTEM32\WINHTTP.dll
0x00007ffcbf850000 - 0x00007ffcbf8ba000 	C:\Windows\system32\mswsock.dll
0x00007ffcb85b0000 - 0x00007ffcb85c6000 	C:\Program Files\Java\jdk-21\bin\nio.dll
0x00007ffcb74a0000 - 0x00007ffcb74b8000 	C:\Program Files\Java\jdk-21\bin\zip.dll
0x00007ffcabdf0000 - 0x00007ffcabe14000 	C:\Users\User\.m2\wrapper\dists\apache-maven-3.9.11\d6d3cbd4012d4c1d840e93277aca316c\lib\jansi-native\Windows\x86_64\jansi.dll
0x00007ffcba0f0000 - 0x00007ffcba100000 	C:\Program Files\Java\jdk-21\bin\verify.dll
0x00007ffcbf3e0000 - 0x00007ffcbf413000 	C:\Windows\SYSTEM32\ntmarta.dll
0x00007ffcbfb10000 - 0x00007ffcbfb28000 	C:\Windows\SYSTEM32\CRYPTSP.dll
0x00007ffcbf190000 - 0x00007ffcbf1c8000 	C:\Windows\system32\rsaenh.dll
0x00007ffcc00e0000 - 0x00007ffcc010e000 	C:\Windows\SYSTEM32\USERENV.dll
0x00007ffcbf9e0000 - 0x00007ffcbf9ec000 	C:\Windows\SYSTEM32\CRYPTBASE.dll
0x00007ffcbf550000 - 0x00007ffcbf58b000 	C:\Windows\SYSTEM32\IPHLPAPI.DLL
0x00007ffcc1200000 - 0x00007ffcc1208000 	C:\Windows\System32\NSI.dll

dbghelp: loaded successfully - version: 4.0.5 - missing functions: none
symbol engine: initialized successfully - sym options: 0x614 - pdb path: .;C:\Program Files\Java\jdk-21\bin;C:\Windows\SYSTEM32;C:\Windows\WinSxS\amd64_microsoft.windows.common-controls_6595b64144ccf1df_6.0.19041.5915_none_60b4b9d171f9c7c7;C:\Program Files\Java\jdk-21\bin\server;C:\Users\User\.m2\wrapper\dists\apache-maven-3.9.11\d6d3cbd4012d4c1d840e93277aca316c\lib\jansi-native\Windows\x86_64

VM Arguments:
jvm_args: --enable-native-access=ALL-UNNAMED -Dclassworlds.conf=C:\Users\User\.m2\wrapper\dists\apache-maven-3.9.11\d6d3cbd4012d4c1d840e93277aca316c\bin\m2.conf -Dmaven.home=C:\Users\User\.m2\wrapper\dists\apache-maven-3.9.11\d6d3cbd4012d4c1d840e93277aca316c -Dlibrary.jansi.path=C:\Users\User\.m2\wrapper\dists\apache-maven-3.9.11\d6d3cbd4012d4c1d840e93277aca316c\lib\jansi-native -Dmaven.multiModuleProjectDirectory=C:\Users\User\Documents\NetBeansProjects\IFBA\POO\sigtm 
java_command: org.codehaus.plexus.classworlds.launcher.Launcher -Dmaven.ext.class.path=C:\Program Files\NetBeans-24\netbeans\java\maven-nblib\netbeans-eventspy.jar --no-transfer-progress clean install
java_class_path (initial): C:\Users\User\.m2\wrapper\dists\apache-maven-3.9.11\d6d3cbd4012d4c1d840e93277aca316c\boot\plexus-classworlds-2.9.0.jar
Launcher Type: SUN_STANDARD

[Global flags]
     intx CICompilerCount                          = 3                                         {product} {ergonomic}
     uint ConcGCThreads                            = 1                                         {product} {ergonomic}
     uint G1ConcRefinementThreads                  = 4                                         {product} {ergonomic}
   size_t G1HeapRegionSize                         = 1048576                                   {product} {ergonomic}
    uintx GCDrainStackTargetSize                   = 64                                        {product} {ergonomic}
   size_t InitialHeapSize                          = 65011712                                  {product} {ergonomic}
   size_t MarkStackSize                            = 4194304                                   {product} {ergonomic}
   size_t MaxHeapSize                              = 1017118720                                {product} {ergonomic}
   size_t MaxNewSize                               = 610271232                                 {product} {ergonomic}
   size_t MinHeapDeltaBytes                        = 1048576                                   {product} {ergonomic}
   size_t MinHeapSize                              = 8388608                                   {product} {ergonomic}
    uintx NonNMethodCodeHeapSize                   = 5832780                                {pd product} {ergonomic}
    uintx NonProfiledCodeHeapSize                  = 122912730                              {pd product} {ergonomic}
    uintx ProfiledCodeHeapSize                     = 122912730                              {pd product} {ergonomic}
    uintx ReservedCodeCacheSize                    = 251658240                              {pd product} {ergonomic}
     bool SegmentedCodeCache                       = true                                      {product} {ergonomic}
   size_t SoftMaxHeapSize                          = 1017118720                             {manageable} {ergonomic}
     bool UseCompressedOops                        = true                           {product lp64_product} {ergonomic}
     bool UseG1GC                                  = true                                      {product} {ergonomic}
     bool UseLargePagesIndividualAllocation        = false                                  {pd product} {ergonomic}

Logging:
Log output configuration:
 #0: stdout all=warning uptime,level,tags foldmultilines=false
 #1: stderr all=off uptime,level,tags foldmultilines=false

Environment Variables:
JAVA_HOME=C:\Program Files\Java\jdk-21
PATH=C:\Program Files (x86)\NVIDIA Corporation\PhysX\Common;C:\Program Files\Common Files\Oracle\Java\javapath;C:\Program Files (x86)\Common Files\Oracle\Java\java8path;C:\Program Files (x86)\Common Files\Oracle\Java\javapath;C:\Program Files\Eclipse Adoptium\jdk-21.0.3.9-hotspot\bin;C:\Windows\system32;C:\Windows;C:\Windows\System32\Wbem;C:\Windows\System32\WindowsPowerShell\v1.0\;C:\Windows\System32\OpenSSH\;C:\Users\User\AppData\Local\Microsoft\WindowsApps;C:\CorelDraw\py.exe;C:\MinGW\bin;C:\Users\User\caio\Dio-Git-e-GitHub\Git\cmd;C:\Program Files\dotnet\;C:\Program Files\Pandoc\;C:\apache-maven\bin;C:\Program Files\Calibre2\;C:\Users\User\anaconda3;C:\Users\User\anaconda3\Library\mingw-w64\bin;C:\Users\User\anaconda3\Library\usr\bin;C:\Users\User\anaconda3\Library\bin;C:\Users\User\anaconda3\Scripts;C:\Windows\system32;C:\Windows;C:\Windows\System32\Wbem;C:\Windows\System32\WindowsPowerShell\v1.0\;C:\Windows\System32\OpenSSH\;C:\Users\User\AppData\Local\Microsoft\WindowsApps;C:\CorelDraw\py.exe;C:\Users\User\AppData\Local\Programs\Microsoft VS Code\bin;C:\Users\User\AppData\Local\GitHubDesktop\bin;C:\Program Files\JetBrains\CLion 2024.2.2\bin;C:\Users\User\AppData\Local\JetBrains\Toolbox\scripts;;C:\Program Files\JetBrains\IntelliJ IDEA 2024.3.4.1\bin;
USERNAME=User
OS=Windows_NT
PROCESSOR_IDENTIFIER=Intel64 Family 6 Model 140 Stepping 2, GenuineIntel
TMP=C:\Users\User\AppData\Local\Temp
TEMP=C:\Users\User\AppData\Local\Temp




Periodic native trim disabled

---------------  S Y S T E M  ---------------

OS:
 Windows 10 , 64 bit Build 19041 (10.0.19041.5915)
OS uptime: 9 days 0:24 hours
Hyper-V role detected

CPU: total 4 (initial active 4) (2 cores per cpu, 2 threads per core) family 6 model 140 stepping 2 microcode 0x26, cx8, cmov, fxsr, ht, mmx, 3dnowpref, sse, sse2, sse3, ssse3, sse4.1, sse4.2, popcnt, lzcnt, tsc, tscinvbit, avx, avx2, aes, erms, clmul, bmi1, bmi2, adx, avx512f, avx512dq, avx512cd, avx512bw, avx512vl, sha, fma, vzeroupper, avx512_vpopcntdq, avx512_vpclmulqdq, avx512_vaes, avx512_vnni, clflush, clflushopt, clwb, avx512_vbmi2, avx512_vbmi, hv, rdtscp, rdpid, fsrm, gfni, avx512_bitalg, f16c, cet_ibt, cet_ss, avx512_ifma
Processor Information for all 4 processors :
  Max Mhz: 2995, Current Mhz: 2995, Mhz Limit: 2995

Memory: 4k page, system-wide physical 3879M (125M free)
TotalPageFile size 15655M (AvailPageFile size 0M)
current process WorkingSet (physical memory assigned to process): 205M, peak: 238M
current process commit charge ("private bytes"): 428M, peak: 428M

vm_info: Java HotSpot(TM) 64-Bit Server VM (21.0.3+7-LTS-152) for windows-amd64 JRE (21.0.3+7-LTS-152), built on 2024-03-11T17:42:26Z by "mach5one" with MS VC++ 17.6 (VS2022)

END.
