#
# There is insufficient memory for the Java Runtime Environment to continue.
# Native memory allocation (malloc) failed to allocate 200656 bytes for Chunk::new
# Possible reasons:
#   The system is out of physical RAM or swap space
#   The process is running with CompressedOops enabled, and the Java Heap may be blocking the growth of the native heap
# Possible solutions:
#   Reduce memory load on the system
#   Increase physical memory or swap space
#   Check if swap backing store is full
#   Decrease Java heap size (-Xmx/-Xms)
#   Decrease number of Java threads
#   Decrease Java thread stack sizes (-Xss)
#   Set larger code cache with -XX:ReservedCodeCacheSize=
#   JVM is running with Unscaled Compressed Oops mode in which the Java heap is
#     placed in the first 4GB address space. The Java Heap base address is the
#     maximum limit for the native heap growth. Please use -XX:HeapBaseMinAddress
#     to set the Java Heap base and to place the Java Heap above 4GB virtual address.
# This output file may be truncated or incomplete.
#
#  Out of Memory Error (arena.cpp:168), pid=17808, tid=14916
#
# JRE version: Java(TM) SE Runtime Environment (21.0.3+7) (build 21.0.3+7-LTS-152)
# Java VM: Java HotSpot(TM) 64-Bit Server VM (21.0.3+7-LTS-152, mixed mode, sharing, tiered, compressed oops, compressed class ptrs, g1 gc, windows-amd64)
# No core dump will be written. Minidumps are not enabled by default on client versions of Windows
#

---------------  S U M M A R Y ------------

Command Line: --enable-preview br.com.ifba.app.SigtmApplication

Host: 11th Gen Intel(R) Core(TM) i3-1115G4 @ 3.00GHz, 4 cores, 3G,  Windows 10 , 64 bit Build 19041 (10.0.19041.5915)
Time: Mon Aug 25 22:22:05 2025 Hora Padrão da Bahia elapsed time: 1.406825 seconds (0d 0h 0m 1s)

---------------  T H R E A D  ---------------

Current thread (0x000002c599502d10):  JavaThread "C2 CompilerThread0" daemon [_thread_in_native, id=14916, stack(0x000000e3c4000000,0x000000e3c4100000) (1024K)]


Current CompileTask:
C2:   1406 2419       4       jdk.internal.jimage.BasicImageReader::verifyLocation (39 bytes)

Stack: [0x000000e3c4000000,0x000000e3c4100000]
Native frames: (J=compiled Java code, j=interpreted, Vv=VM code, C=native code)
V  [jvm.dll+0x6c63b9]
V  [jvm.dll+0x84fa11]
V  [jvm.dll+0x851f3e]
V  [jvm.dll+0x852613]
V  [jvm.dll+0x27cd46]
V  [jvm.dll+0xc4aad]
V  [jvm.dll+0xc4fe3]
V  [jvm.dll+0x2efaff]
V  [jvm.dll+0x5f150a]
V  [jvm.dll+0x24e99f]
V  [jvm.dll+0x2477af]
V  [jvm.dll+0x245014]
V  [jvm.dll+0x1c689e]
V  [jvm.dll+0x254609]
V  [jvm.dll+0x252b9a]
V  [jvm.dll+0x3eb056]
V  [jvm.dll+0x7f9ffb]
V  [jvm.dll+0x6c4a9d]
C  [ucrtbase.dll+0x21bb2]
C  [KERNEL32.DLL+0x17374]
C  [ntdll.dll+0x4cc91]


---------------  P R O C E S S  ---------------

Threads class SMR info:
_java_thread_list=0x000002c5dfc8e5e0, length=11, elements={
0x000002c5faff9630, 0x000002c5994f0000, 0x000002c5994f0ed0, 0x000002c5994f4f00,
0x000002c5994f5960, 0x000002c5994f6d10, 0x000002c5994ff340, 0x000002c599502d10,
0x000002c5995037b0, 0x000002c5997c52f0, 0x000002c5997d3940
}

Java Threads: ( => current thread )
  0x000002c5faff9630 JavaThread "main"                              [_thread_in_native, id=20988, stack(0x000000e3c3200000,0x000000e3c3300000) (1024K)]
  0x000002c5994f0000 JavaThread "Reference Handler"          daemon [_thread_blocked, id=7648, stack(0x000000e3c3a00000,0x000000e3c3b00000) (1024K)]
  0x000002c5994f0ed0 JavaThread "Finalizer"                  daemon [_thread_blocked, id=22632, stack(0x000000e3c3b00000,0x000000e3c3c00000) (1024K)]
  0x000002c5994f4f00 JavaThread "Signal Dispatcher"          daemon [_thread_blocked, id=9004, stack(0x000000e3c3c00000,0x000000e3c3d00000) (1024K)]
  0x000002c5994f5960 JavaThread "Attach Listener"            daemon [_thread_blocked, id=26572, stack(0x000000e3c3d00000,0x000000e3c3e00000) (1024K)]
  0x000002c5994f6d10 JavaThread "Service Thread"             daemon [_thread_blocked, id=6788, stack(0x000000e3c3e00000,0x000000e3c3f00000) (1024K)]
  0x000002c5994ff340 JavaThread "Monitor Deflation Thread"   daemon [_thread_blocked, id=13452, stack(0x000000e3c3f00000,0x000000e3c4000000) (1024K)]
=>0x000002c599502d10 JavaThread "C2 CompilerThread0"         daemon [_thread_in_native, id=14916, stack(0x000000e3c4000000,0x000000e3c4100000) (1024K)]
  0x000002c5995037b0 JavaThread "C1 CompilerThread0"         daemon [_thread_blocked, id=4176, stack(0x000000e3c4100000,0x000000e3c4200000) (1024K)]
  0x000002c5997c52f0 JavaThread "Notification Thread"        daemon [_thread_blocked, id=14900, stack(0x000000e3c4200000,0x000000e3c4300000) (1024K)]
  0x000002c5997d3940 JavaThread "Common-Cleaner"             daemon [_thread_blocked, id=12108, stack(0x000000e3c4300000,0x000000e3c4400000) (1024K)]
Total: 11

Other Threads:
  0x000002c5fd25e410 VMThread "VM Thread"                           [id=25964, stack(0x000000e3c3900000,0x000000e3c3a00000) (1024K)]
  0x000002c5994cad60 WatcherThread "VM Periodic Task Thread"        [id=22804, stack(0x000000e3c3800000,0x000000e3c3900000) (1024K)]
  0x000002c5fd1d0750 WorkerThread "GC Thread#0"                     [id=19484, stack(0x000000e3c3300000,0x000000e3c3400000) (1024K)]
  0x000002c5df2b7180 WorkerThread "GC Thread#1"                     [id=25364, stack(0x000000e3c4400000,0x000000e3c4500000) (1024K)]
  0x000002c5df2c35c0 WorkerThread "GC Thread#2"                     [id=15880, stack(0x000000e3c4500000,0x000000e3c4600000) (1024K)]
  0x000002c5df2db3b0 WorkerThread "GC Thread#3"                     [id=17820, stack(0x000000e3c4600000,0x000000e3c4700000) (1024K)]
  0x000002c5fd1e85f0 ConcurrentGCThread "G1 Main Marker"            [id=18204, stack(0x000000e3c3400000,0x000000e3c3500000) (1024K)]
  0x000002c5fd1e96a0 WorkerThread "G1 Conc#0"                       [id=22400, stack(0x000000e3c3500000,0x000000e3c3600000) (1024K)]
  0x000002c5fd23e930 ConcurrentGCThread "G1 Refine#0"               [id=25348, stack(0x000000e3c3600000,0x000000e3c3700000) (1024K)]
  0x000002c5fd23f2b0 ConcurrentGCThread "G1 Service"                [id=24220, stack(0x000000e3c3700000,0x000000e3c3800000) (1024K)]
Total: 10

Threads with active compile tasks:
C2 CompilerThread0     1427 2419       4       jdk.internal.jimage.BasicImageReader::verifyLocation (39 bytes)
Total: 1

VM state: not at safepoint (normal execution)

VM Mutex/Monitor currently owned by a thread:  ([mutex/lock_event])
[0x00007ffc6cc22ca8] CodeCache_lock - owner thread: 0x000002c5faff9630

Heap address: 0x00000000c3600000, size: 970 MB, Compressed Oops mode: 32-bit

CDS archive(s) mapped at: [0x000002c59a000000-0x000002c59ac90000-0x000002c59ac90000), size 13172736, SharedBaseAddress: 0x000002c59a000000, ArchiveRelocationMode: 1.
Compressed class space mapped at: 0x000002c59b000000-0x000002c5db000000, reserved size: 1073741824
Narrow klass base: 0x000002c59a000000, Narrow klass shift: 0, Narrow klass range: 0x100000000

GC Precious Log:
 CardTable entry size: 512
 Card Set container configuration: InlinePtr #cards 5 size 8 Array Of Cards #cards 12 size 40 Howl #buckets 4 coarsen threshold 1843 Howl Bitmap #cards 512 size 80 coarsen threshold 460 Card regions per heap region 1 cards per card region 2048
 CPUs: 4 total, 4 available
 Memory: 3879M
 Large Page Support: Disabled
 NUMA Support: Disabled
 Compressed Oops: Enabled (32-bit)
 Heap Region Size: 1M
 Heap Min Capacity: 8M
 Heap Initial Capacity: 62M
 Heap Max Capacity: 970M
 Pre-touch: Disabled
 Parallel Workers: 4
 Concurrent Workers: 1
 Concurrent Refinement Workers: 4
 Periodic GC: Disabled

Heap:
 garbage-first heap   total 63488K, used 18418K [0x00000000c3600000, 0x0000000100000000)
  region size 1024K, 14 young (14336K), 4 survivors (4096K)
 Metaspace       used 14766K, committed 15168K, reserved 1114112K
  class space    used 1937K, committed 2112K, reserved 1048576K

Heap Regions: E=young(eden), S=young(survivor), O=old, HS=humongous(starts), HC=humongous(continues), CS=collection set, F=free, TAMS=top-at-mark-start, PB=parsable bottom
|   0|0x00000000c3600000, 0x00000000c3700000, 0x00000000c3700000|100%|HS|  |TAMS 0x00000000c3600000| PB 0x00000000c3600000| Complete 
|   1|0x00000000c3700000, 0x00000000c3800000, 0x00000000c3800000|100%|HS|  |TAMS 0x00000000c3700000| PB 0x00000000c3700000| Complete 
|   2|0x00000000c3800000, 0x00000000c3900000, 0x00000000c3900000|100%| O|  |TAMS 0x00000000c3800000| PB 0x00000000c3800000| Untracked 
|   3|0x00000000c3900000, 0x00000000c3a00000, 0x00000000c3a00000|100%| O|  |TAMS 0x00000000c3900000| PB 0x00000000c3900000| Untracked 
|   4|0x00000000c3a00000, 0x00000000c3b00000, 0x00000000c3b00000|100%| O|  |TAMS 0x00000000c3a00000| PB 0x00000000c3a00000| Untracked 
|   5|0x00000000c3b00000, 0x00000000c3c00000, 0x00000000c3c00000|100%| O|  |TAMS 0x00000000c3b00000| PB 0x00000000c3b00000| Untracked 
|   6|0x00000000c3c00000, 0x00000000c3c80688, 0x00000000c3d00000| 50%| O|  |TAMS 0x00000000c3c00000| PB 0x00000000c3c00000| Untracked 
|   7|0x00000000c3d00000, 0x00000000c3d00000, 0x00000000c3e00000|  0%| F|  |TAMS 0x00000000c3d00000| PB 0x00000000c3d00000| Untracked 
|   8|0x00000000c3e00000, 0x00000000c3e00000, 0x00000000c3f00000|  0%| F|  |TAMS 0x00000000c3e00000| PB 0x00000000c3e00000| Untracked 
|   9|0x00000000c3f00000, 0x00000000c3f00000, 0x00000000c4000000|  0%| F|  |TAMS 0x00000000c3f00000| PB 0x00000000c3f00000| Untracked 
|  10|0x00000000c4000000, 0x00000000c4000000, 0x00000000c4100000|  0%| F|  |TAMS 0x00000000c4000000| PB 0x00000000c4000000| Untracked 
|  11|0x00000000c4100000, 0x00000000c4100000, 0x00000000c4200000|  0%| F|  |TAMS 0x00000000c4100000| PB 0x00000000c4100000| Untracked 
|  12|0x00000000c4200000, 0x00000000c4200000, 0x00000000c4300000|  0%| F|  |TAMS 0x00000000c4200000| PB 0x00000000c4200000| Untracked 
|  13|0x00000000c4300000, 0x00000000c4300000, 0x00000000c4400000|  0%| F|  |TAMS 0x00000000c4300000| PB 0x00000000c4300000| Untracked 
|  14|0x00000000c4400000, 0x00000000c4400000, 0x00000000c4500000|  0%| F|  |TAMS 0x00000000c4400000| PB 0x00000000c4400000| Untracked 
|  15|0x00000000c4500000, 0x00000000c4500000, 0x00000000c4600000|  0%| F|  |TAMS 0x00000000c4500000| PB 0x00000000c4500000| Untracked 
|  16|0x00000000c4600000, 0x00000000c4600000, 0x00000000c4700000|  0%| F|  |TAMS 0x00000000c4600000| PB 0x00000000c4600000| Untracked 
|  17|0x00000000c4700000, 0x00000000c4700000, 0x00000000c4800000|  0%| F|  |TAMS 0x00000000c4700000| PB 0x00000000c4700000| Untracked 
|  18|0x00000000c4800000, 0x00000000c4800000, 0x00000000c4900000|  0%| F|  |TAMS 0x00000000c4800000| PB 0x00000000c4800000| Untracked 
|  19|0x00000000c4900000, 0x00000000c4900000, 0x00000000c4a00000|  0%| F|  |TAMS 0x00000000c4900000| PB 0x00000000c4900000| Untracked 
|  20|0x00000000c4a00000, 0x00000000c4a00000, 0x00000000c4b00000|  0%| F|  |TAMS 0x00000000c4a00000| PB 0x00000000c4a00000| Untracked 
|  21|0x00000000c4b00000, 0x00000000c4b00000, 0x00000000c4c00000|  0%| F|  |TAMS 0x00000000c4b00000| PB 0x00000000c4b00000| Untracked 
|  22|0x00000000c4c00000, 0x00000000c4c00000, 0x00000000c4d00000|  0%| F|  |TAMS 0x00000000c4c00000| PB 0x00000000c4c00000| Untracked 
|  23|0x00000000c4d00000, 0x00000000c4d00000, 0x00000000c4e00000|  0%| F|  |TAMS 0x00000000c4d00000| PB 0x00000000c4d00000| Untracked 
|  24|0x00000000c4e00000, 0x00000000c4e00000, 0x00000000c4f00000|  0%| F|  |TAMS 0x00000000c4e00000| PB 0x00000000c4e00000| Untracked 
|  25|0x00000000c4f00000, 0x00000000c4f00000, 0x00000000c5000000|  0%| F|  |TAMS 0x00000000c4f00000| PB 0x00000000c4f00000| Untracked 
|  26|0x00000000c5000000, 0x00000000c5000000, 0x00000000c5100000|  0%| F|  |TAMS 0x00000000c5000000| PB 0x00000000c5000000| Untracked 
|  27|0x00000000c5100000, 0x00000000c5100000, 0x00000000c5200000|  0%| F|  |TAMS 0x00000000c5100000| PB 0x00000000c5100000| Untracked 
|  28|0x00000000c5200000, 0x00000000c5200000, 0x00000000c5300000|  0%| F|  |TAMS 0x00000000c5200000| PB 0x00000000c5200000| Untracked 
|  29|0x00000000c5300000, 0x00000000c537c2e0, 0x00000000c5400000| 48%| S|CS|TAMS 0x00000000c5300000| PB 0x00000000c5300000| Complete 
|  30|0x00000000c5400000, 0x00000000c5500000, 0x00000000c5500000|100%| S|CS|TAMS 0x00000000c5400000| PB 0x00000000c5400000| Complete 
|  31|0x00000000c5500000, 0x00000000c5600000, 0x00000000c5600000|100%| S|CS|TAMS 0x00000000c5500000| PB 0x00000000c5500000| Complete 
|  32|0x00000000c5600000, 0x00000000c5700000, 0x00000000c5700000|100%| S|CS|TAMS 0x00000000c5600000| PB 0x00000000c5600000| Complete 
|  33|0x00000000c5700000, 0x00000000c5700000, 0x00000000c5800000|  0%| F|  |TAMS 0x00000000c5700000| PB 0x00000000c5700000| Untracked 
|  34|0x00000000c5800000, 0x00000000c5800000, 0x00000000c5900000|  0%| F|  |TAMS 0x00000000c5800000| PB 0x00000000c5800000| Untracked 
|  35|0x00000000c5900000, 0x00000000c5900000, 0x00000000c5a00000|  0%| F|  |TAMS 0x00000000c5900000| PB 0x00000000c5900000| Untracked 
|  36|0x00000000c5a00000, 0x00000000c5a00000, 0x00000000c5b00000|  0%| F|  |TAMS 0x00000000c5a00000| PB 0x00000000c5a00000| Untracked 
|  37|0x00000000c5b00000, 0x00000000c5b00000, 0x00000000c5c00000|  0%| F|  |TAMS 0x00000000c5b00000| PB 0x00000000c5b00000| Untracked 
|  38|0x00000000c5c00000, 0x00000000c5c00000, 0x00000000c5d00000|  0%| F|  |TAMS 0x00000000c5c00000| PB 0x00000000c5c00000| Untracked 
|  39|0x00000000c5d00000, 0x00000000c5d00000, 0x00000000c5e00000|  0%| F|  |TAMS 0x00000000c5d00000| PB 0x00000000c5d00000| Untracked 
|  40|0x00000000c5e00000, 0x00000000c5e00000, 0x00000000c5f00000|  0%| F|  |TAMS 0x00000000c5e00000| PB 0x00000000c5e00000| Untracked 
|  41|0x00000000c5f00000, 0x00000000c5f00000, 0x00000000c6000000|  0%| F|  |TAMS 0x00000000c5f00000| PB 0x00000000c5f00000| Untracked 
|  42|0x00000000c6000000, 0x00000000c6000000, 0x00000000c6100000|  0%| F|  |TAMS 0x00000000c6000000| PB 0x00000000c6000000| Untracked 
|  43|0x00000000c6100000, 0x00000000c6100000, 0x00000000c6200000|  0%| F|  |TAMS 0x00000000c6100000| PB 0x00000000c6100000| Untracked 
|  44|0x00000000c6200000, 0x00000000c6200000, 0x00000000c6300000|  0%| F|  |TAMS 0x00000000c6200000| PB 0x00000000c6200000| Untracked 
|  45|0x00000000c6300000, 0x00000000c6300000, 0x00000000c6400000|  0%| F|  |TAMS 0x00000000c6300000| PB 0x00000000c6300000| Untracked 
|  46|0x00000000c6400000, 0x00000000c6400000, 0x00000000c6500000|  0%| F|  |TAMS 0x00000000c6400000| PB 0x00000000c6400000| Untracked 
|  47|0x00000000c6500000, 0x00000000c6500000, 0x00000000c6600000|  0%| F|  |TAMS 0x00000000c6500000| PB 0x00000000c6500000| Untracked 
|  48|0x00000000c6600000, 0x00000000c6600000, 0x00000000c6700000|  0%| F|  |TAMS 0x00000000c6600000| PB 0x00000000c6600000| Untracked 
|  49|0x00000000c6700000, 0x00000000c6700000, 0x00000000c6800000|  0%| F|  |TAMS 0x00000000c6700000| PB 0x00000000c6700000| Untracked 
|  50|0x00000000c6800000, 0x00000000c6800000, 0x00000000c6900000|  0%| F|  |TAMS 0x00000000c6800000| PB 0x00000000c6800000| Untracked 
|  51|0x00000000c6900000, 0x00000000c6900000, 0x00000000c6a00000|  0%| F|  |TAMS 0x00000000c6900000| PB 0x00000000c6900000| Untracked 
|  52|0x00000000c6a00000, 0x00000000c6a6f770, 0x00000000c6b00000| 43%| E|  |TAMS 0x00000000c6a00000| PB 0x00000000c6a00000| Complete 
|  53|0x00000000c6b00000, 0x00000000c6c00000, 0x00000000c6c00000|100%| E|CS|TAMS 0x00000000c6b00000| PB 0x00000000c6b00000| Complete 
|  54|0x00000000c6c00000, 0x00000000c6d00000, 0x00000000c6d00000|100%| E|CS|TAMS 0x00000000c6c00000| PB 0x00000000c6c00000| Complete 
|  55|0x00000000c6d00000, 0x00000000c6e00000, 0x00000000c6e00000|100%| E|  |TAMS 0x00000000c6d00000| PB 0x00000000c6d00000| Complete 
|  56|0x00000000c6e00000, 0x00000000c6f00000, 0x00000000c6f00000|100%| E|CS|TAMS 0x00000000c6e00000| PB 0x00000000c6e00000| Complete 
|  57|0x00000000c6f00000, 0x00000000c7000000, 0x00000000c7000000|100%| E|CS|TAMS 0x00000000c6f00000| PB 0x00000000c6f00000| Complete 
|  58|0x00000000c7000000, 0x00000000c7100000, 0x00000000c7100000|100%| E|CS|TAMS 0x00000000c7000000| PB 0x00000000c7000000| Complete 
|  59|0x00000000c7100000, 0x00000000c7200000, 0x00000000c7200000|100%| E|CS|TAMS 0x00000000c7100000| PB 0x00000000c7100000| Complete 
|  60|0x00000000c7200000, 0x00000000c7300000, 0x00000000c7300000|100%| E|CS|TAMS 0x00000000c7200000| PB 0x00000000c7200000| Complete 
|  61|0x00000000c7300000, 0x00000000c7400000, 0x00000000c7400000|100%| E|CS|TAMS 0x00000000c7300000| PB 0x00000000c7300000| Complete 

Card table byte_map: [0x000002c5fd450000,0x000002c5fd640000] _byte_map_base: 0x000002c5fce35000

Marking Bits: (CMBitMap*) 0x000002c5fd1d2070
 Bits: [0x000002c5fd640000, 0x000002c5fe568000)

Polling page: 0x000002c5fc960000

Metaspace:

Usage:
  Non-class:     12.54 MB used.
      Class:      1.89 MB used.
       Both:     14.43 MB used.

Virtual space:
  Non-class space:       64.00 MB reserved,      12.75 MB ( 20%) committed,  1 nodes.
      Class space:        1.00 GB reserved,       2.06 MB ( <1%) committed,  1 nodes.
             Both:        1.06 GB reserved,      14.81 MB (  1%) committed. 

Chunk freelists:
   Non-Class:  3.09 MB
       Class:  13.86 MB
        Both:  16.95 MB

MaxMetaspaceSize: unlimited
CompressedClassSpaceSize: 1.00 GB
Initial GC threshold: 21.00 MB
Current GC threshold: 21.00 MB
CDS: on
 - commit_granule_bytes: 65536.
 - commit_granule_words: 8192.
 - virtual_space_node_default_size: 8388608.
 - enlarge_chunks_in_place: 1.
 - use_allocation_guard: 0.


Internal statistics:

num_allocs_failed_limit: 0.
num_arena_births: 378.
num_arena_deaths: 0.
num_vsnodes_births: 2.
num_vsnodes_deaths: 0.
num_space_committed: 237.
num_space_uncommitted: 0.
num_chunks_returned_to_freelist: 0.
num_chunks_taken_from_freelist: 918.
num_chunk_merges: 0.
num_chunk_splits: 586.
num_chunks_enlarged: 398.
num_inconsistent_stats: 0.

CodeHeap 'non-profiled nmethods': size=120000Kb used=846Kb max_used=846Kb free=119153Kb
 bounds [0x000002c58fe80000, 0x000002c5900f0000, 0x000002c5973b0000]
CodeHeap 'profiled nmethods': size=120000Kb used=4707Kb max_used=4707Kb free=115293Kb
 bounds [0x000002c5883b0000, 0x000002c588850000, 0x000002c58f8e0000]
CodeHeap 'non-nmethods': size=5760Kb used=1545Kb max_used=1567Kb free=4214Kb
 bounds [0x000002c58f8e0000, 0x000002c58fb50000, 0x000002c58fe80000]
 total_blobs=2986 nmethods=2489 adapters=401
 compilation: enabled
              stopped_count=0, restarted_count=0
 full_count=0

Compilation events (20 events):
Event: 1.395 Thread 0x000002c5995037b0 2467       3       java.lang.invoke.LambdaForm$MH/0x000002c59b01ac00::invoke (27 bytes)
Event: 1.396 Thread 0x000002c5995037b0 nmethod 2467 0x000002c58883c710 code [0x000002c58883c8e0, 0x000002c58883cd60]
Event: 1.396 Thread 0x000002c5995037b0 2468       3       java.lang.StringConcatHelper::newArrayWithSuffix (40 bytes)
Event: 1.396 Thread 0x000002c599502d10 nmethod 2465 0x000002c58ff52e10 code [0x000002c58ff52fa0, 0x000002c58ff530d8]
Event: 1.396 Thread 0x000002c599502d10 2419       4       jdk.internal.jimage.BasicImageReader::verifyLocation (39 bytes)
Event: 1.396 Thread 0x000002c5995037b0 nmethod 2468 0x000002c58883ce90 code [0x000002c58883d0a0, 0x000002c58883d640]
Event: 1.396 Thread 0x000002c5995037b0 2469       3       java.util.jar.Manifest$FastInputStream::readLine (296 bytes)
Event: 1.397 Thread 0x000002c5995037b0 nmethod 2469 0x000002c58883d890 code [0x000002c58883dac0, 0x000002c58883e390]
Event: 1.400 Thread 0x000002c5995037b0 2471       3       java.lang.StringBuilder::append (9 bytes)
Event: 1.400 Thread 0x000002c5995037b0 nmethod 2471 0x000002c58883e710 code [0x000002c58883e8e0, 0x000002c58883ec18]
Event: 1.402 Thread 0x000002c5995037b0 2472       3       java.lang.invoke.LambdaForm$MH/0x000002c59b0d5000::invoke (45 bytes)
Event: 1.402 Thread 0x000002c5995037b0 nmethod 2472 0x000002c58883ed90 code [0x000002c58883ef80, 0x000002c58883f658]
Event: 1.403 Thread 0x000002c5995037b0 2474       3       org.springframework.util.StringUtils::delimitedListToStringArray (7 bytes)
Event: 1.404 Thread 0x000002c5995037b0 nmethod 2474 0x000002c58883f810 code [0x000002c58883f9c0, 0x000002c58883fae8]
Event: 1.404 Thread 0x000002c5995037b0 2475       3       java.lang.invoke.DirectMethodHandle$Holder::invokeStatic (14 bytes)
Event: 1.404 Thread 0x000002c5995037b0 nmethod 2475 0x000002c58883fb90 code [0x000002c58883fd60, 0x000002c5888401b0]
Event: 1.404 Thread 0x000002c5995037b0 2476       3       java.lang.invoke.LambdaForm$MH/0x000002c59b01bc00::invoke (94 bytes)
Event: 1.405 Thread 0x000002c5995037b0 nmethod 2476 0x000002c588840310 code [0x000002c588840560, 0x000002c5888411d0]
Event: 1.405 Thread 0x000002c5995037b0 2477       3       java.lang.invoke.LambdaForm$MH/0x000002c59b01b400::invoke (27 bytes)
Event: 1.405 Thread 0x000002c5995037b0 nmethod 2477 0x000002c588841490 code [0x000002c588841660, 0x000002c588841ad8]

GC Heap History (6 events):
Event: 0.430 GC heap before
{Heap before GC invocations=0 (full 0):
 garbage-first heap   total 63488K, used 14336K [0x00000000c3600000, 0x0000000100000000)
  region size 1024K, 13 young (13312K), 0 survivors (0K)
 Metaspace       used 3492K, committed 3712K, reserved 1114112K
  class space    used 395K, committed 512K, reserved 1048576K
}
Event: 0.433 GC heap after
{Heap after GC invocations=1 (full 0):
 garbage-first heap   total 63488K, used 6654K [0x00000000c3600000, 0x0000000100000000)
  region size 1024K, 2 young (2048K), 2 survivors (2048K)
 Metaspace       used 3492K, committed 3712K, reserved 1114112K
  class space    used 395K, committed 512K, reserved 1048576K
}
Event: 0.731 GC heap before
{Heap before GC invocations=1 (full 0):
 garbage-first heap   total 63488K, used 19966K [0x00000000c3600000, 0x0000000100000000)
  region size 1024K, 15 young (15360K), 2 survivors (2048K)
 Metaspace       used 7341K, committed 7616K, reserved 1114112K
  class space    used 905K, committed 1024K, reserved 1048576K
}
Event: 0.735 GC heap after
{Heap after GC invocations=2 (full 0):
 garbage-first heap   total 63488K, used 8151K [0x00000000c3600000, 0x0000000100000000)
  region size 1024K, 2 young (2048K), 2 survivors (2048K)
 Metaspace       used 7341K, committed 7616K, reserved 1114112K
  class space    used 905K, committed 1024K, reserved 1048576K
}
Event: 1.245 GC heap before
{Heap before GC invocations=2 (full 0):
 garbage-first heap   total 63488K, used 35799K [0x00000000c3600000, 0x0000000100000000)
  region size 1024K, 29 young (29696K), 2 survivors (2048K)
 Metaspace       used 13853K, committed 14144K, reserved 1114112K
  class space    used 1852K, committed 1984K, reserved 1048576K
}
Event: 1.252 GC heap after
{Heap after GC invocations=3 (full 0):
 garbage-first heap   total 63488K, used 10226K [0x00000000c3600000, 0x0000000100000000)
  region size 1024K, 4 young (4096K), 4 survivors (4096K)
 Metaspace       used 13853K, committed 14144K, reserved 1114112K
  class space    used 1852K, committed 1984K, reserved 1048576K
}

Dll operation events (6 events):
Event: 0.007 Loaded shared library C:\Program Files\Java\jdk-21\bin\java.dll
Event: 0.032 Loaded shared library C:\Program Files\Java\jdk-21\bin\jsvml.dll
Event: 0.068 Loaded shared library C:\Program Files\Java\jdk-21\bin\net.dll
Event: 0.070 Loaded shared library C:\Program Files\Java\jdk-21\bin\nio.dll
Event: 0.072 Loaded shared library C:\Program Files\Java\jdk-21\bin\zip.dll
Event: 0.185 Loaded shared library C:\Program Files\Java\jdk-21\bin\jimage.dll

Deoptimization events (20 events):
Event: 1.397 Thread 0x000002c5faff9630 DEOPT PACKING pc=0x000002c58883e23c sp=0x000000e3c32fcea0
Event: 1.397 Thread 0x000002c5faff9630 DEOPT UNPACKING pc=0x000002c58f9388e2 sp=0x000000e3c32fc330 mode 0
Event: 1.397 Thread 0x000002c5faff9630 DEOPT PACKING pc=0x000002c58883e23c sp=0x000000e3c32fcea0
Event: 1.397 Thread 0x000002c5faff9630 DEOPT UNPACKING pc=0x000002c58f9388e2 sp=0x000000e3c32fc330 mode 0
Event: 1.397 Thread 0x000002c5faff9630 DEOPT PACKING pc=0x000002c58883e23c sp=0x000000e3c32fcea0
Event: 1.397 Thread 0x000002c5faff9630 DEOPT UNPACKING pc=0x000002c58f9388e2 sp=0x000000e3c32fc330 mode 0
Event: 1.397 Thread 0x000002c5faff9630 DEOPT PACKING pc=0x000002c58883e23c sp=0x000000e3c32fcea0
Event: 1.397 Thread 0x000002c5faff9630 DEOPT UNPACKING pc=0x000002c58f9388e2 sp=0x000000e3c32fc330 mode 0
Event: 1.398 Thread 0x000002c5faff9630 DEOPT PACKING pc=0x000002c58883e23c sp=0x000000e3c32fcea0
Event: 1.398 Thread 0x000002c5faff9630 DEOPT UNPACKING pc=0x000002c58f9388e2 sp=0x000000e3c32fc330 mode 0
Event: 1.398 Thread 0x000002c5faff9630 DEOPT PACKING pc=0x000002c58883e23c sp=0x000000e3c32fcea0
Event: 1.398 Thread 0x000002c5faff9630 DEOPT UNPACKING pc=0x000002c58f9388e2 sp=0x000000e3c32fc330 mode 0
Event: 1.398 Thread 0x000002c5faff9630 DEOPT PACKING pc=0x000002c58883e23c sp=0x000000e3c32fcea0
Event: 1.398 Thread 0x000002c5faff9630 DEOPT UNPACKING pc=0x000002c58f9388e2 sp=0x000000e3c32fc330 mode 0
Event: 1.398 Thread 0x000002c5faff9630 DEOPT PACKING pc=0x000002c58883e23c sp=0x000000e3c32fcea0
Event: 1.398 Thread 0x000002c5faff9630 DEOPT UNPACKING pc=0x000002c58f9388e2 sp=0x000000e3c32fc330 mode 0
Event: 1.398 Thread 0x000002c5faff9630 DEOPT PACKING pc=0x000002c58883e23c sp=0x000000e3c32fcea0
Event: 1.398 Thread 0x000002c5faff9630 DEOPT UNPACKING pc=0x000002c58f9388e2 sp=0x000000e3c32fc330 mode 0
Event: 1.398 Thread 0x000002c5faff9630 DEOPT PACKING pc=0x000002c58883e23c sp=0x000000e3c32fcea0
Event: 1.398 Thread 0x000002c5faff9630 DEOPT UNPACKING pc=0x000002c58f9388e2 sp=0x000000e3c32fc330 mode 0

Classes loaded (20 events):
Event: 1.090 Loading class sun/nio/ch/NativeThread
Event: 1.090 Loading class sun/nio/ch/NativeThread done
Event: 1.090 Loading class sun/nio/ch/IOStatus
Event: 1.090 Loading class sun/nio/ch/IOStatus done
Event: 1.090 Loading class sun/nio/ch/Util
Event: 1.090 Loading class sun/nio/ch/Util done
Event: 1.090 Loading class sun/nio/ch/Util$1
Event: 1.090 Loading class sun/nio/ch/Util$1 done
Event: 1.090 Loading class sun/nio/ch/Util$BufferCache
Event: 1.090 Loading class sun/nio/ch/Util$BufferCache done
Event: 1.090 Loading class java/nio/DirectByteBuffer$Deallocator
Event: 1.090 Loading class java/nio/DirectByteBuffer$Deallocator done
Event: 1.386 Loading class java/lang/Thread$ThreadNumbering
Event: 1.387 Loading class java/lang/Thread$ThreadNumbering done
Event: 1.398 Loading class javax/naming/ldap/LdapContext
Event: 1.398 Loading class javax/naming/directory/DirContext
Event: 1.398 Loading class javax/naming/Context
Event: 1.399 Loading class javax/naming/Context done
Event: 1.399 Loading class javax/naming/directory/DirContext done
Event: 1.399 Loading class javax/naming/ldap/LdapContext done

Classes unloaded (0 events):
No events

Classes redefined (0 events):
No events

Internal exceptions (20 events):
Event: 0.672 Thread 0x000002c5faff9630 Exception <a 'java/lang/NoSuchMethodError'{0x00000000c696a328}: 'java.lang.Object java.lang.invoke.DirectMethodHandle$Holder.newInvokeSpecial(java.lang.Object, java.lang.Object, java.lang.Object, int, java.lang.Object)'> (0x00000000c696a328) 
thrown [s\open\src\hotspot\share\interpreter\linkResolver.cpp, line 773]
Event: 0.672 Thread 0x000002c5faff9630 Exception <a 'java/lang/NoSuchMethodError'{0x00000000c6971c50}: 'java.lang.Object java.lang.invoke.Invokers$Holder.linkToTargetMethod(java.lang.Object, java.lang.Object, int, java.lang.Object, java.lang.Object)'> (0x00000000c6971c50) 
thrown [s\open\src\hotspot\share\interpreter\linkResolver.cpp, line 773]
Event: 0.673 Thread 0x000002c5faff9630 Exception <a 'java/lang/NoSuchMethodError'{0x00000000c69802e8}: 'java.lang.Object java.lang.invoke.DirectMethodHandle$Holder.newInvokeSpecial(java.lang.Object, int, java.lang.Object)'> (0x00000000c69802e8) 
thrown [s\open\src\hotspot\share\interpreter\linkResolver.cpp, line 773]
Event: 0.673 Thread 0x000002c5faff9630 Exception <a 'java/lang/NoSuchMethodError'{0x00000000c6984a88}: 'int java.lang.invoke.DirectMethodHandle$Holder.invokeSpecialIFC(java.lang.Object, java.lang.Object, java.lang.Object, java.lang.Object)'> (0x00000000c6984a88) 
thrown [s\open\src\hotspot\share\interpreter\linkResolver.cpp, line 773]
Event: 0.689 Thread 0x000002c5faff9630 Exception <a 'java/lang/NoSuchMethodError'{0x00000000c6833550}: 'void java.lang.invoke.DirectMethodHandle$Holder.invokeInterface(java.lang.Object, java.lang.Object, java.lang.Object)'> (0x00000000c6833550) 
thrown [s\open\src\hotspot\share\interpreter\linkResolver.cpp, line 773]
Event: 0.702 Thread 0x000002c5faff9630 Exception <a 'java/lang/NoSuchMethodError'{0x00000000c68aa2b0}: 'void java.lang.invoke.DirectMethodHandle$Holder.invokeStaticInit(java.lang.Object, java.lang.Object, java.lang.Object)'> (0x00000000c68aa2b0) 
thrown [s\open\src\hotspot\share\interpreter\linkResolver.cpp, line 773]
Event: 0.705 Thread 0x000002c5faff9630 Exception <a 'java/lang/NoSuchMethodError'{0x00000000c68e3b78}: 'java.lang.Object java.lang.invoke.DirectMethodHandle$Holder.invokeStaticInit(java.lang.Object, int)'> (0x00000000c68e3b78) 
thrown [s\open\src\hotspot\share\interpreter\linkResolver.cpp, line 773]
Event: 0.707 Thread 0x000002c5faff9630 Exception <a 'java/lang/NoSuchMethodError'{0x00000000c68edbf8}: 'java.lang.Object java.lang.invoke.DirectMethodHandle$Holder.invokeStatic(java.lang.Object, int, java.lang.Object)'> (0x00000000c68edbf8) 
thrown [s\open\src\hotspot\share\interpreter\linkResolver.cpp, line 773]
Event: 0.707 Thread 0x000002c5faff9630 Exception <a 'java/lang/NoSuchMethodError'{0x00000000c68f1248}: 'java.lang.Object java.lang.invoke.DirectMethodHandle$Holder.invokeStaticInit(java.lang.Object, int, java.lang.Object)'> (0x00000000c68f1248) 
thrown [s\open\src\hotspot\share\interpreter\linkResolver.cpp, line 773]
Event: 0.710 Thread 0x000002c5faff9630 Exception <a 'java/lang/NoSuchMethodError'{0x00000000c670e3e0}: 'java.lang.Object java.lang.invoke.DirectMethodHandle$Holder.invokeVirtual(java.lang.Object, java.lang.Object, java.lang.Object)'> (0x00000000c670e3e0) 
thrown [s\open\src\hotspot\share\interpreter\linkResolver.cpp, line 773]
Event: 0.728 Thread 0x000002c5faff9630 Exception <a 'java/lang/NoSuchMethodError'{0x00000000c67d37c8}: 'void java.lang.invoke.DirectMethodHandle$Holder.invokeVirtual(java.lang.Object, java.lang.Object, java.lang.Object, java.lang.Object)'> (0x00000000c67d37c8) 
thrown [s\open\src\hotspot\share\interpreter\linkResolver.cpp, line 773]
Event: 0.784 Thread 0x000002c5faff9630 Exception <a 'java/lang/NoSuchMethodError'{0x00000000c71800d8}: 'java.lang.Object java.lang.invoke.Invokers$Holder.invoke_MT(java.lang.Object, java.lang.Object, java.lang.Object, java.lang.Object, java.lang.Object, java.lang.Object, java.lang.Object, java.lang.Object, java.lang.Object)'> (0x00000000c71800d8) 
thrown [s\open\src\hotspot\share\interpreter\linkResolver.cpp, line 773]
Event: 0.787 Thread 0x000002c5faff9630 Exception <a 'java/lang/NoSuchMethodError'{0x00000000c71dbaa8}: 'java.lang.reflect.Field[] java.lang.Class.getDeclaredFields(java.lang.Class)'> (0x00000000c71dbaa8) 
thrown [s\open\src\hotspot\share\interpreter\linkResolver.cpp, line 773]
Event: 0.796 Thread 0x000002c5faff9630 Exception <a 'java/lang/IncompatibleClassChangeError'{0x00000000c705dde8}: Found class java.lang.Object, but interface was expected> (0x00000000c705dde8) 
thrown [s\open\src\hotspot\share\interpreter\linkResolver.cpp, line 840]
Event: 1.002 Thread 0x000002c5df880bb0 Exception <a 'java/lang/NoClassDefFoundError'{0x00000000c5c1f4c8}: org/springframework/http/converter/support/AllEncompassingFormHttpMessageConverter> (0x00000000c5c1f4c8) 
thrown [s\open\src\hotspot\share\classfile\systemDictionary.cpp, line 301]
Event: 1.004 Thread 0x000002c5df880bb0 Exception <a 'java/lang/NoClassDefFoundError'{0x00000000c5c21d28}: org/springframework/http/converter/json/Jackson2ObjectMapperBuilder> (0x00000000c5c21d28) 
thrown [s\open\src\hotspot\share\classfile\systemDictionary.cpp, line 301]
Event: 1.008 Thread 0x000002c5df880bb0 Exception <a 'java/lang/NoClassDefFoundError'{0x00000000c5c25bb8}: org/apache/tomcat/util/http/Rfc6265CookieProcessor> (0x00000000c5c25bb8) 
thrown [s\open\src\hotspot\share\classfile\systemDictionary.cpp, line 301]
Event: 1.021 Thread 0x000002c5faff9630 Exception <a 'java/lang/NoSuchMethodError'{0x00000000c5c69ee0}: 'int java.lang.invoke.DirectMethodHandle$Holder.invokeSpecial(java.lang.Object, java.lang.Object, java.lang.Object, java.lang.Object, java.lang.Object)'> (0x00000000c5c69ee0) 
thrown [s\open\src\hotspot\share\interpreter\linkResolver.cpp, line 773]
Event: 1.025 Thread 0x000002c5faff9630 Exception <a 'java/lang/NoSuchMethodError'{0x00000000c5c72498}: 'void java.lang.invoke.DirectMethodHandle$Holder.invokeVirtual(java.lang.Object, java.lang.Object)'> (0x00000000c5c72498) 
thrown [s\open\src\hotspot\share\interpreter\linkResolver.cpp, line 773]
Event: 1.403 Thread 0x000002c5dfbaa530 Exception <a 'java/lang/NoClassDefFoundError'{0x00000000c6c90800}: org/springframework/web/method/support/HandlerMethodArgumentResolver> (0x00000000c6c90800) 
thrown [s\open\src\hotspot\share\classfile\systemDictionary.cpp, line 301]

ZGC Phase Switch (0 events):
No events

VM Operations (20 events):
Event: 0.430 Executing VM operation: G1CollectForAllocation (G1 Evacuation Pause)
Event: 0.433 Executing VM operation: G1CollectForAllocation (G1 Evacuation Pause) done
Event: 0.478 Executing VM operation: HandshakeAllThreads (Deoptimize)
Event: 0.478 Executing VM operation: HandshakeAllThreads (Deoptimize) done
Event: 0.486 Executing VM operation: HandshakeAllThreads (Deoptimize)
Event: 0.486 Executing VM operation: HandshakeAllThreads (Deoptimize) done
Event: 0.654 Executing VM operation: HandshakeAllThreads (Deoptimize)
Event: 0.654 Executing VM operation: HandshakeAllThreads (Deoptimize) done
Event: 0.731 Executing VM operation: G1CollectForAllocation (G1 Evacuation Pause)
Event: 0.735 Executing VM operation: G1CollectForAllocation (G1 Evacuation Pause) done
Event: 0.775 Executing VM operation: HandshakeAllThreads (Deoptimize)
Event: 0.775 Executing VM operation: HandshakeAllThreads (Deoptimize) done
Event: 0.777 Executing VM operation: HandshakeAllThreads (Deoptimize)
Event: 0.777 Executing VM operation: HandshakeAllThreads (Deoptimize) done
Event: 0.996 Executing VM operation: HandshakeAllThreads (Deoptimize)
Event: 0.996 Executing VM operation: HandshakeAllThreads (Deoptimize) done
Event: 1.019 Executing VM operation: ICBufferFull
Event: 1.019 Executing VM operation: ICBufferFull done
Event: 1.245 Executing VM operation: G1CollectForAllocation (G1 Evacuation Pause)
Event: 1.252 Executing VM operation: G1CollectForAllocation (G1 Evacuation Pause) done

Events (14 events):
Event: 0.018 Thread 0x000002c5faff9630 Thread added: 0x000002c5faff9630
Event: 0.030 Thread 0x000002c5994f0000 Thread added: 0x000002c5994f0000
Event: 0.030 Thread 0x000002c5994f0ed0 Thread added: 0x000002c5994f0ed0
Event: 0.030 Thread 0x000002c5994f4f00 Thread added: 0x000002c5994f4f00
Event: 0.030 Thread 0x000002c5994f5960 Thread added: 0x000002c5994f5960
Event: 0.030 Thread 0x000002c5994f6d10 Thread added: 0x000002c5994f6d10
Event: 0.030 Thread 0x000002c5994ff340 Thread added: 0x000002c5994ff340
Event: 0.030 Thread 0x000002c599502d10 Thread added: 0x000002c599502d10
Event: 0.030 Thread 0x000002c5995037b0 Thread added: 0x000002c5995037b0
Event: 0.063 Thread 0x000002c5997c52f0 Thread added: 0x000002c5997c52f0
Event: 0.065 Thread 0x000002c5997d3940 Thread added: 0x000002c5997d3940
Event: 0.782 Thread 0x000002c5df880bb0 Thread added: 0x000002c5df880bb0
Event: 1.010 Thread 0x000002c5df880bb0 Thread exited: 0x000002c5df880bb0
Event: 1.387 Thread 0x000002c5dfbaa530 Thread added: 0x000002c5dfbaa530


Dynamic libraries:
0x00007ff68b9d0000 - 0x00007ff68b9e0000 	C:\Program Files\Java\jdk-21\bin\java.exe
0x00007ffcc2b90000 - 0x00007ffcc2d88000 	C:\Windows\SYSTEM32\ntdll.dll
0x00007ffcc0c10000 - 0x00007ffcc0cd2000 	C:\Windows\System32\KERNEL32.DLL
0x00007ffcc04d0000 - 0x00007ffcc07c7000 	C:\Windows\System32\KERNELBASE.dll
0x00007ffcc0310000 - 0x00007ffcc0410000 	C:\Windows\System32\ucrtbase.dll
0x00007ffcb9ac0000 - 0x00007ffcb9ad9000 	C:\Program Files\Java\jdk-21\bin\jli.dll
0x00007ffcb9f60000 - 0x00007ffcb9f7b000 	C:\Program Files\Java\jdk-21\bin\VCRUNTIME140.dll
0x00007ffcc2510000 - 0x00007ffcc25c1000 	C:\Windows\System32\ADVAPI32.dll
0x00007ffcc0fe0000 - 0x00007ffcc107e000 	C:\Windows\System32\msvcrt.dll
0x00007ffcc1080000 - 0x00007ffcc111f000 	C:\Windows\System32\sechost.dll
0x00007ffcc29f0000 - 0x00007ffcc2b16000 	C:\Windows\System32\RPCRT4.dll
0x00007ffcc04a0000 - 0x00007ffcc04c7000 	C:\Windows\System32\bcrypt.dll
0x00007ffcc0cf0000 - 0x00007ffcc0e8d000 	C:\Windows\System32\USER32.dll
0x00007ffcc0b50000 - 0x00007ffcc0b72000 	C:\Windows\System32\win32u.dll
0x00007ffcc15c0000 - 0x00007ffcc15eb000 	C:\Windows\System32\GDI32.dll
0x00007ffcac090000 - 0x00007ffcac32a000 	C:\Windows\WinSxS\amd64_microsoft.windows.common-controls_6595b64144ccf1df_6.0.19041.5915_none_60b4b9d171f9c7c7\COMCTL32.dll
0x00007ffcc01f0000 - 0x00007ffcc0309000 	C:\Windows\System32\gdi32full.dll
0x00007ffcc0ab0000 - 0x00007ffcc0b4d000 	C:\Windows\System32\msvcp_win.dll
0x00007ffcac340000 - 0x00007ffcac34a000 	C:\Windows\SYSTEM32\VERSION.dll
0x00007ffcc0e90000 - 0x00007ffcc0ebf000 	C:\Windows\System32\IMM32.DLL
0x00007ffcbb0c0000 - 0x00007ffcbb0cc000 	C:\Program Files\Java\jdk-21\bin\vcruntime140_1.dll
0x00007ffc8d0b0000 - 0x00007ffc8d13e000 	C:\Program Files\Java\jdk-21\bin\msvcp140.dll
0x00007ffc6bff0000 - 0x00007ffc6ccfd000 	C:\Program Files\Java\jdk-21\bin\server\jvm.dll
0x00007ffcc1720000 - 0x00007ffcc178b000 	C:\Windows\System32\WS2_32.dll
0x00007ffcbfb70000 - 0x00007ffcbfbbb000 	C:\Windows\SYSTEM32\POWRPROF.dll
0x00007ffcb6610000 - 0x00007ffcb6637000 	C:\Windows\SYSTEM32\WINMM.dll
0x00007ffcbfb50000 - 0x00007ffcbfb62000 	C:\Windows\SYSTEM32\UMPDC.dll
0x00007ffcbe9d0000 - 0x00007ffcbe9e2000 	C:\Windows\SYSTEM32\kernel.appcore.dll
0x00007ffcba160000 - 0x00007ffcba16a000 	C:\Program Files\Java\jdk-21\bin\jimage.dll
0x00007ffcbdef0000 - 0x00007ffcbe0f1000 	C:\Windows\SYSTEM32\DBGHELP.DLL
0x00007ffcaf590000 - 0x00007ffcaf5c4000 	C:\Windows\SYSTEM32\dbgcore.DLL
0x00007ffcc0410000 - 0x00007ffcc0492000 	C:\Windows\System32\bcryptPrimitives.dll
0x00007ffcb94c0000 - 0x00007ffcb94df000 	C:\Program Files\Java\jdk-21\bin\java.dll
0x00007ffcc1800000 - 0x00007ffcc1f6e000 	C:\Windows\System32\SHELL32.dll
0x00007ffcbe210000 - 0x00007ffcbe9b4000 	C:\Windows\SYSTEM32\windows.storage.dll
0x00007ffcc2630000 - 0x00007ffcc2983000 	C:\Windows\System32\combase.dll
0x00007ffcbfad0000 - 0x00007ffcbfafb000 	C:\Windows\SYSTEM32\Wldp.dll
0x00007ffcc14f0000 - 0x00007ffcc15bd000 	C:\Windows\System32\OLEAUT32.dll
0x00007ffcc1210000 - 0x00007ffcc12bd000 	C:\Windows\System32\SHCORE.dll
0x00007ffcc2990000 - 0x00007ffcc29eb000 	C:\Windows\System32\shlwapi.dll
0x00007ffcc0120000 - 0x00007ffcc0144000 	C:\Windows\SYSTEM32\profapi.dll
0x00007ffc8b950000 - 0x00007ffc8ba27000 	C:\Program Files\Java\jdk-21\bin\jsvml.dll
0x00007ffcba120000 - 0x00007ffcba130000 	C:\Program Files\Java\jdk-21\bin\net.dll
0x00007ffcbc2a0000 - 0x00007ffcbc3aa000 	C:\Windows\SYSTEM32\WINHTTP.dll
0x00007ffcbf850000 - 0x00007ffcbf8ba000 	C:\Windows\system32\mswsock.dll
0x00007ffcb85b0000 - 0x00007ffcb85c6000 	C:\Program Files\Java\jdk-21\bin\nio.dll
0x00007ffcb74a0000 - 0x00007ffcb74b8000 	C:\Program Files\Java\jdk-21\bin\zip.dll

dbghelp: loaded successfully - version: 4.0.5 - missing functions: none
symbol engine: initialized successfully - sym options: 0x614 - pdb path: .;C:\Program Files\Java\jdk-21\bin;C:\Windows\SYSTEM32;C:\Windows\WinSxS\amd64_microsoft.windows.common-controls_6595b64144ccf1df_6.0.19041.5915_none_60b4b9d171f9c7c7;C:\Program Files\Java\jdk-21\bin\server

VM Arguments:
jvm_args: --enable-preview 
java_command: br.com.ifba.app.SigtmApplication
java_class_path (initial): C:\Users\User\Documents\NetBeansProjects\IFBA\POO\sigtm\target\classes;C:\Users\User\.m2\repository\org\springframework\boot\spring-boot-starter-data-jpa\3.5.3\spring-boot-starter-data-jpa-3.5.3.jar;C:\Users\User\.m2\repository\org\springframework\boot\spring-boot-starter-jdbc\3.5.3\spring-boot-starter-jdbc-3.5.3.jar;C:\Users\User\.m2\repository\com\zaxxer\HikariCP\6.3.0\HikariCP-6.3.0.jar;C:\Users\User\.m2\repository\org\springframework\spring-jdbc\6.2.8\spring-jdbc-6.2.8.jar;C:\Users\User\.m2\repository\org\hibernate\orm\hibernate-core\6.6.18.Final\hibernate-core-6.6.18.Final.jar;C:\Users\User\.m2\repository\jakarta\persistence\jakarta.persistence-api\3.1.0\jakarta.persistence-api-3.1.0.jar;C:\Users\User\.m2\repository\jakarta\transaction\jakarta.transaction-api\2.0.1\jakarta.transaction-api-2.0.1.jar;C:\Users\User\.m2\repository\org\jboss\logging\jboss-logging\3.6.1.Final\jboss-logging-3.6.1.Final.jar;C:\Users\User\.m2\repository\org\hibernate\common\hibernate-commons-annotations\7.0.3.Final\hibernate-commons-annotations-7.0.3.Final.jar;C:\Users\User\.m2\repository\io\smallrye\jandex\3.2.0\jandex-3.2.0.jar;C:\Users\User\.m2\repository\com\fasterxml\classmate\1.7.0\classmate-1.7.0.jar;C:\Users\User\.m2\repository\net\bytebuddy\byte-buddy\1.17.6\byte-buddy-1.17.6.jar;C:\Users\User\.m2\repository\org\glassfish\jaxb\jaxb-runtime\4.0.5\jaxb-runtime-4.0.5.jar;C:\Users\User\.m2\repository\org\glassfish\jaxb\jaxb-core\4.0.5\jaxb-core-4.0.5.jar;C:\Users\User\.m2\repository\org\eclipse\angus\angus-activation\2.0.2\angus-activation-2.0.2.jar;C:\Users\User\.m2\repository\org\glassfish\jaxb\txw2\4.0.5\txw2-4.0.5.jar;C:\Users\User\.m2\repository\com\sun\istack\istack-commons-runtime\4.1.2\istack-commons-runtime-4.1.2.jar;C:\Users\User\.m2\repository\jakarta\inject\jakarta.inject-api\2.0.1\jakarta.inject-api-2.0.1.jar;C:\Users\User\.m2\repository\org\antlr\antlr4-runtime\4.13.0\antlr4-runtime-4.13.0.jar;C:\Users\User\.m2\repository\org\springframework\data\spring-data-jpa\3.5.1\spring-data-jpa-3.5.1.jar;C:\Users\User\.m2\repository\org\springframework\data\spring-data-commons\3.5.1\spring-data-commons-3.5.1.jar;C:\Users\User\.m2\repository\org\springframework\spring-orm\6.2.8\spring-orm-6.2.8.jar;C:\Users\User\.m2\repository\org\springframework\spring-context\6.2.8\spring-context-6.2.8.jar;C:\Users\User\.m2\repository\org\springframework\spring-expression\6.2.8\spring-expression-6.2.8.jar;C:\Users\User\.m2\repository\io\micrometer\micrometer-observation\1.15.1\micrometer-observation-1.15.1.jar;C:\Users\User\.m2\repository\io\micrometer\micrometer-commons\1.15.1\micrometer-commons-1.15.1.jar;C:\Users\User\.m2\repository\org\springframework\spring-aop\6.2.8\spring-aop-6.2.8.jar;C:\Users\User\.m2\repository\org\springframework\spring-tx\6.2.8\spring-tx-6.2.8.jar;C:\Users\User\.m2\repository\org\springframework\spring-beans\6.2.8\spring-beans-6.2.8.jar;C:\Users\User\.m2\repository\org\springframework\spring-aspects\6.2.8\spring-aspects-6.2.8.jar;C:\Users\User\.m2\repository\org\aspectj\aspectjweaver\1.9.24\aspectjweaver-1.9.24.jar;C:\Users\User\.m2\repository\com\mysql\mysql-connector-j\9.2.0\mysql-connector-j-9.2.0.jar;C:\Users\User\.m2\repository\org\springframework\boot\spring-boot-starter\3.5.3\spring-boot-starter-3.5.3.jar;C:\Users\User\.m2\repository\org\springframework\boot\spring-boot\3.5.3\spring-boot-3.5.3.jar;C:\Users\User\.m2\repository\org\springframework\boot\spring-boot-autoconfigure\3.5.3\spring-boot-autoconfigure-3.5.3.jar;C:\Users\User\.m2\repository\org\springframework\boot\spring-boot-starter-logging\3.5.3\spring-boot-starter-logging-3.5.3.jar;C:\Users\User\.m2\repository\org\apache\logging\log4j\log4j-to-slf4j\2.24.3\log4j-to-slf4j-2.24.3.jar;C:\Users\User\.m2\repository\org\apache\logging\log4j\log4j-api\2.24.3\log4j-api-2.24.3.jar;C:\Users\User\.m2\repository\org\slf4j\jul-to-slf4j\2.0.17\jul-to-slf4j-2.0.17.jar;C:\Users\User\.m2\repository\jakarta\annotation\jakarta.annotation-api\2.1.1\jakarta.annotation-api-2.1.1.jar;C:\Users\User\.m2\repository\org\springframework\spring-core\6.2.8\spring-core-6.2.8.jar;C:\Users\User\.m2\repository\org\springframework\spring-jcl\6.2.8\spring-jcl-6.2.8.jar;C:\Users\User\.m2\repository\org\yaml\snakeyaml\2.4\snakeyaml-2.4.jar;C:\Users\User\.m2\repository\org\projectlombok\lombok\1.18.38\lombok-1.18.38.jar;C:\Users\User\.m2\repository\ch\qos\logback\logback-classic\1.5.18\logback-classic-1.5.18.jar;C:\Users\User\.m2\repository\ch\qos\logback\logback-core\1.5.18\logback-core-1.5.18.jar;C:\Users\User\.m2\repository\org\slf4j\slf4j-api\2.0.17\slf4j-api-2.0.17.jar;C:\Users\User\.m2\repository\jakarta\xml\bind\jakarta.xml.bind-api\4.0.2\jakarta.xml.bind-api-4.0.2.jar;C:\Users\User\.m2\repository\jakarta\activation\jakarta.activation-api\2.1.3\jakarta.activation-api-2.1.3.jar;C:\Users\User\.m2\repository\org\springframework\boot\spring-boot-starter-validation\3.5.3\spring-boot-starter-validation-3.5.3.jar;C:\Users\User\.m2\repository\org\apache\tomcat\embed\tomcat-embed-el\10.1.42\tomcat-embed-el-10.1.42.jar;C:\Users\User\.m2\repository\org\hibernate\validator\hibernate-validator\8.0.2.Final\hibernate-validator-8.0.2.Final.jar;C:\Users\User\.m2\repository\jakarta\validation\jakarta.validation-api\3.0.2\jakarta.validation-api-3.0.2.jar;C:\Users\User\.m2\repository\com\github\gilmardeveloper\safeguard\0.0.1-RELEASE\safeguard-0.0.1-RELEASE.jar;C:\Users\User\.m2\repository\br\com\caelum\stella\caelum-stella-core\2.1.2\caelum-stella-core-2.1.2.jar;C:\Users\User\.m2\repository\javax\validation\validation-api\1.1.0.Final\validation-api-1.1.0.Final.jar;C:\Users\User\.m2\repository\org\hibernate\hibernate-validator\5.3.5.Final\hibernate-validator-5.3.5.Final.jar;C:\Users\User\.m2\repository\javax\el\javax.el-api\2.2.4\javax.el-api-2.2.4.jar;C:\Users\User\.m2\repository\org\glassfish\web\javax.el\2.2.4\javax.el-2.2.4.jar;C:\Users\User\.m2\repository\org\postgresql\postgresql\42.7.7\postgresql-42.7.7.jar;C:\Users\User\.m2\repository\org\checkerframework\checker-qual\3.49.3\checker-qual-3.49.3.jar;C:\Users\User\.m2\repository\org\netbeans\external\AbsoluteLayout\RELEASE240\AbsoluteLayout-RELEASE240.jar
Launcher Type: SUN_STANDARD

[Global flags]
     intx CICompilerCount                          = 3                                         {product} {ergonomic}
     uint ConcGCThreads                            = 1                                         {product} {ergonomic}
     uint G1ConcRefinementThreads                  = 4                                         {product} {ergonomic}
   size_t G1HeapRegionSize                         = 1048576                                   {product} {ergonomic}
    uintx GCDrainStackTargetSize                   = 64                                        {product} {ergonomic}
   size_t InitialHeapSize                          = 65011712                                  {product} {ergonomic}
   size_t MarkStackSize                            = 4194304                                   {product} {ergonomic}
   size_t MaxHeapSize                              = 1017118720                                {product} {ergonomic}
   size_t MaxNewSize                               = 610271232                                 {product} {ergonomic}
   size_t MinHeapDeltaBytes                        = 1048576                                   {product} {ergonomic}
   size_t MinHeapSize                              = 8388608                                   {product} {ergonomic}
    uintx NonNMethodCodeHeapSize                   = 5832780                                {pd product} {ergonomic}
    uintx NonProfiledCodeHeapSize                  = 122912730                              {pd product} {ergonomic}
    uintx ProfiledCodeHeapSize                     = 122912730                              {pd product} {ergonomic}
    uintx ReservedCodeCacheSize                    = 251658240                              {pd product} {ergonomic}
     bool SegmentedCodeCache                       = true                                      {product} {ergonomic}
   size_t SoftMaxHeapSize                          = 1017118720                             {manageable} {ergonomic}
     bool UseCompressedOops                        = true                           {product lp64_product} {ergonomic}
     bool UseG1GC                                  = true                                      {product} {ergonomic}
     bool UseLargePagesIndividualAllocation        = false                                  {pd product} {ergonomic}

Logging:
Log output configuration:
 #0: stdout all=warning uptime,level,tags foldmultilines=false
 #1: stderr all=off uptime,level,tags foldmultilines=false

Environment Variables:
JAVA_HOME=C:\Program Files\Java\jdk-21
PATH=C:\Program Files (x86)\NVIDIA Corporation\PhysX\Common;C:\Program Files\Common Files\Oracle\Java\javapath;C:\Program Files (x86)\Common Files\Oracle\Java\java8path;C:\Program Files (x86)\Common Files\Oracle\Java\javapath;C:\Program Files\Eclipse Adoptium\jdk-21.0.3.9-hotspot\bin;C:\Windows\system32;C:\Windows;C:\Windows\System32\Wbem;C:\Windows\System32\WindowsPowerShell\v1.0\;C:\Windows\System32\OpenSSH\;C:\Users\User\AppData\Local\Microsoft\WindowsApps;C:\CorelDraw\py.exe;C:\MinGW\bin;C:\Users\User\caio\Dio-Git-e-GitHub\Git\cmd;C:\Program Files\dotnet\;C:\Program Files\Pandoc\;C:\apache-maven\bin;C:\Program Files\Calibre2\;C:\Users\User\anaconda3;C:\Users\User\anaconda3\Library\mingw-w64\bin;C:\Users\User\anaconda3\Library\usr\bin;C:\Users\User\anaconda3\Library\bin;C:\Users\User\anaconda3\Scripts;C:\Windows\system32;C:\Windows;C:\Windows\System32\Wbem;C:\Windows\System32\WindowsPowerShell\v1.0\;C:\Windows\System32\OpenSSH\;C:\Users\User\AppData\Local\Microsoft\WindowsApps;C:\CorelDraw\py.exe;C:\Users\User\AppData\Local\Programs\Microsoft VS Code\bin;C:\Users\User\AppData\Local\GitHubDesktop\bin;C:\Program Files\JetBrains\CLion 2024.2.2\bin;C:\Users\User\AppData\Local\JetBrains\Toolbox\scripts;;C:\Program Files\JetBrains\IntelliJ IDEA 2024.3.4.1\bin;
USERNAME=User
OS=Windows_NT
PROCESSOR_IDENTIFIER=Intel64 Family 6 Model 140 Stepping 2, GenuineIntel
TMP=C:\Users\User\AppData\Local\Temp
TEMP=C:\Users\User\AppData\Local\Temp




Periodic native trim disabled

---------------  S Y S T E M  ---------------

OS:
 Windows 10 , 64 bit Build 19041 (10.0.19041.5915)
OS uptime: 9 days 1:56 hours
Hyper-V role detected

CPU: total 4 (initial active 4) (2 cores per cpu, 2 threads per core) family 6 model 140 stepping 2 microcode 0x26, cx8, cmov, fxsr, ht, mmx, 3dnowpref, sse, sse2, sse3, ssse3, sse4.1, sse4.2, popcnt, lzcnt, tsc, tscinvbit, avx, avx2, aes, erms, clmul, bmi1, bmi2, adx, avx512f, avx512dq, avx512cd, avx512bw, avx512vl, sha, fma, vzeroupper, avx512_vpopcntdq, avx512_vpclmulqdq, avx512_vaes, avx512_vnni, clflush, clflushopt, clwb, avx512_vbmi2, avx512_vbmi, hv, rdtscp, rdpid, fsrm, gfni, avx512_bitalg, f16c, cet_ibt, cet_ss, avx512_ifma
Processor Information for all 4 processors :
  Max Mhz: 2995, Current Mhz: 2995, Mhz Limit: 2995

Memory: 4k page, system-wide physical 3879M (294M free)
TotalPageFile size 15655M (AvailPageFile size 0M)
current process WorkingSet (physical memory assigned to process): 109M, peak: 109M
current process commit charge ("private bytes"): 166M, peak: 166M

vm_info: Java HotSpot(TM) 64-Bit Server VM (21.0.3+7-LTS-152) for windows-amd64 JRE (21.0.3+7-LTS-152), built on 2024-03-11T17:42:26Z by "mach5one" with MS VC++ 17.6 (VS2022)

END.
